22-Jul-2020 09:44:05.523 INFO [main] org.apache.catalina.core.AprLifecycleListener.lifecycleEvent The APR based Apache Tomcat Native library which allows optimal performance in production environments was not found on the java.library.path: [/usr/java/packages/lib:/usr/lib64:/lib64:/lib:/usr/lib]
22-Jul-2020 09:44:08.615 INFO [main] org.apache.coyote.AbstractProtocol.init Initializing ProtocolHandler ["http-nio-8080"]
22-Jul-2020 09:44:08.717 INFO [main] org.apache.coyote.AbstractProtocol.init Initializing ProtocolHandler ["ajp-nio-8009"]
22-Jul-2020 09:44:08.728 INFO [main] org.apache.catalina.startup.Catalina.load Server initialization in [4 611] milliseconds
22-Jul-2020 09:44:08.945 INFO [main] org.apache.catalina.core.StandardService.startInternal Starting service [Catalina]
22-Jul-2020 09:44:08.947 INFO [main] org.apache.catalina.core.StandardEngine.startInternal Starting Servlet engine: [Apache Tomcat/9.0.27]
22-Jul-2020 09:44:09.008 INFO [main] org.apache.catalina.startup.HostConfig.deployDirectory Установка веб приложения в папку [/home/lis/IdeaProjects/TestTasK/deploy/tomcat/webapps/app]
22-Jul-2020 09:44:33.310 INFO [main] org.apache.catalina.startup.HostConfig.deployDirectory Deployment of web application directory [/home/lis/IdeaProjects/TestTasK/deploy/tomcat/webapps/app] has finished in [24 303] ms
22-Jul-2020 09:44:33.311 INFO [main] org.apache.catalina.startup.HostConfig.deployDirectory Установка веб приложения в папку [/home/lis/IdeaProjects/TestTasK/deploy/tomcat/webapps/app-core]
22-Jul-2020 09:44:49.625 INFO [main] org.apache.catalina.startup.HostConfig.deployDirectory Deployment of web application directory [/home/lis/IdeaProjects/TestTasK/deploy/tomcat/webapps/app-core] has finished in [16 313] ms
22-Jul-2020 09:44:49.631 INFO [main] org.apache.coyote.AbstractProtocol.start Starting ProtocolHandler ["http-nio-8080"]
22-Jul-2020 09:44:49.656 INFO [main] org.apache.coyote.AbstractProtocol.start Starting ProtocolHandler ["ajp-nio-8009"]
22-Jul-2020 09:44:49.700 INFO [main] org.apache.catalina.startup.Catalina.start Server startup in [40 970] milliseconds
22-Jul-2020 10:05:01.911 INFO [main] org.apache.catalina.core.AprLifecycleListener.lifecycleEvent The APR based Apache Tomcat Native library which allows optimal performance in production environments was not found on the java.library.path: [/usr/java/packages/lib:/usr/lib64:/lib64:/lib:/usr/lib]
22-Jul-2020 10:05:02.294 INFO [main] org.apache.coyote.AbstractProtocol.init Initializing ProtocolHandler ["http-nio-8080"]
22-Jul-2020 10:05:02.331 INFO [main] org.apache.coyote.AbstractProtocol.init Initializing ProtocolHandler ["ajp-nio-8009"]
22-Jul-2020 10:05:02.340 INFO [main] org.apache.catalina.startup.Catalina.load Server initialization in [751] milliseconds
22-Jul-2020 10:05:02.402 INFO [main] org.apache.catalina.core.StandardService.startInternal Starting service [Catalina]
22-Jul-2020 10:05:02.403 INFO [main] org.apache.catalina.core.StandardEngine.startInternal Starting Servlet engine: [Apache Tomcat/9.0.27]
22-Jul-2020 10:05:02.418 INFO [main] org.apache.catalina.startup.HostConfig.deployDirectory Установка веб приложения в папку [/home/lis/IdeaProjects/TestTasK/deploy/tomcat/webapps/app]
22-Jul-2020 10:05:12.946 INFO [main] org.apache.catalina.startup.HostConfig.deployDirectory Deployment of web application directory [/home/lis/IdeaProjects/TestTasK/deploy/tomcat/webapps/app] has finished in [10 527] ms
22-Jul-2020 10:05:12.947 INFO [main] org.apache.catalina.startup.HostConfig.deployDirectory Установка веб приложения в папку [/home/lis/IdeaProjects/TestTasK/deploy/tomcat/webapps/app-core]
22-Jul-2020 10:05:22.173 INFO [main] org.apache.catalina.startup.HostConfig.deployDirectory Deployment of web application directory [/home/lis/IdeaProjects/TestTasK/deploy/tomcat/webapps/app-core] has finished in [9 226] ms
22-Jul-2020 10:05:22.180 INFO [main] org.apache.coyote.AbstractProtocol.start Starting ProtocolHandler ["http-nio-8080"]
22-Jul-2020 10:05:22.201 INFO [main] org.apache.coyote.AbstractProtocol.start Starting ProtocolHandler ["ajp-nio-8009"]
22-Jul-2020 10:05:22.268 INFO [main] org.apache.catalina.startup.Catalina.start Server startup in [19 926] milliseconds
22-Jul-2020 10:24:14.266 INFO [main] org.apache.catalina.core.AprLifecycleListener.lifecycleEvent The APR based Apache Tomcat Native library which allows optimal performance in production environments was not found on the java.library.path: [/usr/java/packages/lib:/usr/lib64:/lib64:/lib:/usr/lib]
22-Jul-2020 10:24:14.642 INFO [main] org.apache.coyote.AbstractProtocol.init Initializing ProtocolHandler ["http-nio-8080"]
22-Jul-2020 10:24:14.681 INFO [main] org.apache.coyote.AbstractProtocol.init Initializing ProtocolHandler ["ajp-nio-8009"]
22-Jul-2020 10:24:14.686 INFO [main] org.apache.catalina.startup.Catalina.load Server initialization in [768] milliseconds
22-Jul-2020 10:24:14.753 INFO [main] org.apache.catalina.core.StandardService.startInternal Starting service [Catalina]
22-Jul-2020 10:24:14.755 INFO [main] org.apache.catalina.core.StandardEngine.startInternal Starting Servlet engine: [Apache Tomcat/9.0.27]
22-Jul-2020 10:24:14.770 INFO [main] org.apache.catalina.startup.HostConfig.deployDirectory Установка веб приложения в папку [/home/lis/IdeaProjects/TestTasK/deploy/tomcat/webapps/app]
22-Jul-2020 10:24:25.561 INFO [main] org.apache.catalina.startup.HostConfig.deployDirectory Deployment of web application directory [/home/lis/IdeaProjects/TestTasK/deploy/tomcat/webapps/app] has finished in [10 791] ms
22-Jul-2020 10:24:25.562 INFO [main] org.apache.catalina.startup.HostConfig.deployDirectory Установка веб приложения в папку [/home/lis/IdeaProjects/TestTasK/deploy/tomcat/webapps/app-core]
22-Jul-2020 10:24:35.056 INFO [main] org.apache.catalina.startup.HostConfig.deployDirectory Deployment of web application directory [/home/lis/IdeaProjects/TestTasK/deploy/tomcat/webapps/app-core] has finished in [9 494] ms
22-Jul-2020 10:24:35.062 INFO [main] org.apache.coyote.AbstractProtocol.start Starting ProtocolHandler ["http-nio-8080"]
22-Jul-2020 10:24:35.089 INFO [main] org.apache.coyote.AbstractProtocol.start Starting ProtocolHandler ["ajp-nio-8009"]
22-Jul-2020 10:24:35.107 INFO [main] org.apache.catalina.startup.Catalina.start Server startup in [20 419] milliseconds
22-Jul-2020 11:56:53.966 INFO [main] org.apache.catalina.core.AprLifecycleListener.lifecycleEvent The APR based Apache Tomcat Native library which allows optimal performance in production environments was not found on the java.library.path: [/usr/java/packages/lib:/usr/lib64:/lib64:/lib:/usr/lib]
22-Jul-2020 11:56:54.427 INFO [main] org.apache.coyote.AbstractProtocol.init Initializing ProtocolHandler ["http-nio-8080"]
22-Jul-2020 11:56:54.500 INFO [main] org.apache.coyote.AbstractProtocol.init Initializing ProtocolHandler ["ajp-nio-8009"]
22-Jul-2020 11:56:54.514 INFO [main] org.apache.catalina.startup.Catalina.load Server initialization in [876] milliseconds
22-Jul-2020 11:56:54.586 INFO [main] org.apache.catalina.core.StandardService.startInternal Starting service [Catalina]
22-Jul-2020 11:56:54.587 INFO [main] org.apache.catalina.core.StandardEngine.startInternal Starting Servlet engine: [Apache Tomcat/9.0.27]
22-Jul-2020 11:56:54.605 INFO [main] org.apache.catalina.startup.HostConfig.deployDirectory Установка веб приложения в папку [/home/lis/IdeaProjects/TestTasK/deploy/tomcat/webapps/app]
22-Jul-2020 13:42:15.195 INFO [main] org.apache.catalina.core.AprLifecycleListener.lifecycleEvent The APR based Apache Tomcat Native library which allows optimal performance in production environments was not found on the java.library.path: [/usr/java/packages/lib:/usr/lib64:/lib64:/lib:/usr/lib]
22-Jul-2020 13:42:17.011 INFO [main] org.apache.coyote.AbstractProtocol.init Initializing ProtocolHandler ["http-nio-8080"]
22-Jul-2020 13:42:17.117 INFO [main] org.apache.coyote.AbstractProtocol.init Initializing ProtocolHandler ["ajp-nio-8009"]
22-Jul-2020 13:42:17.134 INFO [main] org.apache.catalina.startup.Catalina.load Server initialization in [3 749] milliseconds
22-Jul-2020 13:42:17.338 INFO [main] org.apache.catalina.core.StandardService.startInternal Starting service [Catalina]
22-Jul-2020 13:42:17.340 INFO [main] org.apache.catalina.core.StandardEngine.startInternal Starting Servlet engine: [Apache Tomcat/9.0.27]
22-Jul-2020 13:42:17.401 INFO [main] org.apache.catalina.startup.HostConfig.deployDirectory Установка веб приложения в папку [/home/lis/IdeaProjects/TestTasK/deploy/tomcat/webapps/app]
22-Jul-2020 13:42:36.525 INFO [main] org.apache.catalina.startup.HostConfig.deployDirectory Deployment of web application directory [/home/lis/IdeaProjects/TestTasK/deploy/tomcat/webapps/app] has finished in [19 123] ms
22-Jul-2020 13:42:36.526 INFO [main] org.apache.catalina.startup.HostConfig.deployDirectory Установка веб приложения в папку [/home/lis/IdeaProjects/TestTasK/deploy/tomcat/webapps/app-core]
22-Jul-2020 13:42:49.213 INFO [main] org.apache.catalina.startup.HostConfig.deployDirectory Deployment of web application directory [/home/lis/IdeaProjects/TestTasK/deploy/tomcat/webapps/app-core] has finished in [12 687] ms
22-Jul-2020 13:42:49.218 INFO [main] org.apache.coyote.AbstractProtocol.start Starting ProtocolHandler ["http-nio-8080"]
22-Jul-2020 13:42:49.255 INFO [main] org.apache.coyote.AbstractProtocol.start Starting ProtocolHandler ["ajp-nio-8009"]
22-Jul-2020 13:42:49.273 INFO [main] org.apache.catalina.startup.Catalina.start Server startup in [32 137] milliseconds
22-Jul-2020 16:11:39.179 INFO [main] org.apache.catalina.core.AprLifecycleListener.lifecycleEvent The APR based Apache Tomcat Native library which allows optimal performance in production environments was not found on the java.library.path: [/usr/java/packages/lib:/usr/lib64:/lib64:/lib:/usr/lib]
22-Jul-2020 16:11:40.906 INFO [main] org.apache.coyote.AbstractProtocol.init Initializing ProtocolHandler ["http-nio-8080"]
22-Jul-2020 16:11:41.008 INFO [main] org.apache.coyote.AbstractProtocol.init Initializing ProtocolHandler ["ajp-nio-8009"]
22-Jul-2020 16:11:41.040 INFO [main] org.apache.catalina.startup.Catalina.load Server initialization in [3 221] milliseconds
22-Jul-2020 16:11:41.278 INFO [main] org.apache.catalina.core.StandardService.startInternal Starting service [Catalina]
22-Jul-2020 16:11:41.279 INFO [main] org.apache.catalina.core.StandardEngine.startInternal Starting Servlet engine: [Apache Tomcat/9.0.27]
22-Jul-2020 16:11:41.329 INFO [main] org.apache.catalina.startup.HostConfig.deployDirectory Установка веб приложения в папку [/home/lis/IdeaProjects/TestTasK/deploy/tomcat/webapps/app]
22-Jul-2020 16:12:25.425 INFO [main] org.apache.catalina.startup.HostConfig.deployDirectory Deployment of web application directory [/home/lis/IdeaProjects/TestTasK/deploy/tomcat/webapps/app] has finished in [44 095] ms
22-Jul-2020 16:12:25.426 INFO [main] org.apache.catalina.startup.HostConfig.deployDirectory Установка веб приложения в папку [/home/lis/IdeaProjects/TestTasK/deploy/tomcat/webapps/app-core]
22-Jul-2020 16:12:39.161 INFO [main] org.apache.catalina.startup.HostConfig.deployDirectory Deployment of web application directory [/home/lis/IdeaProjects/TestTasK/deploy/tomcat/webapps/app-core] has finished in [13 734] ms
22-Jul-2020 16:12:39.169 INFO [main] org.apache.coyote.AbstractProtocol.start Starting ProtocolHandler ["http-nio-8080"]
22-Jul-2020 16:12:39.190 INFO [main] org.apache.coyote.AbstractProtocol.start Starting ProtocolHandler ["ajp-nio-8009"]
22-Jul-2020 16:12:39.205 INFO [main] org.apache.catalina.startup.Catalina.start Server startup in [58 162] milliseconds
22-Jul-2020 18:54:16.203 INFO [main] org.apache.catalina.core.AprLifecycleListener.lifecycleEvent The APR based Apache Tomcat Native library which allows optimal performance in production environments was not found on the java.library.path: [/usr/java/packages/lib:/usr/lib64:/lib64:/lib:/usr/lib]
22-Jul-2020 18:54:16.883 INFO [main] org.apache.coyote.AbstractProtocol.init Initializing ProtocolHandler ["http-nio-8080"]
22-Jul-2020 18:54:16.951 INFO [main] org.apache.coyote.AbstractProtocol.init Initializing ProtocolHandler ["ajp-nio-8009"]
22-Jul-2020 18:54:16.966 INFO [main] org.apache.catalina.startup.Catalina.load Server initialization in [1 569] milliseconds
22-Jul-2020 18:54:17.058 INFO [main] org.apache.catalina.core.StandardService.startInternal Starting service [Catalina]
22-Jul-2020 18:54:17.059 INFO [main] org.apache.catalina.core.StandardEngine.startInternal Starting Servlet engine: [Apache Tomcat/9.0.27]
22-Jul-2020 18:54:17.076 INFO [main] org.apache.catalina.startup.HostConfig.deployDirectory Установка веб приложения в папку [/home/lis/IdeaProjects/TestTasK/deploy/tomcat/webapps/app]
22-Jul-2020 18:54:28.890 INFO [main] org.apache.catalina.startup.HostConfig.deployDirectory Deployment of web application directory [/home/lis/IdeaProjects/TestTasK/deploy/tomcat/webapps/app] has finished in [11 813] ms
22-Jul-2020 18:54:28.891 INFO [main] org.apache.catalina.startup.HostConfig.deployDirectory Установка веб приложения в папку [/home/lis/IdeaProjects/TestTasK/deploy/tomcat/webapps/app-core]
22-Jul-2020 18:54:45.880 INFO [main] org.apache.catalina.startup.HostConfig.deployDirectory Deployment of web application directory [/home/lis/IdeaProjects/TestTasK/deploy/tomcat/webapps/app-core] has finished in [16 989] ms
22-Jul-2020 18:54:45.886 INFO [main] org.apache.coyote.AbstractProtocol.start Starting ProtocolHandler ["http-nio-8080"]
22-Jul-2020 18:54:45.942 INFO [main] org.apache.coyote.AbstractProtocol.start Starting ProtocolHandler ["ajp-nio-8009"]
22-Jul-2020 18:54:46.058 INFO [main] org.apache.catalina.startup.Catalina.start Server startup in [29 090] milliseconds
22-Jul-2020 22:22:55.067 INFO [main] org.apache.catalina.core.AprLifecycleListener.lifecycleEvent The APR based Apache Tomcat Native library which allows optimal performance in production environments was not found on the java.library.path: [/usr/java/packages/lib:/usr/lib64:/lib64:/lib:/usr/lib]
22-Jul-2020 22:22:55.463 INFO [main] org.apache.coyote.AbstractProtocol.init Initializing ProtocolHandler ["http-nio-8080"]
22-Jul-2020 22:22:55.501 INFO [main] org.apache.coyote.AbstractProtocol.init Initializing ProtocolHandler ["ajp-nio-8009"]
22-Jul-2020 22:22:55.509 INFO [main] org.apache.catalina.startup.Catalina.load Server initialization in [811] milliseconds
22-Jul-2020 22:22:55.573 INFO [main] org.apache.catalina.core.StandardService.startInternal Starting service [Catalina]
22-Jul-2020 22:22:55.574 INFO [main] org.apache.catalina.core.StandardEngine.startInternal Starting Servlet engine: [Apache Tomcat/9.0.27]
22-Jul-2020 22:22:55.589 INFO [main] org.apache.catalina.startup.HostConfig.deployDirectory Установка веб приложения в папку [/home/lis/IdeaProjects/TestTasK/deploy/tomcat/webapps/app]
22-Jul-2020 22:23:06.439 INFO [main] org.apache.catalina.startup.HostConfig.deployDirectory Deployment of web application directory [/home/lis/IdeaProjects/TestTasK/deploy/tomcat/webapps/app] has finished in [10 849] ms
22-Jul-2020 22:23:06.440 INFO [main] org.apache.catalina.startup.HostConfig.deployDirectory Установка веб приложения в папку [/home/lis/IdeaProjects/TestTasK/deploy/tomcat/webapps/app-core]
22-Jul-2020 22:23:15.832 INFO [main] org.apache.catalina.startup.HostConfig.deployDirectory Deployment of web application directory [/home/lis/IdeaProjects/TestTasK/deploy/tomcat/webapps/app-core] has finished in [9 392] ms
22-Jul-2020 22:23:15.838 INFO [main] org.apache.coyote.AbstractProtocol.start Starting ProtocolHandler ["http-nio-8080"]
22-Jul-2020 22:23:15.866 INFO [main] org.apache.coyote.AbstractProtocol.start Starting ProtocolHandler ["ajp-nio-8009"]
22-Jul-2020 22:23:15.892 INFO [main] org.apache.catalina.startup.Catalina.start Server startup in [20 382] milliseconds
22-Jul-2020 23:02:06.312 INFO [main] org.apache.catalina.core.AprLifecycleListener.lifecycleEvent The APR based Apache Tomcat Native library which allows optimal performance in production environments was not found on the java.library.path: [/usr/java/packages/lib:/usr/lib64:/lib64:/lib:/usr/lib]
22-Jul-2020 23:02:06.711 INFO [main] org.apache.coyote.AbstractProtocol.init Initializing ProtocolHandler ["http-nio-8080"]
22-Jul-2020 23:02:06.751 INFO [main] org.apache.coyote.AbstractProtocol.init Initializing ProtocolHandler ["ajp-nio-8009"]
22-Jul-2020 23:02:06.769 INFO [main] org.apache.catalina.startup.Catalina.load Server initialization in [1 193] milliseconds
22-Jul-2020 23:02:06.965 INFO [main] org.apache.catalina.core.StandardService.startInternal Starting service [Catalina]
22-Jul-2020 23:02:06.967 INFO [main] org.apache.catalina.core.StandardEngine.startInternal Starting Servlet engine: [Apache Tomcat/9.0.27]
22-Jul-2020 23:02:06.981 INFO [main] org.apache.catalina.startup.HostConfig.deployDirectory Установка веб приложения в папку [/home/lis/IdeaProjects/TestTasK/deploy/tomcat/webapps/app]
22-Jul-2020 23:02:21.764 INFO [main] org.apache.catalina.startup.HostConfig.deployDirectory Deployment of web application directory [/home/lis/IdeaProjects/TestTasK/deploy/tomcat/webapps/app] has finished in [14 783] ms
22-Jul-2020 23:02:21.766 INFO [main] org.apache.catalina.startup.HostConfig.deployDirectory Установка веб приложения в папку [/home/lis/IdeaProjects/TestTasK/deploy/tomcat/webapps/app-core]
22-Jul-2020 23:02:33.519 INFO [main] org.apache.catalina.startup.HostConfig.deployDirectory Deployment of web application directory [/home/lis/IdeaProjects/TestTasK/deploy/tomcat/webapps/app-core] has finished in [11 752] ms
22-Jul-2020 23:02:33.545 INFO [main] org.apache.coyote.AbstractProtocol.start Starting ProtocolHandler ["http-nio-8080"]
22-Jul-2020 23:02:33.650 INFO [main] org.apache.coyote.AbstractProtocol.start Starting ProtocolHandler ["ajp-nio-8009"]
22-Jul-2020 23:02:33.865 INFO [main] org.apache.catalina.startup.Catalina.start Server startup in [27 095] milliseconds
