17-Jul-2020 01:43:57.490 INFO [main] org.apache.catalina.core.AprLifecycleListener.lifecycleEvent The APR based Apache Tomcat Native library which allows optimal performance in production environments was not found on the java.library.path: [/usr/java/packages/lib/amd64:/usr/lib64:/lib64:/lib:/usr/lib]
17-Jul-2020 01:43:57.844 INFO [main] org.apache.coyote.AbstractProtocol.init Initializing ProtocolHandler ["http-nio-8080"]
17-Jul-2020 01:43:57.877 INFO [main] org.apache.coyote.AbstractProtocol.init Initializing ProtocolHandler ["ajp-nio-8009"]
17-Jul-2020 01:43:57.881 INFO [main] org.apache.catalina.startup.Catalina.load Server initialization in [650] milliseconds
17-Jul-2020 01:43:57.936 INFO [main] org.apache.catalina.core.StandardService.startInternal Starting service [Catalina]
17-Jul-2020 01:43:57.937 INFO [main] org.apache.catalina.core.StandardEngine.startInternal Starting Servlet engine: [Apache Tomcat/9.0.27]
17-Jul-2020 01:43:57.948 INFO [main] org.apache.catalina.startup.HostConfig.deployDirectory Установка веб приложения в папку [/home/lis/IdeaProjects/medications/deploy/tomcat/webapps/app]
17-Jul-2020 01:44:07.061 INFO [main] org.apache.catalina.startup.HostConfig.deployDirectory Deployment of web application directory [/home/lis/IdeaProjects/medications/deploy/tomcat/webapps/app] has finished in [9 113] ms
17-Jul-2020 01:44:07.062 INFO [main] org.apache.catalina.startup.HostConfig.deployDirectory Установка веб приложения в папку [/home/lis/IdeaProjects/medications/deploy/tomcat/webapps/app-core]
17-Jul-2020 01:44:16.028 INFO [main] org.apache.catalina.startup.HostConfig.deployDirectory Deployment of web application directory [/home/lis/IdeaProjects/medications/deploy/tomcat/webapps/app-core] has finished in [8 966] ms
17-Jul-2020 01:44:16.034 INFO [main] org.apache.coyote.AbstractProtocol.start Starting ProtocolHandler ["http-nio-8080"]
17-Jul-2020 01:44:16.069 INFO [main] org.apache.coyote.AbstractProtocol.start Starting ProtocolHandler ["ajp-nio-8009"]
17-Jul-2020 01:44:16.074 INFO [main] org.apache.catalina.startup.Catalina.start Server startup in [18 191] milliseconds
17-Jul-2020 01:45:24.712 INFO [main] org.apache.catalina.core.AprLifecycleListener.lifecycleEvent The APR based Apache Tomcat Native library which allows optimal performance in production environments was not found on the java.library.path: [/usr/java/packages/lib/amd64:/usr/lib64:/lib64:/lib:/usr/lib]
17-Jul-2020 01:45:25.064 INFO [main] org.apache.coyote.AbstractProtocol.init Initializing ProtocolHandler ["http-nio-8080"]
17-Jul-2020 01:45:25.100 INFO [main] org.apache.coyote.AbstractProtocol.init Initializing ProtocolHandler ["ajp-nio-8009"]
17-Jul-2020 01:45:25.104 INFO [main] org.apache.catalina.startup.Catalina.load Server initialization in [647] milliseconds
17-Jul-2020 01:45:25.183 INFO [main] org.apache.catalina.core.StandardService.startInternal Starting service [Catalina]
17-Jul-2020 01:45:25.184 INFO [main] org.apache.catalina.core.StandardEngine.startInternal Starting Servlet engine: [Apache Tomcat/9.0.27]
17-Jul-2020 01:45:25.201 INFO [main] org.apache.catalina.startup.HostConfig.deployDirectory Установка веб приложения в папку [/home/lis/IdeaProjects/medications/deploy/tomcat/webapps/app]
17-Jul-2020 01:45:34.149 INFO [main] org.apache.catalina.startup.HostConfig.deployDirectory Deployment of web application directory [/home/lis/IdeaProjects/medications/deploy/tomcat/webapps/app] has finished in [8 948] ms
17-Jul-2020 01:45:34.150 INFO [main] org.apache.catalina.startup.HostConfig.deployDirectory Установка веб приложения в папку [/home/lis/IdeaProjects/medications/deploy/tomcat/webapps/app-core]
17-Jul-2020 01:45:42.778 INFO [main] org.apache.catalina.startup.HostConfig.deployDirectory Deployment of web application directory [/home/lis/IdeaProjects/medications/deploy/tomcat/webapps/app-core] has finished in [8 628] ms
17-Jul-2020 01:45:42.785 INFO [main] org.apache.coyote.AbstractProtocol.start Starting ProtocolHandler ["http-nio-8080"]
17-Jul-2020 01:45:42.819 INFO [main] org.apache.coyote.AbstractProtocol.start Starting ProtocolHandler ["ajp-nio-8009"]
17-Jul-2020 01:45:42.824 INFO [main] org.apache.catalina.startup.Catalina.start Server startup in [17 718] milliseconds
17-Jul-2020 01:52:38.600 INFO [main] org.apache.catalina.core.AprLifecycleListener.lifecycleEvent The APR based Apache Tomcat Native library which allows optimal performance in production environments was not found on the java.library.path: [/usr/java/packages/lib/amd64:/usr/lib64:/lib64:/lib:/usr/lib]
17-Jul-2020 01:52:38.983 INFO [main] org.apache.coyote.AbstractProtocol.init Initializing ProtocolHandler ["http-nio-8080"]
17-Jul-2020 01:52:39.013 INFO [main] org.apache.coyote.AbstractProtocol.init Initializing ProtocolHandler ["ajp-nio-8009"]
17-Jul-2020 01:52:39.019 INFO [main] org.apache.catalina.startup.Catalina.load Server initialization in [673] milliseconds
17-Jul-2020 01:52:39.071 INFO [main] org.apache.catalina.core.StandardService.startInternal Starting service [Catalina]
17-Jul-2020 01:52:39.072 INFO [main] org.apache.catalina.core.StandardEngine.startInternal Starting Servlet engine: [Apache Tomcat/9.0.27]
17-Jul-2020 01:52:39.085 INFO [main] org.apache.catalina.startup.HostConfig.deployDirectory Установка веб приложения в папку [/home/lis/IdeaProjects/medications/deploy/tomcat/webapps/app]
17-Jul-2020 01:52:46.822 INFO [main] org.apache.catalina.startup.HostConfig.deployDirectory Deployment of web application directory [/home/lis/IdeaProjects/medications/deploy/tomcat/webapps/app] has finished in [7 738] ms
17-Jul-2020 01:52:46.913 INFO [main] org.apache.catalina.startup.HostConfig.deployDirectory Установка веб приложения в папку [/home/lis/IdeaProjects/medications/deploy/tomcat/webapps/app-core]
17-Jul-2020 01:52:56.675 INFO [main] org.apache.catalina.startup.HostConfig.deployDirectory Deployment of web application directory [/home/lis/IdeaProjects/medications/deploy/tomcat/webapps/app-core] has finished in [9 761] ms
17-Jul-2020 01:52:56.706 INFO [main] org.apache.coyote.AbstractProtocol.start Starting ProtocolHandler ["http-nio-8080"]
17-Jul-2020 01:52:56.784 INFO [main] org.apache.coyote.AbstractProtocol.start Starting ProtocolHandler ["ajp-nio-8009"]
17-Jul-2020 01:52:56.843 INFO [main] org.apache.catalina.startup.Catalina.start Server startup in [17 822] milliseconds
17-Jul-2020 02:05:04.176 INFO [main] org.apache.catalina.core.AprLifecycleListener.lifecycleEvent The APR based Apache Tomcat Native library which allows optimal performance in production environments was not found on the java.library.path: [/usr/java/packages/lib/amd64:/usr/lib64:/lib64:/lib:/usr/lib]
17-Jul-2020 02:05:04.555 INFO [main] org.apache.coyote.AbstractProtocol.init Initializing ProtocolHandler ["http-nio-8080"]
17-Jul-2020 02:05:04.589 INFO [main] org.apache.coyote.AbstractProtocol.init Initializing ProtocolHandler ["ajp-nio-8009"]
17-Jul-2020 02:05:04.593 INFO [main] org.apache.catalina.startup.Catalina.load Server initialization in [675] milliseconds
17-Jul-2020 02:05:04.649 INFO [main] org.apache.catalina.core.StandardService.startInternal Starting service [Catalina]
17-Jul-2020 02:05:04.651 INFO [main] org.apache.catalina.core.StandardEngine.startInternal Starting Servlet engine: [Apache Tomcat/9.0.27]
17-Jul-2020 02:05:04.665 INFO [main] org.apache.catalina.startup.HostConfig.deployDirectory Установка веб приложения в папку [/home/lis/IdeaProjects/medications/deploy/tomcat/webapps/app]
17-Jul-2020 02:05:13.372 INFO [main] org.apache.catalina.startup.HostConfig.deployDirectory Deployment of web application directory [/home/lis/IdeaProjects/medications/deploy/tomcat/webapps/app] has finished in [8 707] ms
17-Jul-2020 02:05:13.374 INFO [main] org.apache.catalina.startup.HostConfig.deployDirectory Установка веб приложения в папку [/home/lis/IdeaProjects/medications/deploy/tomcat/webapps/app-core]
17-Jul-2020 02:05:22.155 INFO [main] org.apache.catalina.startup.HostConfig.deployDirectory Deployment of web application directory [/home/lis/IdeaProjects/medications/deploy/tomcat/webapps/app-core] has finished in [8 780] ms
17-Jul-2020 02:05:22.162 INFO [main] org.apache.coyote.AbstractProtocol.start Starting ProtocolHandler ["http-nio-8080"]
17-Jul-2020 02:05:22.203 INFO [main] org.apache.coyote.AbstractProtocol.start Starting ProtocolHandler ["ajp-nio-8009"]
17-Jul-2020 02:05:22.222 INFO [main] org.apache.catalina.startup.Catalina.start Server startup in [17 627] milliseconds
17-Jul-2020 02:18:19.964 INFO [main] org.apache.catalina.core.AprLifecycleListener.lifecycleEvent The APR based Apache Tomcat Native library which allows optimal performance in production environments was not found on the java.library.path: [/usr/java/packages/lib/amd64:/usr/lib64:/lib64:/lib:/usr/lib]
17-Jul-2020 02:18:20.319 INFO [main] org.apache.coyote.AbstractProtocol.init Initializing ProtocolHandler ["http-nio-8080"]
17-Jul-2020 02:18:20.352 INFO [main] org.apache.coyote.AbstractProtocol.init Initializing ProtocolHandler ["ajp-nio-8009"]
17-Jul-2020 02:18:20.356 INFO [main] org.apache.catalina.startup.Catalina.load Server initialization in [649] milliseconds
17-Jul-2020 02:18:20.408 INFO [main] org.apache.catalina.core.StandardService.startInternal Starting service [Catalina]
17-Jul-2020 02:18:20.410 INFO [main] org.apache.catalina.core.StandardEngine.startInternal Starting Servlet engine: [Apache Tomcat/9.0.27]
17-Jul-2020 02:18:20.424 INFO [main] org.apache.catalina.startup.HostConfig.deployDirectory Установка веб приложения в папку [/home/lis/IdeaProjects/medications/deploy/tomcat/webapps/app]
17-Jul-2020 02:18:29.666 INFO [main] org.apache.catalina.startup.HostConfig.deployDirectory Deployment of web application directory [/home/lis/IdeaProjects/medications/deploy/tomcat/webapps/app] has finished in [9 242] ms
17-Jul-2020 02:18:29.667 INFO [main] org.apache.catalina.startup.HostConfig.deployDirectory Установка веб приложения в папку [/home/lis/IdeaProjects/medications/deploy/tomcat/webapps/app-core]
17-Jul-2020 02:18:41.883 INFO [main] org.apache.catalina.startup.HostConfig.deployDirectory Deployment of web application directory [/home/lis/IdeaProjects/medications/deploy/tomcat/webapps/app-core] has finished in [12 216] ms
17-Jul-2020 02:18:41.893 INFO [main] org.apache.coyote.AbstractProtocol.start Starting ProtocolHandler ["http-nio-8080"]
17-Jul-2020 02:18:41.932 INFO [main] org.apache.coyote.AbstractProtocol.start Starting ProtocolHandler ["ajp-nio-8009"]
17-Jul-2020 02:18:41.973 INFO [main] org.apache.catalina.startup.Catalina.start Server startup in [21 616] milliseconds
17-Jul-2020 02:20:49.631 INFO [main] org.apache.catalina.core.AprLifecycleListener.lifecycleEvent The APR based Apache Tomcat Native library which allows optimal performance in production environments was not found on the java.library.path: [/usr/java/packages/lib/amd64:/usr/lib64:/lib64:/lib:/usr/lib]
17-Jul-2020 02:20:50.039 INFO [main] org.apache.coyote.AbstractProtocol.init Initializing ProtocolHandler ["http-nio-8080"]
17-Jul-2020 02:20:50.073 INFO [main] org.apache.coyote.AbstractProtocol.init Initializing ProtocolHandler ["ajp-nio-8009"]
17-Jul-2020 02:20:50.084 INFO [main] org.apache.catalina.startup.Catalina.load Server initialization in [724] milliseconds
17-Jul-2020 02:20:50.147 INFO [main] org.apache.catalina.core.StandardService.startInternal Starting service [Catalina]
17-Jul-2020 02:20:50.148 INFO [main] org.apache.catalina.core.StandardEngine.startInternal Starting Servlet engine: [Apache Tomcat/9.0.27]
17-Jul-2020 02:20:50.165 INFO [main] org.apache.catalina.startup.HostConfig.deployDirectory Установка веб приложения в папку [/home/lis/IdeaProjects/medications/deploy/tomcat/webapps/app]
17-Jul-2020 02:21:01.892 INFO [main] org.apache.catalina.startup.HostConfig.deployDirectory Deployment of web application directory [/home/lis/IdeaProjects/medications/deploy/tomcat/webapps/app] has finished in [11 727] ms
17-Jul-2020 02:21:01.893 INFO [main] org.apache.catalina.startup.HostConfig.deployDirectory Установка веб приложения в папку [/home/lis/IdeaProjects/medications/deploy/tomcat/webapps/app-core]
17-Jul-2020 02:21:14.720 INFO [main] org.apache.catalina.startup.HostConfig.deployDirectory Deployment of web application directory [/home/lis/IdeaProjects/medications/deploy/tomcat/webapps/app-core] has finished in [12 827] ms
17-Jul-2020 02:21:14.726 INFO [main] org.apache.coyote.AbstractProtocol.start Starting ProtocolHandler ["http-nio-8080"]
17-Jul-2020 02:21:14.760 INFO [main] org.apache.coyote.AbstractProtocol.start Starting ProtocolHandler ["ajp-nio-8009"]
17-Jul-2020 02:21:14.800 INFO [main] org.apache.catalina.startup.Catalina.start Server startup in [24 714] milliseconds
17-Jul-2020 14:35:29.129 INFO [main] org.apache.catalina.core.AprLifecycleListener.lifecycleEvent The APR based Apache Tomcat Native library which allows optimal performance in production environments was not found on the java.library.path: [/usr/java/packages/lib/amd64:/usr/lib64:/lib64:/lib:/usr/lib]
17-Jul-2020 14:35:30.993 INFO [main] org.apache.coyote.AbstractProtocol.init Initializing ProtocolHandler ["http-nio-8080"]
17-Jul-2020 14:35:31.058 INFO [main] org.apache.coyote.AbstractProtocol.init Initializing ProtocolHandler ["ajp-nio-8009"]
17-Jul-2020 14:35:31.062 INFO [main] org.apache.catalina.startup.Catalina.load Server initialization in [2 543] milliseconds
17-Jul-2020 14:35:31.176 INFO [main] org.apache.catalina.core.StandardService.startInternal Starting service [Catalina]
17-Jul-2020 14:35:31.177 INFO [main] org.apache.catalina.core.StandardEngine.startInternal Starting Servlet engine: [Apache Tomcat/9.0.27]
17-Jul-2020 14:35:31.190 INFO [main] org.apache.catalina.startup.HostConfig.deployDirectory Установка веб приложения в папку [/home/lis/IdeaProjects/medications/deploy/tomcat/webapps/app]
17-Jul-2020 14:35:44.989 INFO [main] org.apache.catalina.startup.HostConfig.deployDirectory Deployment of web application directory [/home/lis/IdeaProjects/medications/deploy/tomcat/webapps/app] has finished in [13 799] ms
17-Jul-2020 14:35:44.990 INFO [main] org.apache.catalina.startup.HostConfig.deployDirectory Установка веб приложения в папку [/home/lis/IdeaProjects/medications/deploy/tomcat/webapps/app-core]
17-Jul-2020 14:35:56.365 INFO [main] org.apache.catalina.startup.HostConfig.deployDirectory Deployment of web application directory [/home/lis/IdeaProjects/medications/deploy/tomcat/webapps/app-core] has finished in [11 375] ms
17-Jul-2020 14:35:56.374 INFO [main] org.apache.coyote.AbstractProtocol.start Starting ProtocolHandler ["http-nio-8080"]
17-Jul-2020 14:35:56.400 INFO [main] org.apache.coyote.AbstractProtocol.start Starting ProtocolHandler ["ajp-nio-8009"]
17-Jul-2020 14:35:56.413 INFO [main] org.apache.catalina.startup.Catalina.start Server startup in [25 349] milliseconds
17-Jul-2020 20:49:21.460 INFO [main] org.apache.catalina.core.AprLifecycleListener.lifecycleEvent The APR based Apache Tomcat Native library which allows optimal performance in production environments was not found on the java.library.path: [/usr/java/packages/lib/amd64:/usr/lib64:/lib64:/lib:/usr/lib]
17-Jul-2020 20:49:21.834 INFO [main] org.apache.coyote.AbstractProtocol.init Initializing ProtocolHandler ["http-nio-8080"]
17-Jul-2020 20:49:21.867 INFO [main] org.apache.coyote.AbstractProtocol.init Initializing ProtocolHandler ["ajp-nio-8009"]
17-Jul-2020 20:49:21.872 INFO [main] org.apache.catalina.startup.Catalina.load Server initialization in [651] milliseconds
17-Jul-2020 20:49:21.928 INFO [main] org.apache.catalina.core.StandardService.startInternal Starting service [Catalina]
17-Jul-2020 20:49:21.930 INFO [main] org.apache.catalina.core.StandardEngine.startInternal Starting Servlet engine: [Apache Tomcat/9.0.27]
17-Jul-2020 20:49:21.943 INFO [main] org.apache.catalina.startup.HostConfig.deployDirectory Установка веб приложения в папку [/home/lis/IdeaProjects/medications/deploy/tomcat/webapps/app]
17-Jul-2020 20:49:30.003 INFO [main] org.apache.catalina.startup.HostConfig.deployDirectory Deployment of web application directory [/home/lis/IdeaProjects/medications/deploy/tomcat/webapps/app] has finished in [8 060] ms
17-Jul-2020 20:49:30.005 INFO [main] org.apache.catalina.startup.HostConfig.deployDirectory Установка веб приложения в папку [/home/lis/IdeaProjects/medications/deploy/tomcat/webapps/app-core]
17-Jul-2020 20:49:38.844 INFO [main] org.apache.catalina.startup.HostConfig.deployDirectory Deployment of web application directory [/home/lis/IdeaProjects/medications/deploy/tomcat/webapps/app-core] has finished in [8 840] ms
17-Jul-2020 20:49:38.858 INFO [main] org.apache.coyote.AbstractProtocol.start Starting ProtocolHandler ["http-nio-8080"]
17-Jul-2020 20:49:38.958 INFO [main] org.apache.coyote.AbstractProtocol.start Starting ProtocolHandler ["ajp-nio-8009"]
17-Jul-2020 20:49:38.989 INFO [main] org.apache.catalina.startup.Catalina.start Server startup in [17 115] milliseconds
17-Jul-2020 21:43:49.496 INFO [main] org.apache.catalina.core.AprLifecycleListener.lifecycleEvent The APR based Apache Tomcat Native library which allows optimal performance in production environments was not found on the java.library.path: [/usr/java/packages/lib/amd64:/usr/lib64:/lib64:/lib:/usr/lib]
17-Jul-2020 21:43:49.849 INFO [main] org.apache.coyote.AbstractProtocol.init Initializing ProtocolHandler ["http-nio-8080"]
17-Jul-2020 21:43:49.883 INFO [main] org.apache.coyote.AbstractProtocol.init Initializing ProtocolHandler ["ajp-nio-8009"]
17-Jul-2020 21:43:49.887 INFO [main] org.apache.catalina.startup.Catalina.load Server initialization in [645] milliseconds
17-Jul-2020 21:43:49.942 INFO [main] org.apache.catalina.core.StandardService.startInternal Starting service [Catalina]
17-Jul-2020 21:43:49.943 INFO [main] org.apache.catalina.core.StandardEngine.startInternal Starting Servlet engine: [Apache Tomcat/9.0.27]
17-Jul-2020 21:43:49.957 INFO [main] org.apache.catalina.startup.HostConfig.deployDirectory Установка веб приложения в папку [/home/lis/IdeaProjects/medications/deploy/tomcat/webapps/app]
17-Jul-2020 21:43:58.211 INFO [main] org.apache.catalina.startup.HostConfig.deployDirectory Deployment of web application directory [/home/lis/IdeaProjects/medications/deploy/tomcat/webapps/app] has finished in [8 254] ms
17-Jul-2020 21:43:58.212 INFO [main] org.apache.catalina.startup.HostConfig.deployDirectory Установка веб приложения в папку [/home/lis/IdeaProjects/medications/deploy/tomcat/webapps/app-core]
17-Jul-2020 21:44:10.245 INFO [main] org.apache.catalina.startup.HostConfig.deployDirectory Deployment of web application directory [/home/lis/IdeaProjects/medications/deploy/tomcat/webapps/app-core] has finished in [12 032] ms
17-Jul-2020 21:44:10.251 INFO [main] org.apache.coyote.AbstractProtocol.start Starting ProtocolHandler ["http-nio-8080"]
17-Jul-2020 21:44:10.298 INFO [main] org.apache.coyote.AbstractProtocol.start Starting ProtocolHandler ["ajp-nio-8009"]
17-Jul-2020 21:44:10.329 INFO [main] org.apache.catalina.startup.Catalina.start Server startup in [20 439] milliseconds
17-Jul-2020 21:50:42.335 INFO [main] org.apache.catalina.core.AprLifecycleListener.lifecycleEvent The APR based Apache Tomcat Native library which allows optimal performance in production environments was not found on the java.library.path: [/usr/java/packages/lib/amd64:/usr/lib64:/lib64:/lib:/usr/lib]
17-Jul-2020 21:50:42.702 INFO [main] org.apache.coyote.AbstractProtocol.init Initializing ProtocolHandler ["http-nio-8080"]
17-Jul-2020 21:50:42.738 INFO [main] org.apache.coyote.AbstractProtocol.init Initializing ProtocolHandler ["ajp-nio-8009"]
17-Jul-2020 21:50:42.744 INFO [main] org.apache.catalina.startup.Catalina.load Server initialization in [641] milliseconds
17-Jul-2020 21:50:42.807 INFO [main] org.apache.catalina.core.StandardService.startInternal Starting service [Catalina]
17-Jul-2020 21:50:42.808 INFO [main] org.apache.catalina.core.StandardEngine.startInternal Starting Servlet engine: [Apache Tomcat/9.0.27]
17-Jul-2020 21:50:42.823 INFO [main] org.apache.catalina.startup.HostConfig.deployDirectory Установка веб приложения в папку [/home/lis/IdeaProjects/medications/deploy/tomcat/webapps/app]
17-Jul-2020 21:50:50.599 INFO [main] org.apache.catalina.startup.HostConfig.deployDirectory Deployment of web application directory [/home/lis/IdeaProjects/medications/deploy/tomcat/webapps/app] has finished in [7 776] ms
17-Jul-2020 21:50:50.601 INFO [main] org.apache.catalina.startup.HostConfig.deployDirectory Установка веб приложения в папку [/home/lis/IdeaProjects/medications/deploy/tomcat/webapps/app-core]
17-Jul-2020 21:50:58.518 INFO [main] org.apache.catalina.startup.HostConfig.deployDirectory Deployment of web application directory [/home/lis/IdeaProjects/medications/deploy/tomcat/webapps/app-core] has finished in [7 918] ms
17-Jul-2020 21:50:58.523 INFO [main] org.apache.coyote.AbstractProtocol.start Starting ProtocolHandler ["http-nio-8080"]
17-Jul-2020 21:50:58.551 INFO [main] org.apache.coyote.AbstractProtocol.start Starting ProtocolHandler ["ajp-nio-8009"]
17-Jul-2020 21:50:58.560 INFO [main] org.apache.catalina.startup.Catalina.start Server startup in [15 814] milliseconds
17-Jul-2020 22:23:41.741 INFO [main] org.apache.catalina.core.AprLifecycleListener.lifecycleEvent The APR based Apache Tomcat Native library which allows optimal performance in production environments was not found on the java.library.path: [/usr/java/packages/lib/amd64:/usr/lib64:/lib64:/lib:/usr/lib]
17-Jul-2020 22:23:42.096 INFO [main] org.apache.coyote.AbstractProtocol.init Initializing ProtocolHandler ["http-nio-8080"]
17-Jul-2020 22:23:42.132 INFO [main] org.apache.coyote.AbstractProtocol.init Initializing ProtocolHandler ["ajp-nio-8009"]
17-Jul-2020 22:23:42.137 INFO [main] org.apache.catalina.startup.Catalina.load Server initialization in [637] milliseconds
17-Jul-2020 22:23:42.190 INFO [main] org.apache.catalina.core.StandardService.startInternal Starting service [Catalina]
17-Jul-2020 22:23:42.192 INFO [main] org.apache.catalina.core.StandardEngine.startInternal Starting Servlet engine: [Apache Tomcat/9.0.27]
17-Jul-2020 22:23:42.206 INFO [main] org.apache.catalina.startup.HostConfig.deployDirectory Установка веб приложения в папку [/home/lis/IdeaProjects/medications/deploy/tomcat/webapps/app]
17-Jul-2020 22:23:50.161 INFO [main] org.apache.catalina.startup.HostConfig.deployDirectory Deployment of web application directory [/home/lis/IdeaProjects/medications/deploy/tomcat/webapps/app] has finished in [7 955] ms
17-Jul-2020 22:23:50.162 INFO [main] org.apache.catalina.startup.HostConfig.deployDirectory Установка веб приложения в папку [/home/lis/IdeaProjects/medications/deploy/tomcat/webapps/app-core]
17-Jul-2020 22:23:59.536 INFO [main] org.apache.catalina.startup.HostConfig.deployDirectory Deployment of web application directory [/home/lis/IdeaProjects/medications/deploy/tomcat/webapps/app-core] has finished in [9 373] ms
17-Jul-2020 22:23:59.541 INFO [main] org.apache.coyote.AbstractProtocol.start Starting ProtocolHandler ["http-nio-8080"]
17-Jul-2020 22:23:59.570 INFO [main] org.apache.coyote.AbstractProtocol.start Starting ProtocolHandler ["ajp-nio-8009"]
17-Jul-2020 22:23:59.582 INFO [main] org.apache.catalina.startup.Catalina.start Server startup in [17 443] milliseconds
17-Jul-2020 22:31:36.397 INFO [main] org.apache.catalina.core.AprLifecycleListener.lifecycleEvent The APR based Apache Tomcat Native library which allows optimal performance in production environments was not found on the java.library.path: [/usr/java/packages/lib/amd64:/usr/lib64:/lib64:/lib:/usr/lib]
17-Jul-2020 22:31:36.767 INFO [main] org.apache.coyote.AbstractProtocol.init Initializing ProtocolHandler ["http-nio-8080"]
17-Jul-2020 22:31:36.801 INFO [main] org.apache.coyote.AbstractProtocol.init Initializing ProtocolHandler ["ajp-nio-8009"]
17-Jul-2020 22:31:36.806 INFO [main] org.apache.catalina.startup.Catalina.load Server initialization in [646] milliseconds
17-Jul-2020 22:31:36.861 INFO [main] org.apache.catalina.core.StandardService.startInternal Starting service [Catalina]
17-Jul-2020 22:31:36.863 INFO [main] org.apache.catalina.core.StandardEngine.startInternal Starting Servlet engine: [Apache Tomcat/9.0.27]
17-Jul-2020 22:31:36.877 INFO [main] org.apache.catalina.startup.HostConfig.deployDirectory Установка веб приложения в папку [/home/lis/IdeaProjects/medications/deploy/tomcat/webapps/app]
17-Jul-2020 22:31:45.569 INFO [main] org.apache.catalina.startup.HostConfig.deployDirectory Deployment of web application directory [/home/lis/IdeaProjects/medications/deploy/tomcat/webapps/app] has finished in [8 692] ms
17-Jul-2020 22:31:45.570 INFO [main] org.apache.catalina.startup.HostConfig.deployDirectory Установка веб приложения в папку [/home/lis/IdeaProjects/medications/deploy/tomcat/webapps/app-core]
17-Jul-2020 22:31:54.289 INFO [main] org.apache.catalina.startup.HostConfig.deployDirectory Deployment of web application directory [/home/lis/IdeaProjects/medications/deploy/tomcat/webapps/app-core] has finished in [8 718] ms
17-Jul-2020 22:31:54.295 INFO [main] org.apache.coyote.AbstractProtocol.start Starting ProtocolHandler ["http-nio-8080"]
17-Jul-2020 22:31:54.311 INFO [main] org.apache.coyote.AbstractProtocol.start Starting ProtocolHandler ["ajp-nio-8009"]
17-Jul-2020 22:31:54.315 INFO [main] org.apache.catalina.startup.Catalina.start Server startup in [17 508] milliseconds
17-Jul-2020 22:49:13.015 INFO [main] org.apache.catalina.core.AprLifecycleListener.lifecycleEvent The APR based Apache Tomcat Native library which allows optimal performance in production environments was not found on the java.library.path: [/usr/java/packages/lib/amd64:/usr/lib64:/lib64:/lib:/usr/lib]
17-Jul-2020 22:49:13.368 INFO [main] org.apache.coyote.AbstractProtocol.init Initializing ProtocolHandler ["http-nio-8080"]
17-Jul-2020 22:49:13.401 INFO [main] org.apache.coyote.AbstractProtocol.init Initializing ProtocolHandler ["ajp-nio-8009"]
17-Jul-2020 22:49:13.405 INFO [main] org.apache.catalina.startup.Catalina.load Server initialization in [645] milliseconds
17-Jul-2020 22:49:13.458 INFO [main] org.apache.catalina.core.StandardService.startInternal Starting service [Catalina]
17-Jul-2020 22:49:13.460 INFO [main] org.apache.catalina.core.StandardEngine.startInternal Starting Servlet engine: [Apache Tomcat/9.0.27]
17-Jul-2020 22:49:13.472 INFO [main] org.apache.catalina.startup.HostConfig.deployDirectory Установка веб приложения в папку [/home/lis/IdeaProjects/medications/deploy/tomcat/webapps/app]
17-Jul-2020 22:49:22.309 INFO [main] org.apache.catalina.startup.HostConfig.deployDirectory Deployment of web application directory [/home/lis/IdeaProjects/medications/deploy/tomcat/webapps/app] has finished in [8 836] ms
17-Jul-2020 22:49:22.310 INFO [main] org.apache.catalina.startup.HostConfig.deployDirectory Установка веб приложения в папку [/home/lis/IdeaProjects/medications/deploy/tomcat/webapps/app-core]
17-Jul-2020 22:49:31.774 INFO [main] org.apache.catalina.startup.HostConfig.deployDirectory Deployment of web application directory [/home/lis/IdeaProjects/medications/deploy/tomcat/webapps/app-core] has finished in [9 464] ms
17-Jul-2020 22:49:31.780 INFO [main] org.apache.coyote.AbstractProtocol.start Starting ProtocolHandler ["http-nio-8080"]
17-Jul-2020 22:49:31.815 INFO [main] org.apache.coyote.AbstractProtocol.start Starting ProtocolHandler ["ajp-nio-8009"]
17-Jul-2020 22:49:31.827 INFO [main] org.apache.catalina.startup.Catalina.start Server startup in [18 421] milliseconds
17-Jul-2020 22:55:49.579 INFO [main] org.apache.catalina.core.AprLifecycleListener.lifecycleEvent The APR based Apache Tomcat Native library which allows optimal performance in production environments was not found on the java.library.path: [/usr/java/packages/lib/amd64:/usr/lib64:/lib64:/lib:/usr/lib]
17-Jul-2020 22:55:49.973 INFO [main] org.apache.coyote.AbstractProtocol.init Initializing ProtocolHandler ["http-nio-8080"]
17-Jul-2020 22:55:50.004 INFO [main] org.apache.coyote.AbstractProtocol.init Initializing ProtocolHandler ["ajp-nio-8009"]
17-Jul-2020 22:55:50.009 INFO [main] org.apache.catalina.startup.Catalina.load Server initialization in [674] milliseconds
17-Jul-2020 22:55:50.063 INFO [main] org.apache.catalina.core.StandardService.startInternal Starting service [Catalina]
17-Jul-2020 22:55:50.064 INFO [main] org.apache.catalina.core.StandardEngine.startInternal Starting Servlet engine: [Apache Tomcat/9.0.27]
17-Jul-2020 22:55:50.076 INFO [main] org.apache.catalina.startup.HostConfig.deployDirectory Установка веб приложения в папку [/home/lis/IdeaProjects/medications/deploy/tomcat/webapps/app]
17-Jul-2020 22:55:58.397 INFO [main] org.apache.catalina.startup.HostConfig.deployDirectory Deployment of web application directory [/home/lis/IdeaProjects/medications/deploy/tomcat/webapps/app] has finished in [8 321] ms
17-Jul-2020 22:55:58.398 INFO [main] org.apache.catalina.startup.HostConfig.deployDirectory Установка веб приложения в папку [/home/lis/IdeaProjects/medications/deploy/tomcat/webapps/app-core]
17-Jul-2020 22:56:07.372 INFO [main] org.apache.catalina.startup.HostConfig.deployDirectory Deployment of web application directory [/home/lis/IdeaProjects/medications/deploy/tomcat/webapps/app-core] has finished in [8 974] ms
17-Jul-2020 22:56:07.378 INFO [main] org.apache.coyote.AbstractProtocol.start Starting ProtocolHandler ["http-nio-8080"]
17-Jul-2020 22:56:07.398 INFO [main] org.apache.coyote.AbstractProtocol.start Starting ProtocolHandler ["ajp-nio-8009"]
17-Jul-2020 22:56:07.422 INFO [main] org.apache.catalina.startup.Catalina.start Server startup in [17 411] milliseconds
