19-Jul-2020 11:06:00.277 INFO [main] org.apache.catalina.core.AprLifecycleListener.lifecycleEvent The APR based Apache Tomcat Native library which allows optimal performance in production environments was not found on the java.library.path: [/usr/java/packages/lib/amd64:/usr/lib64:/lib64:/lib:/usr/lib]
19-Jul-2020 11:06:02.063 INFO [main] org.apache.coyote.AbstractProtocol.init Initializing ProtocolHandler ["http-nio-8080"]
19-Jul-2020 11:06:02.142 INFO [main] org.apache.coyote.AbstractProtocol.init Initializing ProtocolHandler ["ajp-nio-8009"]
19-Jul-2020 11:06:02.146 INFO [main] org.apache.catalina.startup.Catalina.load Server initialization in [2 388] milliseconds
19-Jul-2020 11:06:02.267 INFO [main] org.apache.catalina.core.StandardService.startInternal Starting service [Catalina]
19-Jul-2020 11:06:02.268 INFO [main] org.apache.catalina.core.StandardEngine.startInternal Starting Servlet engine: [Apache Tomcat/9.0.27]
19-Jul-2020 11:06:02.286 INFO [main] org.apache.catalina.startup.HostConfig.deployDirectory Установка веб приложения в папку [/home/lis/IdeaProjects/medications/deploy/tomcat/webapps/app]
19-Jul-2020 11:06:19.352 INFO [main] org.apache.catalina.startup.HostConfig.deployDirectory Deployment of web application directory [/home/lis/IdeaProjects/medications/deploy/tomcat/webapps/app] has finished in [17 067] ms
19-Jul-2020 11:06:19.353 INFO [main] org.apache.catalina.startup.HostConfig.deployDirectory Установка веб приложения в папку [/home/lis/IdeaProjects/medications/deploy/tomcat/webapps/app-core]
19-Jul-2020 11:06:31.115 INFO [main] org.apache.catalina.startup.HostConfig.deployDirectory Deployment of web application directory [/home/lis/IdeaProjects/medications/deploy/tomcat/webapps/app-core] has finished in [11 762] ms
19-Jul-2020 11:06:31.122 INFO [main] org.apache.coyote.AbstractProtocol.start Starting ProtocolHandler ["http-nio-8080"]
19-Jul-2020 11:06:31.141 INFO [main] org.apache.coyote.AbstractProtocol.start Starting ProtocolHandler ["ajp-nio-8009"]
19-Jul-2020 11:06:31.183 INFO [main] org.apache.catalina.startup.Catalina.start Server startup in [29 034] milliseconds
19-Jul-2020 11:32:43.284 INFO [main] org.apache.catalina.core.AprLifecycleListener.lifecycleEvent The APR based Apache Tomcat Native library which allows optimal performance in production environments was not found on the java.library.path: [/usr/java/packages/lib/amd64:/usr/lib64:/lib64:/lib:/usr/lib]
19-Jul-2020 11:32:43.675 INFO [main] org.apache.coyote.AbstractProtocol.init Initializing ProtocolHandler ["http-nio-8080"]
19-Jul-2020 11:32:43.724 INFO [main] org.apache.coyote.AbstractProtocol.init Initializing ProtocolHandler ["ajp-nio-8009"]
19-Jul-2020 11:32:43.728 INFO [main] org.apache.catalina.startup.Catalina.load Server initialization in [736] milliseconds
19-Jul-2020 11:32:43.770 INFO [main] org.apache.catalina.core.StandardService.startInternal Starting service [Catalina]
19-Jul-2020 11:32:43.772 INFO [main] org.apache.catalina.core.StandardEngine.startInternal Starting Servlet engine: [Apache Tomcat/9.0.27]
19-Jul-2020 11:32:43.789 INFO [main] org.apache.catalina.startup.HostConfig.deployDirectory Установка веб приложения в папку [/home/lis/IdeaProjects/medications/deploy/tomcat/webapps/app]
19-Jul-2020 11:32:54.416 INFO [main] org.apache.catalina.startup.HostConfig.deployDirectory Deployment of web application directory [/home/lis/IdeaProjects/medications/deploy/tomcat/webapps/app] has finished in [10 627] ms
19-Jul-2020 11:32:54.417 INFO [main] org.apache.catalina.startup.HostConfig.deployDirectory Установка веб приложения в папку [/home/lis/IdeaProjects/medications/deploy/tomcat/webapps/app-core]
19-Jul-2020 11:33:02.997 INFO [main] org.apache.catalina.startup.HostConfig.deployDirectory Deployment of web application directory [/home/lis/IdeaProjects/medications/deploy/tomcat/webapps/app-core] has finished in [8 579] ms
19-Jul-2020 11:33:03.003 INFO [main] org.apache.coyote.AbstractProtocol.start Starting ProtocolHandler ["http-nio-8080"]
19-Jul-2020 11:33:03.027 INFO [main] org.apache.coyote.AbstractProtocol.start Starting ProtocolHandler ["ajp-nio-8009"]
19-Jul-2020 11:33:03.054 INFO [main] org.apache.catalina.startup.Catalina.start Server startup in [19 324] milliseconds
19-Jul-2020 17:27:40.554 INFO [main] org.apache.catalina.core.AprLifecycleListener.lifecycleEvent The APR based Apache Tomcat Native library which allows optimal performance in production environments was not found on the java.library.path: [/usr/java/packages/lib/amd64:/usr/lib64:/lib64:/lib:/usr/lib]
19-Jul-2020 17:27:42.808 INFO [main] org.apache.coyote.AbstractProtocol.init Initializing ProtocolHandler ["http-nio-8080"]
19-Jul-2020 17:27:42.883 INFO [main] org.apache.coyote.AbstractProtocol.init Initializing ProtocolHandler ["ajp-nio-8009"]
19-Jul-2020 17:27:42.887 INFO [main] org.apache.catalina.startup.Catalina.load Server initialization in [2 998] milliseconds
19-Jul-2020 17:27:43.025 INFO [main] org.apache.catalina.core.StandardService.startInternal Starting service [Catalina]
19-Jul-2020 17:27:43.026 INFO [main] org.apache.catalina.core.StandardEngine.startInternal Starting Servlet engine: [Apache Tomcat/9.0.27]
19-Jul-2020 17:27:43.038 INFO [main] org.apache.catalina.startup.HostConfig.deployDirectory Установка веб приложения в папку [/home/lis/IdeaProjects/medications/deploy/tomcat/webapps/app]
19-Jul-2020 17:27:58.044 INFO [main] org.apache.catalina.startup.HostConfig.deployDirectory Deployment of web application directory [/home/lis/IdeaProjects/medications/deploy/tomcat/webapps/app] has finished in [15 006] ms
19-Jul-2020 17:27:58.045 INFO [main] org.apache.catalina.startup.HostConfig.deployDirectory Установка веб приложения в папку [/home/lis/IdeaProjects/medications/deploy/tomcat/webapps/app-core]
19-Jul-2020 17:28:09.967 INFO [main] org.apache.catalina.startup.HostConfig.deployDirectory Deployment of web application directory [/home/lis/IdeaProjects/medications/deploy/tomcat/webapps/app-core] has finished in [11 922] ms
19-Jul-2020 17:28:09.973 INFO [main] org.apache.coyote.AbstractProtocol.start Starting ProtocolHandler ["http-nio-8080"]
19-Jul-2020 17:28:09.987 INFO [main] org.apache.coyote.AbstractProtocol.start Starting ProtocolHandler ["ajp-nio-8009"]
19-Jul-2020 17:28:10.036 INFO [main] org.apache.catalina.startup.Catalina.start Server startup in [27 147] milliseconds
19-Jul-2020 17:50:57.213 INFO [main] org.apache.catalina.core.AprLifecycleListener.lifecycleEvent The APR based Apache Tomcat Native library which allows optimal performance in production environments was not found on the java.library.path: [/usr/java/packages/lib/amd64:/usr/lib64:/lib64:/lib:/usr/lib]
19-Jul-2020 17:50:57.877 INFO [main] org.apache.coyote.AbstractProtocol.init Initializing ProtocolHandler ["http-nio-8080"]
19-Jul-2020 17:50:57.924 INFO [main] org.apache.coyote.AbstractProtocol.init Initializing ProtocolHandler ["ajp-nio-8009"]
19-Jul-2020 17:50:57.928 INFO [main] org.apache.catalina.startup.Catalina.load Server initialization in [1 190] milliseconds
19-Jul-2020 17:50:57.975 INFO [main] org.apache.catalina.core.StandardService.startInternal Starting service [Catalina]
19-Jul-2020 17:50:57.976 INFO [main] org.apache.catalina.core.StandardEngine.startInternal Starting Servlet engine: [Apache Tomcat/9.0.27]
19-Jul-2020 17:50:57.993 INFO [main] org.apache.catalina.startup.HostConfig.deployDirectory Установка веб приложения в папку [/home/lis/IdeaProjects/medications/deploy/tomcat/webapps/app]
19-Jul-2020 17:51:07.604 INFO [main] org.apache.catalina.startup.HostConfig.deployDirectory Deployment of web application directory [/home/lis/IdeaProjects/medications/deploy/tomcat/webapps/app] has finished in [9 611] ms
19-Jul-2020 17:51:07.604 INFO [main] org.apache.catalina.startup.HostConfig.deployDirectory Установка веб приложения в папку [/home/lis/IdeaProjects/medications/deploy/tomcat/webapps/app-core]
19-Jul-2020 17:51:17.046 INFO [main] org.apache.catalina.startup.HostConfig.deployDirectory Deployment of web application directory [/home/lis/IdeaProjects/medications/deploy/tomcat/webapps/app-core] has finished in [9 442] ms
19-Jul-2020 17:51:17.053 INFO [main] org.apache.coyote.AbstractProtocol.start Starting ProtocolHandler ["http-nio-8080"]
19-Jul-2020 17:51:17.108 INFO [main] org.apache.coyote.AbstractProtocol.start Starting ProtocolHandler ["ajp-nio-8009"]
19-Jul-2020 17:51:17.127 INFO [main] org.apache.catalina.startup.Catalina.start Server startup in [19 197] milliseconds
19-Jul-2020 17:56:02.093 INFO [main] org.apache.catalina.core.AprLifecycleListener.lifecycleEvent The APR based Apache Tomcat Native library which allows optimal performance in production environments was not found on the java.library.path: [/usr/java/packages/lib/amd64:/usr/lib64:/lib64:/lib:/usr/lib]
19-Jul-2020 17:56:02.695 INFO [main] org.apache.coyote.AbstractProtocol.init Initializing ProtocolHandler ["http-nio-8080"]
19-Jul-2020 17:56:02.779 INFO [main] org.apache.coyote.AbstractProtocol.init Initializing ProtocolHandler ["ajp-nio-8009"]
19-Jul-2020 17:56:02.798 INFO [main] org.apache.catalina.startup.Catalina.load Server initialization in [1 072] milliseconds
19-Jul-2020 17:56:02.862 INFO [main] org.apache.catalina.core.StandardService.startInternal Starting service [Catalina]
19-Jul-2020 17:56:02.866 INFO [main] org.apache.catalina.core.StandardEngine.startInternal Starting Servlet engine: [Apache Tomcat/9.0.27]
19-Jul-2020 17:56:02.893 INFO [main] org.apache.catalina.startup.HostConfig.deployDirectory Установка веб приложения в папку [/home/lis/IdeaProjects/medications/deploy/tomcat/webapps/app]
19-Jul-2020 17:56:13.353 INFO [main] org.apache.catalina.startup.HostConfig.deployDirectory Deployment of web application directory [/home/lis/IdeaProjects/medications/deploy/tomcat/webapps/app] has finished in [10 460] ms
19-Jul-2020 17:56:13.354 INFO [main] org.apache.catalina.startup.HostConfig.deployDirectory Установка веб приложения в папку [/home/lis/IdeaProjects/medications/deploy/tomcat/webapps/app-core]
19-Jul-2020 17:56:22.305 INFO [main] org.apache.catalina.startup.HostConfig.deployDirectory Deployment of web application directory [/home/lis/IdeaProjects/medications/deploy/tomcat/webapps/app-core] has finished in [8 951] ms
19-Jul-2020 17:56:22.311 INFO [main] org.apache.coyote.AbstractProtocol.start Starting ProtocolHandler ["http-nio-8080"]
19-Jul-2020 17:56:22.344 INFO [main] org.apache.coyote.AbstractProtocol.start Starting ProtocolHandler ["ajp-nio-8009"]
19-Jul-2020 17:56:22.402 INFO [main] org.apache.catalina.startup.Catalina.start Server startup in [19 602] milliseconds
19-Jul-2020 18:13:57.348 INFO [main] org.apache.catalina.core.AprLifecycleListener.lifecycleEvent The APR based Apache Tomcat Native library which allows optimal performance in production environments was not found on the java.library.path: [/usr/java/packages/lib/amd64:/usr/lib64:/lib64:/lib:/usr/lib]
19-Jul-2020 18:13:57.820 INFO [main] org.apache.coyote.AbstractProtocol.init Initializing ProtocolHandler ["http-nio-8080"]
19-Jul-2020 18:13:57.887 INFO [main] org.apache.coyote.AbstractProtocol.init Initializing ProtocolHandler ["ajp-nio-8009"]
19-Jul-2020 18:13:57.898 INFO [main] org.apache.catalina.startup.Catalina.load Server initialization in [843] milliseconds
19-Jul-2020 18:13:57.943 INFO [main] org.apache.catalina.core.StandardService.startInternal Starting service [Catalina]
19-Jul-2020 18:13:57.945 INFO [main] org.apache.catalina.core.StandardEngine.startInternal Starting Servlet engine: [Apache Tomcat/9.0.27]
19-Jul-2020 18:13:57.961 INFO [main] org.apache.catalina.startup.HostConfig.deployDirectory Установка веб приложения в папку [/home/lis/IdeaProjects/medications/deploy/tomcat/webapps/app]
19-Jul-2020 18:14:07.825 INFO [main] org.apache.catalina.startup.HostConfig.deployDirectory Deployment of web application directory [/home/lis/IdeaProjects/medications/deploy/tomcat/webapps/app] has finished in [9 863] ms
19-Jul-2020 18:14:07.826 INFO [main] org.apache.catalina.startup.HostConfig.deployDirectory Установка веб приложения в папку [/home/lis/IdeaProjects/medications/deploy/tomcat/webapps/app-core]
19-Jul-2020 18:14:17.240 INFO [main] org.apache.catalina.startup.HostConfig.deployDirectory Deployment of web application directory [/home/lis/IdeaProjects/medications/deploy/tomcat/webapps/app-core] has finished in [9 415] ms
19-Jul-2020 18:14:17.248 INFO [main] org.apache.coyote.AbstractProtocol.start Starting ProtocolHandler ["http-nio-8080"]
19-Jul-2020 18:14:17.279 INFO [main] org.apache.coyote.AbstractProtocol.start Starting ProtocolHandler ["ajp-nio-8009"]
19-Jul-2020 18:14:17.318 INFO [main] org.apache.catalina.startup.Catalina.start Server startup in [19 418] milliseconds
19-Jul-2020 18:19:01.322 INFO [main] org.apache.catalina.core.AprLifecycleListener.lifecycleEvent The APR based Apache Tomcat Native library which allows optimal performance in production environments was not found on the java.library.path: [/usr/java/packages/lib/amd64:/usr/lib64:/lib64:/lib:/usr/lib]
19-Jul-2020 18:19:01.700 INFO [main] org.apache.coyote.AbstractProtocol.init Initializing ProtocolHandler ["http-nio-8080"]
19-Jul-2020 18:19:01.752 INFO [main] org.apache.coyote.AbstractProtocol.init Initializing ProtocolHandler ["ajp-nio-8009"]
19-Jul-2020 18:19:01.758 INFO [main] org.apache.catalina.startup.Catalina.load Server initialization in [734] milliseconds
19-Jul-2020 18:19:01.822 INFO [main] org.apache.catalina.core.StandardService.startInternal Starting service [Catalina]
19-Jul-2020 18:19:01.823 INFO [main] org.apache.catalina.core.StandardEngine.startInternal Starting Servlet engine: [Apache Tomcat/9.0.27]
19-Jul-2020 18:19:01.843 INFO [main] org.apache.catalina.startup.HostConfig.deployDirectory Установка веб приложения в папку [/home/lis/IdeaProjects/medications/deploy/tomcat/webapps/app]
19-Jul-2020 18:19:11.516 INFO [main] org.apache.catalina.startup.HostConfig.deployDirectory Deployment of web application directory [/home/lis/IdeaProjects/medications/deploy/tomcat/webapps/app] has finished in [9 673] ms
19-Jul-2020 18:19:11.517 INFO [main] org.apache.catalina.startup.HostConfig.deployDirectory Установка веб приложения в папку [/home/lis/IdeaProjects/medications/deploy/tomcat/webapps/app-core]
19-Jul-2020 18:19:20.049 INFO [main] org.apache.catalina.startup.HostConfig.deployDirectory Deployment of web application directory [/home/lis/IdeaProjects/medications/deploy/tomcat/webapps/app-core] has finished in [8 532] ms
19-Jul-2020 18:19:20.056 INFO [main] org.apache.coyote.AbstractProtocol.start Starting ProtocolHandler ["http-nio-8080"]
19-Jul-2020 18:19:20.093 INFO [main] org.apache.coyote.AbstractProtocol.start Starting ProtocolHandler ["ajp-nio-8009"]
19-Jul-2020 18:19:20.133 INFO [main] org.apache.catalina.startup.Catalina.start Server startup in [18 371] milliseconds
19-Jul-2020 18:40:15.354 INFO [main] org.apache.catalina.core.AprLifecycleListener.lifecycleEvent The APR based Apache Tomcat Native library which allows optimal performance in production environments was not found on the java.library.path: [/usr/java/packages/lib/amd64:/usr/lib64:/lib64:/lib:/usr/lib]
19-Jul-2020 18:40:15.731 INFO [main] org.apache.coyote.AbstractProtocol.init Initializing ProtocolHandler ["http-nio-8080"]
19-Jul-2020 18:40:15.779 INFO [main] org.apache.coyote.AbstractProtocol.init Initializing ProtocolHandler ["ajp-nio-8009"]
19-Jul-2020 18:40:15.783 INFO [main] org.apache.catalina.startup.Catalina.load Server initialization in [692] milliseconds
19-Jul-2020 18:40:15.832 INFO [main] org.apache.catalina.core.StandardService.startInternal Starting service [Catalina]
19-Jul-2020 18:40:15.834 INFO [main] org.apache.catalina.core.StandardEngine.startInternal Starting Servlet engine: [Apache Tomcat/9.0.27]
19-Jul-2020 18:40:15.849 INFO [main] org.apache.catalina.startup.HostConfig.deployDirectory Установка веб приложения в папку [/home/lis/IdeaProjects/medications/deploy/tomcat/webapps/app]
19-Jul-2020 18:40:25.975 INFO [main] org.apache.catalina.startup.HostConfig.deployDirectory Deployment of web application directory [/home/lis/IdeaProjects/medications/deploy/tomcat/webapps/app] has finished in [10 125] ms
19-Jul-2020 18:40:25.976 INFO [main] org.apache.catalina.startup.HostConfig.deployDirectory Установка веб приложения в папку [/home/lis/IdeaProjects/medications/deploy/tomcat/webapps/app-core]
19-Jul-2020 18:40:34.927 INFO [main] org.apache.catalina.startup.HostConfig.deployDirectory Deployment of web application directory [/home/lis/IdeaProjects/medications/deploy/tomcat/webapps/app-core] has finished in [8 951] ms
19-Jul-2020 18:40:34.935 INFO [main] org.apache.coyote.AbstractProtocol.start Starting ProtocolHandler ["http-nio-8080"]
19-Jul-2020 18:40:34.966 INFO [main] org.apache.coyote.AbstractProtocol.start Starting ProtocolHandler ["ajp-nio-8009"]
19-Jul-2020 18:40:35.001 INFO [main] org.apache.catalina.startup.Catalina.start Server startup in [19 216] milliseconds
19-Jul-2020 19:35:57.420 INFO [main] org.apache.catalina.core.AprLifecycleListener.lifecycleEvent The APR based Apache Tomcat Native library which allows optimal performance in production environments was not found on the java.library.path: [/usr/java/packages/lib/amd64:/usr/lib64:/lib64:/lib:/usr/lib]
19-Jul-2020 19:35:59.081 INFO [main] org.apache.coyote.AbstractProtocol.init Initializing ProtocolHandler ["http-nio-8080"]
19-Jul-2020 19:35:59.154 INFO [main] org.apache.coyote.AbstractProtocol.init Initializing ProtocolHandler ["ajp-nio-8009"]
19-Jul-2020 19:35:59.159 INFO [main] org.apache.catalina.startup.Catalina.load Server initialization in [2 307] milliseconds
19-Jul-2020 19:35:59.274 INFO [main] org.apache.catalina.core.StandardService.startInternal Starting service [Catalina]
19-Jul-2020 19:35:59.275 INFO [main] org.apache.catalina.core.StandardEngine.startInternal Starting Servlet engine: [Apache Tomcat/9.0.27]
19-Jul-2020 19:35:59.293 INFO [main] org.apache.catalina.startup.HostConfig.deployDirectory Установка веб приложения в папку [/home/lis/IdeaProjects/medications/deploy/tomcat/webapps/app]
19-Jul-2020 19:36:15.012 INFO [main] org.apache.catalina.startup.HostConfig.deployDirectory Deployment of web application directory [/home/lis/IdeaProjects/medications/deploy/tomcat/webapps/app] has finished in [15 720] ms
19-Jul-2020 19:36:15.013 INFO [main] org.apache.catalina.startup.HostConfig.deployDirectory Установка веб приложения в папку [/home/lis/IdeaProjects/medications/deploy/tomcat/webapps/app-core]
19-Jul-2020 19:36:25.974 INFO [main] org.apache.catalina.startup.HostConfig.deployDirectory Deployment of web application directory [/home/lis/IdeaProjects/medications/deploy/tomcat/webapps/app-core] has finished in [10 961] ms
19-Jul-2020 19:36:25.980 INFO [main] org.apache.coyote.AbstractProtocol.start Starting ProtocolHandler ["http-nio-8080"]
19-Jul-2020 19:36:25.999 INFO [main] org.apache.coyote.AbstractProtocol.start Starting ProtocolHandler ["ajp-nio-8009"]
19-Jul-2020 19:36:26.048 INFO [main] org.apache.catalina.startup.Catalina.start Server startup in [26 888] milliseconds
19-Jul-2020 20:33:24.811 INFO [main] org.apache.catalina.core.AprLifecycleListener.lifecycleEvent The APR based Apache Tomcat Native library which allows optimal performance in production environments was not found on the java.library.path: [/usr/java/packages/lib/amd64:/usr/lib64:/lib64:/lib:/usr/lib]
19-Jul-2020 20:33:25.298 INFO [main] org.apache.coyote.AbstractProtocol.init Initializing ProtocolHandler ["http-nio-8080"]
19-Jul-2020 20:33:25.373 INFO [main] org.apache.coyote.AbstractProtocol.init Initializing ProtocolHandler ["ajp-nio-8009"]
19-Jul-2020 20:33:25.381 INFO [main] org.apache.catalina.startup.Catalina.load Server initialization in [1 059] milliseconds
19-Jul-2020 20:33:25.453 INFO [main] org.apache.catalina.core.StandardService.startInternal Starting service [Catalina]
19-Jul-2020 20:33:25.456 INFO [main] org.apache.catalina.core.StandardEngine.startInternal Starting Servlet engine: [Apache Tomcat/9.0.27]
19-Jul-2020 20:33:25.479 INFO [main] org.apache.catalina.startup.HostConfig.deployDirectory Установка веб приложения в папку [/home/lis/IdeaProjects/medications/deploy/tomcat/webapps/app]
19-Jul-2020 20:33:38.602 INFO [main] org.apache.catalina.startup.HostConfig.deployDirectory Deployment of web application directory [/home/lis/IdeaProjects/medications/deploy/tomcat/webapps/app] has finished in [13 123] ms
19-Jul-2020 20:33:38.604 INFO [main] org.apache.catalina.startup.HostConfig.deployDirectory Установка веб приложения в папку [/home/lis/IdeaProjects/medications/deploy/tomcat/webapps/app-core]
19-Jul-2020 20:33:48.831 INFO [main] org.apache.catalina.startup.HostConfig.deployDirectory Deployment of web application directory [/home/lis/IdeaProjects/medications/deploy/tomcat/webapps/app-core] has finished in [10 227] ms
19-Jul-2020 20:33:48.841 INFO [main] org.apache.coyote.AbstractProtocol.start Starting ProtocolHandler ["http-nio-8080"]
19-Jul-2020 20:33:48.884 INFO [main] org.apache.coyote.AbstractProtocol.start Starting ProtocolHandler ["ajp-nio-8009"]
19-Jul-2020 20:33:48.910 INFO [main] org.apache.catalina.startup.Catalina.start Server startup in [23 524] milliseconds
19-Jul-2020 21:59:47.478 INFO [main] org.apache.catalina.core.AprLifecycleListener.lifecycleEvent The APR based Apache Tomcat Native library which allows optimal performance in production environments was not found on the java.library.path: [/usr/java/packages/lib/amd64:/usr/lib64:/lib64:/lib:/usr/lib]
19-Jul-2020 21:59:49.621 INFO [main] org.apache.coyote.AbstractProtocol.init Initializing ProtocolHandler ["http-nio-8080"]
19-Jul-2020 21:59:49.692 INFO [main] org.apache.coyote.AbstractProtocol.init Initializing ProtocolHandler ["ajp-nio-8009"]
19-Jul-2020 21:59:49.697 INFO [main] org.apache.catalina.startup.Catalina.load Server initialization in [2 840] milliseconds
19-Jul-2020 21:59:49.828 INFO [main] org.apache.catalina.core.StandardService.startInternal Starting service [Catalina]
19-Jul-2020 21:59:49.829 INFO [main] org.apache.catalina.core.StandardEngine.startInternal Starting Servlet engine: [Apache Tomcat/9.0.27]
19-Jul-2020 21:59:49.846 INFO [main] org.apache.catalina.startup.HostConfig.deployDirectory Установка веб приложения в папку [/home/lis/IdeaProjects/medications/deploy/tomcat/webapps/app]
19-Jul-2020 22:00:05.285 INFO [main] org.apache.catalina.startup.HostConfig.deployDirectory Deployment of web application directory [/home/lis/IdeaProjects/medications/deploy/tomcat/webapps/app] has finished in [15 439] ms
19-Jul-2020 22:00:05.286 INFO [main] org.apache.catalina.startup.HostConfig.deployDirectory Установка веб приложения в папку [/home/lis/IdeaProjects/medications/deploy/tomcat/webapps/app-core]
19-Jul-2020 22:00:17.096 INFO [main] org.apache.catalina.startup.HostConfig.deployDirectory Deployment of web application directory [/home/lis/IdeaProjects/medications/deploy/tomcat/webapps/app-core] has finished in [11 809] ms
19-Jul-2020 22:00:17.102 INFO [main] org.apache.coyote.AbstractProtocol.start Starting ProtocolHandler ["http-nio-8080"]
19-Jul-2020 22:00:17.119 INFO [main] org.apache.coyote.AbstractProtocol.start Starting ProtocolHandler ["ajp-nio-8009"]
19-Jul-2020 22:00:17.140 INFO [main] org.apache.catalina.startup.Catalina.start Server startup in [27 441] milliseconds
19-Jul-2020 22:08:38.296 INFO [main] org.apache.catalina.core.AprLifecycleListener.lifecycleEvent The APR based Apache Tomcat Native library which allows optimal performance in production environments was not found on the java.library.path: [/usr/java/packages/lib/amd64:/usr/lib64:/lib64:/lib:/usr/lib]
19-Jul-2020 22:08:38.693 INFO [main] org.apache.coyote.AbstractProtocol.init Initializing ProtocolHandler ["http-nio-8080"]
19-Jul-2020 22:08:38.740 INFO [main] org.apache.coyote.AbstractProtocol.init Initializing ProtocolHandler ["ajp-nio-8009"]
19-Jul-2020 22:08:38.744 INFO [main] org.apache.catalina.startup.Catalina.load Server initialization in [711] milliseconds
19-Jul-2020 22:08:38.787 INFO [main] org.apache.catalina.core.StandardService.startInternal Starting service [Catalina]
19-Jul-2020 22:08:38.789 INFO [main] org.apache.catalina.core.StandardEngine.startInternal Starting Servlet engine: [Apache Tomcat/9.0.27]
19-Jul-2020 22:08:38.807 INFO [main] org.apache.catalina.startup.HostConfig.deployDirectory Установка веб приложения в папку [/home/lis/IdeaProjects/medications/deploy/tomcat/webapps/app]
19-Jul-2020 22:08:48.124 INFO [main] org.apache.catalina.startup.HostConfig.deployDirectory Deployment of web application directory [/home/lis/IdeaProjects/medications/deploy/tomcat/webapps/app] has finished in [9 318] ms
19-Jul-2020 22:08:48.125 INFO [main] org.apache.catalina.startup.HostConfig.deployDirectory Установка веб приложения в папку [/home/lis/IdeaProjects/medications/deploy/tomcat/webapps/app-core]
19-Jul-2020 22:08:58.342 INFO [main] org.apache.catalina.startup.HostConfig.deployDirectory Deployment of web application directory [/home/lis/IdeaProjects/medications/deploy/tomcat/webapps/app-core] has finished in [10 217] ms
19-Jul-2020 22:08:58.349 INFO [main] org.apache.coyote.AbstractProtocol.start Starting ProtocolHandler ["http-nio-8080"]
19-Jul-2020 22:08:58.372 INFO [main] org.apache.coyote.AbstractProtocol.start Starting ProtocolHandler ["ajp-nio-8009"]
19-Jul-2020 22:08:58.407 INFO [main] org.apache.catalina.startup.Catalina.start Server startup in [19 661] milliseconds
19-Jul-2020 22:11:05.043 INFO [main] org.apache.catalina.core.AprLifecycleListener.lifecycleEvent The APR based Apache Tomcat Native library which allows optimal performance in production environments was not found on the java.library.path: [/usr/java/packages/lib/amd64:/usr/lib64:/lib64:/lib:/usr/lib]
19-Jul-2020 22:11:05.433 INFO [main] org.apache.coyote.AbstractProtocol.init Initializing ProtocolHandler ["http-nio-8080"]
19-Jul-2020 22:11:05.474 INFO [main] org.apache.coyote.AbstractProtocol.init Initializing ProtocolHandler ["ajp-nio-8009"]
19-Jul-2020 22:11:05.480 INFO [main] org.apache.catalina.startup.Catalina.load Server initialization in [851] milliseconds
19-Jul-2020 22:11:05.526 INFO [main] org.apache.catalina.core.StandardService.startInternal Starting service [Catalina]
19-Jul-2020 22:11:05.527 INFO [main] org.apache.catalina.core.StandardEngine.startInternal Starting Servlet engine: [Apache Tomcat/9.0.27]
19-Jul-2020 22:11:05.546 INFO [main] org.apache.catalina.startup.HostConfig.deployDirectory Установка веб приложения в папку [/home/lis/IdeaProjects/medications/deploy/tomcat/webapps/app]
19-Jul-2020 22:11:14.887 INFO [main] org.apache.catalina.startup.HostConfig.deployDirectory Deployment of web application directory [/home/lis/IdeaProjects/medications/deploy/tomcat/webapps/app] has finished in [9 340] ms
19-Jul-2020 22:11:14.888 INFO [main] org.apache.catalina.startup.HostConfig.deployDirectory Установка веб приложения в папку [/home/lis/IdeaProjects/medications/deploy/tomcat/webapps/app-core]
19-Jul-2020 22:11:25.661 INFO [main] org.apache.catalina.startup.HostConfig.deployDirectory Deployment of web application directory [/home/lis/IdeaProjects/medications/deploy/tomcat/webapps/app-core] has finished in [10 774] ms
19-Jul-2020 22:11:25.667 INFO [main] org.apache.coyote.AbstractProtocol.start Starting ProtocolHandler ["http-nio-8080"]
19-Jul-2020 22:11:25.699 INFO [main] org.apache.coyote.AbstractProtocol.start Starting ProtocolHandler ["ajp-nio-8009"]
19-Jul-2020 22:11:25.736 INFO [main] org.apache.catalina.startup.Catalina.start Server startup in [20 254] milliseconds
19-Jul-2020 23:04:05.397 INFO [main] org.apache.catalina.core.AprLifecycleListener.lifecycleEvent The APR based Apache Tomcat Native library which allows optimal performance in production environments was not found on the java.library.path: [/usr/java/packages/lib/amd64:/usr/lib64:/lib64:/lib:/usr/lib]
19-Jul-2020 23:04:05.891 INFO [main] org.apache.coyote.AbstractProtocol.init Initializing ProtocolHandler ["http-nio-8080"]
19-Jul-2020 23:04:05.986 INFO [main] org.apache.coyote.AbstractProtocol.init Initializing ProtocolHandler ["ajp-nio-8009"]
19-Jul-2020 23:04:06.005 INFO [main] org.apache.catalina.startup.Catalina.load Server initialization in [858] milliseconds
19-Jul-2020 23:04:06.066 INFO [main] org.apache.catalina.core.StandardService.startInternal Starting service [Catalina]
19-Jul-2020 23:04:06.067 INFO [main] org.apache.catalina.core.StandardEngine.startInternal Starting Servlet engine: [Apache Tomcat/9.0.27]
19-Jul-2020 23:04:06.087 INFO [main] org.apache.catalina.startup.HostConfig.deployDirectory Установка веб приложения в папку [/home/lis/IdeaProjects/medications/deploy/tomcat/webapps/app]
19-Jul-2020 23:04:17.209 INFO [main] org.apache.catalina.startup.HostConfig.deployDirectory Deployment of web application directory [/home/lis/IdeaProjects/medications/deploy/tomcat/webapps/app] has finished in [11 123] ms
19-Jul-2020 23:04:17.214 INFO [main] org.apache.catalina.startup.HostConfig.deployDirectory Установка веб приложения в папку [/home/lis/IdeaProjects/medications/deploy/tomcat/webapps/app-core]
19-Jul-2020 23:04:27.426 INFO [main] org.apache.catalina.startup.HostConfig.deployDirectory Deployment of web application directory [/home/lis/IdeaProjects/medications/deploy/tomcat/webapps/app-core] has finished in [10 212] ms
19-Jul-2020 23:04:27.432 INFO [main] org.apache.coyote.AbstractProtocol.start Starting ProtocolHandler ["http-nio-8080"]
19-Jul-2020 23:04:27.455 INFO [main] org.apache.coyote.AbstractProtocol.start Starting ProtocolHandler ["ajp-nio-8009"]
19-Jul-2020 23:04:27.544 INFO [main] org.apache.catalina.startup.Catalina.start Server startup in [21 537] milliseconds
19-Jul-2020 23:15:54.905 INFO [main] org.apache.catalina.core.AprLifecycleListener.lifecycleEvent The APR based Apache Tomcat Native library which allows optimal performance in production environments was not found on the java.library.path: [/usr/java/packages/lib/amd64:/usr/lib64:/lib64:/lib:/usr/lib]
19-Jul-2020 23:15:55.277 INFO [main] org.apache.coyote.AbstractProtocol.init Initializing ProtocolHandler ["http-nio-8080"]
19-Jul-2020 23:15:55.319 INFO [main] org.apache.coyote.AbstractProtocol.init Initializing ProtocolHandler ["ajp-nio-8009"]
19-Jul-2020 23:15:55.323 INFO [main] org.apache.catalina.startup.Catalina.load Server initialization in [688] milliseconds
19-Jul-2020 23:15:55.365 INFO [main] org.apache.catalina.core.StandardService.startInternal Starting service [Catalina]
19-Jul-2020 23:15:55.367 INFO [main] org.apache.catalina.core.StandardEngine.startInternal Starting Servlet engine: [Apache Tomcat/9.0.27]
19-Jul-2020 23:15:55.386 INFO [main] org.apache.catalina.startup.HostConfig.deployDirectory Установка веб приложения в папку [/home/lis/IdeaProjects/medications/deploy/tomcat/webapps/app]
19-Jul-2020 23:16:04.993 INFO [main] org.apache.catalina.startup.HostConfig.deployDirectory Deployment of web application directory [/home/lis/IdeaProjects/medications/deploy/tomcat/webapps/app] has finished in [9 607] ms
19-Jul-2020 23:16:04.994 INFO [main] org.apache.catalina.startup.HostConfig.deployDirectory Установка веб приложения в папку [/home/lis/IdeaProjects/medications/deploy/tomcat/webapps/app-core]
19-Jul-2020 23:16:14.598 INFO [main] org.apache.catalina.startup.HostConfig.deployDirectory Deployment of web application directory [/home/lis/IdeaProjects/medications/deploy/tomcat/webapps/app-core] has finished in [9 604] ms
19-Jul-2020 23:16:14.606 INFO [main] org.apache.coyote.AbstractProtocol.start Starting ProtocolHandler ["http-nio-8080"]
19-Jul-2020 23:16:14.635 INFO [main] org.apache.coyote.AbstractProtocol.start Starting ProtocolHandler ["ajp-nio-8009"]
19-Jul-2020 23:16:14.677 INFO [main] org.apache.catalina.startup.Catalina.start Server startup in [19 352] milliseconds
19-Jul-2020 23:22:22.601 INFO [main] org.apache.catalina.core.AprLifecycleListener.lifecycleEvent The APR based Apache Tomcat Native library which allows optimal performance in production environments was not found on the java.library.path: [/usr/java/packages/lib/amd64:/usr/lib64:/lib64:/lib:/usr/lib]
19-Jul-2020 23:22:23.070 INFO [main] org.apache.coyote.AbstractProtocol.init Initializing ProtocolHandler ["http-nio-8080"]
19-Jul-2020 23:22:23.138 INFO [main] org.apache.coyote.AbstractProtocol.init Initializing ProtocolHandler ["ajp-nio-8009"]
19-Jul-2020 23:22:23.152 INFO [main] org.apache.catalina.startup.Catalina.load Server initialization in [807] milliseconds
19-Jul-2020 23:22:23.210 INFO [main] org.apache.catalina.core.StandardService.startInternal Starting service [Catalina]
19-Jul-2020 23:22:23.213 INFO [main] org.apache.catalina.core.StandardEngine.startInternal Starting Servlet engine: [Apache Tomcat/9.0.27]
19-Jul-2020 23:22:23.241 INFO [main] org.apache.catalina.startup.HostConfig.deployDirectory Установка веб приложения в папку [/home/lis/IdeaProjects/medications/deploy/tomcat/webapps/app]
19-Jul-2020 23:22:34.420 INFO [main] org.apache.catalina.startup.HostConfig.deployDirectory Deployment of web application directory [/home/lis/IdeaProjects/medications/deploy/tomcat/webapps/app] has finished in [11 178] ms
19-Jul-2020 23:22:34.421 INFO [main] org.apache.catalina.startup.HostConfig.deployDirectory Установка веб приложения в папку [/home/lis/IdeaProjects/medications/deploy/tomcat/webapps/app-core]
19-Jul-2020 23:22:43.588 INFO [main] org.apache.catalina.startup.HostConfig.deployDirectory Deployment of web application directory [/home/lis/IdeaProjects/medications/deploy/tomcat/webapps/app-core] has finished in [9 167] ms
19-Jul-2020 23:22:43.597 INFO [main] org.apache.coyote.AbstractProtocol.start Starting ProtocolHandler ["http-nio-8080"]
19-Jul-2020 23:22:43.625 INFO [main] org.apache.coyote.AbstractProtocol.start Starting ProtocolHandler ["ajp-nio-8009"]
19-Jul-2020 23:22:43.634 INFO [main] org.apache.catalina.startup.Catalina.start Server startup in [20 479] milliseconds
19-Jul-2020 23:23:08.866 INFO [main] org.apache.catalina.core.AprLifecycleListener.lifecycleEvent The APR based Apache Tomcat Native library which allows optimal performance in production environments was not found on the java.library.path: [/usr/java/packages/lib/amd64:/usr/lib64:/lib64:/lib:/usr/lib]
19-Jul-2020 23:23:09.247 INFO [main] org.apache.coyote.AbstractProtocol.init Initializing ProtocolHandler ["http-nio-8080"]
19-Jul-2020 23:23:09.294 INFO [main] org.apache.coyote.AbstractProtocol.init Initializing ProtocolHandler ["ajp-nio-8009"]
19-Jul-2020 23:23:09.298 INFO [main] org.apache.catalina.startup.Catalina.load Server initialization in [724] milliseconds
19-Jul-2020 23:23:09.340 INFO [main] org.apache.catalina.core.StandardService.startInternal Starting service [Catalina]
19-Jul-2020 23:23:09.349 INFO [main] org.apache.catalina.core.StandardEngine.startInternal Starting Servlet engine: [Apache Tomcat/9.0.27]
19-Jul-2020 23:23:09.366 INFO [main] org.apache.catalina.startup.HostConfig.deployDirectory Установка веб приложения в папку [/home/lis/IdeaProjects/medications/deploy/tomcat/webapps/app]
19-Jul-2020 23:23:20.273 INFO [main] org.apache.catalina.startup.HostConfig.deployDirectory Deployment of web application directory [/home/lis/IdeaProjects/medications/deploy/tomcat/webapps/app] has finished in [10 907] ms
19-Jul-2020 23:23:20.274 INFO [main] org.apache.catalina.startup.HostConfig.deployDirectory Установка веб приложения в папку [/home/lis/IdeaProjects/medications/deploy/tomcat/webapps/app-core]
19-Jul-2020 23:23:29.393 INFO [main] org.apache.catalina.startup.HostConfig.deployDirectory Deployment of web application directory [/home/lis/IdeaProjects/medications/deploy/tomcat/webapps/app-core] has finished in [9 118] ms
19-Jul-2020 23:23:29.400 INFO [main] org.apache.coyote.AbstractProtocol.start Starting ProtocolHandler ["http-nio-8080"]
19-Jul-2020 23:23:29.422 INFO [main] org.apache.coyote.AbstractProtocol.start Starting ProtocolHandler ["ajp-nio-8009"]
19-Jul-2020 23:23:29.457 INFO [main] org.apache.catalina.startup.Catalina.start Server startup in [20 157] milliseconds
19-Jul-2020 23:23:48.314 INFO [main] org.apache.catalina.core.AprLifecycleListener.lifecycleEvent The APR based Apache Tomcat Native library which allows optimal performance in production environments was not found on the java.library.path: [/usr/java/packages/lib/amd64:/usr/lib64:/lib64:/lib:/usr/lib]
19-Jul-2020 23:23:48.702 INFO [main] org.apache.coyote.AbstractProtocol.init Initializing ProtocolHandler ["http-nio-8080"]
19-Jul-2020 23:23:48.753 INFO [main] org.apache.coyote.AbstractProtocol.init Initializing ProtocolHandler ["ajp-nio-8009"]
19-Jul-2020 23:23:48.758 INFO [main] org.apache.catalina.startup.Catalina.load Server initialization in [723] milliseconds
19-Jul-2020 23:23:48.803 INFO [main] org.apache.catalina.core.StandardService.startInternal Starting service [Catalina]
19-Jul-2020 23:23:48.804 INFO [main] org.apache.catalina.core.StandardEngine.startInternal Starting Servlet engine: [Apache Tomcat/9.0.27]
19-Jul-2020 23:23:48.824 INFO [main] org.apache.catalina.startup.HostConfig.deployDirectory Установка веб приложения в папку [/home/lis/IdeaProjects/medications/deploy/tomcat/webapps/app]
19-Jul-2020 23:23:58.377 INFO [main] org.apache.catalina.startup.HostConfig.deployDirectory Deployment of web application directory [/home/lis/IdeaProjects/medications/deploy/tomcat/webapps/app] has finished in [9 553] ms
19-Jul-2020 23:23:58.378 INFO [main] org.apache.catalina.startup.HostConfig.deployDirectory Установка веб приложения в папку [/home/lis/IdeaProjects/medications/deploy/tomcat/webapps/app-core]
19-Jul-2020 23:24:06.130 INFO [main] org.apache.catalina.startup.HostConfig.deployDirectory Deployment of web application directory [/home/lis/IdeaProjects/medications/deploy/tomcat/webapps/app-core] has finished in [7 753] ms
19-Jul-2020 23:24:06.136 INFO [main] org.apache.coyote.AbstractProtocol.start Starting ProtocolHandler ["http-nio-8080"]
19-Jul-2020 23:24:06.160 INFO [main] org.apache.coyote.AbstractProtocol.start Starting ProtocolHandler ["ajp-nio-8009"]
19-Jul-2020 23:24:06.181 INFO [main] org.apache.catalina.startup.Catalina.start Server startup in [17 422] milliseconds
19-Jul-2020 23:55:50.896 INFO [http-nio-8080-exec-14] org.apache.coyote.http11.Http11Processor.service Error parsing HTTP request header
 Note: further occurrences of HTTP request parsing errors will be logged at DEBUG level.
	java.lang.IllegalArgumentException: Invalid character found in the request target. The valid characters are defined in RFC 7230 and RFC 3986
		at org.apache.coyote.http11.Http11InputBuffer.parseRequestLine(Http11InputBuffer.java:468)
		at org.apache.coyote.http11.Http11Processor.service(Http11Processor.java:292)
		at org.apache.coyote.AbstractProcessorLight.process(AbstractProcessorLight.java:66)
		at org.apache.coyote.AbstractProtocol$ConnectionHandler.process(AbstractProtocol.java:861)
		at org.apache.tomcat.util.net.NioEndpoint$SocketProcessor.doRun(NioEndpoint.java:1579)
		at org.apache.tomcat.util.net.SocketProcessorBase.run(SocketProcessorBase.java:49)
		at java.util.concurrent.ThreadPoolExecutor.runWorker(ThreadPoolExecutor.java:1149)
		at java.util.concurrent.ThreadPoolExecutor$Worker.run(ThreadPoolExecutor.java:624)
		at org.apache.tomcat.util.threads.TaskThread$WrappingRunnable.run(TaskThread.java:61)
		at java.lang.Thread.run(Thread.java:748)
