18-Jul-2020 00:38:11.501 INFO [main] org.apache.catalina.core.ApplicationContext.log No Spring WebApplicationInitializer types detected on classpath
18-Jul-2020 00:38:11.502 INFO [main] org.apache.catalina.core.ApplicationContext.log Initializing AtmosphereFramework
18-Jul-2020 00:38:18.412 INFO [main] org.apache.catalina.core.ApplicationContext.log Initializing Spring CubaDispatcherServlet 'dispatcher'
18-Jul-2020 00:38:19.754 INFO [main] org.apache.catalina.core.ApplicationContext.log No Spring WebApplicationInitializer types detected on classpath
18-Jul-2020 00:38:19.754 INFO [main] org.apache.catalina.core.ApplicationContext.log Initializing AtmosphereFramework
18-Jul-2020 00:38:27.362 INFO [main] org.apache.catalina.core.ApplicationContext.log Initializing Spring RemotingServlet 'remoting'
18-Jul-2020 01:44:21.396 INFO [main] org.apache.catalina.core.ApplicationContext.log No Spring WebApplicationInitializer types detected on classpath
18-Jul-2020 01:44:21.405 INFO [main] org.apache.catalina.core.ApplicationContext.log Initializing AtmosphereFramework
18-Jul-2020 01:44:28.680 INFO [main] org.apache.catalina.core.ApplicationContext.log Initializing Spring CubaDispatcherServlet 'dispatcher'
18-Jul-2020 01:44:30.535 INFO [main] org.apache.catalina.core.ApplicationContext.log No Spring WebApplicationInitializer types detected on classpath
18-Jul-2020 01:44:30.535 INFO [main] org.apache.catalina.core.ApplicationContext.log Initializing AtmosphereFramework
18-Jul-2020 01:44:41.557 INFO [main] org.apache.catalina.core.ApplicationContext.log Initializing Spring RemotingServlet 'remoting'
18-Jul-2020 02:43:12.652 INFO [main] org.apache.catalina.core.ApplicationContext.log No Spring WebApplicationInitializer types detected on classpath
18-Jul-2020 02:43:12.653 INFO [main] org.apache.catalina.core.ApplicationContext.log Initializing AtmosphereFramework
18-Jul-2020 02:43:18.948 INFO [main] org.apache.catalina.core.ApplicationContext.log Initializing Spring CubaDispatcherServlet 'dispatcher'
18-Jul-2020 02:43:20.756 INFO [main] org.apache.catalina.core.ApplicationContext.log No Spring WebApplicationInitializer types detected on classpath
18-Jul-2020 02:43:20.756 INFO [main] org.apache.catalina.core.ApplicationContext.log Initializing AtmosphereFramework
18-Jul-2020 02:43:33.204 INFO [main] org.apache.catalina.core.ApplicationContext.log Initializing Spring RemotingServlet 'remoting'
18-Jul-2020 02:44:39.723 INFO [main] org.apache.catalina.core.ApplicationContext.log No Spring WebApplicationInitializer types detected on classpath
18-Jul-2020 02:44:39.724 INFO [main] org.apache.catalina.core.ApplicationContext.log Initializing AtmosphereFramework
18-Jul-2020 02:44:52.568 INFO [main] org.apache.catalina.core.ApplicationContext.log No Spring WebApplicationInitializer types detected on classpath
18-Jul-2020 02:44:52.568 INFO [main] org.apache.catalina.core.ApplicationContext.log Initializing AtmosphereFramework
18-Jul-2020 02:44:58.746 INFO [main] org.apache.catalina.core.ApplicationContext.log Initializing Spring CubaDispatcherServlet 'dispatcher'
18-Jul-2020 02:44:59.927 INFO [main] org.apache.catalina.core.ApplicationContext.log No Spring WebApplicationInitializer types detected on classpath
18-Jul-2020 02:44:59.927 INFO [main] org.apache.catalina.core.ApplicationContext.log Initializing AtmosphereFramework
18-Jul-2020 02:45:08.437 INFO [main] org.apache.catalina.core.ApplicationContext.log Initializing Spring RemotingServlet 'remoting'
18-Jul-2020 02:47:39.988 INFO [main] org.apache.catalina.core.ApplicationContext.log No Spring WebApplicationInitializer types detected on classpath
18-Jul-2020 02:47:39.989 INFO [main] org.apache.catalina.core.ApplicationContext.log Initializing AtmosphereFramework
18-Jul-2020 02:47:45.966 INFO [main] org.apache.catalina.core.ApplicationContext.log Initializing Spring CubaDispatcherServlet 'dispatcher'
18-Jul-2020 02:47:47.349 INFO [main] org.apache.catalina.core.ApplicationContext.log No Spring WebApplicationInitializer types detected on classpath
18-Jul-2020 02:47:47.349 INFO [main] org.apache.catalina.core.ApplicationContext.log Initializing AtmosphereFramework
18-Jul-2020 02:47:55.363 INFO [main] org.apache.catalina.core.ApplicationContext.log Initializing Spring RemotingServlet 'remoting'
18-Jul-2020 02:49:57.584 INFO [main] org.apache.catalina.core.ApplicationContext.log No Spring WebApplicationInitializer types detected on classpath
18-Jul-2020 02:49:57.584 INFO [main] org.apache.catalina.core.ApplicationContext.log Initializing AtmosphereFramework
18-Jul-2020 02:50:03.786 INFO [main] org.apache.catalina.core.ApplicationContext.log Initializing Spring CubaDispatcherServlet 'dispatcher'
18-Jul-2020 02:50:04.978 INFO [main] org.apache.catalina.core.ApplicationContext.log No Spring WebApplicationInitializer types detected on classpath
18-Jul-2020 02:50:04.979 INFO [main] org.apache.catalina.core.ApplicationContext.log Initializing AtmosphereFramework
18-Jul-2020 02:50:13.384 INFO [main] org.apache.catalina.core.ApplicationContext.log Initializing Spring RemotingServlet 'remoting'
18-Jul-2020 02:54:23.132 INFO [main] org.apache.catalina.core.ApplicationContext.log No Spring WebApplicationInitializer types detected on classpath
18-Jul-2020 02:54:23.132 INFO [main] org.apache.catalina.core.ApplicationContext.log Initializing AtmosphereFramework
18-Jul-2020 02:54:28.621 INFO [main] org.apache.catalina.core.ApplicationContext.log Initializing Spring CubaDispatcherServlet 'dispatcher'
18-Jul-2020 02:54:29.741 INFO [main] org.apache.catalina.core.ApplicationContext.log No Spring WebApplicationInitializer types detected on classpath
18-Jul-2020 02:54:29.741 INFO [main] org.apache.catalina.core.ApplicationContext.log Initializing AtmosphereFramework
18-Jul-2020 02:54:37.561 INFO [main] org.apache.catalina.core.ApplicationContext.log Initializing Spring RemotingServlet 'remoting'
18-Jul-2020 02:55:43.346 INFO [main] org.apache.catalina.core.ApplicationContext.log No Spring WebApplicationInitializer types detected on classpath
18-Jul-2020 02:55:43.347 INFO [main] org.apache.catalina.core.ApplicationContext.log Initializing AtmosphereFramework
18-Jul-2020 02:55:50.680 INFO [main] org.apache.catalina.core.ApplicationContext.log Initializing Spring CubaDispatcherServlet 'dispatcher'
18-Jul-2020 02:55:51.875 INFO [main] org.apache.catalina.core.ApplicationContext.log No Spring WebApplicationInitializer types detected on classpath
18-Jul-2020 02:55:51.875 INFO [main] org.apache.catalina.core.ApplicationContext.log Initializing AtmosphereFramework
18-Jul-2020 02:56:00.383 INFO [main] org.apache.catalina.core.ApplicationContext.log Initializing Spring RemotingServlet 'remoting'
18-Jul-2020 02:56:50.559 INFO [main] org.apache.catalina.core.ApplicationContext.log No Spring WebApplicationInitializer types detected on classpath
18-Jul-2020 02:56:50.560 INFO [main] org.apache.catalina.core.ApplicationContext.log Initializing AtmosphereFramework
18-Jul-2020 02:56:56.277 INFO [main] org.apache.catalina.core.ApplicationContext.log Initializing Spring CubaDispatcherServlet 'dispatcher'
18-Jul-2020 02:56:57.586 INFO [main] org.apache.catalina.core.ApplicationContext.log No Spring WebApplicationInitializer types detected on classpath
18-Jul-2020 02:56:57.586 INFO [main] org.apache.catalina.core.ApplicationContext.log Initializing AtmosphereFramework
18-Jul-2020 02:57:05.415 INFO [main] org.apache.catalina.core.ApplicationContext.log Initializing Spring RemotingServlet 'remoting'
18-Jul-2020 03:01:42.576 INFO [main] org.apache.catalina.core.ApplicationContext.log No Spring WebApplicationInitializer types detected on classpath
18-Jul-2020 03:01:42.577 INFO [main] org.apache.catalina.core.ApplicationContext.log Initializing AtmosphereFramework
18-Jul-2020 03:01:49.661 INFO [main] org.apache.catalina.core.ApplicationContext.log Initializing Spring CubaDispatcherServlet 'dispatcher'
18-Jul-2020 03:01:51.129 INFO [main] org.apache.catalina.core.ApplicationContext.log No Spring WebApplicationInitializer types detected on classpath
18-Jul-2020 03:01:51.130 INFO [main] org.apache.catalina.core.ApplicationContext.log Initializing AtmosphereFramework
18-Jul-2020 03:01:59.750 INFO [main] org.apache.catalina.core.ApplicationContext.log Initializing Spring RemotingServlet 'remoting'
18-Jul-2020 03:14:11.903 INFO [main] org.apache.catalina.core.ApplicationContext.log No Spring WebApplicationInitializer types detected on classpath
18-Jul-2020 03:14:11.904 INFO [main] org.apache.catalina.core.ApplicationContext.log Initializing AtmosphereFramework
18-Jul-2020 03:14:17.932 INFO [main] org.apache.catalina.core.ApplicationContext.log Initializing Spring CubaDispatcherServlet 'dispatcher'
18-Jul-2020 03:14:19.073 INFO [main] org.apache.catalina.core.ApplicationContext.log No Spring WebApplicationInitializer types detected on classpath
18-Jul-2020 03:14:19.073 INFO [main] org.apache.catalina.core.ApplicationContext.log Initializing AtmosphereFramework
18-Jul-2020 03:14:28.587 INFO [main] org.apache.catalina.core.ApplicationContext.log Initializing Spring RemotingServlet 'remoting'
18-Jul-2020 03:36:44.027 INFO [Thread-7] org.apache.catalina.core.ApplicationContext.log Destroying Spring FrameworkServlet 'dispatcher'
18-Jul-2020 03:36:44.415 INFO [Thread-7] org.apache.catalina.core.ApplicationContext.log Destroying Spring FrameworkServlet 'remoting'
18-Jul-2020 18:57:59.930 INFO [main] org.apache.catalina.core.ApplicationContext.log No Spring WebApplicationInitializer types detected on classpath
18-Jul-2020 18:57:59.938 INFO [main] org.apache.catalina.core.ApplicationContext.log Initializing AtmosphereFramework
18-Jul-2020 18:58:06.186 INFO [main] org.apache.catalina.core.ApplicationContext.log Initializing Spring RestAPIDispatcherServlet 'rest_api'
18-Jul-2020 18:58:08.966 INFO [main] org.apache.catalina.core.ApplicationContext.log Initializing Spring CubaDispatcherServlet 'dispatcher'
18-Jul-2020 18:58:09.180 INFO [main] org.apache.catalina.core.ApplicationContext.log No Spring WebApplicationInitializer types detected on classpath
18-Jul-2020 18:58:09.180 INFO [main] org.apache.catalina.core.ApplicationContext.log Initializing AtmosphereFramework
18-Jul-2020 18:58:17.591 INFO [main] org.apache.catalina.core.ApplicationContext.log Initializing Spring RemotingServlet 'remoting'
18-Jul-2020 19:43:00.361 INFO [main] org.apache.catalina.core.ApplicationContext.log No Spring WebApplicationInitializer types detected on classpath
18-Jul-2020 19:43:00.362 INFO [main] org.apache.catalina.core.ApplicationContext.log Initializing AtmosphereFramework
18-Jul-2020 19:43:07.219 INFO [main] org.apache.catalina.core.ApplicationContext.log Initializing Spring RestAPIDispatcherServlet 'rest_api'
18-Jul-2020 19:43:10.161 INFO [main] org.apache.catalina.core.ApplicationContext.log Initializing Spring CubaDispatcherServlet 'dispatcher'
18-Jul-2020 19:43:10.406 INFO [main] org.apache.catalina.core.ApplicationContext.log No Spring WebApplicationInitializer types detected on classpath
18-Jul-2020 19:43:10.406 INFO [main] org.apache.catalina.core.ApplicationContext.log Initializing AtmosphereFramework
18-Jul-2020 19:43:19.042 INFO [main] org.apache.catalina.core.ApplicationContext.log Initializing Spring RemotingServlet 'remoting'
18-Jul-2020 20:53:00.866 INFO [main] org.apache.catalina.core.ApplicationContext.log No Spring WebApplicationInitializer types detected on classpath
18-Jul-2020 20:53:00.866 INFO [main] org.apache.catalina.core.ApplicationContext.log Initializing AtmosphereFramework
18-Jul-2020 20:53:07.673 INFO [main] org.apache.catalina.core.ApplicationContext.log Initializing Spring RestAPIDispatcherServlet 'rest_api'
18-Jul-2020 20:53:11.465 INFO [main] org.apache.catalina.core.ApplicationContext.log Initializing Spring CubaDispatcherServlet 'dispatcher'
18-Jul-2020 20:53:11.722 INFO [main] org.apache.catalina.core.ApplicationContext.log No Spring WebApplicationInitializer types detected on classpath
18-Jul-2020 20:53:11.722 INFO [main] org.apache.catalina.core.ApplicationContext.log Initializing AtmosphereFramework
18-Jul-2020 20:53:21.743 INFO [main] org.apache.catalina.core.ApplicationContext.log Initializing Spring RemotingServlet 'remoting'
18-Jul-2020 20:53:59.031 INFO [main] org.apache.catalina.core.ApplicationContext.log No Spring WebApplicationInitializer types detected on classpath
18-Jul-2020 20:53:59.032 INFO [main] org.apache.catalina.core.ApplicationContext.log Initializing AtmosphereFramework
18-Jul-2020 20:54:05.745 INFO [main] org.apache.catalina.core.ApplicationContext.log Initializing Spring RestAPIDispatcherServlet 'rest_api'
18-Jul-2020 20:54:09.883 INFO [main] org.apache.catalina.core.ApplicationContext.log Initializing Spring CubaDispatcherServlet 'dispatcher'
18-Jul-2020 20:54:10.277 INFO [main] org.apache.catalina.core.ApplicationContext.log No Spring WebApplicationInitializer types detected on classpath
18-Jul-2020 20:54:10.277 INFO [main] org.apache.catalina.core.ApplicationContext.log Initializing AtmosphereFramework
18-Jul-2020 20:54:20.282 INFO [main] org.apache.catalina.core.ApplicationContext.log Initializing Spring RemotingServlet 'remoting'
