22-Jul-2020 09:44:13.414 INFO [main] org.apache.catalina.core.ApplicationContext.log No Spring WebApplicationInitializer types detected on classpath
22-Jul-2020 09:44:13.415 INFO [main] org.apache.catalina.core.ApplicationContext.log Initializing AtmosphereFramework
22-Jul-2020 09:44:27.306 INFO [main] org.apache.catalina.core.ApplicationContext.log Initializing Spring RestAPIDispatcherServlet 'rest_api'
22-Jul-2020 09:44:33.114 INFO [main] org.apache.catalina.core.ApplicationContext.log Initializing Spring CubaDispatcherServlet 'dispatcher'
22-Jul-2020 09:44:33.451 INFO [main] org.apache.catalina.core.ApplicationContext.log No Spring WebApplicationInitializer types detected on classpath
22-Jul-2020 09:44:33.451 INFO [main] org.apache.catalina.core.ApplicationContext.log Initializing AtmosphereFramework
22-Jul-2020 09:44:49.309 INFO [main] org.apache.catalina.core.ApplicationContext.log Initializing Spring RemotingServlet 'remoting'
22-Jul-2020 10:05:03.319 INFO [main] org.apache.catalina.core.ApplicationContext.log No Spring WebApplicationInitializer types detected on classpath
22-Jul-2020 10:05:03.321 INFO [main] org.apache.catalina.core.ApplicationContext.log Initializing AtmosphereFramework
22-Jul-2020 10:05:09.519 INFO [main] org.apache.catalina.core.ApplicationContext.log Initializing Spring RestAPIDispatcherServlet 'rest_api'
22-Jul-2020 10:05:12.738 INFO [main] org.apache.catalina.core.ApplicationContext.log Initializing Spring CubaDispatcherServlet 'dispatcher'
22-Jul-2020 10:05:13.009 INFO [main] org.apache.catalina.core.ApplicationContext.log No Spring WebApplicationInitializer types detected on classpath
22-Jul-2020 10:05:13.010 INFO [main] org.apache.catalina.core.ApplicationContext.log Initializing AtmosphereFramework
22-Jul-2020 10:05:21.908 INFO [main] org.apache.catalina.core.ApplicationContext.log Initializing Spring RemotingServlet 'remoting'
22-Jul-2020 10:24:15.652 INFO [main] org.apache.catalina.core.ApplicationContext.log No Spring WebApplicationInitializer types detected on classpath
22-Jul-2020 10:24:15.653 INFO [main] org.apache.catalina.core.ApplicationContext.log Initializing AtmosphereFramework
22-Jul-2020 10:24:22.181 INFO [main] org.apache.catalina.core.ApplicationContext.log Initializing Spring RestAPIDispatcherServlet 'rest_api'
22-Jul-2020 10:24:25.373 INFO [main] org.apache.catalina.core.ApplicationContext.log Initializing Spring CubaDispatcherServlet 'dispatcher'
22-Jul-2020 10:24:25.622 INFO [main] org.apache.catalina.core.ApplicationContext.log No Spring WebApplicationInitializer types detected on classpath
22-Jul-2020 10:24:25.622 INFO [main] org.apache.catalina.core.ApplicationContext.log Initializing AtmosphereFramework
22-Jul-2020 10:24:34.806 INFO [main] org.apache.catalina.core.ApplicationContext.log Initializing Spring RemotingServlet 'remoting'
22-Jul-2020 13:42:21.217 INFO [main] org.apache.catalina.core.ApplicationContext.log No Spring WebApplicationInitializer types detected on classpath
22-Jul-2020 13:42:21.234 INFO [main] org.apache.catalina.core.ApplicationContext.log Initializing AtmosphereFramework
22-Jul-2020 13:42:31.982 INFO [main] org.apache.catalina.core.ApplicationContext.log Initializing Spring RestAPIDispatcherServlet 'rest_api'
22-Jul-2020 13:42:36.353 INFO [main] org.apache.catalina.core.ApplicationContext.log Initializing Spring CubaDispatcherServlet 'dispatcher'
22-Jul-2020 13:42:36.706 INFO [main] org.apache.catalina.core.ApplicationContext.log No Spring WebApplicationInitializer types detected on classpath
22-Jul-2020 13:42:36.706 INFO [main] org.apache.catalina.core.ApplicationContext.log Initializing AtmosphereFramework
22-Jul-2020 13:42:48.891 INFO [main] org.apache.catalina.core.ApplicationContext.log Initializing Spring RemotingServlet 'remoting'
22-Jul-2020 16:11:45.098 INFO [main] org.apache.catalina.core.ApplicationContext.log No Spring WebApplicationInitializer types detected on classpath
22-Jul-2020 16:11:45.118 INFO [main] org.apache.catalina.core.ApplicationContext.log Initializing AtmosphereFramework
22-Jul-2020 16:12:17.710 INFO [main] org.apache.catalina.core.ApplicationContext.log Initializing Spring RestAPIDispatcherServlet 'rest_api'
22-Jul-2020 16:12:25.225 INFO [main] org.apache.catalina.core.ApplicationContext.log Initializing Spring CubaDispatcherServlet 'dispatcher'
22-Jul-2020 16:12:25.616 INFO [main] org.apache.catalina.core.ApplicationContext.log No Spring WebApplicationInitializer types detected on classpath
22-Jul-2020 16:12:25.616 INFO [main] org.apache.catalina.core.ApplicationContext.log Initializing AtmosphereFramework
22-Jul-2020 16:12:38.880 INFO [main] org.apache.catalina.core.ApplicationContext.log Initializing Spring RemotingServlet 'remoting'
22-Jul-2020 18:54:17.978 INFO [main] org.apache.catalina.core.ApplicationContext.log No Spring WebApplicationInitializer types detected on classpath
22-Jul-2020 18:54:17.979 INFO [main] org.apache.catalina.core.ApplicationContext.log Initializing AtmosphereFramework
22-Jul-2020 18:54:24.524 INFO [main] org.apache.catalina.core.ApplicationContext.log Initializing Spring RestAPIDispatcherServlet 'rest_api'
22-Jul-2020 18:54:28.667 INFO [main] org.apache.catalina.core.ApplicationContext.log Initializing Spring CubaDispatcherServlet 'dispatcher'
22-Jul-2020 18:54:28.954 INFO [main] org.apache.catalina.core.ApplicationContext.log No Spring WebApplicationInitializer types detected on classpath
22-Jul-2020 18:54:28.954 INFO [main] org.apache.catalina.core.ApplicationContext.log Initializing AtmosphereFramework
22-Jul-2020 18:54:45.489 INFO [main] org.apache.catalina.core.ApplicationContext.log Initializing Spring RemotingServlet 'remoting'
22-Jul-2020 22:22:56.424 INFO [main] org.apache.catalina.core.ApplicationContext.log No Spring WebApplicationInitializer types detected on classpath
22-Jul-2020 22:22:56.424 INFO [main] org.apache.catalina.core.ApplicationContext.log Initializing AtmosphereFramework
22-Jul-2020 22:23:02.839 INFO [main] org.apache.catalina.core.ApplicationContext.log Initializing Spring RestAPIDispatcherServlet 'rest_api'
22-Jul-2020 22:23:06.284 INFO [main] org.apache.catalina.core.ApplicationContext.log Initializing Spring CubaDispatcherServlet 'dispatcher'
22-Jul-2020 22:23:06.519 INFO [main] org.apache.catalina.core.ApplicationContext.log No Spring WebApplicationInitializer types detected on classpath
22-Jul-2020 22:23:06.519 INFO [main] org.apache.catalina.core.ApplicationContext.log Initializing AtmosphereFramework
22-Jul-2020 22:23:15.563 INFO [main] org.apache.catalina.core.ApplicationContext.log Initializing Spring RemotingServlet 'remoting'
22-Jul-2020 23:02:08.075 INFO [main] org.apache.catalina.core.ApplicationContext.log No Spring WebApplicationInitializer types detected on classpath
22-Jul-2020 23:02:08.088 INFO [main] org.apache.catalina.core.ApplicationContext.log Initializing AtmosphereFramework
22-Jul-2020 23:02:16.809 INFO [main] org.apache.catalina.core.ApplicationContext.log Initializing Spring RestAPIDispatcherServlet 'rest_api'
22-Jul-2020 23:02:21.461 INFO [main] org.apache.catalina.core.ApplicationContext.log Initializing Spring CubaDispatcherServlet 'dispatcher'
22-Jul-2020 23:02:21.873 INFO [main] org.apache.catalina.core.ApplicationContext.log No Spring WebApplicationInitializer types detected on classpath
22-Jul-2020 23:02:21.874 INFO [main] org.apache.catalina.core.ApplicationContext.log Initializing AtmosphereFramework
22-Jul-2020 23:02:33.013 INFO [main] org.apache.catalina.core.ApplicationContext.log Initializing Spring RemotingServlet 'remoting'
