Performance Statistics   2020-07-18 23:59:00 - 2020-07-19 00:00:00
Tag                                                  Avg(ms)         Min         Max     Std Dev       Count

Performance Statistics   2020-07-19 00:00:00 - 2020-07-19 00:01:00
Tag                                                  Avg(ms)         Min         Max     Std Dev       Count

Performance Statistics   2020-07-19 00:01:00 - 2020-07-19 00:02:00
Tag                                                  Avg(ms)         Min         Max     Std Dev       Count

Performance Statistics   2020-07-19 00:02:00 - 2020-07-19 00:03:00
Tag                                                  Avg(ms)         Min         Max     Std Dev       Count

Performance Statistics   2020-07-19 00:03:00 - 2020-07-19 00:04:00
Tag                                                  Avg(ms)         Min         Max     Std Dev       Count

Performance Statistics   2020-07-19 00:04:00 - 2020-07-19 00:05:00
Tag                                                  Avg(ms)         Min         Max     Std Dev       Count

Performance Statistics   2020-07-19 00:05:00 - 2020-07-19 00:06:00
Tag                                                  Avg(ms)         Min         Max     Std Dev       Count

Performance Statistics   2020-07-19 00:06:00 - 2020-07-19 00:07:00
Tag                                                  Avg(ms)         Min         Max     Std Dev       Count

Performance Statistics   2020-07-19 00:07:00 - 2020-07-19 00:08:00
Tag                                                  Avg(ms)         Min         Max     Std Dev       Count

Performance Statistics   2020-07-19 00:08:00 - 2020-07-19 00:09:00
Tag                                                  Avg(ms)         Min         Max     Std Dev       Count

Performance Statistics   2020-07-19 00:09:00 - 2020-07-19 00:10:00
Tag                                                  Avg(ms)         Min         Max     Std Dev       Count

Performance Statistics   2020-07-19 00:10:00 - 2020-07-19 00:11:00
Tag                                                  Avg(ms)         Min         Max     Std Dev       Count

Performance Statistics   2020-07-19 00:11:00 - 2020-07-19 00:12:00
Tag                                                  Avg(ms)         Min         Max     Std Dev       Count

Performance Statistics   2020-07-19 00:12:00 - 2020-07-19 00:13:00
Tag                                                  Avg(ms)         Min         Max     Std Dev       Count

Performance Statistics   2020-07-19 00:13:00 - 2020-07-19 00:14:00
Tag                                                  Avg(ms)         Min         Max     Std Dev       Count

Performance Statistics   2020-07-19 00:14:00 - 2020-07-19 00:15:00
Tag                                                  Avg(ms)         Min         Max     Std Dev       Count

Performance Statistics   2020-07-19 00:15:00 - 2020-07-19 00:16:00
Tag                                                  Avg(ms)         Min         Max     Std Dev       Count

Performance Statistics   2020-07-19 00:16:00 - 2020-07-19 00:17:00
Tag                                                  Avg(ms)         Min         Max     Std Dev       Count

Performance Statistics   2020-07-19 00:17:00 - 2020-07-19 00:18:00
Tag                                                  Avg(ms)         Min         Max     Std Dev       Count

Performance Statistics   2020-07-19 00:18:00 - 2020-07-19 00:19:00
Tag                                                  Avg(ms)         Min         Max     Std Dev       Count

Performance Statistics   2020-07-19 00:19:00 - 2020-07-19 00:20:00
Tag                                                  Avg(ms)         Min         Max     Std Dev       Count

Performance Statistics   2020-07-19 00:20:00 - 2020-07-19 00:21:00
Tag                                                  Avg(ms)         Min         Max     Std Dev       Count

Performance Statistics   2020-07-19 00:21:00 - 2020-07-19 00:22:00
Tag                                                  Avg(ms)         Min         Max     Std Dev       Count

Performance Statistics   2020-07-19 00:22:00 - 2020-07-19 00:23:00
Tag                                                  Avg(ms)         Min         Max     Std Dev       Count

Performance Statistics   2020-07-19 00:23:00 - 2020-07-19 00:24:00
Tag                                                  Avg(ms)         Min         Max     Std Dev       Count

Performance Statistics   2020-07-19 00:24:00 - 2020-07-19 00:25:00
Tag                                                  Avg(ms)         Min         Max     Std Dev       Count

Performance Statistics   2020-07-19 00:25:00 - 2020-07-19 00:26:00
Tag                                                  Avg(ms)         Min         Max     Std Dev       Count

Performance Statistics   2020-07-19 00:26:00 - 2020-07-19 00:27:00
Tag                                                  Avg(ms)         Min         Max     Std Dev       Count

Performance Statistics   2020-07-19 00:27:00 - 2020-07-19 00:28:00
Tag                                                  Avg(ms)         Min         Max     Std Dev       Count

Performance Statistics   2020-07-19 00:28:00 - 2020-07-19 00:29:00
Tag                                                  Avg(ms)         Min         Max     Std Dev       Count

Performance Statistics   2020-07-19 00:29:00 - 2020-07-19 00:30:00
Tag                                                  Avg(ms)         Min         Max     Std Dev       Count

Performance Statistics   2020-07-19 00:30:00 - 2020-07-19 00:31:00
Tag                                                  Avg(ms)         Min         Max     Std Dev       Count

Performance Statistics   2020-07-19 00:31:00 - 2020-07-19 00:32:00
Tag                                                  Avg(ms)         Min         Max     Std Dev       Count

Performance Statistics   2020-07-19 00:32:00 - 2020-07-19 00:33:00
Tag                                                  Avg(ms)         Min         Max     Std Dev       Count

Performance Statistics   2020-07-19 11:06:00 - 2020-07-19 11:07:00
Tag                                                  Avg(ms)         Min         Max     Std Dev       Count
LoadClass                                                0,6           0           3         0,9          18
Messages.searchClasspath                                 0,1           0          47         1,6        1036
Messages.searchFiles                                     0,0           0          20         0,6        1036
Metadata.replaceExtendedMetaClasses                      1,5           1           2         0,5           2
ViewRepository.init.ViewRepositoryClientImpl            40,0          40          40         0,0           1
ViewRepository.init.ViewRepositoryImpl                  30,0          30          30         0,0           1
WebJARs                                                 14,0          14          14         0,0           1

Performance Statistics   2020-07-19 11:07:00 - 2020-07-19 11:08:00
Tag                                                  Avg(ms)         Min         Max     Std Dev       Count

Performance Statistics   2020-07-19 11:08:00 - 2020-07-19 11:09:00
Tag                                                  Avg(ms)         Min         Max     Std Dev       Count
LoadClass                                                2,5           1           4         1,5           2
Messages.searchClasspath                                 0,0           0           1         0,1         629
Messages.searchFiles                                     0,0           0           0         0,0         629

Performance Statistics   2020-07-19 11:09:00 - 2020-07-19 11:10:00
Tag                                                  Avg(ms)         Min         Max     Std Dev       Count

Performance Statistics   2020-07-19 11:10:00 - 2020-07-19 11:11:00
Tag                                                  Avg(ms)         Min         Max     Std Dev       Count

Performance Statistics   2020-07-19 11:11:00 - 2020-07-19 11:12:00
Tag                                                  Avg(ms)         Min         Max     Std Dev       Count

Performance Statistics   2020-07-19 11:12:00 - 2020-07-19 11:13:00
Tag                                                  Avg(ms)         Min         Max     Std Dev       Count

Performance Statistics   2020-07-19 11:13:00 - 2020-07-19 11:14:00
Tag                                                  Avg(ms)         Min         Max     Std Dev       Count

Performance Statistics   2020-07-19 11:14:00 - 2020-07-19 11:15:00
Tag                                                  Avg(ms)         Min         Max     Std Dev       Count
Messages.searchClasspath                                 0,2           0           1         0,4           5
Messages.searchFiles                                     0,0           0           0         0,0           5

Performance Statistics   2020-07-19 11:15:00 - 2020-07-19 11:16:00
Tag                                                  Avg(ms)         Min         Max     Std Dev       Count

Performance Statistics   2020-07-19 11:16:00 - 2020-07-19 11:17:00
Tag                                                  Avg(ms)         Min         Max     Std Dev       Count

Performance Statistics   2020-07-19 11:17:00 - 2020-07-19 11:18:00
Tag                                                  Avg(ms)         Min         Max     Std Dev       Count

Performance Statistics   2020-07-19 11:18:00 - 2020-07-19 11:19:00
Tag                                                  Avg(ms)         Min         Max     Std Dev       Count

Performance Statistics   2020-07-19 11:19:00 - 2020-07-19 11:20:00
Tag                                                  Avg(ms)         Min         Max     Std Dev       Count
LoadClass                                                1,7           0          12         2,0         116
Messages.searchClasspath                                 0,0           0           9         0,4        1476
Messages.searchFiles                                     0,0           0           7         0,3        1476

Performance Statistics   2020-07-19 11:20:00 - 2020-07-19 11:21:00
Tag                                                  Avg(ms)         Min         Max     Std Dev       Count
LoadClass                                                0,8           0           2         0,8           4
Messages.searchClasspath                                 0,0           0           0         0,0         180
Messages.searchFiles                                     0,0           0           0         0,0         180

Performance Statistics   2020-07-19 11:21:00 - 2020-07-19 11:22:00
Tag                                                  Avg(ms)         Min         Max     Std Dev       Count
LoadClass                                                0,0           0           0         0,0          32

Performance Statistics   2020-07-19 11:22:00 - 2020-07-19 11:23:00
Tag                                                  Avg(ms)         Min         Max     Std Dev       Count
LoadClass                                                0,0           0           0         0,0          35

Performance Statistics   2020-07-19 11:23:00 - 2020-07-19 11:24:00
Tag                                                  Avg(ms)         Min         Max     Std Dev       Count
LoadClass                                                0,2           0           3         0,6          25
Messages.searchClasspath                                 0,0           0           0         0,0          54
Messages.searchFiles                                     0,0           0           0         0,0          54

Performance Statistics   2020-07-19 11:24:00 - 2020-07-19 11:25:00
Tag                                                  Avg(ms)         Min         Max     Std Dev       Count
LoadClass                                                0,0           0           0         0,0          20

Performance Statistics   2020-07-19 11:25:00 - 2020-07-19 11:26:00
Tag                                                  Avg(ms)         Min         Max     Std Dev       Count

Performance Statistics   2020-07-19 11:26:00 - 2020-07-19 11:27:00
Tag                                                  Avg(ms)         Min         Max     Std Dev       Count

Performance Statistics   2020-07-19 11:27:00 - 2020-07-19 11:28:00
Tag                                                  Avg(ms)         Min         Max     Std Dev       Count

Performance Statistics   2020-07-19 11:28:00 - 2020-07-19 11:29:00
Tag                                                  Avg(ms)         Min         Max     Std Dev       Count

Performance Statistics   2020-07-19 11:29:00 - 2020-07-19 11:30:00
Tag                                                  Avg(ms)         Min         Max     Std Dev       Count

Performance Statistics   2020-07-19 11:30:00 - 2020-07-19 11:31:00
Tag                                                  Avg(ms)         Min         Max     Std Dev       Count
LoadClass                                                0,1           0           1         0,3          13
Messages.searchClasspath                                 0,0           0           0         0,0         250
Messages.searchFiles                                     0,0           0           0         0,0         250

Performance Statistics   2020-07-19 11:31:00 - 2020-07-19 11:32:00
Tag                                                  Avg(ms)         Min         Max     Std Dev       Count
LoadClass                                                0,0           0           0         0,0           4
Messages.searchClasspath                                 0,0           0           0         0,0         213
Messages.searchFiles                                     0,0           0           0         0,0         213

Performance Statistics   2020-07-19 11:32:00 - 2020-07-19 11:33:00
Tag                                                  Avg(ms)         Min         Max     Std Dev       Count
LoadClass                                                0,1           0           1         0,3          14
Messages.searchClasspath                                 0,2           0          17         1,4         240
Messages.searchFiles                                     0,1           0          31         2,0         240
Metadata.replaceExtendedMetaClasses                      1,0           1           1         0,0           1
WebJARs                                                 22,0          22          22         0,0           1

Performance Statistics   2020-07-19 11:33:00 - 2020-07-19 11:34:00
Tag                                                  Avg(ms)         Min         Max     Std Dev       Count
LoadClass                                                2,0           0          14         2,3         125
Messages.searchClasspath                                 0,0           0           7         0,3        2491
Messages.searchFiles                                     0,0           0          11         0,2        2491
Metadata.replaceExtendedMetaClasses                      2,0           2           2         0,0           1
ViewRepository.init.ViewRepositoryClientImpl            28,0          28          28         0,0           1
ViewRepository.init.ViewRepositoryImpl                  25,0          25          25         0,0           1

Performance Statistics   2020-07-19 11:34:00 - 2020-07-19 11:35:00
Tag                                                  Avg(ms)         Min         Max     Std Dev       Count
LoadClass                                                0,3           0           2         0,7          26
Messages.searchClasspath                                 0,0           0           3         0,1        2671
Messages.searchFiles                                     0,0           0          19         0,4        2671

Performance Statistics   2020-07-19 11:35:00 - 2020-07-19 11:36:00
Tag                                                  Avg(ms)         Min         Max     Std Dev       Count
LoadClass                                                0,0           0           0         0,0           9
Messages.searchClasspath                                 0,0           0           1         0,1         154
Messages.searchFiles                                     0,0           0           0         0,0         154

Performance Statistics   2020-07-19 11:36:00 - 2020-07-19 11:37:00
Tag                                                  Avg(ms)         Min         Max     Std Dev       Count

Performance Statistics   2020-07-19 11:37:00 - 2020-07-19 11:38:00
Tag                                                  Avg(ms)         Min         Max     Std Dev       Count

Performance Statistics   2020-07-19 11:38:00 - 2020-07-19 11:39:00
Tag                                                  Avg(ms)         Min         Max     Std Dev       Count
LoadClass                                                0,0           0           0         0,0           8

Performance Statistics   2020-07-19 11:39:00 - 2020-07-19 11:40:00
Tag                                                  Avg(ms)         Min         Max     Std Dev       Count
LoadClass                                                0,0           0           0         0,0           5

Performance Statistics   2020-07-19 11:40:00 - 2020-07-19 11:41:00
Tag                                                  Avg(ms)         Min         Max     Std Dev       Count

Performance Statistics   2020-07-19 11:41:00 - 2020-07-19 11:42:00
Tag                                                  Avg(ms)         Min         Max     Std Dev       Count

Performance Statistics   2020-07-19 11:42:00 - 2020-07-19 11:43:00
Tag                                                  Avg(ms)         Min         Max     Std Dev       Count
LoadClass                                                0,0           0           0         0,0          10
Messages.searchClasspath                                 0,0           0           0         0,0         132
Messages.searchFiles                                     0,0           0           0         0,0         132

Performance Statistics   2020-07-19 11:43:00 - 2020-07-19 11:44:00
Tag                                                  Avg(ms)         Min         Max     Std Dev       Count
LoadClass                                                0,0           0           0         0,0          25

Performance Statistics   2020-07-19 11:44:00 - 2020-07-19 11:45:00
Tag                                                  Avg(ms)         Min         Max     Std Dev       Count

Performance Statistics   2020-07-19 11:45:00 - 2020-07-19 11:46:00
Tag                                                  Avg(ms)         Min         Max     Std Dev       Count

Performance Statistics   2020-07-19 11:46:00 - 2020-07-19 11:47:00
Tag                                                  Avg(ms)         Min         Max     Std Dev       Count

Performance Statistics   2020-07-19 11:47:00 - 2020-07-19 11:48:00
Tag                                                  Avg(ms)         Min         Max     Std Dev       Count

Performance Statistics   2020-07-19 11:48:00 - 2020-07-19 11:49:00
Tag                                                  Avg(ms)         Min         Max     Std Dev       Count
LoadClass                                                0,0           0           0         0,0           1
Messages.searchClasspath                                 0,0           0           1         0,1        5237
Messages.searchFiles                                     0,0           0          23         0,3        5237

Performance Statistics   2020-07-19 11:49:00 - 2020-07-19 11:50:00
Tag                                                  Avg(ms)         Min         Max     Std Dev       Count

Performance Statistics   2020-07-19 11:50:00 - 2020-07-19 11:51:00
Tag                                                  Avg(ms)         Min         Max     Std Dev       Count

Performance Statistics   2020-07-19 17:27:00 - 2020-07-19 17:28:00
Tag                                                  Avg(ms)         Min         Max     Std Dev       Count
LoadClass                                                0,5           0           2         0,6          14
Messages.searchClasspath                                 0,3           0          19         1,8         156
Messages.searchFiles                                     0,3           0          41         3,3         156
Metadata.replaceExtendedMetaClasses                      1,0           1           1         0,0           1
WebJARs                                                 14,0          14          14         0,0           1

Performance Statistics   2020-07-19 17:28:00 - 2020-07-19 17:29:00
Tag                                                  Avg(ms)         Min         Max     Std Dev       Count
Messages.searchClasspath                                 0,1           0           3         0,5          84
Messages.searchFiles                                     0,0           0           1         0,1          84
Metadata.replaceExtendedMetaClasses                      2,0           2           2         0,0           1

Performance Statistics   2020-07-19 17:29:00 - 2020-07-19 17:30:00
Tag                                                  Avg(ms)         Min         Max     Std Dev       Count
LoadClass                                                1,5           0           8         2,2          14
Messages.searchClasspath                                 0,0           0           8         0,4        1026
Messages.searchFiles                                     0,0           0           0         0,0        1026
ViewRepository.init.ViewRepositoryClientImpl            22,0          22          22         0,0           1
ViewRepository.init.ViewRepositoryImpl                  47,0          47          47         0,0           1

Performance Statistics   2020-07-19 17:30:00 - 2020-07-19 17:31:00
Tag                                                  Avg(ms)         Min         Max     Std Dev       Count

Performance Statistics   2020-07-19 17:31:00 - 2020-07-19 17:32:00
Tag                                                  Avg(ms)         Min         Max     Std Dev       Count

Performance Statistics   2020-07-19 17:32:00 - 2020-07-19 17:33:00
Tag                                                  Avg(ms)         Min         Max     Std Dev       Count

Performance Statistics   2020-07-19 17:33:00 - 2020-07-19 17:34:00
Tag                                                  Avg(ms)         Min         Max     Std Dev       Count

Performance Statistics   2020-07-19 17:34:00 - 2020-07-19 17:35:00
Tag                                                  Avg(ms)         Min         Max     Std Dev       Count

Performance Statistics   2020-07-19 17:35:00 - 2020-07-19 17:36:00
Tag                                                  Avg(ms)         Min         Max     Std Dev       Count

Performance Statistics   2020-07-19 17:36:00 - 2020-07-19 17:37:00
Tag                                                  Avg(ms)         Min         Max     Std Dev       Count
Messages.searchClasspath                                 0,0           0           0         0,0           5
Messages.searchFiles                                     0,0           0           0         0,0           5

Performance Statistics   2020-07-19 17:37:00 - 2020-07-19 17:38:00
Tag                                                  Avg(ms)         Min         Max     Std Dev       Count
ViewRepository.init.ViewRepositoryClientImpl            15,0          15          15         0,0           1

Performance Statistics   2020-07-19 17:38:00 - 2020-07-19 17:39:00
Tag                                                  Avg(ms)         Min         Max     Std Dev       Count

Performance Statistics   2020-07-19 17:39:00 - 2020-07-19 17:40:00
Tag                                                  Avg(ms)         Min         Max     Std Dev       Count

Performance Statistics   2020-07-19 17:40:00 - 2020-07-19 17:41:00
Tag                                                  Avg(ms)         Min         Max     Std Dev       Count

Performance Statistics   2020-07-19 17:41:00 - 2020-07-19 17:42:00
Tag                                                  Avg(ms)         Min         Max     Std Dev       Count

Performance Statistics   2020-07-19 17:42:00 - 2020-07-19 17:43:00
Tag                                                  Avg(ms)         Min         Max     Std Dev       Count

Performance Statistics   2020-07-19 17:43:00 - 2020-07-19 17:44:00
Tag                                                  Avg(ms)         Min         Max     Std Dev       Count

Performance Statistics   2020-07-19 17:44:00 - 2020-07-19 17:45:00
Tag                                                  Avg(ms)         Min         Max     Std Dev       Count
LoadClass                                                0,0           0           0         0,0           2
Messages.searchClasspath                                 0,0           0           1         0,1          70
Messages.searchFiles                                     0,0           0           0         0,0          70

Performance Statistics   2020-07-19 17:45:00 - 2020-07-19 17:46:00
Tag                                                  Avg(ms)         Min         Max     Std Dev       Count

Performance Statistics   2020-07-19 17:46:00 - 2020-07-19 17:47:00
Tag                                                  Avg(ms)         Min         Max     Std Dev       Count

Performance Statistics   2020-07-19 17:47:00 - 2020-07-19 17:48:00
Tag                                                  Avg(ms)         Min         Max     Std Dev       Count

Performance Statistics   2020-07-19 17:48:00 - 2020-07-19 17:49:00
Tag                                                  Avg(ms)         Min         Max     Std Dev       Count

Performance Statistics   2020-07-19 17:49:00 - 2020-07-19 17:50:00
Tag                                                  Avg(ms)         Min         Max     Std Dev       Count

Performance Statistics   2020-07-19 17:51:00 - 2020-07-19 17:52:00
Tag                                                  Avg(ms)         Min         Max     Std Dev       Count
LoadClass                                                0,1           0           1         0,3          14
Messages.searchClasspath                                 0,1           0          11         0,9         270
Messages.searchFiles                                     0,1           0          18         1,1         270
Metadata.replaceExtendedMetaClasses                      2,0           1           3         1,0           2
WebJARs                                                 15,0          15          15         0,0           1

Performance Statistics   2020-07-19 17:52:00 - 2020-07-19 17:53:00
Tag                                                  Avg(ms)         Min         Max     Std Dev       Count
LoadClass                                                3,0           0          10         4,1           4
Messages.searchClasspath                                 0,1           0           9         0,7         547
Messages.searchFiles                                     0,0           0           2         0,1         547
ViewRepository.init.ViewRepositoryClientImpl            25,0          25          25         0,0           1
ViewRepository.init.ViewRepositoryImpl                  56,0          56          56         0,0           1

Performance Statistics   2020-07-19 17:53:00 - 2020-07-19 17:54:00
Tag                                                  Avg(ms)         Min         Max     Std Dev       Count

Performance Statistics   2020-07-19 17:54:00 - 2020-07-19 17:55:00
Tag                                                  Avg(ms)         Min         Max     Std Dev       Count

Performance Statistics   2020-07-19 17:56:00 - 2020-07-19 17:57:00
Tag                                                  Avg(ms)         Min         Max     Std Dev       Count
LoadClass                                                0,6           0           5         1,2          18
Messages.searchClasspath                                 0,1           0          15         0,7         817
Messages.searchFiles                                     0,0           0          25         0,9         817
Metadata.replaceExtendedMetaClasses                      1,5           1           2         0,5           2
ViewRepository.init.ViewRepositoryClientImpl            38,0          38          38         0,0           1
ViewRepository.init.ViewRepositoryImpl                  38,0          38          38         0,0           1
WebJARs                                                 14,0          14          14         0,0           1

Performance Statistics   2020-07-19 17:57:00 - 2020-07-19 17:58:00
Tag                                                  Avg(ms)         Min         Max     Std Dev       Count

Performance Statistics   2020-07-19 17:58:00 - 2020-07-19 17:59:00
Tag                                                  Avg(ms)         Min         Max     Std Dev       Count

Performance Statistics   2020-07-19 17:59:00 - 2020-07-19 18:00:00
Tag                                                  Avg(ms)         Min         Max     Std Dev       Count
LoadClass                                                2,0           0           8         1,5         108
Messages.searchClasspath                                 0,1           0          29         0,8        1754
Messages.searchFiles                                     0,0           0           8         0,3        1754

Performance Statistics   2020-07-19 18:00:00 - 2020-07-19 18:01:00
Tag                                                  Avg(ms)         Min         Max     Std Dev       Count
LoadClass                                                1,0           0           9         1,9          25
Messages.searchClasspath                                 0,0           0           3         0,1        2429
Messages.searchFiles                                     0,0           0           0         0,0        2429

Performance Statistics   2020-07-19 18:01:00 - 2020-07-19 18:02:00
Tag                                                  Avg(ms)         Min         Max     Std Dev       Count

Performance Statistics   2020-07-19 18:02:00 - 2020-07-19 18:03:00
Tag                                                  Avg(ms)         Min         Max     Std Dev       Count

Performance Statistics   2020-07-19 18:03:00 - 2020-07-19 18:04:00
Tag                                                  Avg(ms)         Min         Max     Std Dev       Count

Performance Statistics   2020-07-19 18:04:00 - 2020-07-19 18:05:00
Tag                                                  Avg(ms)         Min         Max     Std Dev       Count

Performance Statistics   2020-07-19 18:05:00 - 2020-07-19 18:06:00
Tag                                                  Avg(ms)         Min         Max     Std Dev       Count

Performance Statistics   2020-07-19 18:06:00 - 2020-07-19 18:07:00
Tag                                                  Avg(ms)         Min         Max     Std Dev       Count

Performance Statistics   2020-07-19 18:07:00 - 2020-07-19 18:08:00
Tag                                                  Avg(ms)         Min         Max     Std Dev       Count

Performance Statistics   2020-07-19 18:08:00 - 2020-07-19 18:09:00
Tag                                                  Avg(ms)         Min         Max     Std Dev       Count

Performance Statistics   2020-07-19 18:09:00 - 2020-07-19 18:10:00
Tag                                                  Avg(ms)         Min         Max     Std Dev       Count

Performance Statistics   2020-07-19 18:10:00 - 2020-07-19 18:11:00
Tag                                                  Avg(ms)         Min         Max     Std Dev       Count

Performance Statistics   2020-07-19 18:11:00 - 2020-07-19 18:12:00
Tag                                                  Avg(ms)         Min         Max     Std Dev       Count

Performance Statistics   2020-07-19 18:12:00 - 2020-07-19 18:13:00
Tag                                                  Avg(ms)         Min         Max     Std Dev       Count

Performance Statistics   2020-07-19 18:14:00 - 2020-07-19 18:15:00
Tag                                                  Avg(ms)         Min         Max     Std Dev       Count
LoadClass                                                0,0           0           0         0,0          14
Messages.searchClasspath                                 0,2           0          14         1,1         270
Messages.searchFiles                                     0,1           0          26         1,6         270
Metadata.replaceExtendedMetaClasses                      2,0           1           3         1,0           2
WebJARs                                                 16,0          16          16         0,0           1

Performance Statistics   2020-07-19 18:15:00 - 2020-07-19 18:16:00
Tag                                                  Avg(ms)         Min         Max     Std Dev       Count

Performance Statistics   2020-07-19 18:16:00 - 2020-07-19 18:17:00
Tag                                                  Avg(ms)         Min         Max     Std Dev       Count

Performance Statistics   2020-07-19 18:17:00 - 2020-07-19 18:18:00
Tag                                                  Avg(ms)         Min         Max     Std Dev       Count

Performance Statistics   2020-07-19 18:19:00 - 2020-07-19 18:20:00
Tag                                                  Avg(ms)         Min         Max     Std Dev       Count
LoadClass                                                0,2           0           1         0,4          14
Messages.searchClasspath                                 0,2           0          15         1,3         240
Messages.searchFiles                                     0,1           0          22         1,4         240
Metadata.replaceExtendedMetaClasses                      2,0           1           3         1,0           2
WebJARs                                                 14,0          14          14         0,0           1

Performance Statistics   2020-07-19 18:20:00 - 2020-07-19 18:21:00
Tag                                                  Avg(ms)         Min         Max     Std Dev       Count

Performance Statistics   2020-07-19 18:21:00 - 2020-07-19 18:22:00
Tag                                                  Avg(ms)         Min         Max     Std Dev       Count

Performance Statistics   2020-07-19 18:22:00 - 2020-07-19 18:23:00
Tag                                                  Avg(ms)         Min         Max     Std Dev       Count

Performance Statistics   2020-07-19 18:23:00 - 2020-07-19 18:24:00
Tag                                                  Avg(ms)         Min         Max     Std Dev       Count

Performance Statistics   2020-07-19 18:24:00 - 2020-07-19 18:25:00
Tag                                                  Avg(ms)         Min         Max     Std Dev       Count

Performance Statistics   2020-07-19 18:25:00 - 2020-07-19 18:26:00
Tag                                                  Avg(ms)         Min         Max     Std Dev       Count

Performance Statistics   2020-07-19 18:26:00 - 2020-07-19 18:27:00
Tag                                                  Avg(ms)         Min         Max     Std Dev       Count

Performance Statistics   2020-07-19 18:27:00 - 2020-07-19 18:28:00
Tag                                                  Avg(ms)         Min         Max     Std Dev       Count

Performance Statistics   2020-07-19 18:28:00 - 2020-07-19 18:29:00
Tag                                                  Avg(ms)         Min         Max     Std Dev       Count

Performance Statistics   2020-07-19 18:29:00 - 2020-07-19 18:30:00
Tag                                                  Avg(ms)         Min         Max     Std Dev       Count

Performance Statistics   2020-07-19 18:30:00 - 2020-07-19 18:31:00
Tag                                                  Avg(ms)         Min         Max     Std Dev       Count

Performance Statistics   2020-07-19 18:31:00 - 2020-07-19 18:32:00
Tag                                                  Avg(ms)         Min         Max     Std Dev       Count

Performance Statistics   2020-07-19 18:32:00 - 2020-07-19 18:33:00
Tag                                                  Avg(ms)         Min         Max     Std Dev       Count

Performance Statistics   2020-07-19 18:33:00 - 2020-07-19 18:34:00
Tag                                                  Avg(ms)         Min         Max     Std Dev       Count

Performance Statistics   2020-07-19 18:34:00 - 2020-07-19 18:35:00
Tag                                                  Avg(ms)         Min         Max     Std Dev       Count

Performance Statistics   2020-07-19 18:35:00 - 2020-07-19 18:36:00
Tag                                                  Avg(ms)         Min         Max     Std Dev       Count

Performance Statistics   2020-07-19 18:36:00 - 2020-07-19 18:37:00
Tag                                                  Avg(ms)         Min         Max     Std Dev       Count

Performance Statistics   2020-07-19 18:40:00 - 2020-07-19 18:41:00
Tag                                                  Avg(ms)         Min         Max     Std Dev       Count
LoadClass                                                0,3           0           1         0,5          14
Messages.searchClasspath                                 0,2           0          15         1,2         240
Messages.searchFiles                                     0,1           0          22         1,4         240
Metadata.replaceExtendedMetaClasses                      1,0           1           1         0,0           2
WebJARs                                                 14,0          14          14         0,0           1

Performance Statistics   2020-07-19 18:41:00 - 2020-07-19 18:42:00
Tag                                                  Avg(ms)         Min         Max     Std Dev       Count

Performance Statistics   2020-07-19 18:42:00 - 2020-07-19 18:43:00
Tag                                                  Avg(ms)         Min         Max     Std Dev       Count

Performance Statistics   2020-07-19 18:43:00 - 2020-07-19 18:44:00
Tag                                                  Avg(ms)         Min         Max     Std Dev       Count

Performance Statistics   2020-07-19 18:44:00 - 2020-07-19 18:45:00
Tag                                                  Avg(ms)         Min         Max     Std Dev       Count

Performance Statistics   2020-07-19 18:45:00 - 2020-07-19 18:46:00
Tag                                                  Avg(ms)         Min         Max     Std Dev       Count

Performance Statistics   2020-07-19 18:46:00 - 2020-07-19 18:47:00
Tag                                                  Avg(ms)         Min         Max     Std Dev       Count

Performance Statistics   2020-07-19 18:47:00 - 2020-07-19 18:48:00
Tag                                                  Avg(ms)         Min         Max     Std Dev       Count

Performance Statistics   2020-07-19 18:48:00 - 2020-07-19 18:49:00
Tag                                                  Avg(ms)         Min         Max     Std Dev       Count

Performance Statistics   2020-07-19 18:49:00 - 2020-07-19 18:50:00
Tag                                                  Avg(ms)         Min         Max     Std Dev       Count

Performance Statistics   2020-07-19 18:50:00 - 2020-07-19 18:51:00
Tag                                                  Avg(ms)         Min         Max     Std Dev       Count

Performance Statistics   2020-07-19 18:51:00 - 2020-07-19 18:52:00
Tag                                                  Avg(ms)         Min         Max     Std Dev       Count
ViewRepository.init.ViewRepositoryImpl                  63,0          63          63         0,0           1

Performance Statistics   2020-07-19 18:52:00 - 2020-07-19 18:53:00
Tag                                                  Avg(ms)         Min         Max     Std Dev       Count

Performance Statistics   2020-07-19 18:53:00 - 2020-07-19 18:54:00
Tag                                                  Avg(ms)         Min         Max     Std Dev       Count

Performance Statistics   2020-07-19 18:54:00 - 2020-07-19 18:55:00
Tag                                                  Avg(ms)         Min         Max     Std Dev       Count

Performance Statistics   2020-07-19 18:55:00 - 2020-07-19 18:56:00
Tag                                                  Avg(ms)         Min         Max     Std Dev       Count

Performance Statistics   2020-07-19 18:56:00 - 2020-07-19 18:57:00
Tag                                                  Avg(ms)         Min         Max     Std Dev       Count

Performance Statistics   2020-07-19 19:36:00 - 2020-07-19 19:37:00
Tag                                                  Avg(ms)         Min         Max     Std Dev       Count
LoadClass                                                0,4           0           2         0,7          18
Messages.searchClasspath                                 0,1           0          11         0,9         689
Messages.searchFiles                                     0,1           0          37         1,5         691
Metadata.replaceExtendedMetaClasses                      2,0           2           2         0,0           2
ViewRepository.init.ViewRepositoryClientImpl            34,0          34          34         0,0           1
ViewRepository.init.ViewRepositoryImpl                  42,0          42          42         0,0           1
WebJARs                                                 15,0          15          15         0,0           1

Performance Statistics   2020-07-19 19:37:00 - 2020-07-19 19:38:00
Tag                                                  Avg(ms)         Min         Max     Std Dev       Count
LoadClass                                                2,5           0          14         2,5         106
Messages.searchClasspath                                 0,0           0          12         0,3        1723
Messages.searchFiles                                     0,0           0           5         0,1        1721

Performance Statistics   2020-07-19 19:38:00 - 2020-07-19 19:39:00
Tag                                                  Avg(ms)         Min         Max     Std Dev       Count

Performance Statistics   2020-07-19 19:39:00 - 2020-07-19 19:40:00
Tag                                                  Avg(ms)         Min         Max     Std Dev       Count

Performance Statistics   2020-07-19 19:40:00 - 2020-07-19 19:41:00
Tag                                                  Avg(ms)         Min         Max     Std Dev       Count

Performance Statistics   2020-07-19 19:41:00 - 2020-07-19 19:42:00
Tag                                                  Avg(ms)         Min         Max     Std Dev       Count

Performance Statistics   2020-07-19 19:42:00 - 2020-07-19 19:43:00
Tag                                                  Avg(ms)         Min         Max     Std Dev       Count

Performance Statistics   2020-07-19 19:43:00 - 2020-07-19 19:44:00
Tag                                                  Avg(ms)         Min         Max     Std Dev       Count

Performance Statistics   2020-07-19 19:44:00 - 2020-07-19 19:45:00
Tag                                                  Avg(ms)         Min         Max     Std Dev       Count

Performance Statistics   2020-07-19 19:45:00 - 2020-07-19 19:46:00
Tag                                                  Avg(ms)         Min         Max     Std Dev       Count

Performance Statistics   2020-07-19 19:46:00 - 2020-07-19 19:47:00
Tag                                                  Avg(ms)         Min         Max     Std Dev       Count

Performance Statistics   2020-07-19 19:47:00 - 2020-07-19 19:48:00
Tag                                                  Avg(ms)         Min         Max     Std Dev       Count

Performance Statistics   2020-07-19 19:48:00 - 2020-07-19 19:49:00
Tag                                                  Avg(ms)         Min         Max     Std Dev       Count

Performance Statistics   2020-07-19 19:49:00 - 2020-07-19 19:50:00
Tag                                                  Avg(ms)         Min         Max     Std Dev       Count

Performance Statistics   2020-07-19 19:50:00 - 2020-07-19 19:51:00
Tag                                                  Avg(ms)         Min         Max     Std Dev       Count

Performance Statistics   2020-07-19 19:51:00 - 2020-07-19 19:52:00
Tag                                                  Avg(ms)         Min         Max     Std Dev       Count

Performance Statistics   2020-07-19 19:52:00 - 2020-07-19 19:53:00
Tag                                                  Avg(ms)         Min         Max     Std Dev       Count

Performance Statistics   2020-07-19 19:53:00 - 2020-07-19 19:54:00
Tag                                                  Avg(ms)         Min         Max     Std Dev       Count

Performance Statistics   2020-07-19 19:54:00 - 2020-07-19 19:55:00
Tag                                                  Avg(ms)         Min         Max     Std Dev       Count

Performance Statistics   2020-07-19 19:55:00 - 2020-07-19 19:56:00
Tag                                                  Avg(ms)         Min         Max     Std Dev       Count

Performance Statistics   2020-07-19 19:56:00 - 2020-07-19 19:57:00
Tag                                                  Avg(ms)         Min         Max     Std Dev       Count

Performance Statistics   2020-07-19 19:57:00 - 2020-07-19 19:58:00
Tag                                                  Avg(ms)         Min         Max     Std Dev       Count

Performance Statistics   2020-07-19 19:58:00 - 2020-07-19 19:59:00
Tag                                                  Avg(ms)         Min         Max     Std Dev       Count

Performance Statistics   2020-07-19 19:59:00 - 2020-07-19 20:00:00
Tag                                                  Avg(ms)         Min         Max     Std Dev       Count

Performance Statistics   2020-07-19 20:00:00 - 2020-07-19 20:01:00
Tag                                                  Avg(ms)         Min         Max     Std Dev       Count

Performance Statistics   2020-07-19 20:01:00 - 2020-07-19 20:02:00
Tag                                                  Avg(ms)         Min         Max     Std Dev       Count

Performance Statistics   2020-07-19 20:02:00 - 2020-07-19 20:03:00
Tag                                                  Avg(ms)         Min         Max     Std Dev       Count

Performance Statistics   2020-07-19 20:03:00 - 2020-07-19 20:04:00
Tag                                                  Avg(ms)         Min         Max     Std Dev       Count

Performance Statistics   2020-07-19 20:04:00 - 2020-07-19 20:05:00
Tag                                                  Avg(ms)         Min         Max     Std Dev       Count

Performance Statistics   2020-07-19 20:05:00 - 2020-07-19 20:06:00
Tag                                                  Avg(ms)         Min         Max     Std Dev       Count

Performance Statistics   2020-07-19 20:06:00 - 2020-07-19 20:07:00
Tag                                                  Avg(ms)         Min         Max     Std Dev       Count

Performance Statistics   2020-07-19 20:07:00 - 2020-07-19 20:08:00
Tag                                                  Avg(ms)         Min         Max     Std Dev       Count

Performance Statistics   2020-07-19 20:08:00 - 2020-07-19 20:09:00
Tag                                                  Avg(ms)         Min         Max     Std Dev       Count

Performance Statistics   2020-07-19 20:09:00 - 2020-07-19 20:10:00
Tag                                                  Avg(ms)         Min         Max     Std Dev       Count

Performance Statistics   2020-07-19 20:10:00 - 2020-07-19 20:11:00
Tag                                                  Avg(ms)         Min         Max     Std Dev       Count

Performance Statistics   2020-07-19 20:11:00 - 2020-07-19 20:12:00
Tag                                                  Avg(ms)         Min         Max     Std Dev       Count

Performance Statistics   2020-07-19 20:12:00 - 2020-07-19 20:13:00
Tag                                                  Avg(ms)         Min         Max     Std Dev       Count

Performance Statistics   2020-07-19 20:13:00 - 2020-07-19 20:14:00
Tag                                                  Avg(ms)         Min         Max     Std Dev       Count

Performance Statistics   2020-07-19 20:14:00 - 2020-07-19 20:15:00
Tag                                                  Avg(ms)         Min         Max     Std Dev       Count

Performance Statistics   2020-07-19 20:15:00 - 2020-07-19 20:16:00
Tag                                                  Avg(ms)         Min         Max     Std Dev       Count

Performance Statistics   2020-07-19 20:16:00 - 2020-07-19 20:17:00
Tag                                                  Avg(ms)         Min         Max     Std Dev       Count

Performance Statistics   2020-07-19 20:17:00 - 2020-07-19 20:18:00
Tag                                                  Avg(ms)         Min         Max     Std Dev       Count

Performance Statistics   2020-07-19 20:18:00 - 2020-07-19 20:19:00
Tag                                                  Avg(ms)         Min         Max     Std Dev       Count

Performance Statistics   2020-07-19 20:19:00 - 2020-07-19 20:20:00
Tag                                                  Avg(ms)         Min         Max     Std Dev       Count

Performance Statistics   2020-07-19 20:20:00 - 2020-07-19 20:21:00
Tag                                                  Avg(ms)         Min         Max     Std Dev       Count

Performance Statistics   2020-07-19 20:21:00 - 2020-07-19 20:22:00
Tag                                                  Avg(ms)         Min         Max     Std Dev       Count

Performance Statistics   2020-07-19 20:22:00 - 2020-07-19 20:23:00
Tag                                                  Avg(ms)         Min         Max     Std Dev       Count

Performance Statistics   2020-07-19 20:23:00 - 2020-07-19 20:24:00
Tag                                                  Avg(ms)         Min         Max     Std Dev       Count

Performance Statistics   2020-07-19 20:24:00 - 2020-07-19 20:25:00
Tag                                                  Avg(ms)         Min         Max     Std Dev       Count

Performance Statistics   2020-07-19 20:25:00 - 2020-07-19 20:26:00
Tag                                                  Avg(ms)         Min         Max     Std Dev       Count

Performance Statistics   2020-07-19 20:26:00 - 2020-07-19 20:27:00
Tag                                                  Avg(ms)         Min         Max     Std Dev       Count

Performance Statistics   2020-07-19 20:27:00 - 2020-07-19 20:28:00
Tag                                                  Avg(ms)         Min         Max     Std Dev       Count

Performance Statistics   2020-07-19 20:28:00 - 2020-07-19 20:29:00
Tag                                                  Avg(ms)         Min         Max     Std Dev       Count

Performance Statistics   2020-07-19 20:29:00 - 2020-07-19 20:30:00
Tag                                                  Avg(ms)         Min         Max     Std Dev       Count

Performance Statistics   2020-07-19 20:30:00 - 2020-07-19 20:31:00
Tag                                                  Avg(ms)         Min         Max     Std Dev       Count

Performance Statistics   2020-07-19 20:31:00 - 2020-07-19 20:32:00
Tag                                                  Avg(ms)         Min         Max     Std Dev       Count

Performance Statistics   2020-07-19 20:32:00 - 2020-07-19 20:33:00
Tag                                                  Avg(ms)         Min         Max     Std Dev       Count

Performance Statistics   2020-07-19 20:33:00 - 2020-07-19 20:34:00
Tag                                                  Avg(ms)         Min         Max     Std Dev       Count
LoadClass                                                0,2           0           1         0,4          14
Messages.searchClasspath                                 0,3           0          16         1,5         270
Messages.searchFiles                                     0,1           0          27         1,6         270
Metadata.replaceExtendedMetaClasses                      4,5           2           7         2,5           2
WebJARs                                                 23,0          23          23         0,0           1

Performance Statistics   2020-07-19 20:34:00 - 2020-07-19 20:35:00
Tag                                                  Avg(ms)         Min         Max     Std Dev       Count

Performance Statistics   2020-07-19 20:35:00 - 2020-07-19 20:36:00
Tag                                                  Avg(ms)         Min         Max     Std Dev       Count

Performance Statistics   2020-07-19 20:36:00 - 2020-07-19 20:37:00
Tag                                                  Avg(ms)         Min         Max     Std Dev       Count

Performance Statistics   2020-07-19 20:37:00 - 2020-07-19 20:38:00
Tag                                                  Avg(ms)         Min         Max     Std Dev       Count

Performance Statistics   2020-07-19 20:38:00 - 2020-07-19 20:39:00
Tag                                                  Avg(ms)         Min         Max     Std Dev       Count

Performance Statistics   2020-07-19 20:39:00 - 2020-07-19 20:40:00
Tag                                                  Avg(ms)         Min         Max     Std Dev       Count

Performance Statistics   2020-07-19 20:40:00 - 2020-07-19 20:41:00
Tag                                                  Avg(ms)         Min         Max     Std Dev       Count

Performance Statistics   2020-07-19 20:41:00 - 2020-07-19 20:42:00
Tag                                                  Avg(ms)         Min         Max     Std Dev       Count

Performance Statistics   2020-07-19 20:42:00 - 2020-07-19 20:43:00
Tag                                                  Avg(ms)         Min         Max     Std Dev       Count

Performance Statistics   2020-07-19 20:43:00 - 2020-07-19 20:44:00
Tag                                                  Avg(ms)         Min         Max     Std Dev       Count

Performance Statistics   2020-07-19 20:44:00 - 2020-07-19 20:45:00
Tag                                                  Avg(ms)         Min         Max     Std Dev       Count

Performance Statistics   2020-07-19 20:45:00 - 2020-07-19 20:46:00
Tag                                                  Avg(ms)         Min         Max     Std Dev       Count

Performance Statistics   2020-07-19 20:46:00 - 2020-07-19 20:47:00
Tag                                                  Avg(ms)         Min         Max     Std Dev       Count

Performance Statistics   2020-07-19 20:47:00 - 2020-07-19 20:48:00
Tag                                                  Avg(ms)         Min         Max     Std Dev       Count

Performance Statistics   2020-07-19 20:48:00 - 2020-07-19 20:49:00
Tag                                                  Avg(ms)         Min         Max     Std Dev       Count

Performance Statistics   2020-07-19 20:49:00 - 2020-07-19 20:50:00
Tag                                                  Avg(ms)         Min         Max     Std Dev       Count

Performance Statistics   2020-07-19 20:50:00 - 2020-07-19 20:51:00
Tag                                                  Avg(ms)         Min         Max     Std Dev       Count

Performance Statistics   2020-07-19 20:51:00 - 2020-07-19 20:52:00
Tag                                                  Avg(ms)         Min         Max     Std Dev       Count

Performance Statistics   2020-07-19 20:52:00 - 2020-07-19 20:53:00
Tag                                                  Avg(ms)         Min         Max     Std Dev       Count

Performance Statistics   2020-07-19 20:53:00 - 2020-07-19 20:54:00
Tag                                                  Avg(ms)         Min         Max     Std Dev       Count

Performance Statistics   2020-07-19 20:54:00 - 2020-07-19 20:55:00
Tag                                                  Avg(ms)         Min         Max     Std Dev       Count

Performance Statistics   2020-07-19 20:55:00 - 2020-07-19 20:56:00
Tag                                                  Avg(ms)         Min         Max     Std Dev       Count

Performance Statistics   2020-07-19 20:56:00 - 2020-07-19 20:57:00
Tag                                                  Avg(ms)         Min         Max     Std Dev       Count

Performance Statistics   2020-07-19 20:57:00 - 2020-07-19 20:58:00
Tag                                                  Avg(ms)         Min         Max     Std Dev       Count

Performance Statistics   2020-07-19 20:58:00 - 2020-07-19 20:59:00
Tag                                                  Avg(ms)         Min         Max     Std Dev       Count

Performance Statistics   2020-07-19 20:59:00 - 2020-07-19 21:00:00
Tag                                                  Avg(ms)         Min         Max     Std Dev       Count

Performance Statistics   2020-07-19 21:00:00 - 2020-07-19 21:01:00
Tag                                                  Avg(ms)         Min         Max     Std Dev       Count

Performance Statistics   2020-07-19 21:01:00 - 2020-07-19 21:02:00
Tag                                                  Avg(ms)         Min         Max     Std Dev       Count

Performance Statistics   2020-07-19 21:02:00 - 2020-07-19 21:03:00
Tag                                                  Avg(ms)         Min         Max     Std Dev       Count

Performance Statistics   2020-07-19 21:03:00 - 2020-07-19 21:04:00
Tag                                                  Avg(ms)         Min         Max     Std Dev       Count

Performance Statistics   2020-07-19 21:04:00 - 2020-07-19 21:05:00
Tag                                                  Avg(ms)         Min         Max     Std Dev       Count

Performance Statistics   2020-07-19 21:05:00 - 2020-07-19 21:06:00
Tag                                                  Avg(ms)         Min         Max     Std Dev       Count

Performance Statistics   2020-07-19 21:06:00 - 2020-07-19 21:07:00
Tag                                                  Avg(ms)         Min         Max     Std Dev       Count

Performance Statistics   2020-07-19 21:07:00 - 2020-07-19 21:08:00
Tag                                                  Avg(ms)         Min         Max     Std Dev       Count

Performance Statistics   2020-07-19 21:08:00 - 2020-07-19 21:09:00
Tag                                                  Avg(ms)         Min         Max     Std Dev       Count
Messages.searchClasspath                                 0,2           0           1         0,4           5
Messages.searchFiles                                     0,0           0           0         0,0           5

Performance Statistics   2020-07-19 21:09:00 - 2020-07-19 21:10:00
Tag                                                  Avg(ms)         Min         Max     Std Dev       Count

Performance Statistics   2020-07-19 21:10:00 - 2020-07-19 21:11:00
Tag                                                  Avg(ms)         Min         Max     Std Dev       Count

Performance Statistics   2020-07-19 21:11:00 - 2020-07-19 21:12:00
Tag                                                  Avg(ms)         Min         Max     Std Dev       Count

Performance Statistics   2020-07-19 21:12:00 - 2020-07-19 21:13:00
Tag                                                  Avg(ms)         Min         Max     Std Dev       Count

Performance Statistics   2020-07-19 21:13:00 - 2020-07-19 21:14:00
Tag                                                  Avg(ms)         Min         Max     Std Dev       Count

Performance Statistics   2020-07-19 21:14:00 - 2020-07-19 21:15:00
Tag                                                  Avg(ms)         Min         Max     Std Dev       Count

Performance Statistics   2020-07-19 21:15:00 - 2020-07-19 21:16:00
Tag                                                  Avg(ms)         Min         Max     Std Dev       Count

Performance Statistics   2020-07-19 21:16:00 - 2020-07-19 21:17:00
Tag                                                  Avg(ms)         Min         Max     Std Dev       Count
Messages.searchClasspath                                25,0           6         163        35,3          26
Messages.searchFiles                                     9,9           6          13         2,1          26

Performance Statistics   2020-07-19 21:17:00 - 2020-07-19 21:18:00
Tag                                                  Avg(ms)         Min         Max     Std Dev       Count
LoadClass                                                1,5           0           3         1,5           2
Messages.searchClasspath                                 0,0           0           0         0,0          47
Messages.searchFiles                                     0,0           0           0         0,0          47

Performance Statistics   2020-07-19 21:18:00 - 2020-07-19 21:19:00
Tag                                                  Avg(ms)         Min         Max     Std Dev       Count

Performance Statistics   2020-07-19 21:19:00 - 2020-07-19 21:20:00
Tag                                                  Avg(ms)         Min         Max     Std Dev       Count

Performance Statistics   2020-07-19 21:20:00 - 2020-07-19 21:21:00
Tag                                                  Avg(ms)         Min         Max     Std Dev       Count

Performance Statistics   2020-07-19 21:21:00 - 2020-07-19 21:22:00
Tag                                                  Avg(ms)         Min         Max     Std Dev       Count

Performance Statistics   2020-07-19 21:22:00 - 2020-07-19 21:23:00
Tag                                                  Avg(ms)         Min         Max     Std Dev       Count

Performance Statistics   2020-07-19 21:23:00 - 2020-07-19 21:24:00
Tag                                                  Avg(ms)         Min         Max     Std Dev       Count

Performance Statistics   2020-07-19 21:24:00 - 2020-07-19 21:25:00
Tag                                                  Avg(ms)         Min         Max     Std Dev       Count

Performance Statistics   2020-07-19 21:25:00 - 2020-07-19 21:26:00
Tag                                                  Avg(ms)         Min         Max     Std Dev       Count

Performance Statistics   2020-07-19 21:26:00 - 2020-07-19 21:27:00
Tag                                                  Avg(ms)         Min         Max     Std Dev       Count

Performance Statistics   2020-07-19 21:27:00 - 2020-07-19 21:28:00
Tag                                                  Avg(ms)         Min         Max     Std Dev       Count

Performance Statistics   2020-07-19 21:28:00 - 2020-07-19 21:29:00
Tag                                                  Avg(ms)         Min         Max     Std Dev       Count

Performance Statistics   2020-07-19 21:29:00 - 2020-07-19 21:30:00
Tag                                                  Avg(ms)         Min         Max     Std Dev       Count

Performance Statistics   2020-07-19 21:30:00 - 2020-07-19 21:31:00
Tag                                                  Avg(ms)         Min         Max     Std Dev       Count

Performance Statistics   2020-07-19 21:31:00 - 2020-07-19 21:32:00
Tag                                                  Avg(ms)         Min         Max     Std Dev       Count

Performance Statistics   2020-07-19 21:32:00 - 2020-07-19 21:33:00
Tag                                                  Avg(ms)         Min         Max     Std Dev       Count

Performance Statistics   2020-07-19 21:59:00 - 2020-07-19 22:00:00
Tag                                                  Avg(ms)         Min         Max     Std Dev       Count
Messages.searchClasspath                                 0,3           0          15         1,7         156
Messages.searchFiles                                     0,3           0          44         3,5         156

Performance Statistics   2020-07-19 22:00:00 - 2020-07-19 22:01:00
Tag                                                  Avg(ms)         Min         Max     Std Dev       Count
LoadClass                                                0,2           0           1         0,4          14
Messages.searchClasspath                                 0,1           0           2         0,4          84
Messages.searchFiles                                     0,0           0           1         0,1          84
Metadata.replaceExtendedMetaClasses                      3,5           1           6         2,5           2
WebJARs                                                 14,0          14          14         0,0           1

Performance Statistics   2020-07-19 22:01:00 - 2020-07-19 22:02:00
Tag                                                  Avg(ms)         Min         Max     Std Dev       Count

Performance Statistics   2020-07-19 22:02:00 - 2020-07-19 22:03:00
Tag                                                  Avg(ms)         Min         Max     Std Dev       Count

Performance Statistics   2020-07-19 22:03:00 - 2020-07-19 22:04:00
Tag                                                  Avg(ms)         Min         Max     Std Dev       Count

Performance Statistics   2020-07-19 22:04:00 - 2020-07-19 22:05:00
Tag                                                  Avg(ms)         Min         Max     Std Dev       Count

Performance Statistics   2020-07-19 22:05:00 - 2020-07-19 22:06:00
Tag                                                  Avg(ms)         Min         Max     Std Dev       Count

Performance Statistics   2020-07-19 22:06:00 - 2020-07-19 22:07:00
Tag                                                  Avg(ms)         Min         Max     Std Dev       Count

Performance Statistics   2020-07-19 22:07:00 - 2020-07-19 22:08:00
Tag                                                  Avg(ms)         Min         Max     Std Dev       Count

Performance Statistics   2020-07-19 22:08:00 - 2020-07-19 22:09:00
Tag                                                  Avg(ms)         Min         Max     Std Dev       Count
LoadClass                                                0,2           0           1         0,4          14
Messages.searchClasspath                                 0,2           0          14         1,2         240
Messages.searchFiles                                     0,1           0          25         1,6         240
Metadata.replaceExtendedMetaClasses                      7,5           1          14         6,5           2
WebJARs                                                 17,0          17          17         0,0           1

Performance Statistics   2020-07-19 22:09:00 - 2020-07-19 22:10:00
Tag                                                  Avg(ms)         Min         Max     Std Dev       Count

Performance Statistics   2020-07-19 22:11:00 - 2020-07-19 22:12:00
Tag                                                  Avg(ms)         Min         Max     Std Dev       Count
LoadClass                                                0,2           0           1         0,4          14
Messages.searchClasspath                                 0,2           0          12         1,0         240
Messages.searchFiles                                     0,1           0          17         1,2         240
Metadata.replaceExtendedMetaClasses                      1,0           1           1         0,0           2
WebJARs                                                 14,0          14          14         0,0           1

Performance Statistics   2020-07-19 22:12:00 - 2020-07-19 22:13:00
Tag                                                  Avg(ms)         Min         Max     Std Dev       Count

Performance Statistics   2020-07-19 22:13:00 - 2020-07-19 22:14:00
Tag                                                  Avg(ms)         Min         Max     Std Dev       Count

Performance Statistics   2020-07-19 22:14:00 - 2020-07-19 22:15:00
Tag                                                  Avg(ms)         Min         Max     Std Dev       Count

Performance Statistics   2020-07-19 22:15:00 - 2020-07-19 22:16:00
Tag                                                  Avg(ms)         Min         Max     Std Dev       Count

Performance Statistics   2020-07-19 22:16:00 - 2020-07-19 22:17:00
Tag                                                  Avg(ms)         Min         Max     Std Dev       Count

Performance Statistics   2020-07-19 22:17:00 - 2020-07-19 22:18:00
Tag                                                  Avg(ms)         Min         Max     Std Dev       Count

Performance Statistics   2020-07-19 22:18:00 - 2020-07-19 22:19:00
Tag                                                  Avg(ms)         Min         Max     Std Dev       Count

Performance Statistics   2020-07-19 22:19:00 - 2020-07-19 22:20:00
Tag                                                  Avg(ms)         Min         Max     Std Dev       Count

Performance Statistics   2020-07-19 22:20:00 - 2020-07-19 22:21:00
Tag                                                  Avg(ms)         Min         Max     Std Dev       Count

Performance Statistics   2020-07-19 22:21:00 - 2020-07-19 22:22:00
Tag                                                  Avg(ms)         Min         Max     Std Dev       Count

Performance Statistics   2020-07-19 22:22:00 - 2020-07-19 22:23:00
Tag                                                  Avg(ms)         Min         Max     Std Dev       Count

Performance Statistics   2020-07-19 22:23:00 - 2020-07-19 22:24:00
Tag                                                  Avg(ms)         Min         Max     Std Dev       Count

Performance Statistics   2020-07-19 22:24:00 - 2020-07-19 22:25:00
Tag                                                  Avg(ms)         Min         Max     Std Dev       Count

Performance Statistics   2020-07-19 22:25:00 - 2020-07-19 22:26:00
Tag                                                  Avg(ms)         Min         Max     Std Dev       Count

Performance Statistics   2020-07-19 22:26:00 - 2020-07-19 22:27:00
Tag                                                  Avg(ms)         Min         Max     Std Dev       Count
LoadClass                                              157,0         157         157         0,0           1

Performance Statistics   2020-07-19 22:27:00 - 2020-07-19 22:28:00
Tag                                                  Avg(ms)         Min         Max     Std Dev       Count
LoadClass                                               79,0          79          79         0,0           1

Performance Statistics   2020-07-19 22:28:00 - 2020-07-19 22:29:00
Tag                                                  Avg(ms)         Min         Max     Std Dev       Count

Performance Statistics   2020-07-19 23:15:00 - 2020-07-19 23:16:00
Tag                                                  Avg(ms)         Min         Max     Std Dev       Count
Messages.searchClasspath                                 0,3           0          13         1,3         156
Messages.searchFiles                                     0,1           0          19         1,5         156

Performance Statistics   2020-07-19 23:16:00 - 2020-07-19 23:17:00
Tag                                                  Avg(ms)         Min         Max     Std Dev       Count
LoadClass                                                0,3           0           1         0,5          14
Messages.searchClasspath                                 0,1           0           3         0,4         114
Messages.searchFiles                                     0,0           0           1         0,1         114
Metadata.replaceExtendedMetaClasses                      6,5           1          12         5,5           2
WebJARs                                                 14,0          14          14         0,0           1

Performance Statistics   2020-07-19 23:17:00 - 2020-07-19 23:18:00
Tag                                                  Avg(ms)         Min         Max     Std Dev       Count

Performance Statistics   2020-07-19 23:18:00 - 2020-07-19 23:19:00
Tag                                                  Avg(ms)         Min         Max     Std Dev       Count

Performance Statistics   2020-07-19 23:19:00 - 2020-07-19 23:20:00
Tag                                                  Avg(ms)         Min         Max     Std Dev       Count

Performance Statistics   2020-07-19 23:20:00 - 2020-07-19 23:21:00
Tag                                                  Avg(ms)         Min         Max     Std Dev       Count

Performance Statistics   2020-07-19 23:23:00 - 2020-07-19 23:24:00
Tag                                                  Avg(ms)         Min         Max     Std Dev       Count
LoadClass                                                0,2           0           1         0,4          14
Messages.searchClasspath                                 0,3           0          18         1,9         156
Messages.searchFiles                                     0,1           0          17         1,4         156
Metadata.replaceExtendedMetaClasses                      1,0           1           1         0,0           1
WebJARs                                                 16,0          16          16         0,0           1

Performance Statistics   2020-07-19 23:24:00 - 2020-07-19 23:25:00
Tag                                                  Avg(ms)         Min         Max     Std Dev       Count
Messages.searchClasspath                                 0,1           0           4         0,5          84
Messages.searchFiles                                     0,0           0           1         0,1          84
Metadata.replaceExtendedMetaClasses                      1,0           1           1         0,0           1

Performance Statistics   2020-07-19 23:25:00 - 2020-07-19 23:26:00
Tag                                                  Avg(ms)         Min         Max     Std Dev       Count

Performance Statistics   2020-07-19 23:26:00 - 2020-07-19 23:27:00
Tag                                                  Avg(ms)         Min         Max     Std Dev       Count

Performance Statistics   2020-07-19 23:27:00 - 2020-07-19 23:28:00
Tag                                                  Avg(ms)         Min         Max     Std Dev       Count

Performance Statistics   2020-07-19 23:28:00 - 2020-07-19 23:29:00
Tag                                                  Avg(ms)         Min         Max     Std Dev       Count

Performance Statistics   2020-07-19 23:29:00 - 2020-07-19 23:30:00
Tag                                                  Avg(ms)         Min         Max     Std Dev       Count

Performance Statistics   2020-07-19 23:30:00 - 2020-07-19 23:31:00
Tag                                                  Avg(ms)         Min         Max     Std Dev       Count

Performance Statistics   2020-07-19 23:31:00 - 2020-07-19 23:32:00
Tag                                                  Avg(ms)         Min         Max     Std Dev       Count

Performance Statistics   2020-07-19 23:32:00 - 2020-07-19 23:33:00
Tag                                                  Avg(ms)         Min         Max     Std Dev       Count

Performance Statistics   2020-07-19 23:33:00 - 2020-07-19 23:34:00
Tag                                                  Avg(ms)         Min         Max     Std Dev       Count

Performance Statistics   2020-07-19 23:34:00 - 2020-07-19 23:35:00
Tag                                                  Avg(ms)         Min         Max     Std Dev       Count

Performance Statistics   2020-07-19 23:35:00 - 2020-07-19 23:36:00
Tag                                                  Avg(ms)         Min         Max     Std Dev       Count

Performance Statistics   2020-07-19 23:36:00 - 2020-07-19 23:37:00
Tag                                                  Avg(ms)         Min         Max     Std Dev       Count

Performance Statistics   2020-07-19 23:37:00 - 2020-07-19 23:38:00
Tag                                                  Avg(ms)         Min         Max     Std Dev       Count

Performance Statistics   2020-07-19 23:38:00 - 2020-07-19 23:39:00
Tag                                                  Avg(ms)         Min         Max     Std Dev       Count

Performance Statistics   2020-07-19 23:39:00 - 2020-07-19 23:40:00
Tag                                                  Avg(ms)         Min         Max     Std Dev       Count

Performance Statistics   2020-07-19 23:40:00 - 2020-07-19 23:41:00
Tag                                                  Avg(ms)         Min         Max     Std Dev       Count

Performance Statistics   2020-07-19 23:41:00 - 2020-07-19 23:42:00
Tag                                                  Avg(ms)         Min         Max     Std Dev       Count

Performance Statistics   2020-07-19 23:42:00 - 2020-07-19 23:43:00
Tag                                                  Avg(ms)         Min         Max     Std Dev       Count

Performance Statistics   2020-07-19 23:43:00 - 2020-07-19 23:44:00
Tag                                                  Avg(ms)         Min         Max     Std Dev       Count

Performance Statistics   2020-07-19 23:44:00 - 2020-07-19 23:45:00
Tag                                                  Avg(ms)         Min         Max     Std Dev       Count

Performance Statistics   2020-07-19 23:45:00 - 2020-07-19 23:46:00
Tag                                                  Avg(ms)         Min         Max     Std Dev       Count

Performance Statistics   2020-07-19 23:46:00 - 2020-07-19 23:47:00
Tag                                                  Avg(ms)         Min         Max     Std Dev       Count

Performance Statistics   2020-07-19 23:47:00 - 2020-07-19 23:48:00
Tag                                                  Avg(ms)         Min         Max     Std Dev       Count

Performance Statistics   2020-07-19 23:48:00 - 2020-07-19 23:49:00
Tag                                                  Avg(ms)         Min         Max     Std Dev       Count

Performance Statistics   2020-07-19 23:49:00 - 2020-07-19 23:50:00
Tag                                                  Avg(ms)         Min         Max     Std Dev       Count

Performance Statistics   2020-07-19 23:50:00 - 2020-07-19 23:51:00
Tag                                                  Avg(ms)         Min         Max     Std Dev       Count

Performance Statistics   2020-07-19 23:51:00 - 2020-07-19 23:52:00
Tag                                                  Avg(ms)         Min         Max     Std Dev       Count

Performance Statistics   2020-07-19 23:52:00 - 2020-07-19 23:53:00
Tag                                                  Avg(ms)         Min         Max     Std Dev       Count
LoadClass                                              111,0         111         111         0,0           1

Performance Statistics   2020-07-19 23:53:00 - 2020-07-19 23:54:00
Tag                                                  Avg(ms)         Min         Max     Std Dev       Count

Performance Statistics   2020-07-19 23:54:00 - 2020-07-19 23:55:00
Tag                                                  Avg(ms)         Min         Max     Std Dev       Count

Performance Statistics   2020-07-19 23:55:00 - 2020-07-19 23:56:00
Tag                                                  Avg(ms)         Min         Max     Std Dev       Count

Performance Statistics   2020-07-19 23:56:00 - 2020-07-19 23:57:00
Tag                                                  Avg(ms)         Min         Max     Std Dev       Count

Performance Statistics   2020-07-19 23:57:00 - 2020-07-19 23:58:00
Tag                                                  Avg(ms)         Min         Max     Std Dev       Count

Performance Statistics   2020-07-19 23:58:00 - 2020-07-19 23:59:00
Tag                                                  Avg(ms)         Min         Max     Std Dev       Count

