Performance Statistics   2020-07-17 23:59:00 - 2020-07-18 00:00:00
Tag                                                  Avg(ms)         Min         Max     Std Dev       Count

Performance Statistics   2020-07-18 00:00:00 - 2020-07-18 00:01:00
Tag                                                  Avg(ms)         Min         Max     Std Dev       Count

Performance Statistics   2020-07-18 00:01:00 - 2020-07-18 00:02:00
Tag                                                  Avg(ms)         Min         Max     Std Dev       Count

Performance Statistics   2020-07-18 00:02:00 - 2020-07-18 00:03:00
Tag                                                  Avg(ms)         Min         Max     Std Dev       Count

Performance Statistics   2020-07-18 00:03:00 - 2020-07-18 00:04:00
Tag                                                  Avg(ms)         Min         Max     Std Dev       Count

Performance Statistics   2020-07-18 00:04:00 - 2020-07-18 00:05:00
Tag                                                  Avg(ms)         Min         Max     Std Dev       Count

Performance Statistics   2020-07-18 00:05:00 - 2020-07-18 00:06:00
Tag                                                  Avg(ms)         Min         Max     Std Dev       Count

Performance Statistics   2020-07-18 00:06:00 - 2020-07-18 00:07:00
Tag                                                  Avg(ms)         Min         Max     Std Dev       Count

Performance Statistics   2020-07-18 00:07:00 - 2020-07-18 00:08:00
Tag                                                  Avg(ms)         Min         Max     Std Dev       Count

Performance Statistics   2020-07-18 00:08:00 - 2020-07-18 00:09:00
Tag                                                  Avg(ms)         Min         Max     Std Dev       Count

Performance Statistics   2020-07-18 00:09:00 - 2020-07-18 00:10:00
Tag                                                  Avg(ms)         Min         Max     Std Dev       Count

Performance Statistics   2020-07-18 00:10:00 - 2020-07-18 00:11:00
Tag                                                  Avg(ms)         Min         Max     Std Dev       Count

Performance Statistics   2020-07-18 00:11:00 - 2020-07-18 00:12:00
Tag                                                  Avg(ms)         Min         Max     Std Dev       Count

Performance Statistics   2020-07-18 00:12:00 - 2020-07-18 00:13:00
Tag                                                  Avg(ms)         Min         Max     Std Dev       Count

Performance Statistics   2020-07-18 00:13:00 - 2020-07-18 00:14:00
Tag                                                  Avg(ms)         Min         Max     Std Dev       Count

Performance Statistics   2020-07-18 00:14:00 - 2020-07-18 00:15:00
Tag                                                  Avg(ms)         Min         Max     Std Dev       Count

Performance Statistics   2020-07-18 00:15:00 - 2020-07-18 00:16:00
Tag                                                  Avg(ms)         Min         Max     Std Dev       Count

Performance Statistics   2020-07-18 00:16:00 - 2020-07-18 00:17:00
Tag                                                  Avg(ms)         Min         Max     Std Dev       Count

Performance Statistics   2020-07-18 00:17:00 - 2020-07-18 00:18:00
Tag                                                  Avg(ms)         Min         Max     Std Dev       Count

Performance Statistics   2020-07-18 00:18:00 - 2020-07-18 00:19:00
Tag                                                  Avg(ms)         Min         Max     Std Dev       Count

Performance Statistics   2020-07-18 00:19:00 - 2020-07-18 00:20:00
Tag                                                  Avg(ms)         Min         Max     Std Dev       Count

Performance Statistics   2020-07-18 00:20:00 - 2020-07-18 00:21:00
Tag                                                  Avg(ms)         Min         Max     Std Dev       Count

Performance Statistics   2020-07-18 00:21:00 - 2020-07-18 00:22:00
Tag                                                  Avg(ms)         Min         Max     Std Dev       Count

Performance Statistics   2020-07-18 00:22:00 - 2020-07-18 00:23:00
Tag                                                  Avg(ms)         Min         Max     Std Dev       Count

Performance Statistics   2020-07-18 00:23:00 - 2020-07-18 00:24:00
Tag                                                  Avg(ms)         Min         Max     Std Dev       Count
LoadClass                                                0,2           0           3         0,7          17
Messages.searchClasspath                                 0,0           0           0         0,0          60
Messages.searchFiles                                     0,0           0           0         0,0          60

Performance Statistics   2020-07-18 00:24:00 - 2020-07-18 00:25:00
Tag                                                  Avg(ms)         Min         Max     Std Dev       Count

Performance Statistics   2020-07-18 00:25:00 - 2020-07-18 00:26:00
Tag                                                  Avg(ms)         Min         Max     Std Dev       Count

Performance Statistics   2020-07-18 00:26:00 - 2020-07-18 00:27:00
Tag                                                  Avg(ms)         Min         Max     Std Dev       Count

Performance Statistics   2020-07-18 00:27:00 - 2020-07-18 00:28:00
Tag                                                  Avg(ms)         Min         Max     Std Dev       Count

Performance Statistics   2020-07-18 00:28:00 - 2020-07-18 00:29:00
Tag                                                  Avg(ms)         Min         Max     Std Dev       Count

Performance Statistics   2020-07-18 00:29:00 - 2020-07-18 00:30:00
Tag                                                  Avg(ms)         Min         Max     Std Dev       Count

Performance Statistics   2020-07-18 00:30:00 - 2020-07-18 00:31:00
Tag                                                  Avg(ms)         Min         Max     Std Dev       Count

Performance Statistics   2020-07-18 00:31:00 - 2020-07-18 00:32:00
Tag                                                  Avg(ms)         Min         Max     Std Dev       Count
LoadClass                                                0,0           0           0         0,0          11
Messages.searchClasspath                                 0,0           0           0         0,0          16
Messages.searchFiles                                     0,0           0           0         0,0          16

Performance Statistics   2020-07-18 00:32:00 - 2020-07-18 00:33:00
Tag                                                  Avg(ms)         Min         Max     Std Dev       Count
LoadClass                                                0,0           0           0         0,0           8

Performance Statistics   2020-07-18 00:33:00 - 2020-07-18 00:34:00
Tag                                                  Avg(ms)         Min         Max     Std Dev       Count
LoadClass                                                0,0           0           0         0,0           2
ViewRepository.init.ViewRepositoryClientImpl             9,0           9           9         0,0           1

Performance Statistics   2020-07-18 00:34:00 - 2020-07-18 00:35:00
Tag                                                  Avg(ms)         Min         Max     Std Dev       Count
LoadClass                                                0,0           0           0         0,0           8
Messages.searchClasspath                                 0,0           0           0         0,0           7
Messages.searchFiles                                     0,0           0           0         0,0           7

Performance Statistics   2020-07-18 00:35:00 - 2020-07-18 00:36:00
Tag                                                  Avg(ms)         Min         Max     Std Dev       Count

Performance Statistics   2020-07-18 00:36:00 - 2020-07-18 00:37:00
Tag                                                  Avg(ms)         Min         Max     Std Dev       Count

Performance Statistics   2020-07-18 00:38:00 - 2020-07-18 00:39:00
Tag                                                  Avg(ms)         Min         Max     Std Dev       Count
LoadClass                                                0,4           0           2         0,6          24
Messages.searchClasspath                                 0,1           0          11         0,7         744
Messages.searchFiles                                     0,0           0          21         0,8         744
Metadata.replaceExtendedMetaClasses                      1,5           1           2         0,5           2
ViewRepository.init.ViewRepositoryClientImpl            25,0          25          25         0,0           1
ViewRepository.init.ViewRepositoryImpl                  28,0          28          28         0,0           1
WebJARs                                                 14,0          14          14         0,0           1

Performance Statistics   2020-07-18 00:39:00 - 2020-07-18 00:40:00
Tag                                                  Avg(ms)         Min         Max     Std Dev       Count
LoadClass                                                0,3           0           1         0,4           4
Messages.searchClasspath                                 0,0           0           0         0,0          55
Messages.searchFiles                                     0,0           0           0         0,0          55

Performance Statistics   2020-07-18 00:40:00 - 2020-07-18 00:41:00
Tag                                                  Avg(ms)         Min         Max     Std Dev       Count

Performance Statistics   2020-07-18 00:41:00 - 2020-07-18 00:42:00
Tag                                                  Avg(ms)         Min         Max     Std Dev       Count
LoadClass                                                1,0           0           8         2,6           8
Messages.searchClasspath                                 0,0           0           0         0,0          16
Messages.searchFiles                                     0,0           0           0         0,0          16

Performance Statistics   2020-07-18 00:42:00 - 2020-07-18 00:43:00
Tag                                                  Avg(ms)         Min         Max     Std Dev       Count
LoadClass                                                0,0           0           0         0,0           4

Performance Statistics   2020-07-18 00:43:00 - 2020-07-18 00:44:00
Tag                                                  Avg(ms)         Min         Max     Std Dev       Count
LoadClass                                                0,0           0           0         0,0           1
Messages.searchClasspath                                 0,0           0           0         0,0           7
Messages.searchFiles                                     0,0           0           0         0,0           7

Performance Statistics   2020-07-18 00:44:00 - 2020-07-18 00:45:00
Tag                                                  Avg(ms)         Min         Max     Std Dev       Count

Performance Statistics   2020-07-18 00:45:00 - 2020-07-18 00:46:00
Tag                                                  Avg(ms)         Min         Max     Std Dev       Count
LoadClass                                                0,5           0           3         1,0          20
Messages.searchClasspath                                 0,0           0           9         0,4         487
Messages.searchFiles                                     0,0           0           2         0,1         487

Performance Statistics   2020-07-18 00:46:00 - 2020-07-18 00:47:00
Tag                                                  Avg(ms)         Min         Max     Std Dev       Count
LoadClass                                                0,6           0           2         0,9           7
Messages.searchClasspath                                 0,0           0           0         0,0         107
Messages.searchFiles                                     0,0           0           0         0,0         107

Performance Statistics   2020-07-18 00:47:00 - 2020-07-18 00:48:00
Tag                                                  Avg(ms)         Min         Max     Std Dev       Count

Performance Statistics   2020-07-18 00:48:00 - 2020-07-18 00:49:00
Tag                                                  Avg(ms)         Min         Max     Std Dev       Count
LoadClass                                                0,0           0           0         0,0          16
Messages.searchClasspath                                 0,0           0           0         0,0          16
Messages.searchFiles                                     0,0           0           0         0,0          16

Performance Statistics   2020-07-18 00:49:00 - 2020-07-18 00:50:00
Tag                                                  Avg(ms)         Min         Max     Std Dev       Count
LoadClass                                                0,0           0           0         0,0           1

Performance Statistics   2020-07-18 00:50:00 - 2020-07-18 00:51:00
Tag                                                  Avg(ms)         Min         Max     Std Dev       Count
LoadClass                                                0,0           0           0         0,0           4
Messages.searchClasspath                                 0,0           0           0         0,0           3
Messages.searchFiles                                     0,0           0           0         0,0           3

Performance Statistics   2020-07-18 00:51:00 - 2020-07-18 00:52:00
Tag                                                  Avg(ms)         Min         Max     Std Dev       Count

Performance Statistics   2020-07-18 00:52:00 - 2020-07-18 00:53:00
Tag                                                  Avg(ms)         Min         Max     Std Dev       Count
Messages.searchClasspath                                 0,0           0           0         0,0          39
Messages.searchFiles                                     0,0           0           0         0,0          39

Performance Statistics   2020-07-18 00:53:00 - 2020-07-18 00:54:00
Tag                                                  Avg(ms)         Min         Max     Std Dev       Count

Performance Statistics   2020-07-18 00:54:00 - 2020-07-18 00:55:00
Tag                                                  Avg(ms)         Min         Max     Std Dev       Count
LoadClass                                                0,0           0           0         0,0           6

Performance Statistics   2020-07-18 00:55:00 - 2020-07-18 00:56:00
Tag                                                  Avg(ms)         Min         Max     Std Dev       Count

Performance Statistics   2020-07-18 00:56:00 - 2020-07-18 00:57:00
Tag                                                  Avg(ms)         Min         Max     Std Dev       Count

Performance Statistics   2020-07-18 00:57:00 - 2020-07-18 00:58:00
Tag                                                  Avg(ms)         Min         Max     Std Dev       Count

Performance Statistics   2020-07-18 00:58:00 - 2020-07-18 00:59:00
Tag                                                  Avg(ms)         Min         Max     Std Dev       Count

Performance Statistics   2020-07-18 00:59:00 - 2020-07-18 01:00:00
Tag                                                  Avg(ms)         Min         Max     Std Dev       Count

Performance Statistics   2020-07-18 01:00:00 - 2020-07-18 01:01:00
Tag                                                  Avg(ms)         Min         Max     Std Dev       Count

Performance Statistics   2020-07-18 01:01:00 - 2020-07-18 01:02:00
Tag                                                  Avg(ms)         Min         Max     Std Dev       Count

Performance Statistics   2020-07-18 01:02:00 - 2020-07-18 01:03:00
Tag                                                  Avg(ms)         Min         Max     Std Dev       Count

Performance Statistics   2020-07-18 01:03:00 - 2020-07-18 01:04:00
Tag                                                  Avg(ms)         Min         Max     Std Dev       Count

Performance Statistics   2020-07-18 01:04:00 - 2020-07-18 01:05:00
Tag                                                  Avg(ms)         Min         Max     Std Dev       Count

Performance Statistics   2020-07-18 01:05:00 - 2020-07-18 01:06:00
Tag                                                  Avg(ms)         Min         Max     Std Dev       Count

Performance Statistics   2020-07-18 01:06:00 - 2020-07-18 01:07:00
Tag                                                  Avg(ms)         Min         Max     Std Dev       Count

Performance Statistics   2020-07-18 01:07:00 - 2020-07-18 01:08:00
Tag                                                  Avg(ms)         Min         Max     Std Dev       Count

Performance Statistics   2020-07-18 01:08:00 - 2020-07-18 01:09:00
Tag                                                  Avg(ms)         Min         Max     Std Dev       Count

Performance Statistics   2020-07-18 01:09:00 - 2020-07-18 01:10:00
Tag                                                  Avg(ms)         Min         Max     Std Dev       Count

Performance Statistics   2020-07-18 01:10:00 - 2020-07-18 01:11:00
Tag                                                  Avg(ms)         Min         Max     Std Dev       Count

Performance Statistics   2020-07-18 01:11:00 - 2020-07-18 01:12:00
Tag                                                  Avg(ms)         Min         Max     Std Dev       Count

Performance Statistics   2020-07-18 01:12:00 - 2020-07-18 01:13:00
Tag                                                  Avg(ms)         Min         Max     Std Dev       Count

Performance Statistics   2020-07-18 01:13:00 - 2020-07-18 01:14:00
Tag                                                  Avg(ms)         Min         Max     Std Dev       Count

Performance Statistics   2020-07-18 01:14:00 - 2020-07-18 01:15:00
Tag                                                  Avg(ms)         Min         Max     Std Dev       Count

Performance Statistics   2020-07-18 01:15:00 - 2020-07-18 01:16:00
Tag                                                  Avg(ms)         Min         Max     Std Dev       Count

Performance Statistics   2020-07-18 01:16:00 - 2020-07-18 01:17:00
Tag                                                  Avg(ms)         Min         Max     Std Dev       Count

Performance Statistics   2020-07-18 01:17:00 - 2020-07-18 01:18:00
Tag                                                  Avg(ms)         Min         Max     Std Dev       Count

Performance Statistics   2020-07-18 01:18:00 - 2020-07-18 01:19:00
Tag                                                  Avg(ms)         Min         Max     Std Dev       Count

Performance Statistics   2020-07-18 01:19:00 - 2020-07-18 01:20:00
Tag                                                  Avg(ms)         Min         Max     Std Dev       Count

Performance Statistics   2020-07-18 01:44:00 - 2020-07-18 01:45:00
Tag                                                  Avg(ms)         Min         Max     Std Dev       Count
LoadClass                                                0,8           0           6         1,4          20
Messages.searchClasspath                                 0,1           0          13         0,9         668
Messages.searchFiles                                     0,1           0          22         1,0         668
Metadata.replaceExtendedMetaClasses                      1,0           1           1         0,0           2
ViewRepository.init.ViewRepositoryClientImpl            28,0          28          28         0,0           1
ViewRepository.init.ViewRepositoryImpl                  90,0          90          90         0,0           1
WebJARs                                                 17,0          17          17         0,0           1

Performance Statistics   2020-07-18 01:45:00 - 2020-07-18 01:46:00
Tag                                                  Avg(ms)         Min         Max     Std Dev       Count

Performance Statistics   2020-07-18 01:46:00 - 2020-07-18 01:47:00
Tag                                                  Avg(ms)         Min         Max     Std Dev       Count

Performance Statistics   2020-07-18 01:47:00 - 2020-07-18 01:48:00
Tag                                                  Avg(ms)         Min         Max     Std Dev       Count

Performance Statistics   2020-07-18 01:48:00 - 2020-07-18 01:49:00
Tag                                                  Avg(ms)         Min         Max     Std Dev       Count

Performance Statistics   2020-07-18 01:49:00 - 2020-07-18 01:50:00
Tag                                                  Avg(ms)         Min         Max     Std Dev       Count
LoadClass                                                0,0           0           0         0,0           1
Messages.searchClasspath                                 0,0           0           1         0,1          94
Messages.searchFiles                                     0,0           0           0         0,0          94

Performance Statistics   2020-07-18 01:50:00 - 2020-07-18 01:51:00
Tag                                                  Avg(ms)         Min         Max     Std Dev       Count

Performance Statistics   2020-07-18 01:53:00 - 2020-07-18 01:54:00
Tag                                                  Avg(ms)         Min         Max     Std Dev       Count

Performance Statistics   2020-07-18 01:54:00 - 2020-07-18 01:55:00
Tag                                                  Avg(ms)         Min         Max     Std Dev       Count

Performance Statistics   2020-07-18 01:57:00 - 2020-07-18 01:58:00
Tag                                                  Avg(ms)         Min         Max     Std Dev       Count

Performance Statistics   2020-07-18 01:59:00 - 2020-07-18 02:00:00
Tag                                                  Avg(ms)         Min         Max     Std Dev       Count

Performance Statistics   2020-07-18 02:00:00 - 2020-07-18 02:01:00
Tag                                                  Avg(ms)         Min         Max     Std Dev       Count

Performance Statistics   2020-07-18 02:01:00 - 2020-07-18 02:02:00
Tag                                                  Avg(ms)         Min         Max     Std Dev       Count

Performance Statistics   2020-07-18 02:37:00 - 2020-07-18 02:38:00
Tag                                                  Avg(ms)         Min         Max     Std Dev       Count

Performance Statistics   2020-07-18 02:38:00 - 2020-07-18 02:39:00
Tag                                                  Avg(ms)         Min         Max     Std Dev       Count

Performance Statistics   2020-07-18 02:39:00 - 2020-07-18 02:40:00
Tag                                                  Avg(ms)         Min         Max     Std Dev       Count

Performance Statistics   2020-07-18 02:40:00 - 2020-07-18 02:41:00
Tag                                                  Avg(ms)         Min         Max     Std Dev       Count

Performance Statistics   2020-07-18 02:41:00 - 2020-07-18 02:42:00
Tag                                                  Avg(ms)         Min         Max     Std Dev       Count

Performance Statistics   2020-07-18 02:44:00 - 2020-07-18 02:45:00
Tag                                                  Avg(ms)         Min         Max     Std Dev       Count
LoadClass                                                0,2           0           1         0,4          14
Messages.searchClasspath                                 0,3           0          15         1,7         108
Messages.searchFiles                                     0,2           0          23         2,2         108
Metadata.replaceExtendedMetaClasses                      1,0           1           1         0,0           1
WebJARs                                                 16,0          16          16         0,0           1

Performance Statistics   2020-07-18 02:45:00 - 2020-07-18 02:46:00
Tag                                                  Avg(ms)         Min         Max     Std Dev       Count
Messages.searchClasspath                                 0,1           0           3         0,3         102
Messages.searchFiles                                     0,0           0           0         0,0         102
Metadata.replaceExtendedMetaClasses                      1,0           1           1         0,0           1

Performance Statistics   2020-07-18 02:47:00 - 2020-07-18 02:48:00
Tag                                                  Avg(ms)         Min         Max     Std Dev       Count
LoadClass                                                0,6           0           2         0,7          14
Messages.searchClasspath                                 0,2           0          12         1,0         210
Messages.searchFiles                                     0,1           0          18         1,2         210
Metadata.replaceExtendedMetaClasses                      1,0           1           1         0,0           2
WebJARs                                                 14,0          14          14         0,0           1

Performance Statistics   2020-07-18 02:50:00 - 2020-07-18 02:51:00
Tag                                                  Avg(ms)         Min         Max     Std Dev       Count
LoadClass                                                0,6           0           2         0,7          18
Messages.searchClasspath                                 0,1           0          15         0,8         611
Messages.searchFiles                                     0,0           0          23         0,9         611
Metadata.replaceExtendedMetaClasses                      1,5           1           2         0,5           2
ViewRepository.init.ViewRepositoryClientImpl            92,0          92          92         0,0           1
ViewRepository.init.ViewRepositoryImpl                  32,0          32          32         0,0           1
WebJARs                                                 13,0          13          13         0,0           1

Performance Statistics   2020-07-18 02:55:00 - 2020-07-18 02:56:00
Tag                                                  Avg(ms)         Min         Max     Std Dev       Count
LoadClass                                                0,5           0           4         1,1          14
Messages.searchClasspath                                 0,2           0          16         1,4         192
Messages.searchFiles                                     0,1           0          22         1,6         192
Metadata.replaceExtendedMetaClasses                      1,5           1           2         0,5           2
WebJARs                                                 16,0          16          16         0,0           1

Performance Statistics   2020-07-18 02:56:00 - 2020-07-18 02:57:00
Tag                                                  Avg(ms)         Min         Max     Std Dev       Count
LoadClass                                                0,4           0           1         0,5          14
Messages.searchClasspath                                 0,3           0          12         1,4         108
Messages.searchFiles                                     0,2           0          19         1,8         108
Metadata.replaceExtendedMetaClasses                      1,0           1           1         0,0           1
WebJARs                                                 14,0          14          14         0,0           1

Performance Statistics   2020-07-18 03:01:00 - 2020-07-18 03:02:00
Tag                                                  Avg(ms)         Min         Max     Std Dev       Count
LoadClass                                                0,4           0           1         0,5          14
Messages.searchClasspath                                 0,2           0          14         1,3         192
Messages.searchFiles                                     0,1           0          24         1,7         192
Metadata.replaceExtendedMetaClasses                      1,5           1           2         0,5           2
WebJARs                                                 16,0          16          16         0,0           1

Performance Statistics   2020-07-18 03:02:00 - 2020-07-18 03:03:00
Tag                                                  Avg(ms)         Min         Max     Std Dev       Count
LoadClass                                                1,5           0           3         1,1           4
Messages.searchClasspath                                 0,1           0           7         0,6         403
Messages.searchFiles                                     0,0           0           3         0,2         403
ViewRepository.init.ViewRepositoryClientImpl            61,0          61          61         0,0           1
ViewRepository.init.ViewRepositoryImpl                  40,0          40          40         0,0           1

Performance Statistics   2020-07-18 03:14:00 - 2020-07-18 03:15:00
Tag                                                  Avg(ms)         Min         Max     Std Dev       Count
LoadClass                                                0,3           0           2         0,6          22
Messages.searchClasspath                                 0,1           0          15         0,8         709
Messages.searchFiles                                     0,0           0          23         0,9         709
Metadata.replaceExtendedMetaClasses                      1,5           1           2         0,5           2
ViewRepository.init.ViewRepositoryClientImpl            32,0          32          32         0,0           1
ViewRepository.init.ViewRepositoryImpl                  32,0          32          32         0,0           1
WebJARs                                                 16,0          16          16         0,0           1

Performance Statistics   2020-07-18 03:15:00 - 2020-07-18 03:16:00
Tag                                                  Avg(ms)         Min         Max     Std Dev       Count

Performance Statistics   2020-07-18 03:16:00 - 2020-07-18 03:17:00
Tag                                                  Avg(ms)         Min         Max     Std Dev       Count

Performance Statistics   2020-07-18 03:17:00 - 2020-07-18 03:18:00
Tag                                                  Avg(ms)         Min         Max     Std Dev       Count

Performance Statistics   2020-07-18 03:18:00 - 2020-07-18 03:19:00
Tag                                                  Avg(ms)         Min         Max     Std Dev       Count
LoadClass                                                0,3           0           1         0,5           6
Messages.searchClasspath                                 0,0           0           3         0,2         540
Messages.searchFiles                                     0,0           0           0         0,0         540

Performance Statistics   2020-07-18 03:19:00 - 2020-07-18 03:20:00
Tag                                                  Avg(ms)         Min         Max     Std Dev       Count

Performance Statistics   2020-07-18 03:20:00 - 2020-07-18 03:21:00
Tag                                                  Avg(ms)         Min         Max     Std Dev       Count
LoadClass                                                0,1           0           1         0,2          18
Messages.searchClasspath                                 0,0           0           0         0,0         120
Messages.searchFiles                                     0,0           0           0         0,0         120

Performance Statistics   2020-07-18 03:21:00 - 2020-07-18 03:22:00
Tag                                                  Avg(ms)         Min         Max     Std Dev       Count
Messages.searchClasspath                                 0,0           0           3         0,3         239
Messages.searchFiles                                     0,0           0           1         0,1         239

Performance Statistics   2020-07-18 03:22:00 - 2020-07-18 03:23:00
Tag                                                  Avg(ms)         Min         Max     Std Dev       Count
Messages.searchClasspath                                 0,0           0          14         0,3        6386
Messages.searchFiles                                     0,0           0           0         0,0        6386

Performance Statistics   2020-07-18 03:23:00 - 2020-07-18 03:24:00
Tag                                                  Avg(ms)         Min         Max     Std Dev       Count
LoadClass                                                0,0           0           0         0,0          18
Messages.searchClasspath                                 0,1           0           2         0,3          32
Messages.searchFiles                                     0,0           0           0         0,0          32

Performance Statistics   2020-07-18 03:24:00 - 2020-07-18 03:25:00
Tag                                                  Avg(ms)         Min         Max     Std Dev       Count
Messages.searchClasspath                                 0,0           0           0         0,0           4
Messages.searchFiles                                     0,0           0           0         0,0           4

Performance Statistics   2020-07-18 03:25:00 - 2020-07-18 03:26:00
Tag                                                  Avg(ms)         Min         Max     Std Dev       Count
Messages.searchClasspath                                 0,0           0           0         0,0           8
Messages.searchFiles                                     0,0           0           0         0,0           8

Performance Statistics   2020-07-18 03:26:00 - 2020-07-18 03:27:00
Tag                                                  Avg(ms)         Min         Max     Std Dev       Count
LoadClass                                                0,0           0           0         0,0          12

Performance Statistics   2020-07-18 03:27:00 - 2020-07-18 03:28:00
Tag                                                  Avg(ms)         Min         Max     Std Dev       Count

Performance Statistics   2020-07-18 03:28:00 - 2020-07-18 03:29:00
Tag                                                  Avg(ms)         Min         Max     Std Dev       Count
LoadClass                                                0,4           0           5         1,4          12
Messages.searchClasspath                                 0,0           0           0         0,0          88
Messages.searchFiles                                     0,0           0           0         0,0          88

Performance Statistics   2020-07-18 03:29:00 - 2020-07-18 03:30:00
Tag                                                  Avg(ms)         Min         Max     Std Dev       Count
LoadClass                                                0,0           0           0         0,0          24
Messages.searchClasspath                                 0,0           0           0         0,0          36
Messages.searchFiles                                     0,0           0           0         0,0          36

Performance Statistics   2020-07-18 03:30:00 - 2020-07-18 03:31:00
Tag                                                  Avg(ms)         Min         Max     Std Dev       Count

Performance Statistics   2020-07-18 03:31:00 - 2020-07-18 03:32:00
Tag                                                  Avg(ms)         Min         Max     Std Dev       Count

Performance Statistics   2020-07-18 03:32:00 - 2020-07-18 03:33:00
Tag                                                  Avg(ms)         Min         Max     Std Dev       Count

Performance Statistics   2020-07-18 03:33:00 - 2020-07-18 03:34:00
Tag                                                  Avg(ms)         Min         Max     Std Dev       Count

Performance Statistics   2020-07-18 03:34:00 - 2020-07-18 03:35:00
Tag                                                  Avg(ms)         Min         Max     Std Dev       Count

Performance Statistics   2020-07-18 03:35:00 - 2020-07-18 03:36:00
Tag                                                  Avg(ms)         Min         Max     Std Dev       Count

Performance Statistics   2020-07-18 18:58:00 - 2020-07-18 18:59:00
Tag                                                  Avg(ms)         Min         Max     Std Dev       Count
LoadClass                                                0,4           0           2         0,6          14
Messages.searchClasspath                                 0,1           0          10         0,8         240
Messages.searchFiles                                     0,1           0          16         1,0         240
Metadata.replaceExtendedMetaClasses                      1,0           1           1         0,0           2
WebJARs                                                 15,0          15          15         0,0           1

Performance Statistics   2020-07-18 18:59:00 - 2020-07-18 19:00:00
Tag                                                  Avg(ms)         Min         Max     Std Dev       Count
Messages.searchClasspath                                 0,3           0           1         0,5          10
Messages.searchFiles                                     0,0           0           0         0,0          10

Performance Statistics   2020-07-18 19:00:00 - 2020-07-18 19:01:00
Tag                                                  Avg(ms)         Min         Max     Std Dev       Count

Performance Statistics   2020-07-18 19:01:00 - 2020-07-18 19:02:00
Tag                                                  Avg(ms)         Min         Max     Std Dev       Count

Performance Statistics   2020-07-18 19:02:00 - 2020-07-18 19:03:00
Tag                                                  Avg(ms)         Min         Max     Std Dev       Count

Performance Statistics   2020-07-18 19:03:00 - 2020-07-18 19:04:00
Tag                                                  Avg(ms)         Min         Max     Std Dev       Count

Performance Statistics   2020-07-18 19:04:00 - 2020-07-18 19:05:00
Tag                                                  Avg(ms)         Min         Max     Std Dev       Count

Performance Statistics   2020-07-18 19:05:00 - 2020-07-18 19:06:00
Tag                                                  Avg(ms)         Min         Max     Std Dev       Count

Performance Statistics   2020-07-18 19:06:00 - 2020-07-18 19:07:00
Tag                                                  Avg(ms)         Min         Max     Std Dev       Count

Performance Statistics   2020-07-18 19:07:00 - 2020-07-18 19:08:00
Tag                                                  Avg(ms)         Min         Max     Std Dev       Count

Performance Statistics   2020-07-18 19:08:00 - 2020-07-18 19:09:00
Tag                                                  Avg(ms)         Min         Max     Std Dev       Count

Performance Statistics   2020-07-18 19:09:00 - 2020-07-18 19:10:00
Tag                                                  Avg(ms)         Min         Max     Std Dev       Count

Performance Statistics   2020-07-18 19:10:00 - 2020-07-18 19:11:00
Tag                                                  Avg(ms)         Min         Max     Std Dev       Count

Performance Statistics   2020-07-18 19:11:00 - 2020-07-18 19:12:00
Tag                                                  Avg(ms)         Min         Max     Std Dev       Count

Performance Statistics   2020-07-18 19:12:00 - 2020-07-18 19:13:00
Tag                                                  Avg(ms)         Min         Max     Std Dev       Count

Performance Statistics   2020-07-18 19:13:00 - 2020-07-18 19:14:00
Tag                                                  Avg(ms)         Min         Max     Std Dev       Count

Performance Statistics   2020-07-18 19:14:00 - 2020-07-18 19:15:00
Tag                                                  Avg(ms)         Min         Max     Std Dev       Count

Performance Statistics   2020-07-18 19:15:00 - 2020-07-18 19:16:00
Tag                                                  Avg(ms)         Min         Max     Std Dev       Count

Performance Statistics   2020-07-18 19:16:00 - 2020-07-18 19:17:00
Tag                                                  Avg(ms)         Min         Max     Std Dev       Count

Performance Statistics   2020-07-18 19:17:00 - 2020-07-18 19:18:00
Tag                                                  Avg(ms)         Min         Max     Std Dev       Count

Performance Statistics   2020-07-18 19:18:00 - 2020-07-18 19:19:00
Tag                                                  Avg(ms)         Min         Max     Std Dev       Count

Performance Statistics   2020-07-18 19:19:00 - 2020-07-18 19:20:00
Tag                                                  Avg(ms)         Min         Max     Std Dev       Count

Performance Statistics   2020-07-18 19:20:00 - 2020-07-18 19:21:00
Tag                                                  Avg(ms)         Min         Max     Std Dev       Count

Performance Statistics   2020-07-18 19:21:00 - 2020-07-18 19:22:00
Tag                                                  Avg(ms)         Min         Max     Std Dev       Count

Performance Statistics   2020-07-18 19:22:00 - 2020-07-18 19:23:00
Tag                                                  Avg(ms)         Min         Max     Std Dev       Count

Performance Statistics   2020-07-18 19:23:00 - 2020-07-18 19:24:00
Tag                                                  Avg(ms)         Min         Max     Std Dev       Count

Performance Statistics   2020-07-18 19:24:00 - 2020-07-18 19:25:00
Tag                                                  Avg(ms)         Min         Max     Std Dev       Count

Performance Statistics   2020-07-18 19:25:00 - 2020-07-18 19:26:00
Tag                                                  Avg(ms)         Min         Max     Std Dev       Count

Performance Statistics   2020-07-18 19:26:00 - 2020-07-18 19:27:00
Tag                                                  Avg(ms)         Min         Max     Std Dev       Count

Performance Statistics   2020-07-18 19:27:00 - 2020-07-18 19:28:00
Tag                                                  Avg(ms)         Min         Max     Std Dev       Count

Performance Statistics   2020-07-18 19:28:00 - 2020-07-18 19:29:00
Tag                                                  Avg(ms)         Min         Max     Std Dev       Count

Performance Statistics   2020-07-18 19:29:00 - 2020-07-18 19:30:00
Tag                                                  Avg(ms)         Min         Max     Std Dev       Count

Performance Statistics   2020-07-18 19:30:00 - 2020-07-18 19:31:00
Tag                                                  Avg(ms)         Min         Max     Std Dev       Count

Performance Statistics   2020-07-18 19:31:00 - 2020-07-18 19:32:00
Tag                                                  Avg(ms)         Min         Max     Std Dev       Count

Performance Statistics   2020-07-18 19:32:00 - 2020-07-18 19:33:00
Tag                                                  Avg(ms)         Min         Max     Std Dev       Count

Performance Statistics   2020-07-18 19:33:00 - 2020-07-18 19:34:00
Tag                                                  Avg(ms)         Min         Max     Std Dev       Count

Performance Statistics   2020-07-18 19:34:00 - 2020-07-18 19:35:00
Tag                                                  Avg(ms)         Min         Max     Std Dev       Count

Performance Statistics   2020-07-18 19:35:00 - 2020-07-18 19:36:00
Tag                                                  Avg(ms)         Min         Max     Std Dev       Count

Performance Statistics   2020-07-18 19:36:00 - 2020-07-18 19:37:00
Tag                                                  Avg(ms)         Min         Max     Std Dev       Count

Performance Statistics   2020-07-18 19:37:00 - 2020-07-18 19:38:00
Tag                                                  Avg(ms)         Min         Max     Std Dev       Count

Performance Statistics   2020-07-18 19:38:00 - 2020-07-18 19:39:00
Tag                                                  Avg(ms)         Min         Max     Std Dev       Count

Performance Statistics   2020-07-18 19:39:00 - 2020-07-18 19:40:00
Tag                                                  Avg(ms)         Min         Max     Std Dev       Count
LoadClass                                                1,6           0           3         1,0           5
Messages.searchClasspath                                 0,0           0          13         0,6         796
Messages.searchFiles                                     0,0           0           3         0,1         796
ViewRepository.init.ViewRepositoryClientImpl            37,0          37          37         0,0           1
ViewRepository.init.ViewRepositoryImpl                  26,0          26          26         0,0           1

Performance Statistics   2020-07-18 19:40:00 - 2020-07-18 19:41:00
Tag                                                  Avg(ms)         Min         Max     Std Dev       Count

Performance Statistics   2020-07-18 19:41:00 - 2020-07-18 19:42:00
Tag                                                  Avg(ms)         Min         Max     Std Dev       Count
Messages.searchClasspath                                 0,2           0           1         0,4           5
Messages.searchFiles                                     0,0           0           0         0,0           5

Performance Statistics   2020-07-18 19:43:00 - 2020-07-18 19:44:00
Tag                                                  Avg(ms)         Min         Max     Std Dev       Count
LoadClass                                                1,0           0           5         1,6          22
Messages.searchClasspath                                 0,1           0          15         0,7        1173
Messages.searchFiles                                     0,0           0          24         0,7        1173
Metadata.replaceExtendedMetaClasses                      7,0           2          12         5,0           2
ViewRepository.init.ViewRepositoryClientImpl            29,0          29          29         0,0           1
ViewRepository.init.ViewRepositoryImpl                  44,0          44          44         0,0           1
WebJARs                                                 26,0          26          26         0,0           1

Performance Statistics   2020-07-18 19:44:00 - 2020-07-18 19:45:00
Tag                                                  Avg(ms)         Min         Max     Std Dev       Count
LoadClass                                                0,8           0           3         1,2           5
Messages.searchClasspath                                 0,0           0           1         0,2          42
Messages.searchFiles                                     0,0           0           0         0,0          42

Performance Statistics   2020-07-18 19:45:00 - 2020-07-18 19:46:00
Tag                                                  Avg(ms)         Min         Max     Std Dev       Count
LoadClass                                                2,0           0           9         1,6         101
Messages.searchClasspath                                 0,1           0          27         0,8        1553
Messages.searchFiles                                     0,0           0           7         0,2        1553

Performance Statistics   2020-07-18 19:46:00 - 2020-07-18 19:47:00
Tag                                                  Avg(ms)         Min         Max     Std Dev       Count

Performance Statistics   2020-07-18 19:47:00 - 2020-07-18 19:48:00
Tag                                                  Avg(ms)         Min         Max     Std Dev       Count
LoadClass                                                0,0           0           0         0,0          14
Messages.searchClasspath                                 0,0           0           0         0,0         224
Messages.searchFiles                                     0,0           0           0         0,0         224

Performance Statistics   2020-07-18 19:48:00 - 2020-07-18 19:49:00
Tag                                                  Avg(ms)         Min         Max     Std Dev       Count
LoadClass                                                0,0           0           0         0,0          16
Messages.searchClasspath                                 0,0           0           0         0,0          39
Messages.searchFiles                                     0,4           0          17         2,7          39

Performance Statistics   2020-07-18 19:49:00 - 2020-07-18 19:50:00
Tag                                                  Avg(ms)         Min         Max     Std Dev       Count
LoadClass                                                0,0           0           0         0,0          10
Messages.searchClasspath                                 0,0           0           0         0,0           9
Messages.searchFiles                                     0,0           0           0         0,0           9

Performance Statistics   2020-07-18 19:50:00 - 2020-07-18 19:51:00
Tag                                                  Avg(ms)         Min         Max     Std Dev       Count

Performance Statistics   2020-07-18 19:51:00 - 2020-07-18 19:52:00
Tag                                                  Avg(ms)         Min         Max     Std Dev       Count
LoadClass                                                0,0           0           0         0,0          16

Performance Statistics   2020-07-18 19:52:00 - 2020-07-18 19:53:00
Tag                                                  Avg(ms)         Min         Max     Std Dev       Count
LoadClass                                                0,2           0           1         0,4          12
Messages.searchClasspath                                 0,0           0           0         0,0          18
Messages.searchFiles                                     0,0           0           0         0,0          18

Performance Statistics   2020-07-18 19:53:00 - 2020-07-18 19:54:00
Tag                                                  Avg(ms)         Min         Max     Std Dev       Count
LoadClass                                                0,0           0           0         0,0          12

Performance Statistics   2020-07-18 19:54:00 - 2020-07-18 19:55:00
Tag                                                  Avg(ms)         Min         Max     Std Dev       Count

Performance Statistics   2020-07-18 19:55:00 - 2020-07-18 19:56:00
Tag                                                  Avg(ms)         Min         Max     Std Dev       Count

Performance Statistics   2020-07-18 19:56:00 - 2020-07-18 19:57:00
Tag                                                  Avg(ms)         Min         Max     Std Dev       Count

Performance Statistics   2020-07-18 19:57:00 - 2020-07-18 19:58:00
Tag                                                  Avg(ms)         Min         Max     Std Dev       Count

Performance Statistics   2020-07-18 19:58:00 - 2020-07-18 19:59:00
Tag                                                  Avg(ms)         Min         Max     Std Dev       Count

Performance Statistics   2020-07-18 19:59:00 - 2020-07-18 20:00:00
Tag                                                  Avg(ms)         Min         Max     Std Dev       Count

Performance Statistics   2020-07-18 20:00:00 - 2020-07-18 20:01:00
Tag                                                  Avg(ms)         Min         Max     Std Dev       Count
LoadClass                                                0,0           0           0         0,0          20

Performance Statistics   2020-07-18 20:01:00 - 2020-07-18 20:02:00
Tag                                                  Avg(ms)         Min         Max     Std Dev       Count

Performance Statistics   2020-07-18 20:02:00 - 2020-07-18 20:03:00
Tag                                                  Avg(ms)         Min         Max     Std Dev       Count

Performance Statistics   2020-07-18 20:03:00 - 2020-07-18 20:04:00
Tag                                                  Avg(ms)         Min         Max     Std Dev       Count

Performance Statistics   2020-07-18 20:04:00 - 2020-07-18 20:05:00
Tag                                                  Avg(ms)         Min         Max     Std Dev       Count

Performance Statistics   2020-07-18 20:05:00 - 2020-07-18 20:06:00
Tag                                                  Avg(ms)         Min         Max     Std Dev       Count

Performance Statistics   2020-07-18 20:06:00 - 2020-07-18 20:07:00
Tag                                                  Avg(ms)         Min         Max     Std Dev       Count

Performance Statistics   2020-07-18 20:07:00 - 2020-07-18 20:08:00
Tag                                                  Avg(ms)         Min         Max     Std Dev       Count

Performance Statistics   2020-07-18 20:08:00 - 2020-07-18 20:09:00
Tag                                                  Avg(ms)         Min         Max     Std Dev       Count

Performance Statistics   2020-07-18 20:09:00 - 2020-07-18 20:10:00
Tag                                                  Avg(ms)         Min         Max     Std Dev       Count

Performance Statistics   2020-07-18 20:10:00 - 2020-07-18 20:11:00
Tag                                                  Avg(ms)         Min         Max     Std Dev       Count

Performance Statistics   2020-07-18 20:11:00 - 2020-07-18 20:12:00
Tag                                                  Avg(ms)         Min         Max     Std Dev       Count

Performance Statistics   2020-07-18 20:12:00 - 2020-07-18 20:13:00
Tag                                                  Avg(ms)         Min         Max     Std Dev       Count

Performance Statistics   2020-07-18 20:13:00 - 2020-07-18 20:14:00
Tag                                                  Avg(ms)         Min         Max     Std Dev       Count

Performance Statistics   2020-07-18 20:14:00 - 2020-07-18 20:15:00
Tag                                                  Avg(ms)         Min         Max     Std Dev       Count

Performance Statistics   2020-07-18 20:15:00 - 2020-07-18 20:16:00
Tag                                                  Avg(ms)         Min         Max     Std Dev       Count

Performance Statistics   2020-07-18 20:16:00 - 2020-07-18 20:17:00
Tag                                                  Avg(ms)         Min         Max     Std Dev       Count

Performance Statistics   2020-07-18 20:17:00 - 2020-07-18 20:18:00
Tag                                                  Avg(ms)         Min         Max     Std Dev       Count

Performance Statistics   2020-07-18 20:18:00 - 2020-07-18 20:19:00
Tag                                                  Avg(ms)         Min         Max     Std Dev       Count

Performance Statistics   2020-07-18 20:19:00 - 2020-07-18 20:20:00
Tag                                                  Avg(ms)         Min         Max     Std Dev       Count

Performance Statistics   2020-07-18 20:20:00 - 2020-07-18 20:21:00
Tag                                                  Avg(ms)         Min         Max     Std Dev       Count

Performance Statistics   2020-07-18 20:21:00 - 2020-07-18 20:22:00
Tag                                                  Avg(ms)         Min         Max     Std Dev       Count

Performance Statistics   2020-07-18 20:22:00 - 2020-07-18 20:23:00
Tag                                                  Avg(ms)         Min         Max     Std Dev       Count

Performance Statistics   2020-07-18 20:23:00 - 2020-07-18 20:24:00
Tag                                                  Avg(ms)         Min         Max     Std Dev       Count

Performance Statistics   2020-07-18 20:24:00 - 2020-07-18 20:25:00
Tag                                                  Avg(ms)         Min         Max     Std Dev       Count

Performance Statistics   2020-07-18 20:25:00 - 2020-07-18 20:26:00
Tag                                                  Avg(ms)         Min         Max     Std Dev       Count

Performance Statistics   2020-07-18 20:26:00 - 2020-07-18 20:27:00
Tag                                                  Avg(ms)         Min         Max     Std Dev       Count

Performance Statistics   2020-07-18 20:27:00 - 2020-07-18 20:28:00
Tag                                                  Avg(ms)         Min         Max     Std Dev       Count

Performance Statistics   2020-07-18 20:28:00 - 2020-07-18 20:29:00
Tag                                                  Avg(ms)         Min         Max     Std Dev       Count

Performance Statistics   2020-07-18 20:29:00 - 2020-07-18 20:30:00
Tag                                                  Avg(ms)         Min         Max     Std Dev       Count

Performance Statistics   2020-07-18 20:30:00 - 2020-07-18 20:31:00
Tag                                                  Avg(ms)         Min         Max     Std Dev       Count

Performance Statistics   2020-07-18 20:31:00 - 2020-07-18 20:32:00
Tag                                                  Avg(ms)         Min         Max     Std Dev       Count

Performance Statistics   2020-07-18 20:32:00 - 2020-07-18 20:33:00
Tag                                                  Avg(ms)         Min         Max     Std Dev       Count

Performance Statistics   2020-07-18 20:33:00 - 2020-07-18 20:34:00
Tag                                                  Avg(ms)         Min         Max     Std Dev       Count

Performance Statistics   2020-07-18 20:34:00 - 2020-07-18 20:35:00
Tag                                                  Avg(ms)         Min         Max     Std Dev       Count

Performance Statistics   2020-07-18 20:35:00 - 2020-07-18 20:36:00
Tag                                                  Avg(ms)         Min         Max     Std Dev       Count

Performance Statistics   2020-07-18 20:36:00 - 2020-07-18 20:37:00
Tag                                                  Avg(ms)         Min         Max     Std Dev       Count

Performance Statistics   2020-07-18 20:37:00 - 2020-07-18 20:38:00
Tag                                                  Avg(ms)         Min         Max     Std Dev       Count

Performance Statistics   2020-07-18 20:38:00 - 2020-07-18 20:39:00
Tag                                                  Avg(ms)         Min         Max     Std Dev       Count

Performance Statistics   2020-07-18 20:39:00 - 2020-07-18 20:40:00
Tag                                                  Avg(ms)         Min         Max     Std Dev       Count

Performance Statistics   2020-07-18 20:40:00 - 2020-07-18 20:41:00
Tag                                                  Avg(ms)         Min         Max     Std Dev       Count

Performance Statistics   2020-07-18 20:41:00 - 2020-07-18 20:42:00
Tag                                                  Avg(ms)         Min         Max     Std Dev       Count

Performance Statistics   2020-07-18 20:42:00 - 2020-07-18 20:43:00
Tag                                                  Avg(ms)         Min         Max     Std Dev       Count

Performance Statistics   2020-07-18 20:43:00 - 2020-07-18 20:44:00
Tag                                                  Avg(ms)         Min         Max     Std Dev       Count

Performance Statistics   2020-07-18 20:44:00 - 2020-07-18 20:45:00
Tag                                                  Avg(ms)         Min         Max     Std Dev       Count

Performance Statistics   2020-07-18 20:45:00 - 2020-07-18 20:46:00
Tag                                                  Avg(ms)         Min         Max     Std Dev       Count

Performance Statistics   2020-07-18 20:46:00 - 2020-07-18 20:47:00
Tag                                                  Avg(ms)         Min         Max     Std Dev       Count

Performance Statistics   2020-07-18 20:47:00 - 2020-07-18 20:48:00
Tag                                                  Avg(ms)         Min         Max     Std Dev       Count

Performance Statistics   2020-07-18 20:48:00 - 2020-07-18 20:49:00
Tag                                                  Avg(ms)         Min         Max     Std Dev       Count

Performance Statistics   2020-07-18 20:49:00 - 2020-07-18 20:50:00
Tag                                                  Avg(ms)         Min         Max     Std Dev       Count

Performance Statistics   2020-07-18 20:50:00 - 2020-07-18 20:51:00
Tag                                                  Avg(ms)         Min         Max     Std Dev       Count

Performance Statistics   2020-07-18 20:51:00 - 2020-07-18 20:52:00
Tag                                                  Avg(ms)         Min         Max     Std Dev       Count

Performance Statistics   2020-07-18 20:54:00 - 2020-07-18 20:55:00
Tag                                                  Avg(ms)         Min         Max     Std Dev       Count
LoadClass                                                0,1           0           1         0,3          14
Messages.searchClasspath                                 0,2           0          17         1,3         270
Messages.searchFiles                                     0,1           0          27         1,6         270
Metadata.replaceExtendedMetaClasses                      2,5           2           3         0,5           2
WebJARs                                                 16,0          16          16         0,0           1

Performance Statistics   2020-07-18 20:55:00 - 2020-07-18 20:56:00
Tag                                                  Avg(ms)         Min         Max     Std Dev       Count

Performance Statistics   2020-07-18 20:56:00 - 2020-07-18 20:57:00
Tag                                                  Avg(ms)         Min         Max     Std Dev       Count

Performance Statistics   2020-07-18 20:57:00 - 2020-07-18 20:58:00
Tag                                                  Avg(ms)         Min         Max     Std Dev       Count

Performance Statistics   2020-07-18 20:58:00 - 2020-07-18 20:59:00
Tag                                                  Avg(ms)         Min         Max     Std Dev       Count

Performance Statistics   2020-07-18 20:59:00 - 2020-07-18 21:00:00
Tag                                                  Avg(ms)         Min         Max     Std Dev       Count

Performance Statistics   2020-07-18 21:00:00 - 2020-07-18 21:01:00
Tag                                                  Avg(ms)         Min         Max     Std Dev       Count

Performance Statistics   2020-07-18 21:01:00 - 2020-07-18 21:02:00
Tag                                                  Avg(ms)         Min         Max     Std Dev       Count

Performance Statistics   2020-07-18 21:02:00 - 2020-07-18 21:03:00
Tag                                                  Avg(ms)         Min         Max     Std Dev       Count

Performance Statistics   2020-07-18 21:03:00 - 2020-07-18 21:04:00
Tag                                                  Avg(ms)         Min         Max     Std Dev       Count

Performance Statistics   2020-07-18 21:04:00 - 2020-07-18 21:05:00
Tag                                                  Avg(ms)         Min         Max     Std Dev       Count

Performance Statistics   2020-07-18 21:05:00 - 2020-07-18 21:06:00
Tag                                                  Avg(ms)         Min         Max     Std Dev       Count

Performance Statistics   2020-07-18 21:06:00 - 2020-07-18 21:07:00
Tag                                                  Avg(ms)         Min         Max     Std Dev       Count

Performance Statistics   2020-07-18 21:07:00 - 2020-07-18 21:08:00
Tag                                                  Avg(ms)         Min         Max     Std Dev       Count

Performance Statistics   2020-07-18 21:08:00 - 2020-07-18 21:09:00
Tag                                                  Avg(ms)         Min         Max     Std Dev       Count

Performance Statistics   2020-07-18 21:09:00 - 2020-07-18 21:10:00
Tag                                                  Avg(ms)         Min         Max     Std Dev       Count

Performance Statistics   2020-07-18 21:10:00 - 2020-07-18 21:11:00
Tag                                                  Avg(ms)         Min         Max     Std Dev       Count

Performance Statistics   2020-07-18 21:11:00 - 2020-07-18 21:12:00
Tag                                                  Avg(ms)         Min         Max     Std Dev       Count

Performance Statistics   2020-07-18 21:12:00 - 2020-07-18 21:13:00
Tag                                                  Avg(ms)         Min         Max     Std Dev       Count

Performance Statistics   2020-07-18 21:13:00 - 2020-07-18 21:14:00
Tag                                                  Avg(ms)         Min         Max     Std Dev       Count

Performance Statistics   2020-07-18 21:14:00 - 2020-07-18 21:15:00
Tag                                                  Avg(ms)         Min         Max     Std Dev       Count

Performance Statistics   2020-07-18 21:15:00 - 2020-07-18 21:16:00
Tag                                                  Avg(ms)         Min         Max     Std Dev       Count

Performance Statistics   2020-07-18 21:16:00 - 2020-07-18 21:17:00
Tag                                                  Avg(ms)         Min         Max     Std Dev       Count

Performance Statistics   2020-07-18 21:17:00 - 2020-07-18 21:18:00
Tag                                                  Avg(ms)         Min         Max     Std Dev       Count

Performance Statistics   2020-07-18 21:18:00 - 2020-07-18 21:19:00
Tag                                                  Avg(ms)         Min         Max     Std Dev       Count

Performance Statistics   2020-07-18 21:19:00 - 2020-07-18 21:20:00
Tag                                                  Avg(ms)         Min         Max     Std Dev       Count

Performance Statistics   2020-07-18 21:20:00 - 2020-07-18 21:21:00
Tag                                                  Avg(ms)         Min         Max     Std Dev       Count

Performance Statistics   2020-07-18 21:21:00 - 2020-07-18 21:22:00
Tag                                                  Avg(ms)         Min         Max     Std Dev       Count

Performance Statistics   2020-07-18 21:22:00 - 2020-07-18 21:23:00
Tag                                                  Avg(ms)         Min         Max     Std Dev       Count

Performance Statistics   2020-07-18 21:23:00 - 2020-07-18 21:24:00
Tag                                                  Avg(ms)         Min         Max     Std Dev       Count

Performance Statistics   2020-07-18 21:24:00 - 2020-07-18 21:25:00
Tag                                                  Avg(ms)         Min         Max     Std Dev       Count

Performance Statistics   2020-07-18 21:25:00 - 2020-07-18 21:26:00
Tag                                                  Avg(ms)         Min         Max     Std Dev       Count

Performance Statistics   2020-07-18 21:26:00 - 2020-07-18 21:27:00
Tag                                                  Avg(ms)         Min         Max     Std Dev       Count

Performance Statistics   2020-07-18 21:27:00 - 2020-07-18 21:28:00
Tag                                                  Avg(ms)         Min         Max     Std Dev       Count

Performance Statistics   2020-07-18 21:28:00 - 2020-07-18 21:29:00
Tag                                                  Avg(ms)         Min         Max     Std Dev       Count

Performance Statistics   2020-07-18 21:29:00 - 2020-07-18 21:30:00
Tag                                                  Avg(ms)         Min         Max     Std Dev       Count

Performance Statistics   2020-07-18 21:30:00 - 2020-07-18 21:31:00
Tag                                                  Avg(ms)         Min         Max     Std Dev       Count

Performance Statistics   2020-07-18 21:31:00 - 2020-07-18 21:32:00
Tag                                                  Avg(ms)         Min         Max     Std Dev       Count

Performance Statistics   2020-07-18 21:32:00 - 2020-07-18 21:33:00
Tag                                                  Avg(ms)         Min         Max     Std Dev       Count

Performance Statistics   2020-07-18 21:33:00 - 2020-07-18 21:34:00
Tag                                                  Avg(ms)         Min         Max     Std Dev       Count

Performance Statistics   2020-07-18 21:34:00 - 2020-07-18 21:35:00
Tag                                                  Avg(ms)         Min         Max     Std Dev       Count

Performance Statistics   2020-07-18 21:35:00 - 2020-07-18 21:36:00
Tag                                                  Avg(ms)         Min         Max     Std Dev       Count

Performance Statistics   2020-07-18 21:36:00 - 2020-07-18 21:37:00
Tag                                                  Avg(ms)         Min         Max     Std Dev       Count

Performance Statistics   2020-07-18 21:37:00 - 2020-07-18 21:38:00
Tag                                                  Avg(ms)         Min         Max     Std Dev       Count

Performance Statistics   2020-07-18 21:38:00 - 2020-07-18 21:39:00
Tag                                                  Avg(ms)         Min         Max     Std Dev       Count

Performance Statistics   2020-07-18 21:39:00 - 2020-07-18 21:40:00
Tag                                                  Avg(ms)         Min         Max     Std Dev       Count

Performance Statistics   2020-07-18 21:40:00 - 2020-07-18 21:41:00
Tag                                                  Avg(ms)         Min         Max     Std Dev       Count

Performance Statistics   2020-07-18 21:41:00 - 2020-07-18 21:42:00
Tag                                                  Avg(ms)         Min         Max     Std Dev       Count

Performance Statistics   2020-07-18 21:42:00 - 2020-07-18 21:43:00
Tag                                                  Avg(ms)         Min         Max     Std Dev       Count

Performance Statistics   2020-07-18 21:43:00 - 2020-07-18 21:44:00
Tag                                                  Avg(ms)         Min         Max     Std Dev       Count

Performance Statistics   2020-07-18 21:44:00 - 2020-07-18 21:45:00
Tag                                                  Avg(ms)         Min         Max     Std Dev       Count

Performance Statistics   2020-07-18 21:45:00 - 2020-07-18 21:46:00
Tag                                                  Avg(ms)         Min         Max     Std Dev       Count

Performance Statistics   2020-07-18 21:46:00 - 2020-07-18 21:47:00
Tag                                                  Avg(ms)         Min         Max     Std Dev       Count

Performance Statistics   2020-07-18 21:47:00 - 2020-07-18 21:48:00
Tag                                                  Avg(ms)         Min         Max     Std Dev       Count

Performance Statistics   2020-07-18 21:48:00 - 2020-07-18 21:49:00
Tag                                                  Avg(ms)         Min         Max     Std Dev       Count

Performance Statistics   2020-07-18 21:49:00 - 2020-07-18 21:50:00
Tag                                                  Avg(ms)         Min         Max     Std Dev       Count

Performance Statistics   2020-07-18 21:50:00 - 2020-07-18 21:51:00
Tag                                                  Avg(ms)         Min         Max     Std Dev       Count

Performance Statistics   2020-07-18 21:51:00 - 2020-07-18 21:52:00
Tag                                                  Avg(ms)         Min         Max     Std Dev       Count

Performance Statistics   2020-07-18 21:52:00 - 2020-07-18 21:53:00
Tag                                                  Avg(ms)         Min         Max     Std Dev       Count

Performance Statistics   2020-07-18 21:53:00 - 2020-07-18 21:54:00
Tag                                                  Avg(ms)         Min         Max     Std Dev       Count

Performance Statistics   2020-07-18 21:54:00 - 2020-07-18 21:55:00
Tag                                                  Avg(ms)         Min         Max     Std Dev       Count

Performance Statistics   2020-07-18 21:55:00 - 2020-07-18 21:56:00
Tag                                                  Avg(ms)         Min         Max     Std Dev       Count

Performance Statistics   2020-07-18 21:56:00 - 2020-07-18 21:57:00
Tag                                                  Avg(ms)         Min         Max     Std Dev       Count

Performance Statistics   2020-07-18 21:57:00 - 2020-07-18 21:58:00
Tag                                                  Avg(ms)         Min         Max     Std Dev       Count

Performance Statistics   2020-07-18 21:58:00 - 2020-07-18 21:59:00
Tag                                                  Avg(ms)         Min         Max     Std Dev       Count

Performance Statistics   2020-07-18 21:59:00 - 2020-07-18 22:00:00
Tag                                                  Avg(ms)         Min         Max     Std Dev       Count

Performance Statistics   2020-07-18 22:00:00 - 2020-07-18 22:01:00
Tag                                                  Avg(ms)         Min         Max     Std Dev       Count

Performance Statistics   2020-07-18 22:01:00 - 2020-07-18 22:02:00
Tag                                                  Avg(ms)         Min         Max     Std Dev       Count

Performance Statistics   2020-07-18 22:02:00 - 2020-07-18 22:03:00
Tag                                                  Avg(ms)         Min         Max     Std Dev       Count

Performance Statistics   2020-07-18 22:03:00 - 2020-07-18 22:04:00
Tag                                                  Avg(ms)         Min         Max     Std Dev       Count

Performance Statistics   2020-07-18 22:04:00 - 2020-07-18 22:05:00
Tag                                                  Avg(ms)         Min         Max     Std Dev       Count

Performance Statistics   2020-07-18 22:05:00 - 2020-07-18 22:06:00
Tag                                                  Avg(ms)         Min         Max     Std Dev       Count

Performance Statistics   2020-07-18 22:06:00 - 2020-07-18 22:07:00
Tag                                                  Avg(ms)         Min         Max     Std Dev       Count

Performance Statistics   2020-07-18 22:07:00 - 2020-07-18 22:08:00
Tag                                                  Avg(ms)         Min         Max     Std Dev       Count

Performance Statistics   2020-07-18 22:08:00 - 2020-07-18 22:09:00
Tag                                                  Avg(ms)         Min         Max     Std Dev       Count

Performance Statistics   2020-07-18 22:09:00 - 2020-07-18 22:10:00
Tag                                                  Avg(ms)         Min         Max     Std Dev       Count

Performance Statistics   2020-07-18 22:10:00 - 2020-07-18 22:11:00
Tag                                                  Avg(ms)         Min         Max     Std Dev       Count

Performance Statistics   2020-07-18 22:11:00 - 2020-07-18 22:12:00
Tag                                                  Avg(ms)         Min         Max     Std Dev       Count

Performance Statistics   2020-07-18 22:12:00 - 2020-07-18 22:13:00
Tag                                                  Avg(ms)         Min         Max     Std Dev       Count

Performance Statistics   2020-07-18 22:13:00 - 2020-07-18 22:14:00
Tag                                                  Avg(ms)         Min         Max     Std Dev       Count

Performance Statistics   2020-07-18 22:14:00 - 2020-07-18 22:15:00
Tag                                                  Avg(ms)         Min         Max     Std Dev       Count

Performance Statistics   2020-07-18 22:15:00 - 2020-07-18 22:16:00
Tag                                                  Avg(ms)         Min         Max     Std Dev       Count

Performance Statistics   2020-07-18 22:16:00 - 2020-07-18 22:17:00
Tag                                                  Avg(ms)         Min         Max     Std Dev       Count

Performance Statistics   2020-07-18 22:17:00 - 2020-07-18 22:18:00
Tag                                                  Avg(ms)         Min         Max     Std Dev       Count

Performance Statistics   2020-07-18 22:18:00 - 2020-07-18 22:19:00
Tag                                                  Avg(ms)         Min         Max     Std Dev       Count

Performance Statistics   2020-07-18 22:19:00 - 2020-07-18 22:20:00
Tag                                                  Avg(ms)         Min         Max     Std Dev       Count

Performance Statistics   2020-07-18 22:20:00 - 2020-07-18 22:21:00
Tag                                                  Avg(ms)         Min         Max     Std Dev       Count

Performance Statistics   2020-07-18 22:21:00 - 2020-07-18 22:22:00
Tag                                                  Avg(ms)         Min         Max     Std Dev       Count

Performance Statistics   2020-07-18 22:22:00 - 2020-07-18 22:23:00
Tag                                                  Avg(ms)         Min         Max     Std Dev       Count

Performance Statistics   2020-07-18 22:23:00 - 2020-07-18 22:24:00
Tag                                                  Avg(ms)         Min         Max     Std Dev       Count

Performance Statistics   2020-07-18 22:24:00 - 2020-07-18 22:25:00
Tag                                                  Avg(ms)         Min         Max     Std Dev       Count

Performance Statistics   2020-07-18 22:25:00 - 2020-07-18 22:26:00
Tag                                                  Avg(ms)         Min         Max     Std Dev       Count

Performance Statistics   2020-07-18 22:26:00 - 2020-07-18 22:27:00
Tag                                                  Avg(ms)         Min         Max     Std Dev       Count

Performance Statistics   2020-07-18 22:27:00 - 2020-07-18 22:28:00
Tag                                                  Avg(ms)         Min         Max     Std Dev       Count

Performance Statistics   2020-07-18 22:28:00 - 2020-07-18 22:29:00
Tag                                                  Avg(ms)         Min         Max     Std Dev       Count

Performance Statistics   2020-07-18 22:29:00 - 2020-07-18 22:30:00
Tag                                                  Avg(ms)         Min         Max     Std Dev       Count

Performance Statistics   2020-07-18 22:30:00 - 2020-07-18 22:31:00
Tag                                                  Avg(ms)         Min         Max     Std Dev       Count

Performance Statistics   2020-07-18 22:31:00 - 2020-07-18 22:32:00
Tag                                                  Avg(ms)         Min         Max     Std Dev       Count

Performance Statistics   2020-07-18 22:32:00 - 2020-07-18 22:33:00
Tag                                                  Avg(ms)         Min         Max     Std Dev       Count

Performance Statistics   2020-07-18 22:33:00 - 2020-07-18 22:34:00
Tag                                                  Avg(ms)         Min         Max     Std Dev       Count

Performance Statistics   2020-07-18 22:34:00 - 2020-07-18 22:35:00
Tag                                                  Avg(ms)         Min         Max     Std Dev       Count

Performance Statistics   2020-07-18 22:35:00 - 2020-07-18 22:36:00
Tag                                                  Avg(ms)         Min         Max     Std Dev       Count

Performance Statistics   2020-07-18 22:36:00 - 2020-07-18 22:37:00
Tag                                                  Avg(ms)         Min         Max     Std Dev       Count

Performance Statistics   2020-07-18 22:37:00 - 2020-07-18 22:38:00
Tag                                                  Avg(ms)         Min         Max     Std Dev       Count

Performance Statistics   2020-07-18 22:38:00 - 2020-07-18 22:39:00
Tag                                                  Avg(ms)         Min         Max     Std Dev       Count

Performance Statistics   2020-07-18 22:39:00 - 2020-07-18 22:40:00
Tag                                                  Avg(ms)         Min         Max     Std Dev       Count

Performance Statistics   2020-07-18 22:40:00 - 2020-07-18 22:41:00
Tag                                                  Avg(ms)         Min         Max     Std Dev       Count

Performance Statistics   2020-07-18 22:41:00 - 2020-07-18 22:42:00
Tag                                                  Avg(ms)         Min         Max     Std Dev       Count

Performance Statistics   2020-07-18 22:42:00 - 2020-07-18 22:43:00
Tag                                                  Avg(ms)         Min         Max     Std Dev       Count

Performance Statistics   2020-07-18 22:43:00 - 2020-07-18 22:44:00
Tag                                                  Avg(ms)         Min         Max     Std Dev       Count

Performance Statistics   2020-07-18 22:44:00 - 2020-07-18 22:45:00
Tag                                                  Avg(ms)         Min         Max     Std Dev       Count

Performance Statistics   2020-07-18 22:45:00 - 2020-07-18 22:46:00
Tag                                                  Avg(ms)         Min         Max     Std Dev       Count

Performance Statistics   2020-07-18 22:46:00 - 2020-07-18 22:47:00
Tag                                                  Avg(ms)         Min         Max     Std Dev       Count

Performance Statistics   2020-07-18 22:47:00 - 2020-07-18 22:48:00
Tag                                                  Avg(ms)         Min         Max     Std Dev       Count

Performance Statistics   2020-07-18 22:48:00 - 2020-07-18 22:49:00
Tag                                                  Avg(ms)         Min         Max     Std Dev       Count

Performance Statistics   2020-07-18 22:49:00 - 2020-07-18 22:50:00
Tag                                                  Avg(ms)         Min         Max     Std Dev       Count

Performance Statistics   2020-07-18 22:50:00 - 2020-07-18 22:51:00
Tag                                                  Avg(ms)         Min         Max     Std Dev       Count

Performance Statistics   2020-07-18 22:51:00 - 2020-07-18 22:52:00
Tag                                                  Avg(ms)         Min         Max     Std Dev       Count

Performance Statistics   2020-07-18 22:52:00 - 2020-07-18 22:53:00
Tag                                                  Avg(ms)         Min         Max     Std Dev       Count

Performance Statistics   2020-07-18 22:53:00 - 2020-07-18 22:54:00
Tag                                                  Avg(ms)         Min         Max     Std Dev       Count

Performance Statistics   2020-07-18 22:54:00 - 2020-07-18 22:55:00
Tag                                                  Avg(ms)         Min         Max     Std Dev       Count

Performance Statistics   2020-07-18 22:55:00 - 2020-07-18 22:56:00
Tag                                                  Avg(ms)         Min         Max     Std Dev       Count

Performance Statistics   2020-07-18 22:56:00 - 2020-07-18 22:57:00
Tag                                                  Avg(ms)         Min         Max     Std Dev       Count

Performance Statistics   2020-07-18 22:57:00 - 2020-07-18 22:58:00
Tag                                                  Avg(ms)         Min         Max     Std Dev       Count

Performance Statistics   2020-07-18 22:58:00 - 2020-07-18 22:59:00
Tag                                                  Avg(ms)         Min         Max     Std Dev       Count

Performance Statistics   2020-07-18 22:59:00 - 2020-07-18 23:00:00
Tag                                                  Avg(ms)         Min         Max     Std Dev       Count

Performance Statistics   2020-07-18 23:00:00 - 2020-07-18 23:01:00
Tag                                                  Avg(ms)         Min         Max     Std Dev       Count

Performance Statistics   2020-07-18 23:01:00 - 2020-07-18 23:02:00
Tag                                                  Avg(ms)         Min         Max     Std Dev       Count

Performance Statistics   2020-07-18 23:02:00 - 2020-07-18 23:03:00
Tag                                                  Avg(ms)         Min         Max     Std Dev       Count

Performance Statistics   2020-07-18 23:03:00 - 2020-07-18 23:04:00
Tag                                                  Avg(ms)         Min         Max     Std Dev       Count

Performance Statistics   2020-07-18 23:04:00 - 2020-07-18 23:05:00
Tag                                                  Avg(ms)         Min         Max     Std Dev       Count

Performance Statistics   2020-07-18 23:05:00 - 2020-07-18 23:06:00
Tag                                                  Avg(ms)         Min         Max     Std Dev       Count

Performance Statistics   2020-07-18 23:06:00 - 2020-07-18 23:07:00
Tag                                                  Avg(ms)         Min         Max     Std Dev       Count

Performance Statistics   2020-07-18 23:07:00 - 2020-07-18 23:08:00
Tag                                                  Avg(ms)         Min         Max     Std Dev       Count

Performance Statistics   2020-07-18 23:08:00 - 2020-07-18 23:09:00
Tag                                                  Avg(ms)         Min         Max     Std Dev       Count

Performance Statistics   2020-07-18 23:09:00 - 2020-07-18 23:10:00
Tag                                                  Avg(ms)         Min         Max     Std Dev       Count

Performance Statistics   2020-07-18 23:10:00 - 2020-07-18 23:11:00
Tag                                                  Avg(ms)         Min         Max     Std Dev       Count

Performance Statistics   2020-07-18 23:11:00 - 2020-07-18 23:12:00
Tag                                                  Avg(ms)         Min         Max     Std Dev       Count

Performance Statistics   2020-07-18 23:12:00 - 2020-07-18 23:13:00
Tag                                                  Avg(ms)         Min         Max     Std Dev       Count

Performance Statistics   2020-07-18 23:13:00 - 2020-07-18 23:14:00
Tag                                                  Avg(ms)         Min         Max     Std Dev       Count

Performance Statistics   2020-07-18 23:14:00 - 2020-07-18 23:15:00
Tag                                                  Avg(ms)         Min         Max     Std Dev       Count

Performance Statistics   2020-07-18 23:15:00 - 2020-07-18 23:16:00
Tag                                                  Avg(ms)         Min         Max     Std Dev       Count

Performance Statistics   2020-07-18 23:16:00 - 2020-07-18 23:17:00
Tag                                                  Avg(ms)         Min         Max     Std Dev       Count

Performance Statistics   2020-07-18 23:17:00 - 2020-07-18 23:18:00
Tag                                                  Avg(ms)         Min         Max     Std Dev       Count

Performance Statistics   2020-07-18 23:18:00 - 2020-07-18 23:19:00
Tag                                                  Avg(ms)         Min         Max     Std Dev       Count

Performance Statistics   2020-07-18 23:19:00 - 2020-07-18 23:20:00
Tag                                                  Avg(ms)         Min         Max     Std Dev       Count

Performance Statistics   2020-07-18 23:20:00 - 2020-07-18 23:21:00
Tag                                                  Avg(ms)         Min         Max     Std Dev       Count

Performance Statistics   2020-07-18 23:21:00 - 2020-07-18 23:22:00
Tag                                                  Avg(ms)         Min         Max     Std Dev       Count

Performance Statistics   2020-07-18 23:22:00 - 2020-07-18 23:23:00
Tag                                                  Avg(ms)         Min         Max     Std Dev       Count

Performance Statistics   2020-07-18 23:23:00 - 2020-07-18 23:24:00
Tag                                                  Avg(ms)         Min         Max     Std Dev       Count

Performance Statistics   2020-07-18 23:24:00 - 2020-07-18 23:25:00
Tag                                                  Avg(ms)         Min         Max     Std Dev       Count

Performance Statistics   2020-07-18 23:25:00 - 2020-07-18 23:26:00
Tag                                                  Avg(ms)         Min         Max     Std Dev       Count

Performance Statistics   2020-07-18 23:26:00 - 2020-07-18 23:27:00
Tag                                                  Avg(ms)         Min         Max     Std Dev       Count

Performance Statistics   2020-07-18 23:27:00 - 2020-07-18 23:28:00
Tag                                                  Avg(ms)         Min         Max     Std Dev       Count

Performance Statistics   2020-07-18 23:28:00 - 2020-07-18 23:29:00
Tag                                                  Avg(ms)         Min         Max     Std Dev       Count

Performance Statistics   2020-07-18 23:29:00 - 2020-07-18 23:30:00
Tag                                                  Avg(ms)         Min         Max     Std Dev       Count

Performance Statistics   2020-07-18 23:30:00 - 2020-07-18 23:31:00
Tag                                                  Avg(ms)         Min         Max     Std Dev       Count

Performance Statistics   2020-07-18 23:31:00 - 2020-07-18 23:32:00
Tag                                                  Avg(ms)         Min         Max     Std Dev       Count

Performance Statistics   2020-07-18 23:32:00 - 2020-07-18 23:33:00
Tag                                                  Avg(ms)         Min         Max     Std Dev       Count

Performance Statistics   2020-07-18 23:33:00 - 2020-07-18 23:34:00
Tag                                                  Avg(ms)         Min         Max     Std Dev       Count

Performance Statistics   2020-07-18 23:34:00 - 2020-07-18 23:35:00
Tag                                                  Avg(ms)         Min         Max     Std Dev       Count

Performance Statistics   2020-07-18 23:35:00 - 2020-07-18 23:36:00
Tag                                                  Avg(ms)         Min         Max     Std Dev       Count

Performance Statistics   2020-07-18 23:36:00 - 2020-07-18 23:37:00
Tag                                                  Avg(ms)         Min         Max     Std Dev       Count

Performance Statistics   2020-07-18 23:37:00 - 2020-07-18 23:38:00
Tag                                                  Avg(ms)         Min         Max     Std Dev       Count

Performance Statistics   2020-07-18 23:38:00 - 2020-07-18 23:39:00
Tag                                                  Avg(ms)         Min         Max     Std Dev       Count

Performance Statistics   2020-07-18 23:39:00 - 2020-07-18 23:40:00
Tag                                                  Avg(ms)         Min         Max     Std Dev       Count

Performance Statistics   2020-07-18 23:40:00 - 2020-07-18 23:41:00
Tag                                                  Avg(ms)         Min         Max     Std Dev       Count

Performance Statistics   2020-07-18 23:41:00 - 2020-07-18 23:42:00
Tag                                                  Avg(ms)         Min         Max     Std Dev       Count

Performance Statistics   2020-07-18 23:42:00 - 2020-07-18 23:43:00
Tag                                                  Avg(ms)         Min         Max     Std Dev       Count

Performance Statistics   2020-07-18 23:43:00 - 2020-07-18 23:44:00
Tag                                                  Avg(ms)         Min         Max     Std Dev       Count

Performance Statistics   2020-07-18 23:44:00 - 2020-07-18 23:45:00
Tag                                                  Avg(ms)         Min         Max     Std Dev       Count

Performance Statistics   2020-07-18 23:45:00 - 2020-07-18 23:46:00
Tag                                                  Avg(ms)         Min         Max     Std Dev       Count

Performance Statistics   2020-07-18 23:46:00 - 2020-07-18 23:47:00
Tag                                                  Avg(ms)         Min         Max     Std Dev       Count

Performance Statistics   2020-07-18 23:47:00 - 2020-07-18 23:48:00
Tag                                                  Avg(ms)         Min         Max     Std Dev       Count

Performance Statistics   2020-07-18 23:48:00 - 2020-07-18 23:49:00
Tag                                                  Avg(ms)         Min         Max     Std Dev       Count

Performance Statistics   2020-07-18 23:49:00 - 2020-07-18 23:50:00
Tag                                                  Avg(ms)         Min         Max     Std Dev       Count

Performance Statistics   2020-07-18 23:50:00 - 2020-07-18 23:51:00
Tag                                                  Avg(ms)         Min         Max     Std Dev       Count

Performance Statistics   2020-07-18 23:51:00 - 2020-07-18 23:52:00
Tag                                                  Avg(ms)         Min         Max     Std Dev       Count

Performance Statistics   2020-07-18 23:52:00 - 2020-07-18 23:53:00
Tag                                                  Avg(ms)         Min         Max     Std Dev       Count

Performance Statistics   2020-07-18 23:53:00 - 2020-07-18 23:54:00
Tag                                                  Avg(ms)         Min         Max     Std Dev       Count

Performance Statistics   2020-07-18 23:54:00 - 2020-07-18 23:55:00
Tag                                                  Avg(ms)         Min         Max     Std Dev       Count

Performance Statistics   2020-07-18 23:55:00 - 2020-07-18 23:56:00
Tag                                                  Avg(ms)         Min         Max     Std Dev       Count

Performance Statistics   2020-07-18 23:56:00 - 2020-07-18 23:57:00
Tag                                                  Avg(ms)         Min         Max     Std Dev       Count

Performance Statistics   2020-07-18 23:57:00 - 2020-07-18 23:58:00
Tag                                                  Avg(ms)         Min         Max     Std Dev       Count

Performance Statistics   2020-07-18 23:58:00 - 2020-07-18 23:59:00
Tag                                                  Avg(ms)         Min         Max     Std Dev       Count

