Performance Statistics   2020-07-19 23:59:00 - 2020-07-20 00:00:00
Tag                                                  Avg(ms)         Min         Max     Std Dev       Count

Performance Statistics   2020-07-20 00:00:00 - 2020-07-20 00:01:00
Tag                                                  Avg(ms)         Min         Max     Std Dev       Count

Performance Statistics   2020-07-20 00:01:00 - 2020-07-20 00:02:00
Tag                                                  Avg(ms)         Min         Max     Std Dev       Count

Performance Statistics   2020-07-20 00:02:00 - 2020-07-20 00:03:00
Tag                                                  Avg(ms)         Min         Max     Std Dev       Count

Performance Statistics   2020-07-20 00:03:00 - 2020-07-20 00:04:00
Tag                                                  Avg(ms)         Min         Max     Std Dev       Count

Performance Statistics   2020-07-20 00:04:00 - 2020-07-20 00:05:00
Tag                                                  Avg(ms)         Min         Max     Std Dev       Count

Performance Statistics   2020-07-20 00:05:00 - 2020-07-20 00:06:00
Tag                                                  Avg(ms)         Min         Max     Std Dev       Count

Performance Statistics   2020-07-20 00:06:00 - 2020-07-20 00:07:00
Tag                                                  Avg(ms)         Min         Max     Std Dev       Count

Performance Statistics   2020-07-20 00:07:00 - 2020-07-20 00:08:00
Tag                                                  Avg(ms)         Min         Max     Std Dev       Count

Performance Statistics   2020-07-20 00:08:00 - 2020-07-20 00:09:00
Tag                                                  Avg(ms)         Min         Max     Std Dev       Count

Performance Statistics   2020-07-20 00:09:00 - 2020-07-20 00:10:00
Tag                                                  Avg(ms)         Min         Max     Std Dev       Count

Performance Statistics   2020-07-20 00:10:00 - 2020-07-20 00:11:00
Tag                                                  Avg(ms)         Min         Max     Std Dev       Count

Performance Statistics   2020-07-20 00:11:00 - 2020-07-20 00:12:00
Tag                                                  Avg(ms)         Min         Max     Std Dev       Count

Performance Statistics   2020-07-20 00:12:00 - 2020-07-20 00:13:00
Tag                                                  Avg(ms)         Min         Max     Std Dev       Count
LoadClass                                               86,0          86          86         0,0           1

Performance Statistics   2020-07-20 00:13:00 - 2020-07-20 00:14:00
Tag                                                  Avg(ms)         Min         Max     Std Dev       Count

Performance Statistics   2020-07-20 00:14:00 - 2020-07-20 00:15:00
Tag                                                  Avg(ms)         Min         Max     Std Dev       Count

Performance Statistics   2020-07-20 00:15:00 - 2020-07-20 00:16:00
Tag                                                  Avg(ms)         Min         Max     Std Dev       Count

Performance Statistics   2020-07-20 00:16:00 - 2020-07-20 00:17:00
Tag                                                  Avg(ms)         Min         Max     Std Dev       Count

Performance Statistics   2020-07-20 00:17:00 - 2020-07-20 00:18:00
Tag                                                  Avg(ms)         Min         Max     Std Dev       Count
LoadClass                                              388,0         388         388         0,0           1

Performance Statistics   2020-07-20 00:18:00 - 2020-07-20 00:19:00
Tag                                                  Avg(ms)         Min         Max     Std Dev       Count

Performance Statistics   2020-07-20 00:19:00 - 2020-07-20 00:20:00
Tag                                                  Avg(ms)         Min         Max     Std Dev       Count

Performance Statistics   2020-07-20 00:20:00 - 2020-07-20 00:21:00
Tag                                                  Avg(ms)         Min         Max     Std Dev       Count

Performance Statistics   2020-07-20 00:21:00 - 2020-07-20 00:22:00
Tag                                                  Avg(ms)         Min         Max     Std Dev       Count

Performance Statistics   2020-07-20 00:22:00 - 2020-07-20 00:23:00
Tag                                                  Avg(ms)         Min         Max     Std Dev       Count

Performance Statistics   2020-07-20 00:23:00 - 2020-07-20 00:24:00
Tag                                                  Avg(ms)         Min         Max     Std Dev       Count

Performance Statistics   2020-07-20 00:24:00 - 2020-07-20 00:25:00
Tag                                                  Avg(ms)         Min         Max     Std Dev       Count

Performance Statistics   2020-07-20 00:25:00 - 2020-07-20 00:26:00
Tag                                                  Avg(ms)         Min         Max     Std Dev       Count

Performance Statistics   2020-07-20 00:26:00 - 2020-07-20 00:27:00
Tag                                                  Avg(ms)         Min         Max     Std Dev       Count
LoadClass                                                0,5           0           1         0,5          14
Messages.searchClasspath                                 0,2           0          14         1,2         240
Messages.searchFiles                                     0,1           0          18         1,2         240
Metadata.replaceExtendedMetaClasses                      1,0           1           1         0,0           1
WebJARs                                                 38,0          38          38         0,0           1

Performance Statistics   2020-07-20 00:27:00 - 2020-07-20 00:28:00
Tag                                                  Avg(ms)         Min         Max     Std Dev       Count
Metadata.replaceExtendedMetaClasses                      2,0           2           2         0,0           1

Performance Statistics   2020-07-20 00:28:00 - 2020-07-20 00:29:00
Tag                                                  Avg(ms)         Min         Max     Std Dev       Count

Performance Statistics   2020-07-20 00:29:00 - 2020-07-20 00:30:00
Tag                                                  Avg(ms)         Min         Max     Std Dev       Count

Performance Statistics   2020-07-20 00:30:00 - 2020-07-20 00:31:00
Tag                                                  Avg(ms)         Min         Max     Std Dev       Count

Performance Statistics   2020-07-20 00:31:00 - 2020-07-20 00:32:00
Tag                                                  Avg(ms)         Min         Max     Std Dev       Count

Performance Statistics   2020-07-20 00:32:00 - 2020-07-20 00:33:00
Tag                                                  Avg(ms)         Min         Max     Std Dev       Count

Performance Statistics   2020-07-20 00:33:00 - 2020-07-20 00:34:00
Tag                                                  Avg(ms)         Min         Max     Std Dev       Count

Performance Statistics   2020-07-20 00:34:00 - 2020-07-20 00:35:00
Tag                                                  Avg(ms)         Min         Max     Std Dev       Count

Performance Statistics   2020-07-20 00:35:00 - 2020-07-20 00:36:00
Tag                                                  Avg(ms)         Min         Max     Std Dev       Count

Performance Statistics   2020-07-20 00:36:00 - 2020-07-20 00:37:00
Tag                                                  Avg(ms)         Min         Max     Std Dev       Count

Performance Statistics   2020-07-20 00:37:00 - 2020-07-20 00:38:00
Tag                                                  Avg(ms)         Min         Max     Std Dev       Count

Performance Statistics   2020-07-20 00:38:00 - 2020-07-20 00:39:00
Tag                                                  Avg(ms)         Min         Max     Std Dev       Count

Performance Statistics   2020-07-20 00:39:00 - 2020-07-20 00:40:00
Tag                                                  Avg(ms)         Min         Max     Std Dev       Count

Performance Statistics   2020-07-20 00:40:00 - 2020-07-20 00:41:00
Tag                                                  Avg(ms)         Min         Max     Std Dev       Count

Performance Statistics   2020-07-20 00:41:00 - 2020-07-20 00:42:00
Tag                                                  Avg(ms)         Min         Max     Std Dev       Count

Performance Statistics   2020-07-20 00:42:00 - 2020-07-20 00:43:00
Tag                                                  Avg(ms)         Min         Max     Std Dev       Count

Performance Statistics   2020-07-20 00:43:00 - 2020-07-20 00:44:00
Tag                                                  Avg(ms)         Min         Max     Std Dev       Count

Performance Statistics   2020-07-20 00:44:00 - 2020-07-20 00:45:00
Tag                                                  Avg(ms)         Min         Max     Std Dev       Count

Performance Statistics   2020-07-20 00:45:00 - 2020-07-20 00:46:00
Tag                                                  Avg(ms)         Min         Max     Std Dev       Count

Performance Statistics   2020-07-20 00:46:00 - 2020-07-20 00:47:00
Tag                                                  Avg(ms)         Min         Max     Std Dev       Count

Performance Statistics   2020-07-20 00:47:00 - 2020-07-20 00:48:00
Tag                                                  Avg(ms)         Min         Max     Std Dev       Count

Performance Statistics   2020-07-20 00:48:00 - 2020-07-20 00:49:00
Tag                                                  Avg(ms)         Min         Max     Std Dev       Count

Performance Statistics   2020-07-20 00:49:00 - 2020-07-20 00:50:00
Tag                                                  Avg(ms)         Min         Max     Std Dev       Count

Performance Statistics   2020-07-20 00:50:00 - 2020-07-20 00:51:00
Tag                                                  Avg(ms)         Min         Max     Std Dev       Count
LoadClass                                                0,4           0           1         0,5          14
Messages.searchClasspath                                 0,2           0          11         0,9         240
Messages.searchFiles                                     0,1           0          17         1,1         240
Metadata.replaceExtendedMetaClasses                      1,5           1           2         0,5           2
WebJARs                                                 15,0          15          15         0,0           1

Performance Statistics   2020-07-20 00:51:00 - 2020-07-20 00:52:00
Tag                                                  Avg(ms)         Min         Max     Std Dev       Count

Performance Statistics   2020-07-20 00:52:00 - 2020-07-20 00:53:00
Tag                                                  Avg(ms)         Min         Max     Std Dev       Count

Performance Statistics   2020-07-20 00:54:00 - 2020-07-20 00:55:00
Tag                                                  Avg(ms)         Min         Max     Std Dev       Count
LoadClass                                                0,4           0           1         0,5          14
Messages.searchClasspath                                 0,3           0          34         2,3         240
Messages.searchFiles                                     0,1           0          23         1,5         240
Metadata.replaceExtendedMetaClasses                      1,5           1           2         0,5           2
WebJARs                                                 16,0          16          16         0,0           1

Performance Statistics   2020-07-20 00:56:00 - 2020-07-20 00:57:00
Tag                                                  Avg(ms)         Min         Max     Std Dev       Count
LoadClass                                                0,2           0           1         0,4          14
Messages.searchClasspath                                 0,2           0          13         1,0         240
Messages.searchFiles                                     0,1           0          19         1,2         240
Metadata.replaceExtendedMetaClasses                      1,5           1           2         0,5           2
WebJARs                                                 13,0          13          13         0,0           1

Performance Statistics   2020-07-20 00:57:00 - 2020-07-20 00:58:00
Tag                                                  Avg(ms)         Min         Max     Std Dev       Count

Performance Statistics   2020-07-20 00:58:00 - 2020-07-20 00:59:00
Tag                                                  Avg(ms)         Min         Max     Std Dev       Count

Performance Statistics   2020-07-20 00:59:00 - 2020-07-20 01:00:00
Tag                                                  Avg(ms)         Min         Max     Std Dev       Count
LoadClass                                              198,0         198         198         0,0           1

Performance Statistics   2020-07-20 01:00:00 - 2020-07-20 01:01:00
Tag                                                  Avg(ms)         Min         Max     Std Dev       Count

Performance Statistics   2020-07-20 01:01:00 - 2020-07-20 01:02:00
Tag                                                  Avg(ms)         Min         Max     Std Dev       Count

Performance Statistics   2020-07-20 01:02:00 - 2020-07-20 01:03:00
Tag                                                  Avg(ms)         Min         Max     Std Dev       Count
LoadClass                                                0,3           0           1         0,5          14
Messages.searchClasspath                                 0,2           0          14         1,1         240
Messages.searchFiles                                     0,1           0          26         1,7         240
Metadata.replaceExtendedMetaClasses                      1,5           1           2         0,5           2
WebJARs                                                 15,0          15          15         0,0           1

Performance Statistics   2020-07-20 01:03:00 - 2020-07-20 01:04:00
Tag                                                  Avg(ms)         Min         Max     Std Dev       Count

Performance Statistics   2020-07-20 01:04:00 - 2020-07-20 01:05:00
Tag                                                  Avg(ms)         Min         Max     Std Dev       Count

Performance Statistics   2020-07-20 01:06:00 - 2020-07-20 01:07:00
Tag                                                  Avg(ms)         Min         Max     Std Dev       Count
LoadClass                                                0,3           0           1         0,5          14
Messages.searchClasspath                                 0,2           0          16         1,4         240
Messages.searchFiles                                     0,1           0          25         1,6         240
Metadata.replaceExtendedMetaClasses                      3,0           1           5         2,0           2
WebJARs                                                 16,0          16          16         0,0           1

Performance Statistics   2020-07-20 01:07:00 - 2020-07-20 01:08:00
Tag                                                  Avg(ms)         Min         Max     Std Dev       Count

Performance Statistics   2020-07-20 01:08:00 - 2020-07-20 01:09:00
Tag                                                  Avg(ms)         Min         Max     Std Dev       Count

Performance Statistics   2020-07-20 01:09:00 - 2020-07-20 01:10:00
Tag                                                  Avg(ms)         Min         Max     Std Dev       Count

Performance Statistics   2020-07-20 01:10:00 - 2020-07-20 01:11:00
Tag                                                  Avg(ms)         Min         Max     Std Dev       Count

Performance Statistics   2020-07-20 01:11:00 - 2020-07-20 01:12:00
Tag                                                  Avg(ms)         Min         Max     Std Dev       Count

Performance Statistics   2020-07-20 01:13:00 - 2020-07-20 01:14:00
Tag                                                  Avg(ms)         Min         Max     Std Dev       Count
LoadClass                                                0,6           0           2         0,7          14
Messages.searchClasspath                                 0,3           0          17         1,4         240
Messages.searchFiles                                     0,1           0          24         1,5         240
Metadata.replaceExtendedMetaClasses                      1,5           1           2         0,5           2
WebJARs                                                 15,0          15          15         0,0           1

Performance Statistics   2020-07-20 01:14:00 - 2020-07-20 01:15:00
Tag                                                  Avg(ms)         Min         Max     Std Dev       Count

Performance Statistics   2020-07-20 01:16:00 - 2020-07-20 01:17:00
Tag                                                  Avg(ms)         Min         Max     Std Dev       Count
LoadClass                                                0,4           0           1         0,5          14
Messages.searchClasspath                                 0,3           0          14         1,5         156
Messages.searchFiles                                     0,2           0          35         2,8         156
Metadata.replaceExtendedMetaClasses                      2,0           2           2         0,0           1
WebJARs                                                 20,0          20          20         0,0           1

Performance Statistics   2020-07-20 01:17:00 - 2020-07-20 01:18:00
Tag                                                  Avg(ms)         Min         Max     Std Dev       Count
Messages.searchClasspath                                 0,1           0           4         0,6          84
Messages.searchFiles                                     0,0           0           1         0,1          84
Metadata.replaceExtendedMetaClasses                      2,0           2           2         0,0           1

Performance Statistics   2020-07-20 01:18:00 - 2020-07-20 01:19:00
Tag                                                  Avg(ms)         Min         Max     Std Dev       Count

Performance Statistics   2020-07-20 01:19:00 - 2020-07-20 01:20:00
Tag                                                  Avg(ms)         Min         Max     Std Dev       Count

Performance Statistics   2020-07-20 01:20:00 - 2020-07-20 01:21:00
Tag                                                  Avg(ms)         Min         Max     Std Dev       Count

Performance Statistics   2020-07-20 01:21:00 - 2020-07-20 01:22:00
Tag                                                  Avg(ms)         Min         Max     Std Dev       Count

Performance Statistics   2020-07-20 01:22:00 - 2020-07-20 01:23:00
Tag                                                  Avg(ms)         Min         Max     Std Dev       Count

Performance Statistics   2020-07-20 01:23:00 - 2020-07-20 01:24:00
Tag                                                  Avg(ms)         Min         Max     Std Dev       Count

Performance Statistics   2020-07-20 01:24:00 - 2020-07-20 01:25:00
Tag                                                  Avg(ms)         Min         Max     Std Dev       Count

Performance Statistics   2020-07-20 01:25:00 - 2020-07-20 01:26:00
Tag                                                  Avg(ms)         Min         Max     Std Dev       Count

Performance Statistics   2020-07-20 01:26:00 - 2020-07-20 01:27:00
Tag                                                  Avg(ms)         Min         Max     Std Dev       Count

Performance Statistics   2020-07-20 01:27:00 - 2020-07-20 01:28:00
Tag                                                  Avg(ms)         Min         Max     Std Dev       Count

Performance Statistics   2020-07-20 01:28:00 - 2020-07-20 01:29:00
Tag                                                  Avg(ms)         Min         Max     Std Dev       Count

Performance Statistics   2020-07-20 01:29:00 - 2020-07-20 01:30:00
Tag                                                  Avg(ms)         Min         Max     Std Dev       Count

Performance Statistics   2020-07-20 01:30:00 - 2020-07-20 01:31:00
Tag                                                  Avg(ms)         Min         Max     Std Dev       Count

Performance Statistics   2020-07-20 01:31:00 - 2020-07-20 01:32:00
Tag                                                  Avg(ms)         Min         Max     Std Dev       Count

Performance Statistics   2020-07-20 01:32:00 - 2020-07-20 01:33:00
Tag                                                  Avg(ms)         Min         Max     Std Dev       Count

Performance Statistics   2020-07-20 01:33:00 - 2020-07-20 01:34:00
Tag                                                  Avg(ms)         Min         Max     Std Dev       Count

Performance Statistics   2020-07-20 01:34:00 - 2020-07-20 01:35:00
Tag                                                  Avg(ms)         Min         Max     Std Dev       Count

Performance Statistics   2020-07-20 01:35:00 - 2020-07-20 01:36:00
Tag                                                  Avg(ms)         Min         Max     Std Dev       Count

Performance Statistics   2020-07-20 01:36:00 - 2020-07-20 01:37:00
Tag                                                  Avg(ms)         Min         Max     Std Dev       Count

Performance Statistics   2020-07-20 01:37:00 - 2020-07-20 01:38:00
Tag                                                  Avg(ms)         Min         Max     Std Dev       Count

Performance Statistics   2020-07-20 01:38:00 - 2020-07-20 01:39:00
Tag                                                  Avg(ms)         Min         Max     Std Dev       Count

Performance Statistics   2020-07-20 01:39:00 - 2020-07-20 01:40:00
Tag                                                  Avg(ms)         Min         Max     Std Dev       Count

Performance Statistics   2020-07-20 01:40:00 - 2020-07-20 01:41:00
Tag                                                  Avg(ms)         Min         Max     Std Dev       Count

Performance Statistics   2020-07-20 01:41:00 - 2020-07-20 01:42:00
Tag                                                  Avg(ms)         Min         Max     Std Dev       Count

Performance Statistics   2020-07-20 01:42:00 - 2020-07-20 01:43:00
Tag                                                  Avg(ms)         Min         Max     Std Dev       Count

Performance Statistics   2020-07-20 01:43:00 - 2020-07-20 01:44:00
Tag                                                  Avg(ms)         Min         Max     Std Dev       Count

Performance Statistics   2020-07-20 01:44:00 - 2020-07-20 01:45:00
Tag                                                  Avg(ms)         Min         Max     Std Dev       Count

Performance Statistics   2020-07-20 01:45:00 - 2020-07-20 01:46:00
Tag                                                  Avg(ms)         Min         Max     Std Dev       Count

Performance Statistics   2020-07-20 01:46:00 - 2020-07-20 01:47:00
Tag                                                  Avg(ms)         Min         Max     Std Dev       Count

Performance Statistics   2020-07-20 01:47:00 - 2020-07-20 01:48:00
Tag                                                  Avg(ms)         Min         Max     Std Dev       Count

Performance Statistics   2020-07-20 01:48:00 - 2020-07-20 01:49:00
Tag                                                  Avg(ms)         Min         Max     Std Dev       Count

Performance Statistics   2020-07-20 01:49:00 - 2020-07-20 01:50:00
Tag                                                  Avg(ms)         Min         Max     Std Dev       Count

Performance Statistics   2020-07-20 01:50:00 - 2020-07-20 01:51:00
Tag                                                  Avg(ms)         Min         Max     Std Dev       Count

Performance Statistics   2020-07-20 01:52:00 - 2020-07-20 01:53:00
Tag                                                  Avg(ms)         Min         Max     Std Dev       Count
LoadClass                                                0,1           0           1         0,3          14
Messages.searchClasspath                                 0,2           0          14         1,1         240
Messages.searchFiles                                     0,1           0          26         1,7         240
Metadata.replaceExtendedMetaClasses                      1,5           1           2         0,5           2
WebJARs                                                 14,0          14          14         0,0           1

Performance Statistics   2020-07-20 01:53:00 - 2020-07-20 01:54:00
Tag                                                  Avg(ms)         Min         Max     Std Dev       Count

Performance Statistics   2020-07-20 01:54:00 - 2020-07-20 01:55:00
Tag                                                  Avg(ms)         Min         Max     Std Dev       Count

Performance Statistics   2020-07-20 01:55:00 - 2020-07-20 01:56:00
Tag                                                  Avg(ms)         Min         Max     Std Dev       Count

Performance Statistics   2020-07-20 01:56:00 - 2020-07-20 01:57:00
Tag                                                  Avg(ms)         Min         Max     Std Dev       Count

Performance Statistics   2020-07-20 01:57:00 - 2020-07-20 01:58:00
Tag                                                  Avg(ms)         Min         Max     Std Dev       Count

Performance Statistics   2020-07-20 01:58:00 - 2020-07-20 01:59:00
Tag                                                  Avg(ms)         Min         Max     Std Dev       Count

Performance Statistics   2020-07-20 01:59:00 - 2020-07-20 02:00:00
Tag                                                  Avg(ms)         Min         Max     Std Dev       Count

Performance Statistics   2020-07-20 02:00:00 - 2020-07-20 02:01:00
Tag                                                  Avg(ms)         Min         Max     Std Dev       Count

Performance Statistics   2020-07-20 02:01:00 - 2020-07-20 02:02:00
Tag                                                  Avg(ms)         Min         Max     Std Dev       Count

Performance Statistics   2020-07-20 02:07:00 - 2020-07-20 02:08:00
Tag                                                  Avg(ms)         Min         Max     Std Dev       Count
LoadClass                                                0,4           0           1         0,5          14
Messages.searchClasspath                                 0,2           0          15         1,2         240
Messages.searchFiles                                     0,1           0          32         2,1         240
Metadata.replaceExtendedMetaClasses                      2,5           1           4         1,5           2
WebJARs                                                 19,0          19          19         0,0           1

Performance Statistics   2020-07-20 02:09:00 - 2020-07-20 02:10:00
Tag                                                  Avg(ms)         Min         Max     Std Dev       Count

Performance Statistics   2020-07-20 02:11:00 - 2020-07-20 02:12:00
Tag                                                  Avg(ms)         Min         Max     Std Dev       Count

Performance Statistics   2020-07-20 02:20:00 - 2020-07-20 02:21:00
Tag                                                  Avg(ms)         Min         Max     Std Dev       Count

Performance Statistics   2020-07-20 02:21:00 - 2020-07-20 02:22:00
Tag                                                  Avg(ms)         Min         Max     Std Dev       Count

Performance Statistics   2020-07-20 02:22:00 - 2020-07-20 02:23:00
Tag                                                  Avg(ms)         Min         Max     Std Dev       Count

Performance Statistics   2020-07-20 02:23:00 - 2020-07-20 02:24:00
Tag                                                  Avg(ms)         Min         Max     Std Dev       Count

Performance Statistics   2020-07-20 02:24:00 - 2020-07-20 02:25:00
Tag                                                  Avg(ms)         Min         Max     Std Dev       Count

Performance Statistics   2020-07-20 02:26:00 - 2020-07-20 02:27:00
Tag                                                  Avg(ms)         Min         Max     Std Dev       Count

Performance Statistics   2020-07-20 02:27:00 - 2020-07-20 02:28:00
Tag                                                  Avg(ms)         Min         Max     Std Dev       Count

Performance Statistics   2020-07-20 02:28:00 - 2020-07-20 02:29:00
Tag                                                  Avg(ms)         Min         Max     Std Dev       Count

Performance Statistics   2020-07-20 02:29:00 - 2020-07-20 02:30:00
Tag                                                  Avg(ms)         Min         Max     Std Dev       Count

Performance Statistics   2020-07-20 02:30:00 - 2020-07-20 02:31:00
Tag                                                  Avg(ms)         Min         Max     Std Dev       Count

Performance Statistics   2020-07-20 02:31:00 - 2020-07-20 02:32:00
Tag                                                  Avg(ms)         Min         Max     Std Dev       Count

Performance Statistics   2020-07-20 02:33:00 - 2020-07-20 02:34:00
Tag                                                  Avg(ms)         Min         Max     Std Dev       Count

Performance Statistics   2020-07-20 02:59:00 - 2020-07-20 03:00:00
Tag                                                  Avg(ms)         Min         Max     Std Dev       Count

Performance Statistics   2020-07-20 03:00:00 - 2020-07-20 03:01:00
Tag                                                  Avg(ms)         Min         Max     Std Dev       Count

Performance Statistics   2020-07-20 03:01:00 - 2020-07-20 03:02:00
Tag                                                  Avg(ms)         Min         Max     Std Dev       Count

Performance Statistics   2020-07-20 03:02:00 - 2020-07-20 03:03:00
Tag                                                  Avg(ms)         Min         Max     Std Dev       Count

Performance Statistics   2020-07-20 03:03:00 - 2020-07-20 03:04:00
Tag                                                  Avg(ms)         Min         Max     Std Dev       Count

Performance Statistics   2020-07-20 03:04:00 - 2020-07-20 03:05:00
Tag                                                  Avg(ms)         Min         Max     Std Dev       Count

Performance Statistics   2020-07-20 03:05:00 - 2020-07-20 03:06:00
Tag                                                  Avg(ms)         Min         Max     Std Dev       Count

Performance Statistics   2020-07-20 03:06:00 - 2020-07-20 03:07:00
Tag                                                  Avg(ms)         Min         Max     Std Dev       Count

Performance Statistics   2020-07-20 03:07:00 - 2020-07-20 03:08:00
Tag                                                  Avg(ms)         Min         Max     Std Dev       Count

Performance Statistics   2020-07-20 03:08:00 - 2020-07-20 03:09:00
Tag                                                  Avg(ms)         Min         Max     Std Dev       Count

Performance Statistics   2020-07-20 03:09:00 - 2020-07-20 03:10:00
Tag                                                  Avg(ms)         Min         Max     Std Dev       Count

Performance Statistics   2020-07-20 03:10:00 - 2020-07-20 03:11:00
Tag                                                  Avg(ms)         Min         Max     Std Dev       Count

Performance Statistics   2020-07-20 03:11:00 - 2020-07-20 03:12:00
Tag                                                  Avg(ms)         Min         Max     Std Dev       Count

Performance Statistics   2020-07-20 03:13:00 - 2020-07-20 03:14:00
Tag                                                  Avg(ms)         Min         Max     Std Dev       Count

Performance Statistics   2020-07-20 03:14:00 - 2020-07-20 03:15:00
Tag                                                  Avg(ms)         Min         Max     Std Dev       Count

Performance Statistics   2020-07-20 03:15:00 - 2020-07-20 03:16:00
Tag                                                  Avg(ms)         Min         Max     Std Dev       Count

Performance Statistics   2020-07-20 03:17:00 - 2020-07-20 03:18:00
Tag                                                  Avg(ms)         Min         Max     Std Dev       Count

Performance Statistics   2020-07-20 03:18:00 - 2020-07-20 03:19:00
Tag                                                  Avg(ms)         Min         Max     Std Dev       Count

Performance Statistics   2020-07-20 03:20:00 - 2020-07-20 03:21:00
Tag                                                  Avg(ms)         Min         Max     Std Dev       Count

Performance Statistics   2020-07-20 03:21:00 - 2020-07-20 03:22:00
Tag                                                  Avg(ms)         Min         Max     Std Dev       Count

Performance Statistics   2020-07-20 03:22:00 - 2020-07-20 03:23:00
Tag                                                  Avg(ms)         Min         Max     Std Dev       Count

Performance Statistics   2020-07-20 03:23:00 - 2020-07-20 03:24:00
Tag                                                  Avg(ms)         Min         Max     Std Dev       Count

Performance Statistics   2020-07-20 03:24:00 - 2020-07-20 03:25:00
Tag                                                  Avg(ms)         Min         Max     Std Dev       Count

Performance Statistics   2020-07-20 03:25:00 - 2020-07-20 03:26:00
Tag                                                  Avg(ms)         Min         Max     Std Dev       Count

Performance Statistics   2020-07-20 03:26:00 - 2020-07-20 03:27:00
Tag                                                  Avg(ms)         Min         Max     Std Dev       Count

Performance Statistics   2020-07-20 03:27:00 - 2020-07-20 03:28:00
Tag                                                  Avg(ms)         Min         Max     Std Dev       Count

Performance Statistics   2020-07-20 03:28:00 - 2020-07-20 03:29:00
Tag                                                  Avg(ms)         Min         Max     Std Dev       Count

Performance Statistics   2020-07-20 03:29:00 - 2020-07-20 03:30:00
Tag                                                  Avg(ms)         Min         Max     Std Dev       Count

Performance Statistics   2020-07-20 03:30:00 - 2020-07-20 03:31:00
Tag                                                  Avg(ms)         Min         Max     Std Dev       Count

Performance Statistics   2020-07-20 03:31:00 - 2020-07-20 03:32:00
Tag                                                  Avg(ms)         Min         Max     Std Dev       Count

Performance Statistics   2020-07-20 03:32:00 - 2020-07-20 03:33:00
Tag                                                  Avg(ms)         Min         Max     Std Dev       Count

Performance Statistics   2020-07-20 03:33:00 - 2020-07-20 03:34:00
Tag                                                  Avg(ms)         Min         Max     Std Dev       Count

Performance Statistics   2020-07-20 03:34:00 - 2020-07-20 03:35:00
Tag                                                  Avg(ms)         Min         Max     Std Dev       Count

Performance Statistics   2020-07-20 03:35:00 - 2020-07-20 03:36:00
Tag                                                  Avg(ms)         Min         Max     Std Dev       Count

Performance Statistics   2020-07-20 03:36:00 - 2020-07-20 03:37:00
Tag                                                  Avg(ms)         Min         Max     Std Dev       Count

Performance Statistics   2020-07-20 03:38:00 - 2020-07-20 03:39:00
Tag                                                  Avg(ms)         Min         Max     Std Dev       Count

Performance Statistics   2020-07-20 03:39:00 - 2020-07-20 03:40:00
Tag                                                  Avg(ms)         Min         Max     Std Dev       Count

Performance Statistics   2020-07-20 03:40:00 - 2020-07-20 03:41:00
Tag                                                  Avg(ms)         Min         Max     Std Dev       Count

Performance Statistics   2020-07-20 03:41:00 - 2020-07-20 03:42:00
Tag                                                  Avg(ms)         Min         Max     Std Dev       Count

Performance Statistics   2020-07-20 03:42:00 - 2020-07-20 03:43:00
Tag                                                  Avg(ms)         Min         Max     Std Dev       Count

Performance Statistics   2020-07-20 03:43:00 - 2020-07-20 03:44:00
Tag                                                  Avg(ms)         Min         Max     Std Dev       Count

Performance Statistics   2020-07-20 03:44:00 - 2020-07-20 03:45:00
Tag                                                  Avg(ms)         Min         Max     Std Dev       Count

Performance Statistics   2020-07-20 03:45:00 - 2020-07-20 03:46:00
Tag                                                  Avg(ms)         Min         Max     Std Dev       Count

Performance Statistics   2020-07-20 03:46:00 - 2020-07-20 03:47:00
Tag                                                  Avg(ms)         Min         Max     Std Dev       Count

Performance Statistics   2020-07-20 03:47:00 - 2020-07-20 03:48:00
Tag                                                  Avg(ms)         Min         Max     Std Dev       Count

Performance Statistics   2020-07-20 03:48:00 - 2020-07-20 03:49:00
Tag                                                  Avg(ms)         Min         Max     Std Dev       Count

Performance Statistics   2020-07-20 03:49:00 - 2020-07-20 03:50:00
Tag                                                  Avg(ms)         Min         Max     Std Dev       Count

Performance Statistics   2020-07-20 03:50:00 - 2020-07-20 03:51:00
Tag                                                  Avg(ms)         Min         Max     Std Dev       Count

Performance Statistics   2020-07-20 20:40:00 - 2020-07-20 20:41:00
Tag                                                  Avg(ms)         Min         Max     Std Dev       Count
LoadClass                                                0,2           0           1         0,4          14
Messages.searchClasspath                                 0,2           0          18         1,6         240
Messages.searchFiles                                     0,2           0          38         2,4         240
Metadata.replaceExtendedMetaClasses                      2,0           2           2         0,0           2
WebJARs                                                 26,0          26          26         0,0           1

Performance Statistics   2020-07-20 20:41:00 - 2020-07-20 20:42:00
Tag                                                  Avg(ms)         Min         Max     Std Dev       Count

Performance Statistics   2020-07-20 20:42:00 - 2020-07-20 20:43:00
Tag                                                  Avg(ms)         Min         Max     Std Dev       Count

Performance Statistics   2020-07-20 20:43:00 - 2020-07-20 20:44:00
Tag                                                  Avg(ms)         Min         Max     Std Dev       Count

Performance Statistics   2020-07-20 20:44:00 - 2020-07-20 20:45:00
Tag                                                  Avg(ms)         Min         Max     Std Dev       Count

Performance Statistics   2020-07-20 20:45:00 - 2020-07-20 20:46:00
Tag                                                  Avg(ms)         Min         Max     Std Dev       Count

Performance Statistics   2020-07-20 20:46:00 - 2020-07-20 20:47:00
Tag                                                  Avg(ms)         Min         Max     Std Dev       Count

Performance Statistics   2020-07-20 20:47:00 - 2020-07-20 20:48:00
Tag                                                  Avg(ms)         Min         Max     Std Dev       Count

Performance Statistics   2020-07-20 20:48:00 - 2020-07-20 20:49:00
Tag                                                  Avg(ms)         Min         Max     Std Dev       Count

Performance Statistics   2020-07-20 20:49:00 - 2020-07-20 20:50:00
Tag                                                  Avg(ms)         Min         Max     Std Dev       Count

Performance Statistics   2020-07-20 20:50:00 - 2020-07-20 20:51:00
Tag                                                  Avg(ms)         Min         Max     Std Dev       Count
ViewRepository.init.ViewRepositoryClientImpl            24,0          24          24         0,0           1

Performance Statistics   2020-07-20 20:51:00 - 2020-07-20 20:52:00
Tag                                                  Avg(ms)         Min         Max     Std Dev       Count
LoadClass                                                0,7           0           3         0,8          15
Messages.searchClasspath                                 0,3           0          19         1,8         336
Messages.searchFiles                                     0,1           0          27         1,5         336
Metadata.replaceExtendedMetaClasses                      1,0           1           1         0,0           2
WebJARs                                                 15,0          15          15         0,0           1

Performance Statistics   2020-07-20 20:52:00 - 2020-07-20 20:53:00
Tag                                                  Avg(ms)         Min         Max     Std Dev       Count
LoadClass                                                7,5           7           8         0,5           2
Messages.searchClasspath                                 0,4           0           8         0,9         481
Messages.searchFiles                                     0,0           0           1         0,2         481
ViewRepository.init.ViewRepositoryClientImpl           148,0         148         148         0,0           1
ViewRepository.init.ViewRepositoryImpl                 205,0         205         205         0,0           1

Performance Statistics   2020-07-20 20:53:00 - 2020-07-20 20:54:00
Tag                                                  Avg(ms)         Min         Max     Std Dev       Count

Performance Statistics   2020-07-20 20:54:00 - 2020-07-20 20:55:00
Tag                                                  Avg(ms)         Min         Max     Std Dev       Count

Performance Statistics   2020-07-20 20:55:00 - 2020-07-20 20:56:00
Tag                                                  Avg(ms)         Min         Max     Std Dev       Count

Performance Statistics   2020-07-20 20:56:00 - 2020-07-20 20:57:00
Tag                                                  Avg(ms)         Min         Max     Std Dev       Count

Performance Statistics   2020-07-20 20:57:00 - 2020-07-20 20:58:00
Tag                                                  Avg(ms)         Min         Max     Std Dev       Count

Performance Statistics   2020-07-20 20:58:00 - 2020-07-20 20:59:00
Tag                                                  Avg(ms)         Min         Max     Std Dev       Count

Performance Statistics   2020-07-20 20:59:00 - 2020-07-20 21:00:00
Tag                                                  Avg(ms)         Min         Max     Std Dev       Count

Performance Statistics   2020-07-20 21:00:00 - 2020-07-20 21:01:00
Tag                                                  Avg(ms)         Min         Max     Std Dev       Count

Performance Statistics   2020-07-20 21:01:00 - 2020-07-20 21:02:00
Tag                                                  Avg(ms)         Min         Max     Std Dev       Count

Performance Statistics   2020-07-20 21:02:00 - 2020-07-20 21:03:00
Tag                                                  Avg(ms)         Min         Max     Std Dev       Count

Performance Statistics   2020-07-20 21:03:00 - 2020-07-20 21:04:00
Tag                                                  Avg(ms)         Min         Max     Std Dev       Count

Performance Statistics   2020-07-20 21:04:00 - 2020-07-20 21:05:00
Tag                                                  Avg(ms)         Min         Max     Std Dev       Count

Performance Statistics   2020-07-20 21:05:00 - 2020-07-20 21:06:00
Tag                                                  Avg(ms)         Min         Max     Std Dev       Count

Performance Statistics   2020-07-20 21:06:00 - 2020-07-20 21:07:00
Tag                                                  Avg(ms)         Min         Max     Std Dev       Count

Performance Statistics   2020-07-20 21:07:00 - 2020-07-20 21:08:00
Tag                                                  Avg(ms)         Min         Max     Std Dev       Count

Performance Statistics   2020-07-20 21:08:00 - 2020-07-20 21:09:00
Tag                                                  Avg(ms)         Min         Max     Std Dev       Count

Performance Statistics   2020-07-20 21:09:00 - 2020-07-20 21:10:00
Tag                                                  Avg(ms)         Min         Max     Std Dev       Count

Performance Statistics   2020-07-20 21:10:00 - 2020-07-20 21:11:00
Tag                                                  Avg(ms)         Min         Max     Std Dev       Count

Performance Statistics   2020-07-20 21:11:00 - 2020-07-20 21:12:00
Tag                                                  Avg(ms)         Min         Max     Std Dev       Count
LoadClass                                             1437,0        1437        1437         0,0           1

Performance Statistics   2020-07-20 21:12:00 - 2020-07-20 21:13:00
Tag                                                  Avg(ms)         Min         Max     Std Dev       Count

Performance Statistics   2020-07-20 21:13:00 - 2020-07-20 21:14:00
Tag                                                  Avg(ms)         Min         Max     Std Dev       Count

Performance Statistics   2020-07-20 21:14:00 - 2020-07-20 21:15:00
Tag                                                  Avg(ms)         Min         Max     Std Dev       Count

Performance Statistics   2020-07-20 21:15:00 - 2020-07-20 21:16:00
Tag                                                  Avg(ms)         Min         Max     Std Dev       Count

Performance Statistics   2020-07-20 21:16:00 - 2020-07-20 21:17:00
Tag                                                  Avg(ms)         Min         Max     Std Dev       Count

Performance Statistics   2020-07-20 21:17:00 - 2020-07-20 21:18:00
Tag                                                  Avg(ms)         Min         Max     Std Dev       Count

Performance Statistics   2020-07-20 21:18:00 - 2020-07-20 21:19:00
Tag                                                  Avg(ms)         Min         Max     Std Dev       Count

Performance Statistics   2020-07-20 21:19:00 - 2020-07-20 21:20:00
Tag                                                  Avg(ms)         Min         Max     Std Dev       Count

Performance Statistics   2020-07-20 21:20:00 - 2020-07-20 21:21:00
Tag                                                  Avg(ms)         Min         Max     Std Dev       Count

Performance Statistics   2020-07-20 21:21:00 - 2020-07-20 21:22:00
Tag                                                  Avg(ms)         Min         Max     Std Dev       Count

Performance Statistics   2020-07-20 21:22:00 - 2020-07-20 21:23:00
Tag                                                  Avg(ms)         Min         Max     Std Dev       Count

Performance Statistics   2020-07-20 21:23:00 - 2020-07-20 21:24:00
Tag                                                  Avg(ms)         Min         Max     Std Dev       Count

Performance Statistics   2020-07-20 21:24:00 - 2020-07-20 21:25:00
Tag                                                  Avg(ms)         Min         Max     Std Dev       Count

Performance Statistics   2020-07-20 21:25:00 - 2020-07-20 21:26:00
Tag                                                  Avg(ms)         Min         Max     Std Dev       Count

Performance Statistics   2020-07-20 21:26:00 - 2020-07-20 21:27:00
Tag                                                  Avg(ms)         Min         Max     Std Dev       Count

Performance Statistics   2020-07-20 21:27:00 - 2020-07-20 21:28:00
Tag                                                  Avg(ms)         Min         Max     Std Dev       Count

Performance Statistics   2020-07-20 21:28:00 - 2020-07-20 21:29:00
Tag                                                  Avg(ms)         Min         Max     Std Dev       Count

Performance Statistics   2020-07-20 21:29:00 - 2020-07-20 21:30:00
Tag                                                  Avg(ms)         Min         Max     Std Dev       Count

Performance Statistics   2020-07-20 21:30:00 - 2020-07-20 21:31:00
Tag                                                  Avg(ms)         Min         Max     Std Dev       Count

Performance Statistics   2020-07-20 21:31:00 - 2020-07-20 21:32:00
Tag                                                  Avg(ms)         Min         Max     Std Dev       Count

Performance Statistics   2020-07-20 21:32:00 - 2020-07-20 21:33:00
Tag                                                  Avg(ms)         Min         Max     Std Dev       Count

Performance Statistics   2020-07-20 21:33:00 - 2020-07-20 21:34:00
Tag                                                  Avg(ms)         Min         Max     Std Dev       Count

Performance Statistics   2020-07-20 21:34:00 - 2020-07-20 21:35:00
Tag                                                  Avg(ms)         Min         Max     Std Dev       Count

Performance Statistics   2020-07-20 21:35:00 - 2020-07-20 21:36:00
Tag                                                  Avg(ms)         Min         Max     Std Dev       Count

Performance Statistics   2020-07-20 21:36:00 - 2020-07-20 21:37:00
Tag                                                  Avg(ms)         Min         Max     Std Dev       Count

Performance Statistics   2020-07-20 21:37:00 - 2020-07-20 21:38:00
Tag                                                  Avg(ms)         Min         Max     Std Dev       Count

Performance Statistics   2020-07-20 21:38:00 - 2020-07-20 21:39:00
Tag                                                  Avg(ms)         Min         Max     Std Dev       Count

Performance Statistics   2020-07-20 21:39:00 - 2020-07-20 21:40:00
Tag                                                  Avg(ms)         Min         Max     Std Dev       Count

Performance Statistics   2020-07-20 21:40:00 - 2020-07-20 21:41:00
Tag                                                  Avg(ms)         Min         Max     Std Dev       Count

Performance Statistics   2020-07-20 21:41:00 - 2020-07-20 21:42:00
Tag                                                  Avg(ms)         Min         Max     Std Dev       Count

Performance Statistics   2020-07-20 21:42:00 - 2020-07-20 21:43:00
Tag                                                  Avg(ms)         Min         Max     Std Dev       Count

Performance Statistics   2020-07-20 21:43:00 - 2020-07-20 21:44:00
Tag                                                  Avg(ms)         Min         Max     Std Dev       Count

Performance Statistics   2020-07-20 21:44:00 - 2020-07-20 21:45:00
Tag                                                  Avg(ms)         Min         Max     Std Dev       Count

Performance Statistics   2020-07-20 21:45:00 - 2020-07-20 21:46:00
Tag                                                  Avg(ms)         Min         Max     Std Dev       Count

Performance Statistics   2020-07-20 21:46:00 - 2020-07-20 21:47:00
Tag                                                  Avg(ms)         Min         Max     Std Dev       Count

Performance Statistics   2020-07-20 21:47:00 - 2020-07-20 21:48:00
Tag                                                  Avg(ms)         Min         Max     Std Dev       Count

Performance Statistics   2020-07-20 21:48:00 - 2020-07-20 21:49:00
Tag                                                  Avg(ms)         Min         Max     Std Dev       Count

Performance Statistics   2020-07-20 21:49:00 - 2020-07-20 21:50:00
Tag                                                  Avg(ms)         Min         Max     Std Dev       Count

Performance Statistics   2020-07-20 21:50:00 - 2020-07-20 21:51:00
Tag                                                  Avg(ms)         Min         Max     Std Dev       Count

Performance Statistics   2020-07-20 21:51:00 - 2020-07-20 21:52:00
Tag                                                  Avg(ms)         Min         Max     Std Dev       Count

Performance Statistics   2020-07-20 21:52:00 - 2020-07-20 21:53:00
Tag                                                  Avg(ms)         Min         Max     Std Dev       Count

Performance Statistics   2020-07-20 21:53:00 - 2020-07-20 21:54:00
Tag                                                  Avg(ms)         Min         Max     Std Dev       Count

Performance Statistics   2020-07-20 21:54:00 - 2020-07-20 21:55:00
Tag                                                  Avg(ms)         Min         Max     Std Dev       Count

Performance Statistics   2020-07-20 21:55:00 - 2020-07-20 21:56:00
Tag                                                  Avg(ms)         Min         Max     Std Dev       Count

Performance Statistics   2020-07-20 21:56:00 - 2020-07-20 21:57:00
Tag                                                  Avg(ms)         Min         Max     Std Dev       Count

Performance Statistics   2020-07-20 21:57:00 - 2020-07-20 21:58:00
Tag                                                  Avg(ms)         Min         Max     Std Dev       Count

Performance Statistics   2020-07-20 21:58:00 - 2020-07-20 21:59:00
Tag                                                  Avg(ms)         Min         Max     Std Dev       Count

Performance Statistics   2020-07-20 21:59:00 - 2020-07-20 22:00:00
Tag                                                  Avg(ms)         Min         Max     Std Dev       Count

Performance Statistics   2020-07-20 22:00:00 - 2020-07-20 22:01:00
Tag                                                  Avg(ms)         Min         Max     Std Dev       Count

Performance Statistics   2020-07-20 22:01:00 - 2020-07-20 22:02:00
Tag                                                  Avg(ms)         Min         Max     Std Dev       Count

Performance Statistics   2020-07-20 22:02:00 - 2020-07-20 22:03:00
Tag                                                  Avg(ms)         Min         Max     Std Dev       Count

Performance Statistics   2020-07-20 22:03:00 - 2020-07-20 22:04:00
Tag                                                  Avg(ms)         Min         Max     Std Dev       Count

Performance Statistics   2020-07-20 22:04:00 - 2020-07-20 22:05:00
Tag                                                  Avg(ms)         Min         Max     Std Dev       Count

Performance Statistics   2020-07-20 22:05:00 - 2020-07-20 22:06:00
Tag                                                  Avg(ms)         Min         Max     Std Dev       Count

Performance Statistics   2020-07-20 22:06:00 - 2020-07-20 22:07:00
Tag                                                  Avg(ms)         Min         Max     Std Dev       Count

Performance Statistics   2020-07-20 22:07:00 - 2020-07-20 22:08:00
Tag                                                  Avg(ms)         Min         Max     Std Dev       Count

Performance Statistics   2020-07-20 22:08:00 - 2020-07-20 22:09:00
Tag                                                  Avg(ms)         Min         Max     Std Dev       Count

Performance Statistics   2020-07-20 22:09:00 - 2020-07-20 22:10:00
Tag                                                  Avg(ms)         Min         Max     Std Dev       Count

Performance Statistics   2020-07-20 22:10:00 - 2020-07-20 22:11:00
Tag                                                  Avg(ms)         Min         Max     Std Dev       Count

Performance Statistics   2020-07-20 22:11:00 - 2020-07-20 22:12:00
Tag                                                  Avg(ms)         Min         Max     Std Dev       Count

Performance Statistics   2020-07-20 22:12:00 - 2020-07-20 22:13:00
Tag                                                  Avg(ms)         Min         Max     Std Dev       Count

Performance Statistics   2020-07-20 22:13:00 - 2020-07-20 22:14:00
Tag                                                  Avg(ms)         Min         Max     Std Dev       Count

Performance Statistics   2020-07-20 22:14:00 - 2020-07-20 22:15:00
Tag                                                  Avg(ms)         Min         Max     Std Dev       Count

Performance Statistics   2020-07-20 22:15:00 - 2020-07-20 22:16:00
Tag                                                  Avg(ms)         Min         Max     Std Dev       Count

Performance Statistics   2020-07-20 22:16:00 - 2020-07-20 22:17:00
Tag                                                  Avg(ms)         Min         Max     Std Dev       Count

Performance Statistics   2020-07-20 22:17:00 - 2020-07-20 22:18:00
Tag                                                  Avg(ms)         Min         Max     Std Dev       Count

Performance Statistics   2020-07-20 22:18:00 - 2020-07-20 22:19:00
Tag                                                  Avg(ms)         Min         Max     Std Dev       Count

Performance Statistics   2020-07-20 22:19:00 - 2020-07-20 22:20:00
Tag                                                  Avg(ms)         Min         Max     Std Dev       Count

Performance Statistics   2020-07-20 22:20:00 - 2020-07-20 22:21:00
Tag                                                  Avg(ms)         Min         Max     Std Dev       Count

Performance Statistics   2020-07-20 22:21:00 - 2020-07-20 22:22:00
Tag                                                  Avg(ms)         Min         Max     Std Dev       Count

Performance Statistics   2020-07-20 22:22:00 - 2020-07-20 22:23:00
Tag                                                  Avg(ms)         Min         Max     Std Dev       Count

Performance Statistics   2020-07-20 22:23:00 - 2020-07-20 22:24:00
Tag                                                  Avg(ms)         Min         Max     Std Dev       Count

Performance Statistics   2020-07-20 22:24:00 - 2020-07-20 22:25:00
Tag                                                  Avg(ms)         Min         Max     Std Dev       Count

Performance Statistics   2020-07-20 22:25:00 - 2020-07-20 22:26:00
Tag                                                  Avg(ms)         Min         Max     Std Dev       Count

Performance Statistics   2020-07-20 22:26:00 - 2020-07-20 22:27:00
Tag                                                  Avg(ms)         Min         Max     Std Dev       Count

Performance Statistics   2020-07-20 22:27:00 - 2020-07-20 22:28:00
Tag                                                  Avg(ms)         Min         Max     Std Dev       Count

Performance Statistics   2020-07-20 22:28:00 - 2020-07-20 22:29:00
Tag                                                  Avg(ms)         Min         Max     Std Dev       Count

Performance Statistics   2020-07-20 22:29:00 - 2020-07-20 22:30:00
Tag                                                  Avg(ms)         Min         Max     Std Dev       Count

Performance Statistics   2020-07-20 22:30:00 - 2020-07-20 22:31:00
Tag                                                  Avg(ms)         Min         Max     Std Dev       Count

Performance Statistics   2020-07-20 22:31:00 - 2020-07-20 22:32:00
Tag                                                  Avg(ms)         Min         Max     Std Dev       Count

Performance Statistics   2020-07-20 22:32:00 - 2020-07-20 22:33:00
Tag                                                  Avg(ms)         Min         Max     Std Dev       Count

Performance Statistics   2020-07-20 22:33:00 - 2020-07-20 22:34:00
Tag                                                  Avg(ms)         Min         Max     Std Dev       Count

Performance Statistics   2020-07-20 22:34:00 - 2020-07-20 22:35:00
Tag                                                  Avg(ms)         Min         Max     Std Dev       Count

Performance Statistics   2020-07-20 22:35:00 - 2020-07-20 22:36:00
Tag                                                  Avg(ms)         Min         Max     Std Dev       Count

Performance Statistics   2020-07-20 22:36:00 - 2020-07-20 22:37:00
Tag                                                  Avg(ms)         Min         Max     Std Dev       Count

Performance Statistics   2020-07-20 22:37:00 - 2020-07-20 22:38:00
Tag                                                  Avg(ms)         Min         Max     Std Dev       Count

Performance Statistics   2020-07-20 22:38:00 - 2020-07-20 22:39:00
Tag                                                  Avg(ms)         Min         Max     Std Dev       Count

Performance Statistics   2020-07-20 22:39:00 - 2020-07-20 22:40:00
Tag                                                  Avg(ms)         Min         Max     Std Dev       Count

Performance Statistics   2020-07-20 22:40:00 - 2020-07-20 22:41:00
Tag                                                  Avg(ms)         Min         Max     Std Dev       Count

Performance Statistics   2020-07-20 22:41:00 - 2020-07-20 22:42:00
Tag                                                  Avg(ms)         Min         Max     Std Dev       Count

Performance Statistics   2020-07-20 22:42:00 - 2020-07-20 22:43:00
Tag                                                  Avg(ms)         Min         Max     Std Dev       Count

Performance Statistics   2020-07-20 22:43:00 - 2020-07-20 22:44:00
Tag                                                  Avg(ms)         Min         Max     Std Dev       Count

Performance Statistics   2020-07-20 22:44:00 - 2020-07-20 22:45:00
Tag                                                  Avg(ms)         Min         Max     Std Dev       Count

Performance Statistics   2020-07-20 22:45:00 - 2020-07-20 22:46:00
Tag                                                  Avg(ms)         Min         Max     Std Dev       Count

Performance Statistics   2020-07-20 22:46:00 - 2020-07-20 22:47:00
Tag                                                  Avg(ms)         Min         Max     Std Dev       Count

Performance Statistics   2020-07-20 22:47:00 - 2020-07-20 22:48:00
Tag                                                  Avg(ms)         Min         Max     Std Dev       Count

Performance Statistics   2020-07-20 22:48:00 - 2020-07-20 22:49:00
Tag                                                  Avg(ms)         Min         Max     Std Dev       Count

Performance Statistics   2020-07-20 22:49:00 - 2020-07-20 22:50:00
Tag                                                  Avg(ms)         Min         Max     Std Dev       Count

Performance Statistics   2020-07-20 22:50:00 - 2020-07-20 22:51:00
Tag                                                  Avg(ms)         Min         Max     Std Dev       Count

Performance Statistics   2020-07-20 22:51:00 - 2020-07-20 22:52:00
Tag                                                  Avg(ms)         Min         Max     Std Dev       Count

Performance Statistics   2020-07-20 22:52:00 - 2020-07-20 22:53:00
Tag                                                  Avg(ms)         Min         Max     Std Dev       Count

Performance Statistics   2020-07-20 22:53:00 - 2020-07-20 22:54:00
Tag                                                  Avg(ms)         Min         Max     Std Dev       Count

Performance Statistics   2020-07-20 22:54:00 - 2020-07-20 22:55:00
Tag                                                  Avg(ms)         Min         Max     Std Dev       Count

Performance Statistics   2020-07-20 22:55:00 - 2020-07-20 22:56:00
Tag                                                  Avg(ms)         Min         Max     Std Dev       Count

Performance Statistics   2020-07-20 22:56:00 - 2020-07-20 22:57:00
Tag                                                  Avg(ms)         Min         Max     Std Dev       Count

Performance Statistics   2020-07-20 22:57:00 - 2020-07-20 22:58:00
Tag                                                  Avg(ms)         Min         Max     Std Dev       Count

Performance Statistics   2020-07-20 22:58:00 - 2020-07-20 22:59:00
Tag                                                  Avg(ms)         Min         Max     Std Dev       Count

Performance Statistics   2020-07-20 22:59:00 - 2020-07-20 23:00:00
Tag                                                  Avg(ms)         Min         Max     Std Dev       Count

Performance Statistics   2020-07-20 23:00:00 - 2020-07-20 23:01:00
Tag                                                  Avg(ms)         Min         Max     Std Dev       Count

Performance Statistics   2020-07-20 23:01:00 - 2020-07-20 23:02:00
Tag                                                  Avg(ms)         Min         Max     Std Dev       Count

Performance Statistics   2020-07-20 23:02:00 - 2020-07-20 23:03:00
Tag                                                  Avg(ms)         Min         Max     Std Dev       Count

Performance Statistics   2020-07-20 23:03:00 - 2020-07-20 23:04:00
Tag                                                  Avg(ms)         Min         Max     Std Dev       Count

Performance Statistics   2020-07-20 23:04:00 - 2020-07-20 23:05:00
Tag                                                  Avg(ms)         Min         Max     Std Dev       Count

Performance Statistics   2020-07-20 23:05:00 - 2020-07-20 23:06:00
Tag                                                  Avg(ms)         Min         Max     Std Dev       Count

Performance Statistics   2020-07-20 23:06:00 - 2020-07-20 23:07:00
Tag                                                  Avg(ms)         Min         Max     Std Dev       Count

Performance Statistics   2020-07-20 23:07:00 - 2020-07-20 23:08:00
Tag                                                  Avg(ms)         Min         Max     Std Dev       Count

Performance Statistics   2020-07-20 23:08:00 - 2020-07-20 23:09:00
Tag                                                  Avg(ms)         Min         Max     Std Dev       Count

Performance Statistics   2020-07-20 23:09:00 - 2020-07-20 23:10:00
Tag                                                  Avg(ms)         Min         Max     Std Dev       Count

Performance Statistics   2020-07-20 23:10:00 - 2020-07-20 23:11:00
Tag                                                  Avg(ms)         Min         Max     Std Dev       Count

Performance Statistics   2020-07-20 23:11:00 - 2020-07-20 23:12:00
Tag                                                  Avg(ms)         Min         Max     Std Dev       Count

Performance Statistics   2020-07-20 23:12:00 - 2020-07-20 23:13:00
Tag                                                  Avg(ms)         Min         Max     Std Dev       Count

Performance Statistics   2020-07-20 23:13:00 - 2020-07-20 23:14:00
Tag                                                  Avg(ms)         Min         Max     Std Dev       Count

Performance Statistics   2020-07-20 23:14:00 - 2020-07-20 23:15:00
Tag                                                  Avg(ms)         Min         Max     Std Dev       Count

Performance Statistics   2020-07-20 23:15:00 - 2020-07-20 23:16:00
Tag                                                  Avg(ms)         Min         Max     Std Dev       Count

Performance Statistics   2020-07-20 23:18:00 - 2020-07-20 23:19:00
Tag                                                  Avg(ms)         Min         Max     Std Dev       Count
LoadClass                                                0,2           0           1         0,4          14
Messages.searchClasspath                                 0,2           0          15         1,2         240
Messages.searchFiles                                     0,1           0          34         2,2         240
Metadata.replaceExtendedMetaClasses                      1,0           1           1         0,0           2
WebJARs                                                 17,0          17          17         0,0           1

Performance Statistics   2020-07-20 23:19:00 - 2020-07-20 23:20:00
Tag                                                  Avg(ms)         Min         Max     Std Dev       Count

Performance Statistics   2020-07-20 23:20:00 - 2020-07-20 23:21:00
Tag                                                  Avg(ms)         Min         Max     Std Dev       Count

Performance Statistics   2020-07-20 23:21:00 - 2020-07-20 23:22:00
Tag                                                  Avg(ms)         Min         Max     Std Dev       Count

Performance Statistics   2020-07-20 23:22:00 - 2020-07-20 23:23:00
Tag                                                  Avg(ms)         Min         Max     Std Dev       Count

Performance Statistics   2020-07-20 23:23:00 - 2020-07-20 23:24:00
Tag                                                  Avg(ms)         Min         Max     Std Dev       Count

Performance Statistics   2020-07-20 23:24:00 - 2020-07-20 23:25:00
Tag                                                  Avg(ms)         Min         Max     Std Dev       Count

Performance Statistics   2020-07-20 23:25:00 - 2020-07-20 23:26:00
Tag                                                  Avg(ms)         Min         Max     Std Dev       Count

Performance Statistics   2020-07-20 23:26:00 - 2020-07-20 23:27:00
Tag                                                  Avg(ms)         Min         Max     Std Dev       Count

Performance Statistics   2020-07-20 23:27:00 - 2020-07-20 23:28:00
Tag                                                  Avg(ms)         Min         Max     Std Dev       Count

Performance Statistics   2020-07-20 23:28:00 - 2020-07-20 23:29:00
Tag                                                  Avg(ms)         Min         Max     Std Dev       Count

Performance Statistics   2020-07-20 23:29:00 - 2020-07-20 23:30:00
Tag                                                  Avg(ms)         Min         Max     Std Dev       Count

Performance Statistics   2020-07-20 23:56:00 - 2020-07-20 23:57:00
Tag                                                  Avg(ms)         Min         Max     Std Dev       Count
LoadClass                                                0,6           0           2         0,7          15
Messages.searchClasspath                                 0,3           0          17         1,7         343
Messages.searchFiles                                     0,1           0          31         1,7         343
Metadata.replaceExtendedMetaClasses                      1,0           1           1         0,0           2
WebJARs                                                 19,0          19          19         0,0           1

Performance Statistics   2020-07-20 23:57:00 - 2020-07-20 23:58:00
Tag                                                  Avg(ms)         Min         Max     Std Dev       Count
LoadClass                                                4,0           2           6         1,6           3
Messages.searchClasspath                                 0,4           0          12         1,2         545
Messages.searchFiles                                     0,0           0           3         0,2         545
ViewRepository.init.ViewRepositoryClientImpl           176,0         176         176         0,0           1
ViewRepository.init.ViewRepositoryImpl                 147,0         147         147         0,0           1

Performance Statistics   2020-07-20 23:58:00 - 2020-07-20 23:59:00
Tag                                                  Avg(ms)         Min         Max     Std Dev       Count

