Performance Statistics   2020-07-19 23:58:00 - 2020-07-20 00:00:00
Tag                                                  Avg(ms)         Min         Max     Std Dev       Count

Performance Statistics   2020-07-20 00:00:00 - 2020-07-20 00:02:00
Tag                                                  Avg(ms)         Min         Max     Std Dev       Count

Performance Statistics   2020-07-20 00:02:00 - 2020-07-20 00:04:00
Tag                                                  Avg(ms)         Min         Max     Std Dev       Count

Performance Statistics   2020-07-20 00:04:00 - 2020-07-20 00:06:00
Tag                                                  Avg(ms)         Min         Max     Std Dev       Count

Performance Statistics   2020-07-20 00:06:00 - 2020-07-20 00:08:00
Tag                                                  Avg(ms)         Min         Max     Std Dev       Count

Performance Statistics   2020-07-20 00:08:00 - 2020-07-20 00:10:00
Tag                                                  Avg(ms)         Min         Max     Std Dev       Count

Performance Statistics   2020-07-20 00:10:00 - 2020-07-20 00:12:00
Tag                                                  Avg(ms)         Min         Max     Std Dev       Count

Performance Statistics   2020-07-20 00:12:00 - 2020-07-20 00:14:00
Tag                                                  Avg(ms)         Min         Max     Std Dev       Count

Performance Statistics   2020-07-20 00:14:00 - 2020-07-20 00:16:00
Tag                                                  Avg(ms)         Min         Max     Std Dev       Count

Performance Statistics   2020-07-20 00:16:00 - 2020-07-20 00:18:00
Tag                                                  Avg(ms)         Min         Max     Std Dev       Count

Performance Statistics   2020-07-20 00:18:00 - 2020-07-20 00:20:00
Tag                                                  Avg(ms)         Min         Max     Std Dev       Count

Performance Statistics   2020-07-20 00:20:00 - 2020-07-20 00:22:00
Tag                                                  Avg(ms)         Min         Max     Std Dev       Count

Performance Statistics   2020-07-20 00:22:00 - 2020-07-20 00:24:00
Tag                                                  Avg(ms)         Min         Max     Std Dev       Count

Performance Statistics   2020-07-20 00:28:00 - 2020-07-20 00:30:00
Tag                                                  Avg(ms)         Min         Max     Std Dev       Count

Performance Statistics   2020-07-20 00:30:00 - 2020-07-20 00:32:00
Tag                                                  Avg(ms)         Min         Max     Std Dev       Count

Performance Statistics   2020-07-20 00:32:00 - 2020-07-20 00:34:00
Tag                                                  Avg(ms)         Min         Max     Std Dev       Count

Performance Statistics   2020-07-20 00:34:00 - 2020-07-20 00:36:00
Tag                                                  Avg(ms)         Min         Max     Std Dev       Count

Performance Statistics   2020-07-20 00:36:00 - 2020-07-20 00:38:00
Tag                                                  Avg(ms)         Min         Max     Std Dev       Count

Performance Statistics   2020-07-20 00:38:00 - 2020-07-20 00:40:00
Tag                                                  Avg(ms)         Min         Max     Std Dev       Count

Performance Statistics   2020-07-20 00:40:00 - 2020-07-20 00:42:00
Tag                                                  Avg(ms)         Min         Max     Std Dev       Count

Performance Statistics   2020-07-20 00:42:00 - 2020-07-20 00:44:00
Tag                                                  Avg(ms)         Min         Max     Std Dev       Count

Performance Statistics   2020-07-20 00:44:00 - 2020-07-20 00:46:00
Tag                                                  Avg(ms)         Min         Max     Std Dev       Count

Performance Statistics   2020-07-20 00:46:00 - 2020-07-20 00:48:00
Tag                                                  Avg(ms)         Min         Max     Std Dev       Count

Performance Statistics   2020-07-20 00:52:00 - 2020-07-20 00:54:00
Tag                                                  Avg(ms)         Min         Max     Std Dev       Count

Performance Statistics   2020-07-20 00:58:00 - 2020-07-20 01:00:00
Tag                                                  Avg(ms)         Min         Max     Std Dev       Count

Performance Statistics   2020-07-20 01:00:00 - 2020-07-20 01:02:00
Tag                                                  Avg(ms)         Min         Max     Std Dev       Count

Performance Statistics   2020-07-20 01:08:00 - 2020-07-20 01:10:00
Tag                                                  Avg(ms)         Min         Max     Std Dev       Count

Performance Statistics   2020-07-20 01:10:00 - 2020-07-20 01:12:00
Tag                                                  Avg(ms)         Min         Max     Std Dev       Count

Performance Statistics   2020-07-20 01:18:00 - 2020-07-20 01:20:00
Tag                                                  Avg(ms)         Min         Max     Std Dev       Count

Performance Statistics   2020-07-20 01:20:00 - 2020-07-20 01:22:00
Tag                                                  Avg(ms)         Min         Max     Std Dev       Count

Performance Statistics   2020-07-20 01:22:00 - 2020-07-20 01:24:00
Tag                                                  Avg(ms)         Min         Max     Std Dev       Count

Performance Statistics   2020-07-20 01:24:00 - 2020-07-20 01:26:00
Tag                                                  Avg(ms)         Min         Max     Std Dev       Count

Performance Statistics   2020-07-20 01:26:00 - 2020-07-20 01:28:00
Tag                                                  Avg(ms)         Min         Max     Std Dev       Count

Performance Statistics   2020-07-20 01:28:00 - 2020-07-20 01:30:00
Tag                                                  Avg(ms)         Min         Max     Std Dev       Count

Performance Statistics   2020-07-20 01:30:00 - 2020-07-20 01:32:00
Tag                                                  Avg(ms)         Min         Max     Std Dev       Count

Performance Statistics   2020-07-20 01:32:00 - 2020-07-20 01:34:00
Tag                                                  Avg(ms)         Min         Max     Std Dev       Count

Performance Statistics   2020-07-20 01:34:00 - 2020-07-20 01:36:00
Tag                                                  Avg(ms)         Min         Max     Std Dev       Count

Performance Statistics   2020-07-20 01:36:00 - 2020-07-20 01:38:00
Tag                                                  Avg(ms)         Min         Max     Std Dev       Count

Performance Statistics   2020-07-20 01:38:00 - 2020-07-20 01:40:00
Tag                                                  Avg(ms)         Min         Max     Std Dev       Count

Performance Statistics   2020-07-20 01:40:00 - 2020-07-20 01:42:00
Tag                                                  Avg(ms)         Min         Max     Std Dev       Count

Performance Statistics   2020-07-20 01:42:00 - 2020-07-20 01:44:00
Tag                                                  Avg(ms)         Min         Max     Std Dev       Count

Performance Statistics   2020-07-20 01:44:00 - 2020-07-20 01:46:00
Tag                                                  Avg(ms)         Min         Max     Std Dev       Count

Performance Statistics   2020-07-20 01:46:00 - 2020-07-20 01:48:00
Tag                                                  Avg(ms)         Min         Max     Std Dev       Count

Performance Statistics   2020-07-20 01:48:00 - 2020-07-20 01:50:00
Tag                                                  Avg(ms)         Min         Max     Std Dev       Count

Performance Statistics   2020-07-20 01:54:00 - 2020-07-20 01:56:00
Tag                                                  Avg(ms)         Min         Max     Std Dev       Count

Performance Statistics   2020-07-20 01:56:00 - 2020-07-20 01:58:00
Tag                                                  Avg(ms)         Min         Max     Std Dev       Count

Performance Statistics   2020-07-20 01:58:00 - 2020-07-20 02:00:00
Tag                                                  Avg(ms)         Min         Max     Std Dev       Count

Performance Statistics   2020-07-20 02:00:00 - 2020-07-20 02:02:00
Tag                                                  Avg(ms)         Min         Max     Std Dev       Count

Performance Statistics   2020-07-20 02:08:00 - 2020-07-20 02:10:00
Tag                                                  Avg(ms)         Min         Max     Std Dev       Count

Performance Statistics   2020-07-20 02:14:00 - 2020-07-20 02:16:00
Tag                                                  Avg(ms)         Min         Max     Std Dev       Count

Performance Statistics   2020-07-20 02:20:00 - 2020-07-20 02:22:00
Tag                                                  Avg(ms)         Min         Max     Std Dev       Count

Performance Statistics   2020-07-20 02:22:00 - 2020-07-20 02:24:00
Tag                                                  Avg(ms)         Min         Max     Std Dev       Count

Performance Statistics   2020-07-20 02:24:00 - 2020-07-20 02:26:00
Tag                                                  Avg(ms)         Min         Max     Std Dev       Count

Performance Statistics   2020-07-20 02:26:00 - 2020-07-20 02:28:00
Tag                                                  Avg(ms)         Min         Max     Std Dev       Count

Performance Statistics   2020-07-20 02:28:00 - 2020-07-20 02:30:00
Tag                                                  Avg(ms)         Min         Max     Std Dev       Count

Performance Statistics   2020-07-20 02:30:00 - 2020-07-20 02:32:00
Tag                                                  Avg(ms)         Min         Max     Std Dev       Count

Performance Statistics   2020-07-20 02:58:00 - 2020-07-20 03:00:00
Tag                                                  Avg(ms)         Min         Max     Std Dev       Count

Performance Statistics   2020-07-20 03:00:00 - 2020-07-20 03:02:00
Tag                                                  Avg(ms)         Min         Max     Std Dev       Count

Performance Statistics   2020-07-20 03:02:00 - 2020-07-20 03:04:00
Tag                                                  Avg(ms)         Min         Max     Std Dev       Count

Performance Statistics   2020-07-20 03:04:00 - 2020-07-20 03:06:00
Tag                                                  Avg(ms)         Min         Max     Std Dev       Count

Performance Statistics   2020-07-20 03:06:00 - 2020-07-20 03:08:00
Tag                                                  Avg(ms)         Min         Max     Std Dev       Count

Performance Statistics   2020-07-20 03:08:00 - 2020-07-20 03:10:00
Tag                                                  Avg(ms)         Min         Max     Std Dev       Count

Performance Statistics   2020-07-20 03:10:00 - 2020-07-20 03:12:00
Tag                                                  Avg(ms)         Min         Max     Std Dev       Count

Performance Statistics   2020-07-20 03:14:00 - 2020-07-20 03:16:00
Tag                                                  Avg(ms)         Min         Max     Std Dev       Count

Performance Statistics   2020-07-20 03:16:00 - 2020-07-20 03:18:00
Tag                                                  Avg(ms)         Min         Max     Std Dev       Count

Performance Statistics   2020-07-20 03:20:00 - 2020-07-20 03:22:00
Tag                                                  Avg(ms)         Min         Max     Std Dev       Count

Performance Statistics   2020-07-20 03:22:00 - 2020-07-20 03:24:00
Tag                                                  Avg(ms)         Min         Max     Std Dev       Count

Performance Statistics   2020-07-20 03:24:00 - 2020-07-20 03:26:00
Tag                                                  Avg(ms)         Min         Max     Std Dev       Count

Performance Statistics   2020-07-20 03:26:00 - 2020-07-20 03:28:00
Tag                                                  Avg(ms)         Min         Max     Std Dev       Count

Performance Statistics   2020-07-20 03:28:00 - 2020-07-20 03:30:00
Tag                                                  Avg(ms)         Min         Max     Std Dev       Count

Performance Statistics   2020-07-20 03:30:00 - 2020-07-20 03:32:00
Tag                                                  Avg(ms)         Min         Max     Std Dev       Count

Performance Statistics   2020-07-20 03:32:00 - 2020-07-20 03:34:00
Tag                                                  Avg(ms)         Min         Max     Std Dev       Count

Performance Statistics   2020-07-20 03:34:00 - 2020-07-20 03:36:00
Tag                                                  Avg(ms)         Min         Max     Std Dev       Count

Performance Statistics   2020-07-20 03:36:00 - 2020-07-20 03:38:00
Tag                                                  Avg(ms)         Min         Max     Std Dev       Count

Performance Statistics   2020-07-20 03:38:00 - 2020-07-20 03:40:00
Tag                                                  Avg(ms)         Min         Max     Std Dev       Count

Performance Statistics   2020-07-20 03:40:00 - 2020-07-20 03:42:00
Tag                                                  Avg(ms)         Min         Max     Std Dev       Count

Performance Statistics   2020-07-20 03:42:00 - 2020-07-20 03:44:00
Tag                                                  Avg(ms)         Min         Max     Std Dev       Count

Performance Statistics   2020-07-20 03:44:00 - 2020-07-20 03:46:00
Tag                                                  Avg(ms)         Min         Max     Std Dev       Count

Performance Statistics   2020-07-20 03:46:00 - 2020-07-20 03:48:00
Tag                                                  Avg(ms)         Min         Max     Std Dev       Count

Performance Statistics   2020-07-20 03:48:00 - 2020-07-20 03:50:00
Tag                                                  Avg(ms)         Min         Max     Std Dev       Count

Performance Statistics   2020-07-20 20:42:00 - 2020-07-20 20:44:00
Tag                                                  Avg(ms)         Min         Max     Std Dev       Count

Performance Statistics   2020-07-20 20:44:00 - 2020-07-20 20:46:00
Tag                                                  Avg(ms)         Min         Max     Std Dev       Count

Performance Statistics   2020-07-20 20:46:00 - 2020-07-20 20:48:00
Tag                                                  Avg(ms)         Min         Max     Std Dev       Count

Performance Statistics   2020-07-20 20:48:00 - 2020-07-20 20:50:00
Tag                                                  Avg(ms)         Min         Max     Std Dev       Count

Performance Statistics   2020-07-20 20:50:00 - 2020-07-20 20:52:00
Tag                                                  Avg(ms)         Min         Max     Std Dev       Count
login#create                                          1235,0        1235        1235         0,0           1
login#init                                             179,0         179         179         0,0           1
login#inject                                           302,0         302         302         0,0           1
login#load                                            5088,0        5088        5088         0,0           1
login#xml                                               65,0          65          65         0,0           1

Performance Statistics   2020-07-20 20:52:00 - 2020-07-20 20:54:00
Tag                                                  Avg(ms)         Min         Max     Std Dev       Count
login#afterShow                                          3,0           3           3         0,0           1
login#beforeShow                                        19,0          19          19         0,0           1
login#uiPermissions                                      5,0           5           5         0,0           1
main#afterShow                                        8410,0        8410        8410         0,0           1
main#beforeShow                                          0,0           0           0         0,0           1
main#create                                            358,0         358         358         0,0           1
main#init                                              105,0         105         105         0,0           1
main#inject                                             92,0          92          92         0,0           1
main#load                                             2299,0        2299        2299         0,0           1
main#uiPermissions                                       0,0           0           0         0,0           1
main#xml                                                23,0          23          23         0,0           1
medications_RegistrationStatus.browse#afterShow          0,0           0           0         0,0           1
medications_RegistrationStatus.browse#beforeShow       850,0         850         850         0,0           1
medications_RegistrationStatus.browse#create           431,0         431         431         0,0           1
medications_RegistrationStatus.browse#init              18,0          18          18         0,0           1
medications_RegistrationStatus.browse#inject            32,0          32          32         0,0           1
medications_RegistrationStatus.browse#load            6251,0        6251        6251         0,0           1
medications_RegistrationStatus.browse#uiPermissions         0,0           0           0         0,0           1
medications_RegistrationStatus.browse#xml               28,0          28          28         0,0           1

Performance Statistics   2020-07-20 20:54:00 - 2020-07-20 20:56:00
Tag                                                  Avg(ms)         Min         Max     Std Dev       Count

Performance Statistics   2020-07-20 20:56:00 - 2020-07-20 20:58:00
Tag                                                  Avg(ms)         Min         Max     Std Dev       Count

Performance Statistics   2020-07-20 20:58:00 - 2020-07-20 21:00:00
Tag                                                  Avg(ms)         Min         Max     Std Dev       Count

Performance Statistics   2020-07-20 21:00:00 - 2020-07-20 21:02:00
Tag                                                  Avg(ms)         Min         Max     Std Dev       Count

Performance Statistics   2020-07-20 21:02:00 - 2020-07-20 21:04:00
Tag                                                  Avg(ms)         Min         Max     Std Dev       Count

Performance Statistics   2020-07-20 21:04:00 - 2020-07-20 21:06:00
Tag                                                  Avg(ms)         Min         Max     Std Dev       Count

Performance Statistics   2020-07-20 21:06:00 - 2020-07-20 21:08:00
Tag                                                  Avg(ms)         Min         Max     Std Dev       Count

Performance Statistics   2020-07-20 21:08:00 - 2020-07-20 21:10:00
Tag                                                  Avg(ms)         Min         Max     Std Dev       Count

Performance Statistics   2020-07-20 21:10:00 - 2020-07-20 21:12:00
Tag                                                  Avg(ms)         Min         Max     Std Dev       Count

Performance Statistics   2020-07-20 21:12:00 - 2020-07-20 21:14:00
Tag                                                  Avg(ms)         Min         Max     Std Dev       Count

Performance Statistics   2020-07-20 21:14:00 - 2020-07-20 21:16:00
Tag                                                  Avg(ms)         Min         Max     Std Dev       Count

Performance Statistics   2020-07-20 21:16:00 - 2020-07-20 21:18:00
Tag                                                  Avg(ms)         Min         Max     Std Dev       Count

Performance Statistics   2020-07-20 21:18:00 - 2020-07-20 21:20:00
Tag                                                  Avg(ms)         Min         Max     Std Dev       Count

Performance Statistics   2020-07-20 21:20:00 - 2020-07-20 21:22:00
Tag                                                  Avg(ms)         Min         Max     Std Dev       Count

Performance Statistics   2020-07-20 21:22:00 - 2020-07-20 21:24:00
Tag                                                  Avg(ms)         Min         Max     Std Dev       Count

Performance Statistics   2020-07-20 21:24:00 - 2020-07-20 21:26:00
Tag                                                  Avg(ms)         Min         Max     Std Dev       Count

Performance Statistics   2020-07-20 21:26:00 - 2020-07-20 21:28:00
Tag                                                  Avg(ms)         Min         Max     Std Dev       Count

Performance Statistics   2020-07-20 21:28:00 - 2020-07-20 21:30:00
Tag                                                  Avg(ms)         Min         Max     Std Dev       Count

Performance Statistics   2020-07-20 21:30:00 - 2020-07-20 21:32:00
Tag                                                  Avg(ms)         Min         Max     Std Dev       Count

Performance Statistics   2020-07-20 21:32:00 - 2020-07-20 21:34:00
Tag                                                  Avg(ms)         Min         Max     Std Dev       Count

Performance Statistics   2020-07-20 21:34:00 - 2020-07-20 21:36:00
Tag                                                  Avg(ms)         Min         Max     Std Dev       Count

Performance Statistics   2020-07-20 21:36:00 - 2020-07-20 21:38:00
Tag                                                  Avg(ms)         Min         Max     Std Dev       Count

Performance Statistics   2020-07-20 21:38:00 - 2020-07-20 21:40:00
Tag                                                  Avg(ms)         Min         Max     Std Dev       Count

Performance Statistics   2020-07-20 21:40:00 - 2020-07-20 21:42:00
Tag                                                  Avg(ms)         Min         Max     Std Dev       Count

Performance Statistics   2020-07-20 21:42:00 - 2020-07-20 21:44:00
Tag                                                  Avg(ms)         Min         Max     Std Dev       Count

Performance Statistics   2020-07-20 21:44:00 - 2020-07-20 21:46:00
Tag                                                  Avg(ms)         Min         Max     Std Dev       Count

Performance Statistics   2020-07-20 21:46:00 - 2020-07-20 21:48:00
Tag                                                  Avg(ms)         Min         Max     Std Dev       Count

Performance Statistics   2020-07-20 21:48:00 - 2020-07-20 21:50:00
Tag                                                  Avg(ms)         Min         Max     Std Dev       Count

Performance Statistics   2020-07-20 21:50:00 - 2020-07-20 21:52:00
Tag                                                  Avg(ms)         Min         Max     Std Dev       Count

Performance Statistics   2020-07-20 21:52:00 - 2020-07-20 21:54:00
Tag                                                  Avg(ms)         Min         Max     Std Dev       Count

Performance Statistics   2020-07-20 21:54:00 - 2020-07-20 21:56:00
Tag                                                  Avg(ms)         Min         Max     Std Dev       Count

Performance Statistics   2020-07-20 21:56:00 - 2020-07-20 21:58:00
Tag                                                  Avg(ms)         Min         Max     Std Dev       Count

Performance Statistics   2020-07-20 21:58:00 - 2020-07-20 22:00:00
Tag                                                  Avg(ms)         Min         Max     Std Dev       Count

Performance Statistics   2020-07-20 22:00:00 - 2020-07-20 22:02:00
Tag                                                  Avg(ms)         Min         Max     Std Dev       Count

Performance Statistics   2020-07-20 22:02:00 - 2020-07-20 22:04:00
Tag                                                  Avg(ms)         Min         Max     Std Dev       Count

Performance Statistics   2020-07-20 22:04:00 - 2020-07-20 22:06:00
Tag                                                  Avg(ms)         Min         Max     Std Dev       Count

Performance Statistics   2020-07-20 22:06:00 - 2020-07-20 22:08:00
Tag                                                  Avg(ms)         Min         Max     Std Dev       Count

Performance Statistics   2020-07-20 22:08:00 - 2020-07-20 22:10:00
Tag                                                  Avg(ms)         Min         Max     Std Dev       Count

Performance Statistics   2020-07-20 22:10:00 - 2020-07-20 22:12:00
Tag                                                  Avg(ms)         Min         Max     Std Dev       Count

Performance Statistics   2020-07-20 22:12:00 - 2020-07-20 22:14:00
Tag                                                  Avg(ms)         Min         Max     Std Dev       Count

Performance Statistics   2020-07-20 22:14:00 - 2020-07-20 22:16:00
Tag                                                  Avg(ms)         Min         Max     Std Dev       Count

Performance Statistics   2020-07-20 22:16:00 - 2020-07-20 22:18:00
Tag                                                  Avg(ms)         Min         Max     Std Dev       Count

Performance Statistics   2020-07-20 22:18:00 - 2020-07-20 22:20:00
Tag                                                  Avg(ms)         Min         Max     Std Dev       Count

Performance Statistics   2020-07-20 22:20:00 - 2020-07-20 22:22:00
Tag                                                  Avg(ms)         Min         Max     Std Dev       Count

Performance Statistics   2020-07-20 22:22:00 - 2020-07-20 22:24:00
Tag                                                  Avg(ms)         Min         Max     Std Dev       Count

Performance Statistics   2020-07-20 22:24:00 - 2020-07-20 22:26:00
Tag                                                  Avg(ms)         Min         Max     Std Dev       Count

Performance Statistics   2020-07-20 22:26:00 - 2020-07-20 22:28:00
Tag                                                  Avg(ms)         Min         Max     Std Dev       Count

Performance Statistics   2020-07-20 22:28:00 - 2020-07-20 22:30:00
Tag                                                  Avg(ms)         Min         Max     Std Dev       Count

Performance Statistics   2020-07-20 22:30:00 - 2020-07-20 22:32:00
Tag                                                  Avg(ms)         Min         Max     Std Dev       Count

Performance Statistics   2020-07-20 22:32:00 - 2020-07-20 22:34:00
Tag                                                  Avg(ms)         Min         Max     Std Dev       Count

Performance Statistics   2020-07-20 22:34:00 - 2020-07-20 22:36:00
Tag                                                  Avg(ms)         Min         Max     Std Dev       Count

Performance Statistics   2020-07-20 22:36:00 - 2020-07-20 22:38:00
Tag                                                  Avg(ms)         Min         Max     Std Dev       Count

Performance Statistics   2020-07-20 22:38:00 - 2020-07-20 22:40:00
Tag                                                  Avg(ms)         Min         Max     Std Dev       Count

Performance Statistics   2020-07-20 22:40:00 - 2020-07-20 22:42:00
Tag                                                  Avg(ms)         Min         Max     Std Dev       Count

Performance Statistics   2020-07-20 22:42:00 - 2020-07-20 22:44:00
Tag                                                  Avg(ms)         Min         Max     Std Dev       Count

Performance Statistics   2020-07-20 22:44:00 - 2020-07-20 22:46:00
Tag                                                  Avg(ms)         Min         Max     Std Dev       Count

Performance Statistics   2020-07-20 22:46:00 - 2020-07-20 22:48:00
Tag                                                  Avg(ms)         Min         Max     Std Dev       Count

Performance Statistics   2020-07-20 22:48:00 - 2020-07-20 22:50:00
Tag                                                  Avg(ms)         Min         Max     Std Dev       Count

Performance Statistics   2020-07-20 22:50:00 - 2020-07-20 22:52:00
Tag                                                  Avg(ms)         Min         Max     Std Dev       Count

Performance Statistics   2020-07-20 22:52:00 - 2020-07-20 22:54:00
Tag                                                  Avg(ms)         Min         Max     Std Dev       Count

Performance Statistics   2020-07-20 22:54:00 - 2020-07-20 22:56:00
Tag                                                  Avg(ms)         Min         Max     Std Dev       Count

Performance Statistics   2020-07-20 22:56:00 - 2020-07-20 22:58:00
Tag                                                  Avg(ms)         Min         Max     Std Dev       Count

Performance Statistics   2020-07-20 22:58:00 - 2020-07-20 23:00:00
Tag                                                  Avg(ms)         Min         Max     Std Dev       Count

Performance Statistics   2020-07-20 23:00:00 - 2020-07-20 23:02:00
Tag                                                  Avg(ms)         Min         Max     Std Dev       Count

Performance Statistics   2020-07-20 23:02:00 - 2020-07-20 23:04:00
Tag                                                  Avg(ms)         Min         Max     Std Dev       Count

Performance Statistics   2020-07-20 23:04:00 - 2020-07-20 23:06:00
Tag                                                  Avg(ms)         Min         Max     Std Dev       Count

Performance Statistics   2020-07-20 23:06:00 - 2020-07-20 23:08:00
Tag                                                  Avg(ms)         Min         Max     Std Dev       Count

Performance Statistics   2020-07-20 23:08:00 - 2020-07-20 23:10:00
Tag                                                  Avg(ms)         Min         Max     Std Dev       Count

Performance Statistics   2020-07-20 23:10:00 - 2020-07-20 23:12:00
Tag                                                  Avg(ms)         Min         Max     Std Dev       Count

Performance Statistics   2020-07-20 23:12:00 - 2020-07-20 23:14:00
Tag                                                  Avg(ms)         Min         Max     Std Dev       Count

Performance Statistics   2020-07-20 23:14:00 - 2020-07-20 23:16:00
Tag                                                  Avg(ms)         Min         Max     Std Dev       Count

Performance Statistics   2020-07-20 23:20:00 - 2020-07-20 23:22:00
Tag                                                  Avg(ms)         Min         Max     Std Dev       Count

Performance Statistics   2020-07-20 23:22:00 - 2020-07-20 23:24:00
Tag                                                  Avg(ms)         Min         Max     Std Dev       Count

Performance Statistics   2020-07-20 23:24:00 - 2020-07-20 23:26:00
Tag                                                  Avg(ms)         Min         Max     Std Dev       Count

Performance Statistics   2020-07-20 23:26:00 - 2020-07-20 23:28:00
Tag                                                  Avg(ms)         Min         Max     Std Dev       Count

Performance Statistics   2020-07-20 23:28:00 - 2020-07-20 23:30:00
Tag                                                  Avg(ms)         Min         Max     Std Dev       Count

Performance Statistics   2020-07-20 23:56:00 - 2020-07-20 23:58:00
Tag                                                  Avg(ms)         Min         Max     Std Dev       Count
MenuItem.medications_MedicationEntity.browse          4751,0        4751        4751         0,0           1
login#afterShow                                          1,0           1           1         0,0           1
login#beforeShow                                        19,0          19          19         0,0           1
login#create                                          1382,0        1382        1382         0,0           1
login#init                                             135,0         135         135         0,0           1
login#inject                                           292,0         292         292         0,0           1
login#load                                            5390,0        5390        5390         0,0           1
login#uiPermissions                                      5,0           5           5         0,0           1
login#xml                                               63,0          63          63         0,0           1
main#afterShow                                        8477,0        8477        8477         0,0           1
main#beforeShow                                          0,0           0           0         0,0           1
main#create                                            265,0         265         265         0,0           1
main#init                                               97,0          97          97         0,0           1
main#inject                                             82,0          82          82         0,0           1
main#load                                             1959,0        1959        1959         0,0           1
main#uiPermissions                                       0,0           0           0         0,0           1
main#xml                                                16,0          16          16         0,0           1
medications_MedicationEntity.browse#afterShow            0,0           0           0         0,0           1
medications_MedicationEntity.browse#beforeShow         167,0         167         167         0,0           1
medications_MedicationEntity.browse#create             167,0         167         167         0,0           1
medications_MedicationEntity.browse#init                 2,0           2           2         0,0           1
medications_MedicationEntity.browse#inject              31,0          31          31         0,0           1
medications_MedicationEntity.browse#load              3802,0        3802        3802         0,0           1
medications_MedicationEntity.browse#uiPermissions         0,0           0           0         0,0           1
medications_MedicationEntity.browse#xml                 11,0          11          11         0,0           1
medications_RegistrationStatus.browse#afterShow          0,0           0           0         0,0           1
medications_RegistrationStatus.browse#beforeShow       566,0         566         566         0,0           1
medications_RegistrationStatus.browse#create           409,0         409         409         0,0           1
medications_RegistrationStatus.browse#init              20,0          20          20         0,0           1
medications_RegistrationStatus.browse#inject            38,0          38          38         0,0           1
medications_RegistrationStatus.browse#load            6661,0        6661        6661         0,0           1
medications_RegistrationStatus.browse#uiPermissions         0,0           0           0         0,0           1
medications_RegistrationStatus.browse#xml               34,0          34          34         0,0           1

