Performance Statistics   2020-07-16 18:53:00 - 2020-07-16 18:54:00
Tag                                                  Avg(ms)         Min         Max     Std Dev       Count
LoadClass                                                0,5           0           1         0,5          15
Messages.searchClasspath                                 0,2           0          14         1,1         291
Messages.searchFiles                                     0,1           0          16         0,9         291
Metadata.replaceExtendedMetaClasses                      1,0           1           1         0,0           2
WebJARs                                                 16,0          16          16         0,0           1

Performance Statistics   2020-07-16 18:54:00 - 2020-07-16 18:55:00
Tag                                                  Avg(ms)         Min         Max     Std Dev       Count
LoadClass                                                1,3           0           2         0,8           4
Messages.searchClasspath                                 0,0           0           1         0,1         449
Messages.searchFiles                                     0,0           0           0         0,0         449
ViewRepository.init.ViewRepositoryClientImpl            24,0          24          24         0,0           1
ViewRepository.init.ViewRepositoryImpl                  27,0          27          27         0,0           1

Performance Statistics   2020-07-16 19:08:00 - 2020-07-16 19:09:00
Tag                                                  Avg(ms)         Min         Max     Std Dev       Count
LoadClass                                                0,6           0           2         0,7          18
Messages.searchClasspath                                 0,2           0          19         1,3         505
Messages.searchFiles                                     0,1           0          26         1,2         505
Metadata.replaceExtendedMetaClasses                      1,0           1           1         0,0           2
ViewRepository.init.ViewRepositoryImpl                  33,0          33          33         0,0           1
WebJARs                                                 19,0          19          19         0,0           1

Performance Statistics   2020-07-16 19:09:00 - 2020-07-16 19:10:00
Tag                                                  Avg(ms)         Min         Max     Std Dev       Count
LoadClass                                                1,2           0           4         1,5           5
Messages.searchClasspath                                 0,0           0           1         0,1         443
Messages.searchFiles                                     0,0           0           0         0,0         443
ViewRepository.init.ViewRepositoryClientImpl            19,0          19          19         0,0           1

Performance Statistics   2020-07-16 19:10:00 - 2020-07-16 19:11:00
Tag                                                  Avg(ms)         Min         Max     Std Dev       Count

Performance Statistics   2020-07-16 19:12:00 - 2020-07-16 19:13:00
Tag                                                  Avg(ms)         Min         Max     Std Dev       Count
LoadClass                                                0,9           0          11         2,1          26
Messages.searchClasspath                                 0,1           0          15         0,8        1106
Messages.searchFiles                                     0,0           0          24         0,7        1106
Metadata.replaceExtendedMetaClasses                      1,5           1           2         0,5           2
ViewRepository.init.ViewRepositoryClientImpl            30,0          30          30         0,0           1
ViewRepository.init.ViewRepositoryImpl                  40,0          40          40         0,0           1
WebJARs                                                 13,0          13          13         0,0           1

Performance Statistics   2020-07-16 19:13:00 - 2020-07-16 19:14:00
Tag                                                  Avg(ms)         Min         Max     Std Dev       Count

Performance Statistics   2020-07-16 19:14:00 - 2020-07-16 19:15:00
Tag                                                  Avg(ms)         Min         Max     Std Dev       Count

Performance Statistics   2020-07-16 19:15:00 - 2020-07-16 19:16:00
Tag                                                  Avg(ms)         Min         Max     Std Dev       Count

Performance Statistics   2020-07-16 19:17:00 - 2020-07-16 19:18:00
Tag                                                  Avg(ms)         Min         Max     Std Dev       Count
LoadClass                                                0,5           0           3         0,7          20
Messages.searchClasspath                                 0,1           0          15         0,9         734
Messages.searchFiles                                     0,0           0          22         0,8         734
Metadata.replaceExtendedMetaClasses                      1,5           1           2         0,5           2
ViewRepository.init.ViewRepositoryClientImpl            19,0          19          19         0,0           1
ViewRepository.init.ViewRepositoryImpl                  33,0          33          33         0,0           1
WebJARs                                                 16,0          16          16         0,0           1

Performance Statistics   2020-07-16 19:18:00 - 2020-07-16 19:19:00
Tag                                                  Avg(ms)         Min         Max     Std Dev       Count
LoadClass                                                0,0           0           0         0,0           2
Messages.searchClasspath                                 0,0           0           0         0,0           6
Messages.searchFiles                                     0,0           0           0         0,0           6

Performance Statistics   2020-07-16 19:19:00 - 2020-07-16 19:20:00
Tag                                                  Avg(ms)         Min         Max     Std Dev       Count

Performance Statistics   2020-07-16 19:20:00 - 2020-07-16 19:21:00
Tag                                                  Avg(ms)         Min         Max     Std Dev       Count

Performance Statistics   2020-07-16 19:21:00 - 2020-07-16 19:22:00
Tag                                                  Avg(ms)         Min         Max     Std Dev       Count

Performance Statistics   2020-07-16 19:22:00 - 2020-07-16 19:23:00
Tag                                                  Avg(ms)         Min         Max     Std Dev       Count

Performance Statistics   2020-07-16 19:23:00 - 2020-07-16 19:24:00
Tag                                                  Avg(ms)         Min         Max     Std Dev       Count

Performance Statistics   2020-07-16 19:24:00 - 2020-07-16 19:25:00
Tag                                                  Avg(ms)         Min         Max     Std Dev       Count

Performance Statistics   2020-07-16 19:25:00 - 2020-07-16 19:26:00
Tag                                                  Avg(ms)         Min         Max     Std Dev       Count

Performance Statistics   2020-07-16 19:26:00 - 2020-07-16 19:27:00
Tag                                                  Avg(ms)         Min         Max     Std Dev       Count

Performance Statistics   2020-07-16 19:27:00 - 2020-07-16 19:28:00
Tag                                                  Avg(ms)         Min         Max     Std Dev       Count

Performance Statistics   2020-07-16 19:28:00 - 2020-07-16 19:29:00
Tag                                                  Avg(ms)         Min         Max     Std Dev       Count

Performance Statistics   2020-07-16 19:29:00 - 2020-07-16 19:30:00
Tag                                                  Avg(ms)         Min         Max     Std Dev       Count

Performance Statistics   2020-07-16 19:30:00 - 2020-07-16 19:31:00
Tag                                                  Avg(ms)         Min         Max     Std Dev       Count

Performance Statistics   2020-07-16 19:31:00 - 2020-07-16 19:32:00
Tag                                                  Avg(ms)         Min         Max     Std Dev       Count

Performance Statistics   2020-07-16 19:32:00 - 2020-07-16 19:33:00
Tag                                                  Avg(ms)         Min         Max     Std Dev       Count

Performance Statistics   2020-07-16 19:33:00 - 2020-07-16 19:34:00
Tag                                                  Avg(ms)         Min         Max     Std Dev       Count
LoadClass                                               19,5           8          31        11,5           2

Performance Statistics   2020-07-16 19:34:00 - 2020-07-16 19:35:00
Tag                                                  Avg(ms)         Min         Max     Std Dev       Count

Performance Statistics   2020-07-16 19:35:00 - 2020-07-16 19:36:00
Tag                                                  Avg(ms)         Min         Max     Std Dev       Count

Performance Statistics   2020-07-16 19:36:00 - 2020-07-16 19:37:00
Tag                                                  Avg(ms)         Min         Max     Std Dev       Count

Performance Statistics   2020-07-16 19:38:00 - 2020-07-16 19:39:00
Tag                                                  Avg(ms)         Min         Max     Std Dev       Count
LoadClass                                                0,4           0           2         0,6          19
Messages.searchClasspath                                 0,1           0          12         0,7         744
Messages.searchFiles                                     0,0           0          21         0,8         744
Metadata.replaceExtendedMetaClasses                      1,5           1           2         0,5           2
ViewRepository.init.ViewRepositoryClientImpl            19,0          19          19         0,0           1
ViewRepository.init.ViewRepositoryImpl                  45,0          45          45         0,0           1
WebJARs                                                 17,0          17          17         0,0           1

Performance Statistics   2020-07-16 19:39:00 - 2020-07-16 19:40:00
Tag                                                  Avg(ms)         Min         Max     Std Dev       Count

Performance Statistics   2020-07-16 19:40:00 - 2020-07-16 19:41:00
Tag                                                  Avg(ms)         Min         Max     Std Dev       Count

Performance Statistics   2020-07-16 19:41:00 - 2020-07-16 19:42:00
Tag                                                  Avg(ms)         Min         Max     Std Dev       Count

Performance Statistics   2020-07-16 19:42:00 - 2020-07-16 19:43:00
Tag                                                  Avg(ms)         Min         Max     Std Dev       Count

Performance Statistics   2020-07-16 19:43:00 - 2020-07-16 19:44:00
Tag                                                  Avg(ms)         Min         Max     Std Dev       Count

Performance Statistics   2020-07-16 19:44:00 - 2020-07-16 19:45:00
Tag                                                  Avg(ms)         Min         Max     Std Dev       Count

Performance Statistics   2020-07-16 19:45:00 - 2020-07-16 19:46:00
Tag                                                  Avg(ms)         Min         Max     Std Dev       Count

Performance Statistics   2020-07-16 19:46:00 - 2020-07-16 19:47:00
Tag                                                  Avg(ms)         Min         Max     Std Dev       Count

Performance Statistics   2020-07-16 19:47:00 - 2020-07-16 19:48:00
Tag                                                  Avg(ms)         Min         Max     Std Dev       Count
LoadClass                                                0,3           0           1         0,5          14
Messages.searchClasspath                                 0,3           0          14         1,3         204
Messages.searchFiles                                     0,1           0          18         1,3         204
Metadata.replaceExtendedMetaClasses                      1,5           1           2         0,5           2
WebJARs                                                 15,0          15          15         0,0           1

Performance Statistics   2020-07-16 19:48:00 - 2020-07-16 19:49:00
Tag                                                  Avg(ms)         Min         Max     Std Dev       Count
Messages.searchClasspath                                 0,0           0           1         0,2          24
Messages.searchFiles                                     0,0           0           0         0,0          24

Performance Statistics   2020-07-16 19:49:00 - 2020-07-16 19:50:00
Tag                                                  Avg(ms)         Min         Max     Std Dev       Count

Performance Statistics   2020-07-16 19:50:00 - 2020-07-16 19:51:00
Tag                                                  Avg(ms)         Min         Max     Std Dev       Count

Performance Statistics   2020-07-16 19:51:00 - 2020-07-16 19:52:00
Tag                                                  Avg(ms)         Min         Max     Std Dev       Count

Performance Statistics   2020-07-16 19:52:00 - 2020-07-16 19:53:00
Tag                                                  Avg(ms)         Min         Max     Std Dev       Count

Performance Statistics   2020-07-16 19:53:00 - 2020-07-16 19:54:00
Tag                                                  Avg(ms)         Min         Max     Std Dev       Count

Performance Statistics   2020-07-16 19:54:00 - 2020-07-16 19:55:00
Tag                                                  Avg(ms)         Min         Max     Std Dev       Count

Performance Statistics   2020-07-16 19:55:00 - 2020-07-16 19:56:00
Tag                                                  Avg(ms)         Min         Max     Std Dev       Count

Performance Statistics   2020-07-16 19:56:00 - 2020-07-16 19:57:00
Tag                                                  Avg(ms)         Min         Max     Std Dev       Count
LoadClass                                                0,6           0           1         0,5           5
Messages.searchClasspath                                 0,1           0          34         1,5         512
Messages.searchFiles                                     0,0           0           0         0,0         512
ViewRepository.init.ViewRepositoryClientImpl            27,0          27          27         0,0           1
ViewRepository.init.ViewRepositoryImpl                  31,0          31          31         0,0           1

Performance Statistics   2020-07-16 19:57:00 - 2020-07-16 19:58:00
Tag                                                  Avg(ms)         Min         Max     Std Dev       Count

Performance Statistics   2020-07-16 19:58:00 - 2020-07-16 19:59:00
Tag                                                  Avg(ms)         Min         Max     Std Dev       Count

Performance Statistics   2020-07-16 19:59:00 - 2020-07-16 20:00:00
Tag                                                  Avg(ms)         Min         Max     Std Dev       Count

Performance Statistics   2020-07-16 20:00:00 - 2020-07-16 20:01:00
Tag                                                  Avg(ms)         Min         Max     Std Dev       Count

Performance Statistics   2020-07-16 20:01:00 - 2020-07-16 20:02:00
Tag                                                  Avg(ms)         Min         Max     Std Dev       Count

Performance Statistics   2020-07-16 20:02:00 - 2020-07-16 20:03:00
Tag                                                  Avg(ms)         Min         Max     Std Dev       Count

Performance Statistics   2020-07-16 20:03:00 - 2020-07-16 20:04:00
Tag                                                  Avg(ms)         Min         Max     Std Dev       Count

Performance Statistics   2020-07-16 20:04:00 - 2020-07-16 20:05:00
Tag                                                  Avg(ms)         Min         Max     Std Dev       Count

Performance Statistics   2020-07-16 20:05:00 - 2020-07-16 20:06:00
Tag                                                  Avg(ms)         Min         Max     Std Dev       Count

Performance Statistics   2020-07-16 20:06:00 - 2020-07-16 20:07:00
Tag                                                  Avg(ms)         Min         Max     Std Dev       Count

Performance Statistics   2020-07-16 20:07:00 - 2020-07-16 20:08:00
Tag                                                  Avg(ms)         Min         Max     Std Dev       Count

Performance Statistics   2020-07-16 20:08:00 - 2020-07-16 20:09:00
Tag                                                  Avg(ms)         Min         Max     Std Dev       Count

Performance Statistics   2020-07-16 20:09:00 - 2020-07-16 20:10:00
Tag                                                  Avg(ms)         Min         Max     Std Dev       Count

Performance Statistics   2020-07-16 20:10:00 - 2020-07-16 20:11:00
Tag                                                  Avg(ms)         Min         Max     Std Dev       Count

Performance Statistics   2020-07-16 20:11:00 - 2020-07-16 20:12:00
Tag                                                  Avg(ms)         Min         Max     Std Dev       Count

Performance Statistics   2020-07-16 20:12:00 - 2020-07-16 20:13:00
Tag                                                  Avg(ms)         Min         Max     Std Dev       Count

Performance Statistics   2020-07-16 20:13:00 - 2020-07-16 20:14:00
Tag                                                  Avg(ms)         Min         Max     Std Dev       Count

Performance Statistics   2020-07-16 20:14:00 - 2020-07-16 20:15:00
Tag                                                  Avg(ms)         Min         Max     Std Dev       Count

Performance Statistics   2020-07-16 20:15:00 - 2020-07-16 20:16:00
Tag                                                  Avg(ms)         Min         Max     Std Dev       Count

Performance Statistics   2020-07-16 20:16:00 - 2020-07-16 20:17:00
Tag                                                  Avg(ms)         Min         Max     Std Dev       Count

Performance Statistics   2020-07-16 20:17:00 - 2020-07-16 20:18:00
Tag                                                  Avg(ms)         Min         Max     Std Dev       Count

Performance Statistics   2020-07-16 20:18:00 - 2020-07-16 20:19:00
Tag                                                  Avg(ms)         Min         Max     Std Dev       Count

Performance Statistics   2020-07-16 20:19:00 - 2020-07-16 20:20:00
Tag                                                  Avg(ms)         Min         Max     Std Dev       Count

Performance Statistics   2020-07-16 20:20:00 - 2020-07-16 20:21:00
Tag                                                  Avg(ms)         Min         Max     Std Dev       Count

Performance Statistics   2020-07-16 20:21:00 - 2020-07-16 20:22:00
Tag                                                  Avg(ms)         Min         Max     Std Dev       Count

Performance Statistics   2020-07-16 20:22:00 - 2020-07-16 20:23:00
Tag                                                  Avg(ms)         Min         Max     Std Dev       Count

Performance Statistics   2020-07-16 20:23:00 - 2020-07-16 20:24:00
Tag                                                  Avg(ms)         Min         Max     Std Dev       Count

Performance Statistics   2020-07-16 20:24:00 - 2020-07-16 20:25:00
Tag                                                  Avg(ms)         Min         Max     Std Dev       Count

Performance Statistics   2020-07-16 20:25:00 - 2020-07-16 20:26:00
Tag                                                  Avg(ms)         Min         Max     Std Dev       Count

Performance Statistics   2020-07-16 20:26:00 - 2020-07-16 20:27:00
Tag                                                  Avg(ms)         Min         Max     Std Dev       Count

Performance Statistics   2020-07-16 20:27:00 - 2020-07-16 20:28:00
Tag                                                  Avg(ms)         Min         Max     Std Dev       Count

Performance Statistics   2020-07-16 20:28:00 - 2020-07-16 20:29:00
Tag                                                  Avg(ms)         Min         Max     Std Dev       Count

Performance Statistics   2020-07-16 20:29:00 - 2020-07-16 20:30:00
Tag                                                  Avg(ms)         Min         Max     Std Dev       Count

Performance Statistics   2020-07-16 20:30:00 - 2020-07-16 20:31:00
Tag                                                  Avg(ms)         Min         Max     Std Dev       Count

Performance Statistics   2020-07-16 20:31:00 - 2020-07-16 20:32:00
Tag                                                  Avg(ms)         Min         Max     Std Dev       Count

Performance Statistics   2020-07-16 20:32:00 - 2020-07-16 20:33:00
Tag                                                  Avg(ms)         Min         Max     Std Dev       Count

Performance Statistics   2020-07-16 20:33:00 - 2020-07-16 20:34:00
Tag                                                  Avg(ms)         Min         Max     Std Dev       Count

Performance Statistics   2020-07-16 20:34:00 - 2020-07-16 20:35:00
Tag                                                  Avg(ms)         Min         Max     Std Dev       Count

Performance Statistics   2020-07-16 20:35:00 - 2020-07-16 20:36:00
Tag                                                  Avg(ms)         Min         Max     Std Dev       Count

Performance Statistics   2020-07-16 20:36:00 - 2020-07-16 20:37:00
Tag                                                  Avg(ms)         Min         Max     Std Dev       Count

Performance Statistics   2020-07-16 20:37:00 - 2020-07-16 20:38:00
Tag                                                  Avg(ms)         Min         Max     Std Dev       Count

Performance Statistics   2020-07-16 20:38:00 - 2020-07-16 20:39:00
Tag                                                  Avg(ms)         Min         Max     Std Dev       Count

Performance Statistics   2020-07-16 20:39:00 - 2020-07-16 20:40:00
Tag                                                  Avg(ms)         Min         Max     Std Dev       Count

Performance Statistics   2020-07-16 20:40:00 - 2020-07-16 20:41:00
Tag                                                  Avg(ms)         Min         Max     Std Dev       Count

Performance Statistics   2020-07-16 20:41:00 - 2020-07-16 20:42:00
Tag                                                  Avg(ms)         Min         Max     Std Dev       Count

Performance Statistics   2020-07-16 20:42:00 - 2020-07-16 20:43:00
Tag                                                  Avg(ms)         Min         Max     Std Dev       Count

Performance Statistics   2020-07-16 20:43:00 - 2020-07-16 20:44:00
Tag                                                  Avg(ms)         Min         Max     Std Dev       Count

Performance Statistics   2020-07-16 20:44:00 - 2020-07-16 20:45:00
Tag                                                  Avg(ms)         Min         Max     Std Dev       Count

Performance Statistics   2020-07-16 20:45:00 - 2020-07-16 20:46:00
Tag                                                  Avg(ms)         Min         Max     Std Dev       Count

Performance Statistics   2020-07-16 20:46:00 - 2020-07-16 20:47:00
Tag                                                  Avg(ms)         Min         Max     Std Dev       Count

Performance Statistics   2020-07-16 20:47:00 - 2020-07-16 20:48:00
Tag                                                  Avg(ms)         Min         Max     Std Dev       Count

Performance Statistics   2020-07-16 20:48:00 - 2020-07-16 20:49:00
Tag                                                  Avg(ms)         Min         Max     Std Dev       Count

Performance Statistics   2020-07-16 20:49:00 - 2020-07-16 20:50:00
Tag                                                  Avg(ms)         Min         Max     Std Dev       Count

Performance Statistics   2020-07-16 20:50:00 - 2020-07-16 20:51:00
Tag                                                  Avg(ms)         Min         Max     Std Dev       Count

Performance Statistics   2020-07-16 20:51:00 - 2020-07-16 20:52:00
Tag                                                  Avg(ms)         Min         Max     Std Dev       Count

Performance Statistics   2020-07-16 20:52:00 - 2020-07-16 20:53:00
Tag                                                  Avg(ms)         Min         Max     Std Dev       Count

Performance Statistics   2020-07-16 20:53:00 - 2020-07-16 20:54:00
Tag                                                  Avg(ms)         Min         Max     Std Dev       Count

Performance Statistics   2020-07-16 20:54:00 - 2020-07-16 20:55:00
Tag                                                  Avg(ms)         Min         Max     Std Dev       Count

Performance Statistics   2020-07-16 20:55:00 - 2020-07-16 20:56:00
Tag                                                  Avg(ms)         Min         Max     Std Dev       Count

Performance Statistics   2020-07-16 20:56:00 - 2020-07-16 20:57:00
Tag                                                  Avg(ms)         Min         Max     Std Dev       Count

Performance Statistics   2020-07-16 20:57:00 - 2020-07-16 20:58:00
Tag                                                  Avg(ms)         Min         Max     Std Dev       Count

Performance Statistics   2020-07-16 20:58:00 - 2020-07-16 20:59:00
Tag                                                  Avg(ms)         Min         Max     Std Dev       Count

Performance Statistics   2020-07-16 20:59:00 - 2020-07-16 21:00:00
Tag                                                  Avg(ms)         Min         Max     Std Dev       Count

Performance Statistics   2020-07-16 21:00:00 - 2020-07-16 21:01:00
Tag                                                  Avg(ms)         Min         Max     Std Dev       Count

Performance Statistics   2020-07-16 21:01:00 - 2020-07-16 21:02:00
Tag                                                  Avg(ms)         Min         Max     Std Dev       Count

Performance Statistics   2020-07-16 21:02:00 - 2020-07-16 21:03:00
Tag                                                  Avg(ms)         Min         Max     Std Dev       Count

Performance Statistics   2020-07-16 21:03:00 - 2020-07-16 21:04:00
Tag                                                  Avg(ms)         Min         Max     Std Dev       Count

Performance Statistics   2020-07-16 21:04:00 - 2020-07-16 21:05:00
Tag                                                  Avg(ms)         Min         Max     Std Dev       Count

Performance Statistics   2020-07-16 21:05:00 - 2020-07-16 21:06:00
Tag                                                  Avg(ms)         Min         Max     Std Dev       Count

Performance Statistics   2020-07-16 21:06:00 - 2020-07-16 21:07:00
Tag                                                  Avg(ms)         Min         Max     Std Dev       Count

Performance Statistics   2020-07-16 21:07:00 - 2020-07-16 21:08:00
Tag                                                  Avg(ms)         Min         Max     Std Dev       Count

Performance Statistics   2020-07-16 21:08:00 - 2020-07-16 21:09:00
Tag                                                  Avg(ms)         Min         Max     Std Dev       Count

Performance Statistics   2020-07-16 21:09:00 - 2020-07-16 21:10:00
Tag                                                  Avg(ms)         Min         Max     Std Dev       Count

Performance Statistics   2020-07-16 21:10:00 - 2020-07-16 21:11:00
Tag                                                  Avg(ms)         Min         Max     Std Dev       Count

Performance Statistics   2020-07-16 21:11:00 - 2020-07-16 21:12:00
Tag                                                  Avg(ms)         Min         Max     Std Dev       Count

Performance Statistics   2020-07-16 21:12:00 - 2020-07-16 21:13:00
Tag                                                  Avg(ms)         Min         Max     Std Dev       Count

Performance Statistics   2020-07-16 21:13:00 - 2020-07-16 21:14:00
Tag                                                  Avg(ms)         Min         Max     Std Dev       Count

Performance Statistics   2020-07-16 21:14:00 - 2020-07-16 21:15:00
Tag                                                  Avg(ms)         Min         Max     Std Dev       Count

Performance Statistics   2020-07-16 21:15:00 - 2020-07-16 21:16:00
Tag                                                  Avg(ms)         Min         Max     Std Dev       Count

Performance Statistics   2020-07-16 21:16:00 - 2020-07-16 21:17:00
Tag                                                  Avg(ms)         Min         Max     Std Dev       Count

Performance Statistics   2020-07-16 21:17:00 - 2020-07-16 21:18:00
Tag                                                  Avg(ms)         Min         Max     Std Dev       Count

Performance Statistics   2020-07-16 21:18:00 - 2020-07-16 21:19:00
Tag                                                  Avg(ms)         Min         Max     Std Dev       Count

Performance Statistics   2020-07-16 21:19:00 - 2020-07-16 21:20:00
Tag                                                  Avg(ms)         Min         Max     Std Dev       Count

Performance Statistics   2020-07-16 21:20:00 - 2020-07-16 21:21:00
Tag                                                  Avg(ms)         Min         Max     Std Dev       Count

Performance Statistics   2020-07-16 21:21:00 - 2020-07-16 21:22:00
Tag                                                  Avg(ms)         Min         Max     Std Dev       Count

Performance Statistics   2020-07-16 21:22:00 - 2020-07-16 21:23:00
Tag                                                  Avg(ms)         Min         Max     Std Dev       Count

Performance Statistics   2020-07-16 21:23:00 - 2020-07-16 21:24:00
Tag                                                  Avg(ms)         Min         Max     Std Dev       Count

Performance Statistics   2020-07-16 21:24:00 - 2020-07-16 21:25:00
Tag                                                  Avg(ms)         Min         Max     Std Dev       Count

Performance Statistics   2020-07-16 21:25:00 - 2020-07-16 21:26:00
Tag                                                  Avg(ms)         Min         Max     Std Dev       Count

Performance Statistics   2020-07-16 21:26:00 - 2020-07-16 21:27:00
Tag                                                  Avg(ms)         Min         Max     Std Dev       Count

Performance Statistics   2020-07-16 21:27:00 - 2020-07-16 21:28:00
Tag                                                  Avg(ms)         Min         Max     Std Dev       Count

Performance Statistics   2020-07-16 21:28:00 - 2020-07-16 21:29:00
Tag                                                  Avg(ms)         Min         Max     Std Dev       Count

Performance Statistics   2020-07-16 21:29:00 - 2020-07-16 21:30:00
Tag                                                  Avg(ms)         Min         Max     Std Dev       Count

Performance Statistics   2020-07-16 21:30:00 - 2020-07-16 21:31:00
Tag                                                  Avg(ms)         Min         Max     Std Dev       Count

Performance Statistics   2020-07-16 21:31:00 - 2020-07-16 21:32:00
Tag                                                  Avg(ms)         Min         Max     Std Dev       Count

Performance Statistics   2020-07-16 21:32:00 - 2020-07-16 21:33:00
Tag                                                  Avg(ms)         Min         Max     Std Dev       Count

Performance Statistics   2020-07-16 21:33:00 - 2020-07-16 21:34:00
Tag                                                  Avg(ms)         Min         Max     Std Dev       Count

Performance Statistics   2020-07-16 21:34:00 - 2020-07-16 21:35:00
Tag                                                  Avg(ms)         Min         Max     Std Dev       Count

Performance Statistics   2020-07-16 21:35:00 - 2020-07-16 21:36:00
Tag                                                  Avg(ms)         Min         Max     Std Dev       Count

Performance Statistics   2020-07-16 21:36:00 - 2020-07-16 21:37:00
Tag                                                  Avg(ms)         Min         Max     Std Dev       Count

Performance Statistics   2020-07-16 21:37:00 - 2020-07-16 21:38:00
Tag                                                  Avg(ms)         Min         Max     Std Dev       Count

Performance Statistics   2020-07-16 21:38:00 - 2020-07-16 21:39:00
Tag                                                  Avg(ms)         Min         Max     Std Dev       Count

Performance Statistics   2020-07-16 21:39:00 - 2020-07-16 21:40:00
Tag                                                  Avg(ms)         Min         Max     Std Dev       Count

Performance Statistics   2020-07-16 21:40:00 - 2020-07-16 21:41:00
Tag                                                  Avg(ms)         Min         Max     Std Dev       Count

Performance Statistics   2020-07-16 21:41:00 - 2020-07-16 21:42:00
Tag                                                  Avg(ms)         Min         Max     Std Dev       Count

Performance Statistics   2020-07-16 21:42:00 - 2020-07-16 21:43:00
Tag                                                  Avg(ms)         Min         Max     Std Dev       Count

Performance Statistics   2020-07-16 21:43:00 - 2020-07-16 21:44:00
Tag                                                  Avg(ms)         Min         Max     Std Dev       Count

Performance Statistics   2020-07-16 21:44:00 - 2020-07-16 21:45:00
Tag                                                  Avg(ms)         Min         Max     Std Dev       Count

Performance Statistics   2020-07-16 21:45:00 - 2020-07-16 21:46:00
Tag                                                  Avg(ms)         Min         Max     Std Dev       Count

Performance Statistics   2020-07-16 21:46:00 - 2020-07-16 21:47:00
Tag                                                  Avg(ms)         Min         Max     Std Dev       Count

Performance Statistics   2020-07-16 21:47:00 - 2020-07-16 21:48:00
Tag                                                  Avg(ms)         Min         Max     Std Dev       Count

Performance Statistics   2020-07-16 21:48:00 - 2020-07-16 21:49:00
Tag                                                  Avg(ms)         Min         Max     Std Dev       Count

Performance Statistics   2020-07-16 21:49:00 - 2020-07-16 21:50:00
Tag                                                  Avg(ms)         Min         Max     Std Dev       Count

Performance Statistics   2020-07-16 21:50:00 - 2020-07-16 21:51:00
Tag                                                  Avg(ms)         Min         Max     Std Dev       Count

Performance Statistics   2020-07-16 21:51:00 - 2020-07-16 21:52:00
Tag                                                  Avg(ms)         Min         Max     Std Dev       Count

Performance Statistics   2020-07-16 21:52:00 - 2020-07-16 21:53:00
Tag                                                  Avg(ms)         Min         Max     Std Dev       Count

Performance Statistics   2020-07-16 21:53:00 - 2020-07-16 21:54:00
Tag                                                  Avg(ms)         Min         Max     Std Dev       Count

Performance Statistics   2020-07-16 21:54:00 - 2020-07-16 21:55:00
Tag                                                  Avg(ms)         Min         Max     Std Dev       Count

Performance Statistics   2020-07-16 21:55:00 - 2020-07-16 21:56:00
Tag                                                  Avg(ms)         Min         Max     Std Dev       Count

Performance Statistics   2020-07-16 21:56:00 - 2020-07-16 21:57:00
Tag                                                  Avg(ms)         Min         Max     Std Dev       Count

Performance Statistics   2020-07-16 21:57:00 - 2020-07-16 21:58:00
Tag                                                  Avg(ms)         Min         Max     Std Dev       Count

Performance Statistics   2020-07-16 21:58:00 - 2020-07-16 21:59:00
Tag                                                  Avg(ms)         Min         Max     Std Dev       Count

Performance Statistics   2020-07-16 21:59:00 - 2020-07-16 22:00:00
Tag                                                  Avg(ms)         Min         Max     Std Dev       Count

Performance Statistics   2020-07-16 22:00:00 - 2020-07-16 22:01:00
Tag                                                  Avg(ms)         Min         Max     Std Dev       Count

Performance Statistics   2020-07-16 22:01:00 - 2020-07-16 22:02:00
Tag                                                  Avg(ms)         Min         Max     Std Dev       Count

Performance Statistics   2020-07-16 22:02:00 - 2020-07-16 22:03:00
Tag                                                  Avg(ms)         Min         Max     Std Dev       Count

Performance Statistics   2020-07-16 22:03:00 - 2020-07-16 22:04:00
Tag                                                  Avg(ms)         Min         Max     Std Dev       Count

Performance Statistics   2020-07-16 22:04:00 - 2020-07-16 22:05:00
Tag                                                  Avg(ms)         Min         Max     Std Dev       Count

Performance Statistics   2020-07-16 22:05:00 - 2020-07-16 22:06:00
Tag                                                  Avg(ms)         Min         Max     Std Dev       Count

Performance Statistics   2020-07-16 22:06:00 - 2020-07-16 22:07:00
Tag                                                  Avg(ms)         Min         Max     Std Dev       Count

Performance Statistics   2020-07-16 22:07:00 - 2020-07-16 22:08:00
Tag                                                  Avg(ms)         Min         Max     Std Dev       Count

Performance Statistics   2020-07-16 22:08:00 - 2020-07-16 22:09:00
Tag                                                  Avg(ms)         Min         Max     Std Dev       Count

Performance Statistics   2020-07-16 22:09:00 - 2020-07-16 22:10:00
Tag                                                  Avg(ms)         Min         Max     Std Dev       Count

Performance Statistics   2020-07-16 22:10:00 - 2020-07-16 22:11:00
Tag                                                  Avg(ms)         Min         Max     Std Dev       Count

Performance Statistics   2020-07-16 22:11:00 - 2020-07-16 22:12:00
Tag                                                  Avg(ms)         Min         Max     Std Dev       Count

Performance Statistics   2020-07-16 22:12:00 - 2020-07-16 22:13:00
Tag                                                  Avg(ms)         Min         Max     Std Dev       Count

Performance Statistics   2020-07-16 22:13:00 - 2020-07-16 22:14:00
Tag                                                  Avg(ms)         Min         Max     Std Dev       Count

Performance Statistics   2020-07-16 22:14:00 - 2020-07-16 22:15:00
Tag                                                  Avg(ms)         Min         Max     Std Dev       Count

Performance Statistics   2020-07-16 22:15:00 - 2020-07-16 22:16:00
Tag                                                  Avg(ms)         Min         Max     Std Dev       Count

Performance Statistics   2020-07-16 22:16:00 - 2020-07-16 22:17:00
Tag                                                  Avg(ms)         Min         Max     Std Dev       Count

Performance Statistics   2020-07-16 22:17:00 - 2020-07-16 22:18:00
Tag                                                  Avg(ms)         Min         Max     Std Dev       Count

Performance Statistics   2020-07-16 22:18:00 - 2020-07-16 22:19:00
Tag                                                  Avg(ms)         Min         Max     Std Dev       Count

Performance Statistics   2020-07-16 22:19:00 - 2020-07-16 22:20:00
Tag                                                  Avg(ms)         Min         Max     Std Dev       Count

Performance Statistics   2020-07-16 22:20:00 - 2020-07-16 22:21:00
Tag                                                  Avg(ms)         Min         Max     Std Dev       Count

Performance Statistics   2020-07-16 22:21:00 - 2020-07-16 22:22:00
Tag                                                  Avg(ms)         Min         Max     Std Dev       Count

Performance Statistics   2020-07-16 22:22:00 - 2020-07-16 22:23:00
Tag                                                  Avg(ms)         Min         Max     Std Dev       Count

Performance Statistics   2020-07-16 22:23:00 - 2020-07-16 22:24:00
Tag                                                  Avg(ms)         Min         Max     Std Dev       Count

Performance Statistics   2020-07-16 22:24:00 - 2020-07-16 22:25:00
Tag                                                  Avg(ms)         Min         Max     Std Dev       Count

Performance Statistics   2020-07-16 22:25:00 - 2020-07-16 22:26:00
Tag                                                  Avg(ms)         Min         Max     Std Dev       Count

Performance Statistics   2020-07-16 22:26:00 - 2020-07-16 22:27:00
Tag                                                  Avg(ms)         Min         Max     Std Dev       Count

Performance Statistics   2020-07-16 22:27:00 - 2020-07-16 22:28:00
Tag                                                  Avg(ms)         Min         Max     Std Dev       Count

Performance Statistics   2020-07-16 22:28:00 - 2020-07-16 22:29:00
Tag                                                  Avg(ms)         Min         Max     Std Dev       Count

Performance Statistics   2020-07-16 22:29:00 - 2020-07-16 22:30:00
Tag                                                  Avg(ms)         Min         Max     Std Dev       Count

Performance Statistics   2020-07-16 22:30:00 - 2020-07-16 22:31:00
Tag                                                  Avg(ms)         Min         Max     Std Dev       Count

Performance Statistics   2020-07-16 22:31:00 - 2020-07-16 22:32:00
Tag                                                  Avg(ms)         Min         Max     Std Dev       Count

Performance Statistics   2020-07-16 22:32:00 - 2020-07-16 22:33:00
Tag                                                  Avg(ms)         Min         Max     Std Dev       Count

Performance Statistics   2020-07-16 22:33:00 - 2020-07-16 22:34:00
Tag                                                  Avg(ms)         Min         Max     Std Dev       Count

Performance Statistics   2020-07-16 22:34:00 - 2020-07-16 22:35:00
Tag                                                  Avg(ms)         Min         Max     Std Dev       Count

Performance Statistics   2020-07-16 22:35:00 - 2020-07-16 22:36:00
Tag                                                  Avg(ms)         Min         Max     Std Dev       Count

Performance Statistics   2020-07-16 22:36:00 - 2020-07-16 22:37:00
Tag                                                  Avg(ms)         Min         Max     Std Dev       Count

Performance Statistics   2020-07-16 22:37:00 - 2020-07-16 22:38:00
Tag                                                  Avg(ms)         Min         Max     Std Dev       Count

Performance Statistics   2020-07-16 22:38:00 - 2020-07-16 22:39:00
Tag                                                  Avg(ms)         Min         Max     Std Dev       Count

Performance Statistics   2020-07-16 22:39:00 - 2020-07-16 22:40:00
Tag                                                  Avg(ms)         Min         Max     Std Dev       Count

Performance Statistics   2020-07-16 22:40:00 - 2020-07-16 22:41:00
Tag                                                  Avg(ms)         Min         Max     Std Dev       Count

Performance Statistics   2020-07-16 22:41:00 - 2020-07-16 22:42:00
Tag                                                  Avg(ms)         Min         Max     Std Dev       Count

Performance Statistics   2020-07-16 22:42:00 - 2020-07-16 22:43:00
Tag                                                  Avg(ms)         Min         Max     Std Dev       Count

Performance Statistics   2020-07-16 22:43:00 - 2020-07-16 22:44:00
Tag                                                  Avg(ms)         Min         Max     Std Dev       Count

Performance Statistics   2020-07-16 22:44:00 - 2020-07-16 22:45:00
Tag                                                  Avg(ms)         Min         Max     Std Dev       Count

Performance Statistics   2020-07-16 22:45:00 - 2020-07-16 22:46:00
Tag                                                  Avg(ms)         Min         Max     Std Dev       Count

Performance Statistics   2020-07-16 22:46:00 - 2020-07-16 22:47:00
Tag                                                  Avg(ms)         Min         Max     Std Dev       Count

Performance Statistics   2020-07-16 22:47:00 - 2020-07-16 22:48:00
Tag                                                  Avg(ms)         Min         Max     Std Dev       Count

Performance Statistics   2020-07-16 22:48:00 - 2020-07-16 22:49:00
Tag                                                  Avg(ms)         Min         Max     Std Dev       Count

Performance Statistics   2020-07-16 22:49:00 - 2020-07-16 22:50:00
Tag                                                  Avg(ms)         Min         Max     Std Dev       Count

Performance Statistics   2020-07-16 22:50:00 - 2020-07-16 22:51:00
Tag                                                  Avg(ms)         Min         Max     Std Dev       Count

Performance Statistics   2020-07-16 22:51:00 - 2020-07-16 22:52:00
Tag                                                  Avg(ms)         Min         Max     Std Dev       Count

Performance Statistics   2020-07-16 22:52:00 - 2020-07-16 22:53:00
Tag                                                  Avg(ms)         Min         Max     Std Dev       Count

Performance Statistics   2020-07-16 22:53:00 - 2020-07-16 22:54:00
Tag                                                  Avg(ms)         Min         Max     Std Dev       Count

Performance Statistics   2020-07-16 22:54:00 - 2020-07-16 22:55:00
Tag                                                  Avg(ms)         Min         Max     Std Dev       Count

Performance Statistics   2020-07-16 22:55:00 - 2020-07-16 22:56:00
Tag                                                  Avg(ms)         Min         Max     Std Dev       Count

Performance Statistics   2020-07-16 22:56:00 - 2020-07-16 22:57:00
Tag                                                  Avg(ms)         Min         Max     Std Dev       Count

Performance Statistics   2020-07-16 22:57:00 - 2020-07-16 22:58:00
Tag                                                  Avg(ms)         Min         Max     Std Dev       Count

Performance Statistics   2020-07-16 22:58:00 - 2020-07-16 22:59:00
Tag                                                  Avg(ms)         Min         Max     Std Dev       Count

Performance Statistics   2020-07-16 22:59:00 - 2020-07-16 23:00:00
Tag                                                  Avg(ms)         Min         Max     Std Dev       Count

Performance Statistics   2020-07-16 23:00:00 - 2020-07-16 23:01:00
Tag                                                  Avg(ms)         Min         Max     Std Dev       Count

Performance Statistics   2020-07-16 23:01:00 - 2020-07-16 23:02:00
Tag                                                  Avg(ms)         Min         Max     Std Dev       Count

Performance Statistics   2020-07-16 23:02:00 - 2020-07-16 23:03:00
Tag                                                  Avg(ms)         Min         Max     Std Dev       Count

Performance Statistics   2020-07-16 23:03:00 - 2020-07-16 23:04:00
Tag                                                  Avg(ms)         Min         Max     Std Dev       Count

Performance Statistics   2020-07-16 23:04:00 - 2020-07-16 23:05:00
Tag                                                  Avg(ms)         Min         Max     Std Dev       Count

Performance Statistics   2020-07-16 23:05:00 - 2020-07-16 23:06:00
Tag                                                  Avg(ms)         Min         Max     Std Dev       Count

Performance Statistics   2020-07-16 23:06:00 - 2020-07-16 23:07:00
Tag                                                  Avg(ms)         Min         Max     Std Dev       Count

Performance Statistics   2020-07-16 23:07:00 - 2020-07-16 23:08:00
Tag                                                  Avg(ms)         Min         Max     Std Dev       Count

Performance Statistics   2020-07-16 23:08:00 - 2020-07-16 23:09:00
Tag                                                  Avg(ms)         Min         Max     Std Dev       Count

Performance Statistics   2020-07-16 23:09:00 - 2020-07-16 23:10:00
Tag                                                  Avg(ms)         Min         Max     Std Dev       Count

Performance Statistics   2020-07-16 23:10:00 - 2020-07-16 23:11:00
Tag                                                  Avg(ms)         Min         Max     Std Dev       Count

Performance Statistics   2020-07-16 23:12:00 - 2020-07-16 23:13:00
Tag                                                  Avg(ms)         Min         Max     Std Dev       Count
LoadClass                                                1,0           0           9         2,0          19
Messages.searchClasspath                                 0,1           0          16         0,9         594
Messages.searchFiles                                     0,1           0          39         1,6         594
Metadata.replaceExtendedMetaClasses                      1,0           1           1         0,0           2
ViewRepository.init.ViewRepositoryClientImpl            63,0          63          63         0,0           1
ViewRepository.init.ViewRepositoryImpl                  30,0          30          30         0,0           1
WebJARs                                                 16,0          16          16         0,0           1

Performance Statistics   2020-07-16 23:13:00 - 2020-07-16 23:14:00
Tag                                                  Avg(ms)         Min         Max     Std Dev       Count

Performance Statistics   2020-07-16 23:15:00 - 2020-07-16 23:16:00
Tag                                                  Avg(ms)         Min         Max     Std Dev       Count
LoadClass                                                0,5           0           2         0,6          19
Messages.searchClasspath                                 0,1           0          17         0,9         585
Messages.searchFiles                                     0,1           0          22         0,9         585
Metadata.replaceExtendedMetaClasses                      1,0           1           1         0,0           2
ViewRepository.init.ViewRepositoryClientImpl            19,0          19          19         0,0           1
ViewRepository.init.ViewRepositoryImpl                  31,0          31          31         0,0           1
WebJARs                                                 15,0          15          15         0,0           1

Performance Statistics   2020-07-16 23:16:00 - 2020-07-16 23:17:00
Tag                                                  Avg(ms)         Min         Max     Std Dev       Count

Performance Statistics   2020-07-16 23:17:00 - 2020-07-16 23:18:00
Tag                                                  Avg(ms)         Min         Max     Std Dev       Count

Performance Statistics   2020-07-16 23:19:00 - 2020-07-16 23:20:00
Tag                                                  Avg(ms)         Min         Max     Std Dev       Count
LoadClass                                                0,4           0           1         0,5          14
Messages.searchClasspath                                 0,4           0          19         1,9         192
Messages.searchFiles                                     0,2           0          23         1,7         192
Metadata.replaceExtendedMetaClasses                      2,0           2           2         0,0           2
WebJARs                                                 19,0          19          19         0,0           1

Performance Statistics   2020-07-16 23:20:00 - 2020-07-16 23:21:00
Tag                                                  Avg(ms)         Min         Max     Std Dev       Count
LoadClass                                                0,5           0           2         0,7          11
Messages.searchClasspath                                 0,1           0           7         0,5         588
Messages.searchFiles                                     0,0           0           1         0,0         588
ViewRepository.init.ViewRepositoryClientImpl            19,0          19          19         0,0           1
ViewRepository.init.ViewRepositoryImpl                  30,0          30          30         0,0           1

Performance Statistics   2020-07-16 23:21:00 - 2020-07-16 23:22:00
Tag                                                  Avg(ms)         Min         Max     Std Dev       Count

Performance Statistics   2020-07-16 23:22:00 - 2020-07-16 23:23:00
Tag                                                  Avg(ms)         Min         Max     Std Dev       Count

Performance Statistics   2020-07-16 23:23:00 - 2020-07-16 23:24:00
Tag                                                  Avg(ms)         Min         Max     Std Dev       Count

Performance Statistics   2020-07-16 23:24:00 - 2020-07-16 23:25:00
Tag                                                  Avg(ms)         Min         Max     Std Dev       Count

Performance Statistics   2020-07-16 23:25:00 - 2020-07-16 23:26:00
Tag                                                  Avg(ms)         Min         Max     Std Dev       Count

Performance Statistics   2020-07-16 23:26:00 - 2020-07-16 23:27:00
Tag                                                  Avg(ms)         Min         Max     Std Dev       Count

Performance Statistics   2020-07-16 23:27:00 - 2020-07-16 23:28:00
Tag                                                  Avg(ms)         Min         Max     Std Dev       Count

Performance Statistics   2020-07-16 23:28:00 - 2020-07-16 23:29:00
Tag                                                  Avg(ms)         Min         Max     Std Dev       Count

Performance Statistics   2020-07-16 23:29:00 - 2020-07-16 23:30:00
Tag                                                  Avg(ms)         Min         Max     Std Dev       Count

Performance Statistics   2020-07-16 23:30:00 - 2020-07-16 23:31:00
Tag                                                  Avg(ms)         Min         Max     Std Dev       Count

Performance Statistics   2020-07-16 23:31:00 - 2020-07-16 23:32:00
Tag                                                  Avg(ms)         Min         Max     Std Dev       Count

Performance Statistics   2020-07-16 23:32:00 - 2020-07-16 23:33:00
Tag                                                  Avg(ms)         Min         Max     Std Dev       Count

Performance Statistics   2020-07-16 23:34:00 - 2020-07-16 23:35:00
Tag                                                  Avg(ms)         Min         Max     Std Dev       Count
LoadClass                                                0,3           0           1         0,4          16
Messages.searchClasspath                                 0,3           0          16         1,4         276
Messages.searchFiles                                     0,1           0          25         1,5         276
Metadata.replaceExtendedMetaClasses                      2,0           2           2         0,0           2
WebJARs                                                 14,0          14          14         0,0           1

Performance Statistics   2020-07-16 23:35:00 - 2020-07-16 23:36:00
Tag                                                  Avg(ms)         Min         Max     Std Dev       Count
LoadClass                                                0,3           0           1         0,5          12
Messages.searchClasspath                                 0,1           0          38         1,6         567
Messages.searchFiles                                     0,0           0           1         0,0         567
ViewRepository.init.ViewRepositoryClientImpl            20,0          20          20         0,0           1
ViewRepository.init.ViewRepositoryImpl                  21,0          21          21         0,0           1

Performance Statistics   2020-07-16 23:36:00 - 2020-07-16 23:37:00
Tag                                                  Avg(ms)         Min         Max     Std Dev       Count
LoadClass                                                0,0           0           0         0,0           6
Messages.searchClasspath                                 0,0           0           0         0,0           4
Messages.searchFiles                                     0,0           0           0         0,0           4

Performance Statistics   2020-07-16 23:37:00 - 2020-07-16 23:38:00
Tag                                                  Avg(ms)         Min         Max     Std Dev       Count

Performance Statistics   2020-07-16 23:38:00 - 2020-07-16 23:39:00
Tag                                                  Avg(ms)         Min         Max     Std Dev       Count

Performance Statistics   2020-07-16 23:39:00 - 2020-07-16 23:40:00
Tag                                                  Avg(ms)         Min         Max     Std Dev       Count

Performance Statistics   2020-07-16 23:40:00 - 2020-07-16 23:41:00
Tag                                                  Avg(ms)         Min         Max     Std Dev       Count

Performance Statistics   2020-07-16 23:41:00 - 2020-07-16 23:42:00
Tag                                                  Avg(ms)         Min         Max     Std Dev       Count

Performance Statistics   2020-07-16 23:42:00 - 2020-07-16 23:43:00
Tag                                                  Avg(ms)         Min         Max     Std Dev       Count

Performance Statistics   2020-07-16 23:43:00 - 2020-07-16 23:44:00
Tag                                                  Avg(ms)         Min         Max     Std Dev       Count

Performance Statistics   2020-07-16 23:44:00 - 2020-07-16 23:45:00
Tag                                                  Avg(ms)         Min         Max     Std Dev       Count

Performance Statistics   2020-07-16 23:45:00 - 2020-07-16 23:46:00
Tag                                                  Avg(ms)         Min         Max     Std Dev       Count

Performance Statistics   2020-07-16 23:46:00 - 2020-07-16 23:47:00
Tag                                                  Avg(ms)         Min         Max     Std Dev       Count

Performance Statistics   2020-07-16 23:47:00 - 2020-07-16 23:48:00
Tag                                                  Avg(ms)         Min         Max     Std Dev       Count

Performance Statistics   2020-07-16 23:48:00 - 2020-07-16 23:49:00
Tag                                                  Avg(ms)         Min         Max     Std Dev       Count

Performance Statistics   2020-07-16 23:49:00 - 2020-07-16 23:50:00
Tag                                                  Avg(ms)         Min         Max     Std Dev       Count

Performance Statistics   2020-07-16 23:50:00 - 2020-07-16 23:51:00
Tag                                                  Avg(ms)         Min         Max     Std Dev       Count

Performance Statistics   2020-07-16 23:51:00 - 2020-07-16 23:52:00
Tag                                                  Avg(ms)         Min         Max     Std Dev       Count

Performance Statistics   2020-07-16 23:52:00 - 2020-07-16 23:53:00
Tag                                                  Avg(ms)         Min         Max     Std Dev       Count

Performance Statistics   2020-07-16 23:53:00 - 2020-07-16 23:54:00
Tag                                                  Avg(ms)         Min         Max     Std Dev       Count

Performance Statistics   2020-07-16 23:54:00 - 2020-07-16 23:55:00
Tag                                                  Avg(ms)         Min         Max     Std Dev       Count

Performance Statistics   2020-07-16 23:55:00 - 2020-07-16 23:56:00
Tag                                                  Avg(ms)         Min         Max     Std Dev       Count

Performance Statistics   2020-07-16 23:56:00 - 2020-07-16 23:57:00
Tag                                                  Avg(ms)         Min         Max     Std Dev       Count

Performance Statistics   2020-07-16 23:57:00 - 2020-07-16 23:58:00
Tag                                                  Avg(ms)         Min         Max     Std Dev       Count

Performance Statistics   2020-07-16 23:58:00 - 2020-07-16 23:59:00
Tag                                                  Avg(ms)         Min         Max     Std Dev       Count

